2025-05-12 21:39:58,459 : INFO : root : Loading config.
2025-05-12 21:39:58,460 : INFO : YamlMultifileConfigLoader : Machine config file #1: config.yaml
2025-05-12 21:39:58,461 : INFO : ConfigProcessor : Loading config from cache: /var/folders/hz/r3dl9ms51016zpvrwk611s6m0000gs/T/5d6a457603c6b060ca35237bebf088e1.mpf_cache
2025-05-12 21:39:58,497 : INFO : ConfigProcessor : Loading config from cache: /var/folders/hz/r3dl9ms51016zpvrwk611s6m0000gs/T/6f665ac125edf3618cba9e13a753822f.mpf_cache
2025-05-12 21:39:58,497 : INFO : ConfigProcessor : Loading config from cache: /var/folders/hz/r3dl9ms51016zpvrwk611s6m0000gs/T/87d438dd69d0ef01003c5249e41b5d50.mpf_cache
2025-05-12 21:39:58,497 : INFO : ConfigProcessor : Loading config from cache: /var/folders/hz/r3dl9ms51016zpvrwk611s6m0000gs/T/6f665ac125edf3618cba9e13a753822f.mpf_cache
2025-05-12 21:39:58,498 : WARNING : ConfigProcessor : Config file in cache changed: /Users/michaelcarman/Documents/work/mpf/happy-pinball/modes/base/config/base.yaml
2025-05-12 21:39:58,498 : INFO : ConfigProcessor : Loading config from file /Users/michaelcarman/Documents/work/mpf/happy-pinball/modes/base/config/base.yaml.
2025-05-12 21:39:58,499 : INFO : ConfigProcessor : Loading config: /Users/michaelcarman/Documents/work/mpf/happy-pinball/modes/base/config/base.yaml
2025-05-12 21:39:58,499 : INFO : ConfigProcessor : Config file cache created: /var/folders/hz/r3dl9ms51016zpvrwk611s6m0000gs/T/d9ff39e0ccd80af39f7d36bb6b40dd93.mpf_cache
2025-05-12 21:39:58,499 : INFO : ConfigProcessor : Loading config from cache: /var/folders/hz/r3dl9ms51016zpvrwk611s6m0000gs/T/ac07971a64f12a0788c85bcc38792825.mpf_cache
2025-05-12 21:39:58,499 : INFO : Machine : Mission Pinball Framework Core Engine v0.80.0.dev7
2025-05-12 21:39:58,499 : INFO : Machine : Command line arguments: {'no_load_cache': False, 'create_config_cache': True, 'bcp': True, 'configfile': ['config.yaml'], 'force_assets_load': False, 'platform_integration_test': False, 'jsonlogging': False, 'logfile': 'logs/2025-05-12-21-39-58-mpf-LPCVQLKF70.log', 'pause': False, 'production': False, 'text_ui': False, 'loglevel': 15, 'consoleloglevel': 20, 'force_platform': 'virtual', 'syslog_address': None, 'full_logfile_path': '/Users/michaelcarman/Documents/work/mpf/happy-pinball/logs/2025-05-12-21-39-58-mpf-LPCVQLKF70.log'}
2025-05-12 21:39:58,500 : INFO : Machine : MPF path: /Users/michaelcarman/Documents/work/mpf/mpf/lib/python3.13/site-packages/mpf
2025-05-12 21:39:58,500 : INFO : Machine : Machine path: /Users/michaelcarman/Documents/work/mpf/happy-pinball
2025-05-12 21:39:58,500 : INFO : Machine : Platform: darwin
2025-05-12 21:39:58,500 : INFO : Machine : Python executable location: /Users/michaelcarman/Documents/work/mpf/mpf/bin/python3.13
2025-05-12 21:39:58,500 : INFO : Machine : Python version: 3.13.3 (64-bit)
2025-05-12 21:39:58,500 : INFO : Machine : Initializing MPF...
2025-05-12 21:39:58,531 : INFO : EventManager : Event: ======'machine_var_credits_string'====== Args={'value': 'FREE PLAY', 'prev_value': None, 'change': True}
2025-05-12 21:39:58,539 : INFO : EventManager : Event: ======'machine_var_player1_score'====== Args={'value': 8675309, 'prev_value': None, 'change': True}
2025-05-12 21:39:58,539 : INFO : EventManager : Event: ======'machine_var_player2_score'====== Args={'value': 4321523, 'prev_value': None, 'change': True}
2025-05-12 21:39:58,539 : INFO : EventManager : Event: ======'machine_var_master_volume'====== Args={'value': 0.5, 'prev_value': None, 'change': True}
2025-05-12 21:39:58,539 : INFO : EventManager : Event: ======'machine_var_mpf_version'====== Args={'value': 'Mission Pinball Framework v0.80.0.dev7', 'prev_value': None, 'change': True}
2025-05-12 21:39:58,539 : INFO : EventManager : Event: ======'machine_var_mpf_extended_version'====== Args={'value': 'Mission Pinball Framework v0.80.0.dev7, Config version:6, Show version: 6, BCP version:1.1', 'prev_value': None, 'change': True}
2025-05-12 21:39:58,539 : INFO : EventManager : Event: ======'machine_var_python_version'====== Args={'value': '3.13.3', 'prev_value': None, 'change': True}
2025-05-12 21:39:58,548 : INFO : EventManager : Event: ======'machine_var_platform'====== Args={'value': 'macOS-15.3.1-arm64-arm-64bit-Mach-O', 'prev_value': None, 'change': True}
2025-05-12 21:39:58,548 : INFO : EventManager : Event: ======'machine_var_platform_system'====== Args={'value': 'Darwin', 'prev_value': None, 'change': True}
2025-05-12 21:39:58,548 : INFO : EventManager : Event: ======'machine_var_platform_release'====== Args={'value': '24.3.0', 'prev_value': None, 'change': True}
2025-05-12 21:39:58,548 : INFO : EventManager : Event: ======'machine_var_platform_version'====== Args={'value': 'Darwin Kernel Version 24.3.0: Thu Jan  2 20:24:22 PST 2025; root:xnu-11215.81.4~3/RELEASE_ARM64_T6041', 'prev_value': None, 'change': True}
2025-05-12 21:39:58,548 : INFO : EventManager : Event: ======'machine_var_platform_machine'====== Args={'value': 'arm64', 'prev_value': None, 'change': True}
2025-05-12 21:39:58,548 : INFO : EventManager : Event: ======'machine_var_log_file_path'====== Args={'value': '/Users/michaelcarman/Documents/work/mpf/happy-pinball/logs/2025-05-12-21-39-58-mpf-LPCVQLKF70.log', 'prev_value': None, 'change': True}
2025-05-12 21:39:58,548 : INFO : EventManager : Event: ======'init_phase_1'====== Args={}
2025-05-12 21:39:58,555 : INFO : EventManager : Event: ======'init_phase_2'====== Args={}
2025-05-12 21:39:58,555 : INFO : SwitchController : Found active switch: (1006, <Platform.Virtual>) <switch.s_trough_1>
2025-05-12 21:39:58,555 : INFO : SwitchController : Found active switch: (1007, <Platform.Virtual>) <switch.s_trough_2>
2025-05-12 21:39:58,555 : INFO : SwitchController : Found active switch: (1008, <Platform.Virtual>) <switch.s_trough_3>
2025-05-12 21:39:58,556 : INFO : EventManager : Event: ======'bcp_connection_attempt'====== Args={'name': 'local_display', 'host': 'localhost', 'port': 5050}
2025-05-12 21:39:58,557 : INFO : BCPClientSocket : Connecting BCP to 'local_display' at localhost:5050...
2025-05-12 21:40:04,039 : INFO : BCPClientSocket : Connected BCP to 'local_display' localhost:5050
2025-05-12 21:40:04,040 : INFO : EventManager : Event: ======'bcp_clients_connected'====== Args={}
2025-05-12 21:40:04,040 : INFO : ball_device.bd_plunger : BCH: Initial count: 0
2025-05-12 21:40:04,041 : INFO : ball_device.bd_plunger : State: idle
2025-05-12 21:40:04,041 : INFO : ball_device.bd_trough : BCH: Initial count: 3
2025-05-12 21:40:04,041 : INFO : ball_device.bd_trough : State: idle
2025-05-12 21:40:04,053 : INFO : EventManager : Event: ======'init_phase_3'====== Args={}
2025-05-12 21:40:04,056 : INFO : EventManager : Event: ======'init_phase_4'====== Args={}
2025-05-12 21:40:04,056 : INFO : BallController : Initial balls found: 3
2025-05-12 21:40:04,057 : INFO : EventManager : Event: ======'machine_var_audits_events_game_ended'====== Args={'value': 0, 'prev_value': None, 'change': True}
2025-05-12 21:40:04,057 : INFO : EventManager : Event: ======'machine_var_audits_events_game_started'====== Args={'value': 7, 'prev_value': None, 'change': True}
2025-05-12 21:40:04,057 : INFO : EventManager : Event: ======'machine_var_audits_missing_switches_s_flipper_left'====== Args={'value': 7, 'prev_value': None, 'change': True}
2025-05-12 21:40:04,057 : INFO : EventManager : Event: ======'machine_var_audits_missing_switches_s_flipper_right'====== Args={'value': 7, 'prev_value': None, 'change': True}
2025-05-12 21:40:04,057 : INFO : EventManager : Event: ======'machine_var_audits_missing_switches_s_plunger_lane'====== Args={'value': 7, 'prev_value': None, 'change': True}
2025-05-12 21:40:04,057 : INFO : EventManager : Event: ======'machine_var_audits_missing_switches_s_start'====== Args={'value': 7, 'prev_value': None, 'change': True}
2025-05-12 21:40:04,057 : INFO : EventManager : Event: ======'machine_var_audits_missing_switches_s_trough_1'====== Args={'value': 7, 'prev_value': None, 'change': True}
2025-05-12 21:40:04,057 : INFO : EventManager : Event: ======'machine_var_audits_missing_switches_s_trough_2'====== Args={'value': 7, 'prev_value': None, 'change': True}
2025-05-12 21:40:04,057 : INFO : EventManager : Event: ======'machine_var_audits_missing_switches_s_trough_3'====== Args={'value': 7, 'prev_value': None, 'change': True}
2025-05-12 21:40:04,057 : INFO : EventManager : Event: ======'machine_var_audits_player_score'====== Args={'value': {'average': 0, 'top': [], 'total': 0}, 'prev_value': None, 'change': True}
2025-05-12 21:40:04,057 : INFO : EventManager : Event: ======'machine_var_audits_shots_bumper_left'====== Args={'value': 28, 'prev_value': None, 'change': True}
2025-05-12 21:40:04,057 : INFO : EventManager : Event: ======'machine_var_audits_shots_bumper_right'====== Args={'value': 36, 'prev_value': None, 'change': True}
2025-05-12 21:40:04,057 : INFO : EventManager : Event: ======'machine_var_audits_switches_s_bumper_left'====== Args={'value': 28, 'prev_value': None, 'change': True}
2025-05-12 21:40:04,057 : INFO : EventManager : Event: ======'machine_var_audits_switches_s_bumper_right'====== Args={'value': 36, 'prev_value': None, 'change': True}
2025-05-12 21:40:04,057 : INFO : EventManager : Event: ======'machine_var_audits_switches_s_flipper_left'====== Args={'value': 0, 'prev_value': None, 'change': True}
2025-05-12 21:40:04,057 : INFO : EventManager : Event: ======'machine_var_audits_switches_s_flipper_right'====== Args={'value': 0, 'prev_value': None, 'change': True}
2025-05-12 21:40:04,057 : INFO : EventManager : Event: ======'machine_var_audits_switches_s_left_lane'====== Args={'value': 4, 'prev_value': None, 'change': True}
2025-05-12 21:40:04,057 : INFO : EventManager : Event: ======'machine_var_audits_switches_s_plunger_lane'====== Args={'value': 0, 'prev_value': None, 'change': True}
2025-05-12 21:40:04,057 : INFO : EventManager : Event: ======'machine_var_audits_switches_s_start'====== Args={'value': 0, 'prev_value': None, 'change': True}
2025-05-12 21:40:04,057 : INFO : EventManager : Event: ======'machine_var_audits_switches_s_trough_1'====== Args={'value': 0, 'prev_value': None, 'change': True}
2025-05-12 21:40:04,057 : INFO : EventManager : Event: ======'machine_var_audits_switches_s_trough_2'====== Args={'value': 0, 'prev_value': None, 'change': True}
2025-05-12 21:40:04,057 : INFO : EventManager : Event: ======'machine_var_audits_switches_s_trough_3'====== Args={'value': 0, 'prev_value': None, 'change': True}
2025-05-12 21:40:04,058 : INFO : EventManager : Event: ======'init_phase_5'====== Args={}
2025-05-12 21:40:04,058 : INFO : EventManager : Event: ======'init_done'====== Args={}
2025-05-12 21:40:04,058 : INFO : EventManager : Event: ======'machine_reset_phase_1'====== Args={}
2025-05-12 21:40:04,069 : INFO : EventManager : Event: ======'machine_reset_phase_2'====== Args={}
2025-05-12 21:40:04,069 : INFO : EventManager : Event: ======'machine_reset_phase_3'====== Args={}
2025-05-12 21:40:04,069 : INFO : EventManager : Event: ======'reset_complete'====== Args={}
2025-05-12 21:40:04,069 : INFO : EventManager : Event: ======'mode_attract_will_start'====== Args={}
2025-05-12 21:40:04,070 : INFO : Timer.attract_carousel_timer : Starting Timer.
2025-05-12 21:40:04,070 : INFO : EventManager : Event: ======'timer_attract_carousel_timer_started'====== Args={'ticks': 0, 'ticks_remaining': 1}
2025-05-12 21:40:04,070 : INFO : EventManager : Event: ======'timer_attract_carousel_timer_tick'====== Args={'ticks': 0, 'ticks_remaining': 1}
2025-05-12 21:40:04,071 : INFO : EventManager : Event: ======'mode_attract_starting'====== Args={}
2025-05-12 21:40:04,071 : INFO : Mode.attract : Started. Priority: 10
2025-05-12 21:40:04,071 : INFO : EventManager : Event: ======'modes_active_modes_changed'====== Args={}
2025-05-12 21:40:04,071 : INFO : EventManager : Event: ======'mode_attract_started'====== Args={}
2025-05-12 21:40:04,072 : INFO : EventManager : Event: ======'collecting_balls_complete'====== Args={}
2025-05-12 21:40:04,072 : INFO : EventManager : Event: ======'item_highlighted'====== Args={'carousel': 'attract', 'direction': None, 'item': 'title'}
2025-05-12 21:40:04,073 : INFO : EventManager : Event: ======'timer_attract_carousel_timer_tick'====== Args={'ticks': 0, 'ticks_remaining': 1}
2025-05-12 21:40:04,073 : INFO : Machine : Starting the main run loop with active modes: [<Mode.attract>]
2025-05-12 21:40:04,122 : INFO : EventManager : Event: ======'slide_attract_created'====== Args={'_from_bcp': True}
2025-05-12 21:40:04,122 : INFO : EventManager : Event: ======'slide__removed'====== Args={'_from_bcp': True}
2025-05-12 21:40:04,122 : INFO : EventManager : Event: ======'slide_attract_active'====== Args={'original_context': 'attract', 'original_calling_context': 'mode_attract_started', 'priority': 10.0, 'cmd': 'slides_play', '_from_bcp': True}
2025-05-12 21:40:09,074 : INFO : Timer.attract_carousel_timer : Timer Complete
2025-05-12 21:40:09,074 : INFO : Timer.attract_carousel_timer : Stopping Timer
2025-05-12 21:40:09,074 : INFO : EventManager : Event: ======'timer_attract_carousel_timer_stopped'====== Args={'ticks': 1, 'ticks_remaining': 1}
2025-05-12 21:40:09,074 : INFO : EventManager : Event: ======'timer_attract_carousel_timer_complete'====== Args={'ticks': 1, 'ticks_remaining': 1}
2025-05-12 21:40:09,075 : INFO : EventManager : Event: ======'item_highlighted'====== Args={'carousel': 'attract', 'direction': 'forwards', 'item': 'credits'}
2025-05-12 21:40:09,076 : INFO : Timer.attract_carousel_timer : Starting Timer.
2025-05-12 21:40:09,076 : INFO : EventManager : Event: ======'timer_attract_carousel_timer_started'====== Args={'ticks': 0, 'ticks_remaining': 1}
2025-05-12 21:40:09,076 : INFO : EventManager : Event: ======'timer_attract_carousel_timer_tick'====== Args={'ticks': 0, 'ticks_remaining': 1}
2025-05-12 21:40:12,727 : INFO : SwitchController : <<<<<<< 's_flipper_right' active >>>>>>>
2025-05-12 21:40:12,727 : INFO : EventManager : Event: ======'s_flipper_right_active'====== Args={}
2025-05-12 21:40:12,727 : INFO : EventManager : Event: ======'item_highlighted'====== Args={'carousel': 'attract', 'direction': 'forwards', 'item': 'last_scores_2p'}
2025-05-12 21:40:12,728 : INFO : EventManager : Event: ======'timer_attract_carousel_timer_tick'====== Args={'ticks': 0, 'ticks_remaining': 1}
2025-05-12 21:40:12,755 : INFO : SwitchController : <<<<<<< 's_flipper_right' inactive >>>>>>>
2025-05-12 21:40:13,664 : INFO : SwitchController : <<<<<<< 's_flipper_right' active >>>>>>>
2025-05-12 21:40:13,664 : INFO : EventManager : Event: ======'s_flipper_right_active'====== Args={}
2025-05-12 21:40:13,664 : INFO : EventManager : Event: ======'item_highlighted'====== Args={'carousel': 'attract', 'direction': 'forwards', 'item': 'mpf_logo'}
2025-05-12 21:40:13,665 : INFO : EventManager : Event: ======'timer_attract_carousel_timer_tick'====== Args={'ticks': 0, 'ticks_remaining': 1}
2025-05-12 21:40:13,731 : INFO : SwitchController : <<<<<<< 's_flipper_right' inactive >>>>>>>
2025-05-12 21:40:13,998 : INFO : SwitchController : <<<<<<< 's_flipper_right' active >>>>>>>
2025-05-12 21:40:13,998 : INFO : EventManager : Event: ======'s_flipper_right_active'====== Args={}
2025-05-12 21:40:13,999 : INFO : EventManager : Event: ======'item_highlighted'====== Args={'carousel': 'attract', 'direction': 'forwards', 'item': 'title'}
2025-05-12 21:40:13,999 : INFO : EventManager : Event: ======'timer_attract_carousel_timer_tick'====== Args={'ticks': 0, 'ticks_remaining': 1}
2025-05-12 21:40:14,055 : INFO : SwitchController : <<<<<<< 's_flipper_right' inactive >>>>>>>
2025-05-12 21:40:14,266 : INFO : SwitchController : <<<<<<< 's_flipper_right' active >>>>>>>
2025-05-12 21:40:14,266 : INFO : EventManager : Event: ======'s_flipper_right_active'====== Args={}
2025-05-12 21:40:14,266 : INFO : EventManager : Event: ======'item_highlighted'====== Args={'carousel': 'attract', 'direction': 'forwards', 'item': 'credits'}
2025-05-12 21:40:14,267 : INFO : EventManager : Event: ======'timer_attract_carousel_timer_tick'====== Args={'ticks': 0, 'ticks_remaining': 1}
2025-05-12 21:40:14,314 : INFO : SwitchController : <<<<<<< 's_flipper_right' inactive >>>>>>>
2025-05-12 21:40:14,606 : INFO : SwitchController : <<<<<<< 's_flipper_right' active >>>>>>>
2025-05-12 21:40:14,606 : INFO : EventManager : Event: ======'s_flipper_right_active'====== Args={}
2025-05-12 21:40:14,606 : INFO : EventManager : Event: ======'item_highlighted'====== Args={'carousel': 'attract', 'direction': 'forwards', 'item': 'last_scores_2p'}
2025-05-12 21:40:14,607 : INFO : EventManager : Event: ======'timer_attract_carousel_timer_tick'====== Args={'ticks': 0, 'ticks_remaining': 1}
2025-05-12 21:40:14,664 : INFO : SwitchController : <<<<<<< 's_flipper_right' inactive >>>>>>>
2025-05-12 21:40:19,609 : INFO : Timer.attract_carousel_timer : Timer Complete
2025-05-12 21:40:19,609 : INFO : Timer.attract_carousel_timer : Stopping Timer
2025-05-12 21:40:19,609 : INFO : EventManager : Event: ======'timer_attract_carousel_timer_stopped'====== Args={'ticks': 1, 'ticks_remaining': 1}
2025-05-12 21:40:19,609 : INFO : EventManager : Event: ======'timer_attract_carousel_timer_complete'====== Args={'ticks': 1, 'ticks_remaining': 1}
2025-05-12 21:40:19,609 : INFO : EventManager : Event: ======'item_highlighted'====== Args={'carousel': 'attract', 'direction': 'forwards', 'item': 'mpf_logo'}
2025-05-12 21:40:19,610 : INFO : Timer.attract_carousel_timer : Starting Timer.
2025-05-12 21:40:19,611 : INFO : EventManager : Event: ======'timer_attract_carousel_timer_started'====== Args={'ticks': 0, 'ticks_remaining': 1}
2025-05-12 21:40:19,611 : INFO : EventManager : Event: ======'timer_attract_carousel_timer_tick'====== Args={'ticks': 0, 'ticks_remaining': 1}
2025-05-12 21:40:20,531 : INFO : SwitchController : <<<<<<< 's_start' active >>>>>>>
2025-05-12 21:40:20,605 : INFO : SwitchController : <<<<<<< 's_start' inactive >>>>>>>
2025-05-12 21:40:20,606 : INFO : EventManager : Event: ======'request_to_start_game'====== Args={}
2025-05-12 21:40:20,606 : INFO : EventManager : Event: ======'game_start'====== Args={'buttons': [], 'hold_time': 0.07432170899119228}
2025-05-12 21:40:20,606 : INFO : EventManager : Event: ======'mode_game_will_start'====== Args={'buttons': [], 'hold_time': 0.07432170899119228}
2025-05-12 21:40:20,608 : INFO : EventManager : Event: ======'mode_game_starting'====== Args={'buttons': [], 'hold_time': 0.07432170899119228}
2025-05-12 21:40:20,608 : INFO : EventManager : Event: ======'mode_attract_will_stop'====== Args={}
2025-05-12 21:40:20,608 : INFO : EventManager : Event: ======'mode_attract_stopping'====== Args={}
2025-05-12 21:40:20,608 : INFO : Mode.attract : Stopped.
2025-05-12 21:40:20,608 : INFO : EventManager : Event: ======'modes_active_modes_changed'====== Args={}
2025-05-12 21:40:20,609 : INFO : EventManager : Event: ======'mode_attract_stopped'====== Args={}
2025-05-12 21:40:20,609 : INFO : EventManager : Event: ======'clear'====== Args={'key': 'attract'}
2025-05-12 21:40:20,609 : INFO : Timer.attract_carousel_timer : Stopping Timer
2025-05-12 21:40:20,609 : INFO : EventManager : Event: ======'timer_attract_carousel_timer_stopped'====== Args={'ticks': 0, 'ticks_remaining': 1}
2025-05-12 21:40:20,610 : INFO : Mode.game : Started. Priority: 20
2025-05-12 21:40:20,610 : INFO : EventManager : Event: ======'modes_active_modes_changed'====== Args={}
2025-05-12 21:40:20,610 : INFO : EventManager : Event: ======'mode_game_started'====== Args={'buttons': [], 'hold_time': 0.07432170899119228}
2025-05-12 21:40:20,612 : INFO : EventManager : Event: ======'game_will_start'====== Args={}
2025-05-12 21:40:20,613 : INFO : EventManager : Event: ======'game_starting'====== Args={'game': <Mode.game>}
2025-05-12 21:40:20,614 : INFO : EventManager : Unordered handler for class <Auditor> on event game_ended with priority 1. Handlers: [RegisteredHandler(callback=<bound method Auditor.disable of <Auditor>>, priority=1, kwargs={}, key=UUID('1a1e5250-a576-4971-b180-8dfd6ecfc21d'), condition=None, blocking_facility=None), RegisteredHandler(callback=<bound method Auditor._save_audits of <Auditor>>, priority=1, kwargs={}, key=UUID('51588b16-e70a-405f-98d8-8f0f099ef36d'), condition=None, blocking_facility=None)]. The order of those handlers is not defined and they will be executed in random order. This might lead to race conditions and potential bugs.
2025-05-12 21:40:20,614 : INFO : EventManager : Event: ======'player_add_request'====== Args={}
2025-05-12 21:40:20,614 : INFO : EventManager : Event: ======'player_will_add'====== Args={'number': 1}
2025-05-12 21:40:20,614 : INFO : EventManager : Event: ======'player_adding'====== Args={'player': <Player 1>, 'number': 1}
2025-05-12 21:40:20,614 : INFO : EventManager : Event: ======'player_added'====== Args={'player': <Player 1>, 'num': 1}
2025-05-12 21:40:20,614 : INFO : Mode.game : Player added successfully. Total players: 1
2025-05-12 21:40:20,615 : INFO : EventManager : Event: ======'player_index'====== Args={'value': 0, 'prev_value': 0, 'change': 0, 'player_num': 1}
2025-05-12 21:40:20,615 : INFO : EventManager : Event: ======'player_number'====== Args={'value': 1, 'prev_value': 1, 'change': 0, 'player_num': 1}
2025-05-12 21:40:20,615 : INFO : EventManager : Event: ======'player_score'====== Args={'value': 0, 'prev_value': 0, 'change': 0, 'player_num': 1}
2025-05-12 21:40:20,616 : INFO : EventManager : Event: ======'game_started'====== Args={}
2025-05-12 21:40:20,616 : INFO : EventManager : Event: ======'player_turn_will_start'====== Args={'player': <Player 1>, 'number': 1}
2025-05-12 21:40:20,617 : INFO : EventManager : Event: ======'player_turn_starting'====== Args={'player': <Player 1>, 'number': 1}
2025-05-12 21:40:20,617 : INFO : EventManager : Event: ======'player_ball'====== Args={'value': 1, 'prev_value': 0, 'change': 1, 'player_num': 1}
2025-05-12 21:40:20,618 : INFO : EventManager : Event: ======'player_turn_started'====== Args={'player': <Player 1>, 'number': 1}
2025-05-12 21:40:20,619 : INFO : EventManager : Event: ======'ball_will_start'====== Args={'player': 1, 'ball': 1, 'balls_remaining': 2, 'is_extra_ball': False}
2025-05-12 21:40:20,619 : INFO : EventManager : Event: ======'ball_starting'====== Args={'player': 1, 'ball': 1, 'balls_remaining': 2, 'is_extra_ball': False}
2025-05-12 21:40:20,619 : INFO : EventManager : Event: ======'mode_base_will_start'====== Args={'queue': <QueuedEvent>, 'player': 1, 'ball': 1, 'balls_remaining': 2, 'is_extra_ball': False}
2025-05-12 21:40:20,621 : INFO : EventManager : Event: ======'mode_base_starting'====== Args={'queue': <QueuedEvent>, 'player': 1, 'ball': 1, 'balls_remaining': 2, 'is_extra_ball': False}
2025-05-12 21:40:20,622 : INFO : Mode.base : Started. Priority: 100
2025-05-12 21:40:20,622 : INFO : EventManager : Event: ======'modes_active_modes_changed'====== Args={}
2025-05-12 21:40:20,622 : INFO : EventManager : Event: ======'mode_base_started'====== Args={'queue': <QueuedEvent>, 'player': 1, 'ball': 1, 'balls_remaining': 2, 'is_extra_ball': False}
2025-05-12 21:40:20,622 : INFO : EventManager : Event: ======'start_mode_bumpers'====== Args={'priority': 0}
2025-05-12 21:40:20,622 : INFO : EventManager : Event: ======'mode_bumpers_will_start'====== Args={'priority': 0}
2025-05-12 21:40:20,623 : INFO : EventManager : Event: ======'player_shot_bumper_left_enabled'====== Args={'value': True, 'prev_value': 0, 'change': 1, 'player_num': 1}
2025-05-12 21:40:20,623 : INFO : EventManager : Event: ======'player_shot_bumper_right_enabled'====== Args={'value': True, 'prev_value': 0, 'change': 1, 'player_num': 1}
2025-05-12 21:40:20,627 : INFO : EventManager : Event: ======'bumpers_complete'====== Args={'state': 'unlit'}
2025-05-12 21:40:20,627 : INFO : EventManager : Event: ======'bumpers_unlit_complete'====== Args={}
2025-05-12 21:40:20,630 : INFO : EventManager : Event: ======'mode_bumpers_starting'====== Args={'priority': 0}
2025-05-12 21:40:20,630 : INFO : Mode.bumpers : Started. Priority: 200
2025-05-12 21:40:20,630 : INFO : EventManager : Event: ======'modes_active_modes_changed'====== Args={}
2025-05-12 21:40:20,630 : INFO : EventManager : Event: ======'mode_bumpers_started'====== Args={'priority': 0}
2025-05-12 21:40:20,631 : INFO : EventManager : Event: ======'balls_in_play'====== Args={'balls': 1}
2025-05-12 21:40:20,631 : INFO : EventManager : Event: ======'ball_started'====== Args={'player': 1, 'ball': 1, 'balls_remaining': 2, 'is_extra_ball': False}
2025-05-12 21:40:20,631 : INFO : EventManager : Event: ======'single_player_ball_started'====== Args={}
2025-05-12 21:40:20,631 : INFO : EventManager : Event: ======'ball_start_target'====== Args={'target': 'playfield'}
2025-05-12 21:40:20,632 : INFO : ball_device.bd_trough : Setting up player-controlled eject. Balls: 1, Target: <playfield.playfield>, player_controlled_eject_event: None
2025-05-12 21:40:20,632 : INFO : ball_device.bd_trough : Adding 1 ball(s) to the eject_queue with target <playfield.playfield>.
2025-05-12 21:40:20,632 : INFO : EventManager : Event: ======'balldevice_balls_available'====== Args={}
2025-05-12 21:40:20,633 : INFO : ball_device.bd_trough : State: waiting_for_target_ready
2025-05-12 21:40:20,633 : INFO : EventManager : Event: ======'balldevice_bd_trough_ball_eject_attempt'====== Args={'balls': 1, 'target': <ball_device.bd_plunger>, 'source': <ball_device.bd_trough>, 'mechanical_eject': False, 'num_attempts': 0}
2025-05-12 21:40:20,633 : INFO : ball_device.bd_plunger : State: waiting_for_ball
2025-05-12 21:40:20,634 : INFO : ball_device.bd_trough : State: ejecting
2025-05-12 21:40:20,634 : INFO : ball_device.bd_trough : Ejecting ball to <ball_device.bd_plunger>
2025-05-12 21:40:20,634 : INFO : EventManager : Event: ======'balldevice_bd_trough_ejecting_ball'====== Args={'balls': 1, 'target': <ball_device.bd_plunger>, 'source': <ball_device.bd_trough>, 'mechanical_eject': False, 'num_attempts': 0}
2025-05-12 21:40:20,635 : INFO : ball_device.bd_trough : Wait for ball to leave device
2025-05-12 21:40:20,635 : INFO : coil.c_trough_eject : Pulsing Driver for 10ms (1.0 pulse_power)
2025-05-12 21:40:20,637 : INFO : EventManager : Event: ======'slide_base_created'====== Args={'_from_bcp': True}
2025-05-12 21:40:20,638 : INFO : EventManager : Event: ======'slide_attract_inactive'====== Args={'is_removing': True, '_from_bcp': True}
2025-05-12 21:40:20,638 : INFO : EventManager : Event: ======'slide_base_active'====== Args={'original_context': 'base', 'original_calling_context': 'mode_base_started', 'priority': 100.0, 'queue': '<QueuedEvent>', 'player': 1.0, 'ball': 1.0, 'balls_remaining': 2.0, 'is_extra_ball': False, 'cmd': 'slides_play', '_from_bcp': True}
2025-05-12 21:40:20,638 : INFO : EventManager : Event: ======'slide_attract_removed'====== Args={'_from_bcp': True}
2025-05-12 21:40:24,868 : INFO : SwitchController : <<<<<<< 's_bumper_right' active >>>>>>>
2025-05-12 21:40:24,869 : INFO : EventManager : Event: ======'playfield_active'====== Args={'source': 'bumper_right'}
2025-05-12 21:40:24,869 : INFO : EventManager : Event: ======'unexpected_ball_on_playfield'====== Args={}
2025-05-12 21:40:24,869 : INFO : EventManager : Event: ======'s_bumper_right_active'====== Args={}
2025-05-12 21:40:24,869 : INFO : EventManager : Event: ======'machine_var_audits_switches_s_bumper_right'====== Args={'value': 37, 'prev_value': 36, 'change': 1}
2025-05-12 21:40:24,870 : INFO : EventManager : Event: ======'player_shot_bumper_right'====== Args={'value': 1, 'prev_value': 0, 'change': 1, 'player_num': 1}
2025-05-12 21:40:24,871 : INFO : EventManager : Event: ======'machine_var_audits_shots_bumper_right'====== Args={'value': 37, 'prev_value': 36, 'change': 1}
2025-05-12 21:40:24,871 : INFO : EventManager : Event: ======'bumper_right_hit'====== Args={'profile': 'default', 'state': 'unlit', 'advancing': True}
2025-05-12 21:40:24,871 : INFO : EventManager : Event: ======'bumper_right_default_hit'====== Args={'profile': 'default', 'state': 'unlit', 'advancing': True}
2025-05-12 21:40:24,871 : INFO : EventManager : Event: ======'bumper_right_default_unlit_hit'====== Args={'profile': 'default', 'state': 'unlit', 'advancing': True}
2025-05-12 21:40:24,871 : INFO : EventManager : Event: ======'bumper_right_unlit_hit'====== Args={'profile': 'default', 'state': 'unlit', 'advancing': True}
2025-05-12 21:40:24,872 : INFO : EventManager : Event: ======'bumpers_hit'====== Args={'shot': 'bumper_right'}
2025-05-12 21:40:24,872 : INFO : EventManager : Event: ======'bumpers_unlit_hit'====== Args={'shot': 'bumper_right'}
2025-05-12 21:40:24,872 : INFO : EventManager : Event: ======'player_score'====== Args={'value': 1000, 'prev_value': 0, 'change': 1000, 'player_num': 1, 'source': 'bumpers'}
2025-05-12 21:40:24,926 : INFO : SwitchController : <<<<<<< 's_bumper_right' inactive >>>>>>>
2025-05-12 21:40:25,420 : INFO : SwitchController : <<<<<<< 's_bumper_left' active >>>>>>>
2025-05-12 21:40:25,420 : INFO : EventManager : Event: ======'playfield_active'====== Args={'source': 'bumper_left'}
2025-05-12 21:40:25,420 : INFO : EventManager : Event: ======'unexpected_ball_on_playfield'====== Args={}
2025-05-12 21:40:25,420 : INFO : EventManager : Event: ======'s_bumper_left_active'====== Args={}
2025-05-12 21:40:25,420 : INFO : EventManager : Event: ======'machine_var_audits_switches_s_bumper_left'====== Args={'value': 29, 'prev_value': 28, 'change': 1}
2025-05-12 21:40:25,421 : INFO : EventManager : Event: ======'player_shot_bumper_left'====== Args={'value': 1, 'prev_value': 0, 'change': 1, 'player_num': 1}
2025-05-12 21:40:25,422 : INFO : EventManager : Event: ======'machine_var_audits_shots_bumper_left'====== Args={'value': 29, 'prev_value': 28, 'change': 1}
2025-05-12 21:40:25,422 : INFO : EventManager : Event: ======'bumper_left_hit'====== Args={'profile': 'default', 'state': 'unlit', 'advancing': True}
2025-05-12 21:40:25,422 : INFO : EventManager : Event: ======'bumper_left_default_hit'====== Args={'profile': 'default', 'state': 'unlit', 'advancing': True}
2025-05-12 21:40:25,423 : INFO : EventManager : Event: ======'bumper_left_default_unlit_hit'====== Args={'profile': 'default', 'state': 'unlit', 'advancing': True}
2025-05-12 21:40:25,423 : INFO : EventManager : Event: ======'bumper_left_unlit_hit'====== Args={'profile': 'default', 'state': 'unlit', 'advancing': True}
2025-05-12 21:40:25,423 : INFO : EventManager : Event: ======'bumpers_complete'====== Args={'state': 'lit'}
2025-05-12 21:40:25,423 : INFO : EventManager : Event: ======'bumpers_lit_complete'====== Args={}
2025-05-12 21:40:25,424 : INFO : EventManager : Event: ======'bumpers_hit'====== Args={'shot': 'bumper_left'}
2025-05-12 21:40:25,424 : INFO : EventManager : Event: ======'bumpers_unlit_hit'====== Args={'shot': 'bumper_left'}
2025-05-12 21:40:25,424 : INFO : EventManager : Event: ======'player_score'====== Args={'value': 2000, 'prev_value': 1000, 'change': 1000, 'player_num': 1, 'source': 'bumpers'}
2025-05-12 21:40:25,478 : INFO : SwitchController : <<<<<<< 's_bumper_left' inactive >>>>>>>
2025-05-12 21:40:25,668 : INFO : SwitchController : <<<<<<< 's_bumper_left' active >>>>>>>
2025-05-12 21:40:25,668 : INFO : EventManager : Event: ======'playfield_active'====== Args={'source': 'bumper_left'}
2025-05-12 21:40:25,668 : INFO : EventManager : Event: ======'unexpected_ball_on_playfield'====== Args={}
2025-05-12 21:40:25,668 : INFO : EventManager : Event: ======'s_bumper_left_active'====== Args={}
2025-05-12 21:40:25,668 : INFO : EventManager : Event: ======'machine_var_audits_switches_s_bumper_left'====== Args={'value': 30, 'prev_value': 29, 'change': 1}
2025-05-12 21:40:25,668 : INFO : EventManager : Event: ======'machine_var_audits_shots_bumper_left'====== Args={'value': 30, 'prev_value': 29, 'change': 1}
2025-05-12 21:40:25,669 : INFO : EventManager : Event: ======'bumper_left_hit'====== Args={'profile': 'default', 'state': 'lit', 'advancing': False}
2025-05-12 21:40:25,669 : INFO : EventManager : Event: ======'bumper_left_default_hit'====== Args={'profile': 'default', 'state': 'lit', 'advancing': False}
2025-05-12 21:40:25,669 : INFO : EventManager : Event: ======'bumper_left_default_lit_hit'====== Args={'profile': 'default', 'state': 'lit', 'advancing': False}
2025-05-12 21:40:25,669 : INFO : EventManager : Event: ======'bumper_left_lit_hit'====== Args={'profile': 'default', 'state': 'lit', 'advancing': False}
2025-05-12 21:40:25,669 : INFO : EventManager : Event: ======'bumpers_hit'====== Args={'shot': 'bumper_left'}
2025-05-12 21:40:25,670 : INFO : EventManager : Event: ======'bumpers_lit_hit'====== Args={'shot': 'bumper_left'}
2025-05-12 21:40:25,670 : INFO : EventManager : Event: ======'player_score'====== Args={'value': 3000, 'prev_value': 2000, 'change': 1000, 'player_num': 1, 'source': 'bumpers'}
2025-05-12 21:40:25,734 : INFO : SwitchController : <<<<<<< 's_bumper_left' inactive >>>>>>>
2025-05-12 21:40:26,084 : INFO : SwitchController : <<<<<<< 's_bumper_right' active >>>>>>>
2025-05-12 21:40:26,085 : INFO : EventManager : Event: ======'playfield_active'====== Args={'source': 'bumper_right'}
2025-05-12 21:40:26,085 : INFO : EventManager : Event: ======'unexpected_ball_on_playfield'====== Args={}
2025-05-12 21:40:26,085 : INFO : EventManager : Event: ======'s_bumper_right_active'====== Args={}
2025-05-12 21:40:26,085 : INFO : EventManager : Event: ======'machine_var_audits_switches_s_bumper_right'====== Args={'value': 38, 'prev_value': 37, 'change': 1}
2025-05-12 21:40:26,086 : INFO : EventManager : Event: ======'machine_var_audits_shots_bumper_right'====== Args={'value': 38, 'prev_value': 37, 'change': 1}
2025-05-12 21:40:26,086 : INFO : EventManager : Event: ======'bumper_right_hit'====== Args={'profile': 'default', 'state': 'lit', 'advancing': False}
2025-05-12 21:40:26,086 : INFO : EventManager : Event: ======'bumper_right_default_hit'====== Args={'profile': 'default', 'state': 'lit', 'advancing': False}
2025-05-12 21:40:26,086 : INFO : EventManager : Event: ======'bumper_right_default_lit_hit'====== Args={'profile': 'default', 'state': 'lit', 'advancing': False}
2025-05-12 21:40:26,086 : INFO : EventManager : Event: ======'bumper_right_lit_hit'====== Args={'profile': 'default', 'state': 'lit', 'advancing': False}
2025-05-12 21:40:26,086 : INFO : EventManager : Event: ======'bumpers_hit'====== Args={'shot': 'bumper_right'}
2025-05-12 21:40:26,086 : INFO : EventManager : Event: ======'bumpers_lit_hit'====== Args={'shot': 'bumper_right'}
2025-05-12 21:40:26,086 : INFO : EventManager : Event: ======'player_score'====== Args={'value': 4000, 'prev_value': 3000, 'change': 1000, 'player_num': 1, 'source': 'bumpers'}
2025-05-12 21:40:26,151 : INFO : SwitchController : <<<<<<< 's_bumper_right' inactive >>>>>>>
2025-05-12 21:40:27,301 : INFO : SwitchController : <<<<<<< 's_left_lane' active >>>>>>>
2025-05-12 21:40:27,302 : INFO : EventManager : Event: ======'machine_var_audits_switches_s_left_lane'====== Args={'value': 5, 'prev_value': 4, 'change': 1}
2025-05-12 21:40:27,393 : INFO : SwitchController : <<<<<<< 's_left_lane' inactive >>>>>>>
2025-05-12 21:40:28,468 : INFO : SwitchController : <<<<<<< 's_left_lane' active >>>>>>>
2025-05-12 21:40:28,468 : INFO : EventManager : Event: ======'machine_var_audits_switches_s_left_lane'====== Args={'value': 6, 'prev_value': 5, 'change': 1}
2025-05-12 21:40:28,568 : INFO : SwitchController : <<<<<<< 's_left_lane' inactive >>>>>>>
2025-05-12 21:40:29,435 : INFO : SwitchController : <<<<<<< 's_left_lane' active >>>>>>>
2025-05-12 21:40:29,436 : INFO : EventManager : Event: ======'machine_var_audits_switches_s_left_lane'====== Args={'value': 7, 'prev_value': 6, 'change': 1}
2025-05-12 21:40:29,518 : INFO : SwitchController : <<<<<<< 's_left_lane' inactive >>>>>>>
2025-05-12 21:40:30,143 : INFO : SwitchController : <<<<<<< 's_left_lane' active >>>>>>>
2025-05-12 21:40:30,144 : INFO : EventManager : Event: ======'machine_var_audits_switches_s_left_lane'====== Args={'value': 8, 'prev_value': 7, 'change': 1}
2025-05-12 21:40:30,235 : INFO : SwitchController : <<<<<<< 's_left_lane' inactive >>>>>>>
2025-05-12 21:40:30,636 : INFO : EventManager : Event: ======'balldevice_bd_trough_ball_eject_failed'====== Args={'target': <ball_device.bd_plunger>, 'balls': 1, 'retry': True, 'num_attempts': 1}
2025-05-12 21:40:30,638 : INFO : ball_device.bd_trough : State: waiting_for_target_ready
2025-05-12 21:40:30,638 : INFO : EventManager : Event: ======'balldevice_bd_trough_ball_eject_attempt'====== Args={'balls': 1, 'target': <ball_device.bd_plunger>, 'source': <ball_device.bd_trough>, 'mechanical_eject': False, 'num_attempts': 1}
2025-05-12 21:40:30,639 : INFO : ball_device.bd_trough : State: ejecting
2025-05-12 21:40:30,639 : INFO : ball_device.bd_trough : Ejecting ball to <ball_device.bd_plunger>
2025-05-12 21:40:30,639 : INFO : EventManager : Event: ======'balldevice_bd_trough_ejecting_ball'====== Args={'balls': 1, 'target': <ball_device.bd_plunger>, 'source': <ball_device.bd_trough>, 'mechanical_eject': False, 'num_attempts': 1}
2025-05-12 21:40:30,641 : INFO : ball_device.bd_trough : Wait for ball to leave device
2025-05-12 21:40:30,641 : INFO : coil.c_trough_eject : Pulsing Driver for 10ms (1.0 pulse_power)
2025-05-12 21:40:30,876 : INFO : SwitchController : <<<<<<< 's_left_lane' active >>>>>>>
2025-05-12 21:40:30,877 : INFO : EventManager : Event: ======'machine_var_audits_switches_s_left_lane'====== Args={'value': 9, 'prev_value': 8, 'change': 1}
2025-05-12 21:40:30,952 : INFO : SwitchController : <<<<<<< 's_left_lane' inactive >>>>>>>
2025-05-12 21:40:31,643 : INFO : SwitchController : <<<<<<< 's_left_lane' active >>>>>>>
2025-05-12 21:40:31,643 : INFO : EventManager : Event: ======'machine_var_audits_switches_s_left_lane'====== Args={'value': 10, 'prev_value': 9, 'change': 1}
2025-05-12 21:40:31,701 : INFO : SwitchController : <<<<<<< 's_left_lane' inactive >>>>>>>
2025-05-12 21:40:32,746 : INFO : SwitchController : <<<<<<< 's_bumper_right' active >>>>>>>
2025-05-12 21:40:32,746 : INFO : EventManager : Event: ======'playfield_active'====== Args={'source': 'bumper_right'}
2025-05-12 21:40:32,746 : INFO : EventManager : Event: ======'unexpected_ball_on_playfield'====== Args={}
2025-05-12 21:40:32,746 : INFO : EventManager : Event: ======'s_bumper_right_active'====== Args={}
2025-05-12 21:40:32,746 : INFO : EventManager : Event: ======'machine_var_audits_switches_s_bumper_right'====== Args={'value': 39, 'prev_value': 38, 'change': 1}
2025-05-12 21:40:32,747 : INFO : EventManager : Event: ======'machine_var_audits_shots_bumper_right'====== Args={'value': 39, 'prev_value': 38, 'change': 1}
2025-05-12 21:40:32,748 : INFO : EventManager : Event: ======'bumper_right_hit'====== Args={'profile': 'default', 'state': 'lit', 'advancing': False}
2025-05-12 21:40:32,749 : INFO : EventManager : Event: ======'bumper_right_default_hit'====== Args={'profile': 'default', 'state': 'lit', 'advancing': False}
2025-05-12 21:40:32,749 : INFO : EventManager : Event: ======'bumper_right_default_lit_hit'====== Args={'profile': 'default', 'state': 'lit', 'advancing': False}
2025-05-12 21:40:32,749 : INFO : EventManager : Event: ======'bumper_right_lit_hit'====== Args={'profile': 'default', 'state': 'lit', 'advancing': False}
2025-05-12 21:40:32,750 : INFO : EventManager : Event: ======'bumpers_hit'====== Args={'shot': 'bumper_right'}
2025-05-12 21:40:32,750 : INFO : EventManager : Event: ======'bumpers_lit_hit'====== Args={'shot': 'bumper_right'}
2025-05-12 21:40:32,750 : INFO : EventManager : Event: ======'player_score'====== Args={'value': 5000, 'prev_value': 4000, 'change': 1000, 'player_num': 1, 'source': 'bumpers'}
2025-05-12 21:40:32,826 : INFO : SwitchController : <<<<<<< 's_bumper_right' inactive >>>>>>>
2025-05-12 21:40:32,994 : INFO : SwitchController : <<<<<<< 's_bumper_left' active >>>>>>>
2025-05-12 21:40:32,994 : INFO : EventManager : Event: ======'playfield_active'====== Args={'source': 'bumper_left'}
2025-05-12 21:40:32,994 : INFO : EventManager : Event: ======'unexpected_ball_on_playfield'====== Args={}
2025-05-12 21:40:32,994 : INFO : EventManager : Event: ======'s_bumper_left_active'====== Args={}
2025-05-12 21:40:32,994 : INFO : EventManager : Event: ======'machine_var_audits_switches_s_bumper_left'====== Args={'value': 31, 'prev_value': 30, 'change': 1}
2025-05-12 21:40:32,995 : INFO : EventManager : Event: ======'machine_var_audits_shots_bumper_left'====== Args={'value': 31, 'prev_value': 30, 'change': 1}
2025-05-12 21:40:32,996 : INFO : EventManager : Event: ======'bumper_left_hit'====== Args={'profile': 'default', 'state': 'lit', 'advancing': False}
2025-05-12 21:40:32,996 : INFO : EventManager : Event: ======'bumper_left_default_hit'====== Args={'profile': 'default', 'state': 'lit', 'advancing': False}
2025-05-12 21:40:32,996 : INFO : EventManager : Event: ======'bumper_left_default_lit_hit'====== Args={'profile': 'default', 'state': 'lit', 'advancing': False}
2025-05-12 21:40:32,996 : INFO : EventManager : Event: ======'bumper_left_lit_hit'====== Args={'profile': 'default', 'state': 'lit', 'advancing': False}
2025-05-12 21:40:32,997 : INFO : EventManager : Event: ======'bumpers_hit'====== Args={'shot': 'bumper_left'}
2025-05-12 21:40:32,997 : INFO : EventManager : Event: ======'bumpers_lit_hit'====== Args={'shot': 'bumper_left'}
2025-05-12 21:40:32,997 : INFO : EventManager : Event: ======'player_score'====== Args={'value': 6000, 'prev_value': 5000, 'change': 1000, 'player_num': 1, 'source': 'bumpers'}
2025-05-12 21:40:33,068 : INFO : SwitchController : <<<<<<< 's_bumper_left' inactive >>>>>>>
2025-05-12 21:40:33,310 : INFO : SwitchController : <<<<<<< 's_bumper_left' active >>>>>>>
2025-05-12 21:40:33,310 : INFO : EventManager : Event: ======'playfield_active'====== Args={'source': 'bumper_left'}
2025-05-12 21:40:33,310 : INFO : EventManager : Event: ======'unexpected_ball_on_playfield'====== Args={}
2025-05-12 21:40:33,310 : INFO : EventManager : Event: ======'s_bumper_left_active'====== Args={}
2025-05-12 21:40:33,310 : INFO : EventManager : Event: ======'machine_var_audits_switches_s_bumper_left'====== Args={'value': 32, 'prev_value': 31, 'change': 1}
2025-05-12 21:40:33,312 : INFO : EventManager : Event: ======'machine_var_audits_shots_bumper_left'====== Args={'value': 32, 'prev_value': 31, 'change': 1}
2025-05-12 21:40:33,312 : INFO : EventManager : Event: ======'bumper_left_hit'====== Args={'profile': 'default', 'state': 'lit', 'advancing': False}
2025-05-12 21:40:33,312 : INFO : EventManager : Event: ======'bumper_left_default_hit'====== Args={'profile': 'default', 'state': 'lit', 'advancing': False}
2025-05-12 21:40:33,312 : INFO : EventManager : Event: ======'bumper_left_default_lit_hit'====== Args={'profile': 'default', 'state': 'lit', 'advancing': False}
2025-05-12 21:40:33,312 : INFO : EventManager : Event: ======'bumper_left_lit_hit'====== Args={'profile': 'default', 'state': 'lit', 'advancing': False}
2025-05-12 21:40:33,312 : INFO : EventManager : Event: ======'bumpers_hit'====== Args={'shot': 'bumper_left'}
2025-05-12 21:40:33,312 : INFO : EventManager : Event: ======'bumpers_lit_hit'====== Args={'shot': 'bumper_left'}
2025-05-12 21:40:33,313 : INFO : EventManager : Event: ======'player_score'====== Args={'value': 7000, 'prev_value': 6000, 'change': 1000, 'player_num': 1, 'source': 'bumpers'}
2025-05-12 21:40:33,368 : INFO : SwitchController : <<<<<<< 's_bumper_left' inactive >>>>>>>
2025-05-12 21:40:33,693 : INFO : SwitchController : <<<<<<< 's_bumper_right' active >>>>>>>
2025-05-12 21:40:33,693 : INFO : EventManager : Event: ======'playfield_active'====== Args={'source': 'bumper_right'}
2025-05-12 21:40:33,693 : INFO : EventManager : Event: ======'unexpected_ball_on_playfield'====== Args={}
2025-05-12 21:40:33,694 : INFO : EventManager : Event: ======'s_bumper_right_active'====== Args={}
2025-05-12 21:40:33,694 : INFO : EventManager : Event: ======'machine_var_audits_switches_s_bumper_right'====== Args={'value': 40, 'prev_value': 39, 'change': 1}
2025-05-12 21:40:33,694 : INFO : EventManager : Event: ======'machine_var_audits_shots_bumper_right'====== Args={'value': 40, 'prev_value': 39, 'change': 1}
2025-05-12 21:40:33,695 : INFO : EventManager : Event: ======'bumper_right_hit'====== Args={'profile': 'default', 'state': 'lit', 'advancing': False}
2025-05-12 21:40:33,695 : INFO : EventManager : Event: ======'bumper_right_default_hit'====== Args={'profile': 'default', 'state': 'lit', 'advancing': False}
2025-05-12 21:40:33,695 : INFO : EventManager : Event: ======'bumper_right_default_lit_hit'====== Args={'profile': 'default', 'state': 'lit', 'advancing': False}
2025-05-12 21:40:33,695 : INFO : EventManager : Event: ======'bumper_right_lit_hit'====== Args={'profile': 'default', 'state': 'lit', 'advancing': False}
2025-05-12 21:40:33,696 : INFO : EventManager : Event: ======'bumpers_hit'====== Args={'shot': 'bumper_right'}
2025-05-12 21:40:33,696 : INFO : EventManager : Event: ======'bumpers_lit_hit'====== Args={'shot': 'bumper_right'}
2025-05-12 21:40:33,696 : INFO : EventManager : Event: ======'player_score'====== Args={'value': 8000, 'prev_value': 7000, 'change': 1000, 'player_num': 1, 'source': 'bumpers'}
2025-05-12 21:40:33,743 : INFO : SwitchController : <<<<<<< 's_bumper_right' inactive >>>>>>>
2025-05-12 21:40:33,944 : INFO : SwitchController : <<<<<<< 's_bumper_right' active >>>>>>>
2025-05-12 21:40:33,944 : INFO : EventManager : Event: ======'playfield_active'====== Args={'source': 'bumper_right'}
2025-05-12 21:40:33,945 : INFO : EventManager : Event: ======'unexpected_ball_on_playfield'====== Args={}
2025-05-12 21:40:33,945 : INFO : EventManager : Event: ======'s_bumper_right_active'====== Args={}
2025-05-12 21:40:33,945 : INFO : EventManager : Event: ======'machine_var_audits_switches_s_bumper_right'====== Args={'value': 41, 'prev_value': 40, 'change': 1}
2025-05-12 21:40:33,946 : INFO : EventManager : Event: ======'machine_var_audits_shots_bumper_right'====== Args={'value': 41, 'prev_value': 40, 'change': 1}
2025-05-12 21:40:33,946 : INFO : EventManager : Event: ======'bumper_right_hit'====== Args={'profile': 'default', 'state': 'lit', 'advancing': False}
2025-05-12 21:40:33,946 : INFO : EventManager : Event: ======'bumper_right_default_hit'====== Args={'profile': 'default', 'state': 'lit', 'advancing': False}
2025-05-12 21:40:33,946 : INFO : EventManager : Event: ======'bumper_right_default_lit_hit'====== Args={'profile': 'default', 'state': 'lit', 'advancing': False}
2025-05-12 21:40:33,947 : INFO : EventManager : Event: ======'bumper_right_lit_hit'====== Args={'profile': 'default', 'state': 'lit', 'advancing': False}
2025-05-12 21:40:33,947 : INFO : EventManager : Event: ======'bumpers_hit'====== Args={'shot': 'bumper_right'}
2025-05-12 21:40:33,947 : INFO : EventManager : Event: ======'bumpers_lit_hit'====== Args={'shot': 'bumper_right'}
2025-05-12 21:40:33,948 : INFO : EventManager : Event: ======'player_score'====== Args={'value': 9000, 'prev_value': 8000, 'change': 1000, 'player_num': 1, 'source': 'bumpers'}
2025-05-12 21:40:33,993 : INFO : SwitchController : <<<<<<< 's_bumper_right' inactive >>>>>>>
2025-05-12 21:40:34,142 : INFO : SwitchController : <<<<<<< 's_bumper_right' active >>>>>>>
2025-05-12 21:40:34,142 : INFO : EventManager : Event: ======'playfield_active'====== Args={'source': 'bumper_right'}
2025-05-12 21:40:34,142 : INFO : EventManager : Event: ======'unexpected_ball_on_playfield'====== Args={}
2025-05-12 21:40:34,142 : INFO : EventManager : Event: ======'s_bumper_right_active'====== Args={}
2025-05-12 21:40:34,143 : INFO : EventManager : Event: ======'machine_var_audits_switches_s_bumper_right'====== Args={'value': 42, 'prev_value': 41, 'change': 1}
2025-05-12 21:40:34,143 : INFO : EventManager : Event: ======'machine_var_audits_shots_bumper_right'====== Args={'value': 42, 'prev_value': 41, 'change': 1}
2025-05-12 21:40:34,143 : INFO : EventManager : Event: ======'bumper_right_hit'====== Args={'profile': 'default', 'state': 'lit', 'advancing': False}
2025-05-12 21:40:34,143 : INFO : EventManager : Event: ======'bumper_right_default_hit'====== Args={'profile': 'default', 'state': 'lit', 'advancing': False}
2025-05-12 21:40:34,143 : INFO : EventManager : Event: ======'bumper_right_default_lit_hit'====== Args={'profile': 'default', 'state': 'lit', 'advancing': False}
2025-05-12 21:40:34,143 : INFO : EventManager : Event: ======'bumper_right_lit_hit'====== Args={'profile': 'default', 'state': 'lit', 'advancing': False}
2025-05-12 21:40:34,143 : INFO : EventManager : Event: ======'bumpers_hit'====== Args={'shot': 'bumper_right'}
2025-05-12 21:40:34,143 : INFO : EventManager : Event: ======'bumpers_lit_hit'====== Args={'shot': 'bumper_right'}
2025-05-12 21:40:34,143 : INFO : EventManager : Event: ======'player_score'====== Args={'value': 10000, 'prev_value': 9000, 'change': 1000, 'player_num': 1, 'source': 'bumpers'}
2025-05-12 21:40:34,208 : INFO : SwitchController : <<<<<<< 's_bumper_right' inactive >>>>>>>
2025-05-12 21:40:40,642 : INFO : EventManager : Event: ======'balldevice_bd_trough_ball_eject_failed'====== Args={'target': <ball_device.bd_plunger>, 'balls': 1, 'retry': True, 'num_attempts': 2}
2025-05-12 21:40:40,642 : INFO : ball_device.bd_trough : State: waiting_for_target_ready
2025-05-12 21:40:40,642 : INFO : EventManager : Event: ======'balldevice_bd_trough_ball_eject_attempt'====== Args={'balls': 1, 'target': <ball_device.bd_plunger>, 'source': <ball_device.bd_trough>, 'mechanical_eject': False, 'num_attempts': 2}
2025-05-12 21:40:40,643 : INFO : ball_device.bd_trough : State: ejecting
2025-05-12 21:40:40,643 : INFO : ball_device.bd_trough : Ejecting ball to <ball_device.bd_plunger>
2025-05-12 21:40:40,643 : INFO : EventManager : Event: ======'balldevice_bd_trough_ejecting_ball'====== Args={'balls': 1, 'target': <ball_device.bd_plunger>, 'source': <ball_device.bd_trough>, 'mechanical_eject': False, 'num_attempts': 2}
2025-05-12 21:40:40,643 : INFO : ball_device.bd_trough : Wait for ball to leave device
2025-05-12 21:40:40,643 : INFO : coil.c_trough_eject : Pulsing Driver for 10ms (1.0 pulse_power)
2025-05-12 21:40:44,661 : INFO : Machine : Shutting down...
2025-05-12 21:40:44,661 : INFO : EventManager : Event: ======'shutdown'====== Args={}
2025-05-12 21:40:44,662 : INFO : EventManager : Event: ======'mode_game_will_stop'====== Args={}
2025-05-12 21:40:44,662 : INFO : EventManager : Event: ======'mode_game_stopping'====== Args={}
2025-05-12 21:40:44,663 : INFO : EventManager : Event: ======'mode_bumpers_will_stop'====== Args={}
2025-05-12 21:40:44,663 : INFO : EventManager : Event: ======'mode_bumpers_stopping'====== Args={}
2025-05-12 21:40:44,663 : INFO : EventManager : Event: ======'mode_base_will_stop'====== Args={}
2025-05-12 21:40:44,663 : INFO : EventManager : Event: ======'mode_base_stopping'====== Args={}
2025-05-12 21:40:44,664 : INFO : EventManager : Event: ======'stop_mode_bumpers'====== Args={'priority': 0}
2025-05-12 21:40:44,664 : INFO : Mode.base : Stopped.
2025-05-12 21:40:44,664 : INFO : EventManager : Event: ======'modes_active_modes_changed'====== Args={}
2025-05-12 21:40:44,664 : INFO : EventManager : Event: ======'mode_base_stopped'====== Args={}
2025-05-12 21:40:44,664 : INFO : EventManager : Event: ======'clear'====== Args={'key': 'base'}
2025-05-12 21:40:44,664 : INFO : Mode.bumpers : Stopped.
2025-05-12 21:40:44,664 : INFO : EventManager : Event: ======'modes_active_modes_changed'====== Args={}
2025-05-12 21:40:44,665 : INFO : EventManager : Event: ======'mode_bumpers_stopped'====== Args={}
2025-05-12 21:40:44,665 : INFO : EventManager : Event: ======'clear'====== Args={'key': 'bumpers'}
2025-05-12 21:40:44,665 : INFO : Mode.game : Stopped.
2025-05-12 21:40:44,665 : INFO : EventManager : Event: ======'modes_active_modes_changed'====== Args={}
2025-05-12 21:40:44,665 : INFO : EventManager : Event: ======'mode_game_stopped'====== Args={}
2025-05-12 21:40:44,665 : INFO : EventManager : Event: ======'clear'====== Args={'key': 'game'}
2025-05-12 21:40:44,669 : INFO : root : MPF run loop ended.
