2025-05-13 18:43:31,607 : INFO : root : Loading config.
2025-05-13 18:43:31,610 : INFO : YamlMultifileConfigLoader : Machine config file #1: config.yaml
2025-05-13 18:43:31,610 : INFO : ConfigProcessor : Loading config from cache: /var/folders/hz/r3dl9ms51016zpvrwk611s6m0000gs/T/5d6a457603c6b060ca35237bebf088e1.mpf_cache
2025-05-13 18:43:31,649 : INFO : ConfigProcessor : Loading config from cache: /var/folders/hz/r3dl9ms51016zpvrwk611s6m0000gs/T/6f665ac125edf3618cba9e13a753822f.mpf_cache
2025-05-13 18:43:31,649 : INFO : ConfigProcessor : Loading config from cache: /var/folders/hz/r3dl9ms51016zpvrwk611s6m0000gs/T/87d438dd69d0ef01003c5249e41b5d50.mpf_cache
2025-05-13 18:43:31,650 : INFO : ConfigProcessor : Loading config from cache: /var/folders/hz/r3dl9ms51016zpvrwk611s6m0000gs/T/6f665ac125edf3618cba9e13a753822f.mpf_cache
2025-05-13 18:43:31,650 : INFO : ConfigProcessor : Loading config from cache: /var/folders/hz/r3dl9ms51016zpvrwk611s6m0000gs/T/d9ff39e0ccd80af39f7d36bb6b40dd93.mpf_cache
2025-05-13 18:43:31,650 : INFO : ConfigProcessor : Loading config from cache: /var/folders/hz/r3dl9ms51016zpvrwk611s6m0000gs/T/ac07971a64f12a0788c85bcc38792825.mpf_cache
2025-05-13 18:43:31,650 : INFO : Machine : Mission Pinball Framework Core Engine v0.80.0.dev7
2025-05-13 18:43:31,650 : INFO : Machine : Command line arguments: {'no_load_cache': False, 'create_config_cache': True, 'bcp': True, 'configfile': ['config.yaml'], 'force_assets_load': False, 'platform_integration_test': False, 'jsonlogging': False, 'logfile': 'logs/2025-05-13-18-43-31-mpf-LPCVQLKF70.log', 'pause': False, 'production': False, 'text_ui': False, 'loglevel': 15, 'consoleloglevel': 20, 'force_platform': 'virtual', 'syslog_address': None, 'full_logfile_path': '/Users/michaelcarman/Documents/work/mpf/happy-pinball/logs/2025-05-13-18-43-31-mpf-LPCVQLKF70.log'}
2025-05-13 18:43:31,650 : INFO : Machine : MPF path: /Users/michaelcarman/Documents/work/mpf/mpf/lib/python3.13/site-packages/mpf
2025-05-13 18:43:31,650 : INFO : Machine : Machine path: /Users/michaelcarman/Documents/work/mpf/happy-pinball
2025-05-13 18:43:31,650 : INFO : Machine : Platform: darwin
2025-05-13 18:43:31,650 : INFO : Machine : Python executable location: /Users/michaelcarman/Documents/work/mpf/mpf/bin/python3.13
2025-05-13 18:43:31,650 : INFO : Machine : Python version: 3.13.3 (64-bit)
2025-05-13 18:43:31,651 : INFO : Machine : Initializing MPF...
2025-05-13 18:43:31,692 : INFO : EventManager : Event: ======'machine_var_credits_string'====== Args={'value': 'FREE PLAY', 'prev_value': None, 'change': True}
2025-05-13 18:43:31,700 : INFO : EventManager : Event: ======'machine_var_player1_score'====== Args={'value': 8675309, 'prev_value': None, 'change': True}
2025-05-13 18:43:31,700 : INFO : EventManager : Event: ======'machine_var_player2_score'====== Args={'value': 4321523, 'prev_value': None, 'change': True}
2025-05-13 18:43:31,700 : INFO : EventManager : Event: ======'machine_var_master_volume'====== Args={'value': 0.5, 'prev_value': None, 'change': True}
2025-05-13 18:43:31,700 : INFO : EventManager : Event: ======'machine_var_mpf_version'====== Args={'value': 'Mission Pinball Framework v0.80.0.dev7', 'prev_value': None, 'change': True}
2025-05-13 18:43:31,700 : INFO : EventManager : Event: ======'machine_var_mpf_extended_version'====== Args={'value': 'Mission Pinball Framework v0.80.0.dev7, Config version:6, Show version: 6, BCP version:1.1', 'prev_value': None, 'change': True}
2025-05-13 18:43:31,700 : INFO : EventManager : Event: ======'machine_var_python_version'====== Args={'value': '3.13.3', 'prev_value': None, 'change': True}
2025-05-13 18:43:31,710 : INFO : EventManager : Event: ======'machine_var_platform'====== Args={'value': 'macOS-15.3.1-arm64-arm-64bit-Mach-O', 'prev_value': None, 'change': True}
2025-05-13 18:43:31,710 : INFO : EventManager : Event: ======'machine_var_platform_system'====== Args={'value': 'Darwin', 'prev_value': None, 'change': True}
2025-05-13 18:43:31,710 : INFO : EventManager : Event: ======'machine_var_platform_release'====== Args={'value': '24.3.0', 'prev_value': None, 'change': True}
2025-05-13 18:43:31,710 : INFO : EventManager : Event: ======'machine_var_platform_version'====== Args={'value': 'Darwin Kernel Version 24.3.0: Thu Jan  2 20:24:22 PST 2025; root:xnu-11215.81.4~3/RELEASE_ARM64_T6041', 'prev_value': None, 'change': True}
2025-05-13 18:43:31,710 : INFO : EventManager : Event: ======'machine_var_platform_machine'====== Args={'value': 'arm64', 'prev_value': None, 'change': True}
2025-05-13 18:43:31,710 : INFO : EventManager : Event: ======'machine_var_log_file_path'====== Args={'value': '/Users/michaelcarman/Documents/work/mpf/happy-pinball/logs/2025-05-13-18-43-31-mpf-LPCVQLKF70.log', 'prev_value': None, 'change': True}
2025-05-13 18:43:31,710 : INFO : EventManager : Event: ======'init_phase_1'====== Args={}
2025-05-13 18:43:31,718 : INFO : EventManager : Event: ======'init_phase_2'====== Args={}
2025-05-13 18:43:31,718 : INFO : SwitchController : Found active switch: (1006, <Platform.Virtual>) <switch.s_trough_1>
2025-05-13 18:43:31,718 : INFO : SwitchController : Found active switch: (1007, <Platform.Virtual>) <switch.s_trough_2>
2025-05-13 18:43:31,718 : INFO : SwitchController : Found active switch: (1008, <Platform.Virtual>) <switch.s_trough_3>
2025-05-13 18:43:31,719 : INFO : EventManager : Event: ======'bcp_connection_attempt'====== Args={'name': 'local_display', 'host': 'localhost', 'port': 5050}
2025-05-13 18:43:31,719 : INFO : BCPClientSocket : Connecting BCP to 'local_display' at localhost:5050...
2025-05-13 18:43:31,723 : INFO : BCPClientSocket : Connected BCP to 'local_display' localhost:5050
2025-05-13 18:43:31,723 : INFO : EventManager : Event: ======'bcp_clients_connected'====== Args={}
2025-05-13 18:43:31,723 : INFO : ball_device.bd_plunger : BCH: Initial count: 0
2025-05-13 18:43:31,723 : INFO : ball_device.bd_plunger : State: idle
2025-05-13 18:43:31,723 : INFO : ball_device.bd_trough : BCH: Initial count: 3
2025-05-13 18:43:31,723 : INFO : ball_device.bd_trough : State: idle
2025-05-13 18:43:31,728 : INFO : EventManager : Event: ======'init_phase_3'====== Args={}
2025-05-13 18:43:31,728 : INFO : EventManager : Event: ======'init_phase_4'====== Args={}
2025-05-13 18:43:31,728 : INFO : BallController : Initial balls found: 3
2025-05-13 18:43:31,729 : INFO : EventManager : Event: ======'machine_var_audits_events_game_ended'====== Args={'value': 0, 'prev_value': None, 'change': True}
2025-05-13 18:43:31,729 : INFO : EventManager : Event: ======'machine_var_audits_events_game_started'====== Args={'value': 22, 'prev_value': None, 'change': True}
2025-05-13 18:43:31,729 : INFO : EventManager : Event: ======'machine_var_audits_missing_switches_s_flipper_left'====== Args={'value': 22, 'prev_value': None, 'change': True}
2025-05-13 18:43:31,729 : INFO : EventManager : Event: ======'machine_var_audits_missing_switches_s_flipper_right'====== Args={'value': 22, 'prev_value': None, 'change': True}
2025-05-13 18:43:31,729 : INFO : EventManager : Event: ======'machine_var_audits_missing_switches_s_plunger_lane'====== Args={'value': 22, 'prev_value': None, 'change': True}
2025-05-13 18:43:31,729 : INFO : EventManager : Event: ======'machine_var_audits_missing_switches_s_start'====== Args={'value': 4, 'prev_value': None, 'change': True}
2025-05-13 18:43:31,729 : INFO : EventManager : Event: ======'machine_var_audits_missing_switches_s_trough_1'====== Args={'value': 22, 'prev_value': None, 'change': True}
2025-05-13 18:43:31,729 : INFO : EventManager : Event: ======'machine_var_audits_missing_switches_s_trough_2'====== Args={'value': 22, 'prev_value': None, 'change': True}
2025-05-13 18:43:31,729 : INFO : EventManager : Event: ======'machine_var_audits_missing_switches_s_trough_3'====== Args={'value': 22, 'prev_value': None, 'change': True}
2025-05-13 18:43:31,729 : INFO : EventManager : Event: ======'machine_var_audits_player_score'====== Args={'value': {'average': 0, 'top': [], 'total': 0}, 'prev_value': None, 'change': True}
2025-05-13 18:43:31,729 : INFO : EventManager : Event: ======'machine_var_audits_shots_bumper_left'====== Args={'value': 80, 'prev_value': None, 'change': True}
2025-05-13 18:43:31,729 : INFO : EventManager : Event: ======'machine_var_audits_shots_bumper_right'====== Args={'value': 103, 'prev_value': None, 'change': True}
2025-05-13 18:43:31,729 : INFO : EventManager : Event: ======'machine_var_audits_switches_s_bumper_left'====== Args={'value': 80, 'prev_value': None, 'change': True}
2025-05-13 18:43:31,729 : INFO : EventManager : Event: ======'machine_var_audits_switches_s_bumper_right'====== Args={'value': 103, 'prev_value': None, 'change': True}
2025-05-13 18:43:31,729 : INFO : EventManager : Event: ======'machine_var_audits_switches_s_flipper_left'====== Args={'value': 0, 'prev_value': None, 'change': True}
2025-05-13 18:43:31,729 : INFO : EventManager : Event: ======'machine_var_audits_switches_s_flipper_right'====== Args={'value': 0, 'prev_value': None, 'change': True}
2025-05-13 18:43:31,729 : INFO : EventManager : Event: ======'machine_var_audits_switches_s_left_lane'====== Args={'value': 29, 'prev_value': None, 'change': True}
2025-05-13 18:43:31,729 : INFO : EventManager : Event: ======'machine_var_audits_switches_s_plunger_lane'====== Args={'value': 0, 'prev_value': None, 'change': True}
2025-05-13 18:43:31,729 : INFO : EventManager : Event: ======'machine_var_audits_switches_s_start'====== Args={'value': 12, 'prev_value': None, 'change': True}
2025-05-13 18:43:31,729 : INFO : EventManager : Event: ======'machine_var_audits_switches_s_trough_1'====== Args={'value': 0, 'prev_value': None, 'change': True}
2025-05-13 18:43:31,729 : INFO : EventManager : Event: ======'machine_var_audits_switches_s_trough_2'====== Args={'value': 0, 'prev_value': None, 'change': True}
2025-05-13 18:43:31,729 : INFO : EventManager : Event: ======'machine_var_audits_switches_s_trough_3'====== Args={'value': 0, 'prev_value': None, 'change': True}
2025-05-13 18:43:31,729 : INFO : EventManager : Event: ======'init_phase_5'====== Args={}
2025-05-13 18:43:31,729 : INFO : EventManager : Event: ======'init_done'====== Args={}
2025-05-13 18:43:31,729 : INFO : EventManager : Event: ======'machine_reset_phase_1'====== Args={}
2025-05-13 18:43:31,740 : INFO : EventManager : Event: ======'machine_reset_phase_2'====== Args={}
2025-05-13 18:43:31,740 : INFO : EventManager : Event: ======'machine_reset_phase_3'====== Args={}
2025-05-13 18:43:31,740 : INFO : EventManager : Event: ======'reset_complete'====== Args={}
2025-05-13 18:43:31,740 : INFO : EventManager : Event: ======'mode_attract_will_start'====== Args={}
2025-05-13 18:43:31,740 : INFO : Timer.attract_carousel_timer : Starting Timer.
2025-05-13 18:43:31,740 : INFO : EventManager : Event: ======'timer_attract_carousel_timer_started'====== Args={'ticks': 0, 'ticks_remaining': 1}
2025-05-13 18:43:31,740 : INFO : EventManager : Event: ======'timer_attract_carousel_timer_tick'====== Args={'ticks': 0, 'ticks_remaining': 1}
2025-05-13 18:43:31,740 : INFO : EventManager : Event: ======'mode_attract_starting'====== Args={}
2025-05-13 18:43:31,740 : INFO : Mode.attract : Started. Priority: 10
2025-05-13 18:43:31,740 : INFO : EventManager : Event: ======'modes_active_modes_changed'====== Args={}
2025-05-13 18:43:31,740 : INFO : EventManager : Event: ======'mode_attract_started'====== Args={}
2025-05-13 18:43:31,740 : INFO : EventManager : Event: ======'collecting_balls_complete'====== Args={}
2025-05-13 18:43:31,741 : INFO : EventManager : Event: ======'item_highlighted'====== Args={'carousel': 'attract', 'direction': None, 'item': 'title'}
2025-05-13 18:43:31,741 : INFO : EventManager : Event: ======'timer_attract_carousel_timer_tick'====== Args={'ticks': 0, 'ticks_remaining': 1}
2025-05-13 18:43:31,741 : INFO : Machine : Starting the main run loop with active modes: [<Mode.attract>]
2025-05-13 18:43:31,797 : INFO : EventManager : Event: ======'slide_attract_created'====== Args={'_from_bcp': True}
2025-05-13 18:43:31,797 : INFO : EventManager : Event: ======'slide__removed'====== Args={'_from_bcp': True}
2025-05-13 18:43:31,797 : INFO : EventManager : Event: ======'slide_attract_active'====== Args={'original_context': 'attract', 'original_calling_context': 'mode_attract_started', 'priority': 10.0, 'cmd': 'slides_play', '_from_bcp': True}
2025-05-13 18:43:36,741 : INFO : Timer.attract_carousel_timer : Timer Complete
2025-05-13 18:43:36,741 : INFO : Timer.attract_carousel_timer : Stopping Timer
2025-05-13 18:43:36,742 : INFO : EventManager : Event: ======'timer_attract_carousel_timer_stopped'====== Args={'ticks': 1, 'ticks_remaining': 1}
2025-05-13 18:43:36,742 : INFO : EventManager : Event: ======'timer_attract_carousel_timer_complete'====== Args={'ticks': 1, 'ticks_remaining': 1}
2025-05-13 18:43:36,743 : INFO : EventManager : Event: ======'item_highlighted'====== Args={'carousel': 'attract', 'direction': 'forwards', 'item': 'credits'}
2025-05-13 18:43:36,744 : INFO : Timer.attract_carousel_timer : Starting Timer.
2025-05-13 18:43:36,744 : INFO : EventManager : Event: ======'timer_attract_carousel_timer_started'====== Args={'ticks': 0, 'ticks_remaining': 1}
2025-05-13 18:43:36,744 : INFO : EventManager : Event: ======'timer_attract_carousel_timer_tick'====== Args={'ticks': 0, 'ticks_remaining': 1}
2025-05-13 18:43:41,744 : INFO : Timer.attract_carousel_timer : Timer Complete
2025-05-13 18:43:41,744 : INFO : Timer.attract_carousel_timer : Stopping Timer
2025-05-13 18:43:41,744 : INFO : EventManager : Event: ======'timer_attract_carousel_timer_stopped'====== Args={'ticks': 1, 'ticks_remaining': 1}
2025-05-13 18:43:41,745 : INFO : EventManager : Event: ======'timer_attract_carousel_timer_complete'====== Args={'ticks': 1, 'ticks_remaining': 1}
2025-05-13 18:43:41,745 : INFO : EventManager : Event: ======'item_highlighted'====== Args={'carousel': 'attract', 'direction': 'forwards', 'item': 'last_scores_2p'}
2025-05-13 18:43:41,746 : INFO : Timer.attract_carousel_timer : Starting Timer.
2025-05-13 18:43:41,746 : INFO : EventManager : Event: ======'timer_attract_carousel_timer_started'====== Args={'ticks': 0, 'ticks_remaining': 1}
2025-05-13 18:43:41,746 : INFO : EventManager : Event: ======'timer_attract_carousel_timer_tick'====== Args={'ticks': 0, 'ticks_remaining': 1}
2025-05-13 18:43:46,747 : INFO : Timer.attract_carousel_timer : Timer Complete
2025-05-13 18:43:46,747 : INFO : Timer.attract_carousel_timer : Stopping Timer
2025-05-13 18:43:46,747 : INFO : EventManager : Event: ======'timer_attract_carousel_timer_stopped'====== Args={'ticks': 1, 'ticks_remaining': 1}
2025-05-13 18:43:46,747 : INFO : EventManager : Event: ======'timer_attract_carousel_timer_complete'====== Args={'ticks': 1, 'ticks_remaining': 1}
2025-05-13 18:43:46,749 : INFO : EventManager : Event: ======'item_highlighted'====== Args={'carousel': 'attract', 'direction': 'forwards', 'item': 'mpf_logo'}
2025-05-13 18:43:46,751 : INFO : Timer.attract_carousel_timer : Starting Timer.
2025-05-13 18:43:46,751 : INFO : EventManager : Event: ======'timer_attract_carousel_timer_started'====== Args={'ticks': 0, 'ticks_remaining': 1}
2025-05-13 18:43:46,751 : INFO : EventManager : Event: ======'timer_attract_carousel_timer_tick'====== Args={'ticks': 0, 'ticks_remaining': 1}
2025-05-13 18:43:48,309 : INFO : SwitchController : <<<<<<< 's_start' active >>>>>>>
2025-05-13 18:43:48,351 : INFO : SwitchController : <<<<<<< 's_start' inactive >>>>>>>
2025-05-13 18:43:48,352 : INFO : EventManager : Event: ======'request_to_start_game'====== Args={}
2025-05-13 18:43:48,352 : INFO : EventManager : Event: ======'game_start'====== Args={'buttons': [], 'hold_time': 0.04197500000009313}
2025-05-13 18:43:48,352 : INFO : EventManager : Event: ======'mode_game_will_start'====== Args={'buttons': [], 'hold_time': 0.04197500000009313}
2025-05-13 18:43:48,354 : INFO : EventManager : Event: ======'mode_game_starting'====== Args={'buttons': [], 'hold_time': 0.04197500000009313}
2025-05-13 18:43:48,354 : INFO : EventManager : Event: ======'mode_attract_will_stop'====== Args={}
2025-05-13 18:43:48,354 : INFO : EventManager : Event: ======'mode_attract_stopping'====== Args={}
2025-05-13 18:43:48,354 : INFO : Mode.attract : Stopped.
2025-05-13 18:43:48,354 : INFO : EventManager : Event: ======'modes_active_modes_changed'====== Args={}
2025-05-13 18:43:48,355 : INFO : EventManager : Event: ======'mode_attract_stopped'====== Args={}
2025-05-13 18:43:48,355 : INFO : EventManager : Event: ======'clear'====== Args={'key': 'attract'}
2025-05-13 18:43:48,355 : INFO : Timer.attract_carousel_timer : Stopping Timer
2025-05-13 18:43:48,355 : INFO : EventManager : Event: ======'timer_attract_carousel_timer_stopped'====== Args={'ticks': 0, 'ticks_remaining': 1}
2025-05-13 18:43:48,356 : INFO : Mode.game : Started. Priority: 20
2025-05-13 18:43:48,356 : INFO : EventManager : Event: ======'modes_active_modes_changed'====== Args={}
2025-05-13 18:43:48,356 : INFO : EventManager : Event: ======'mode_game_started'====== Args={'buttons': [], 'hold_time': 0.04197500000009313}
2025-05-13 18:43:48,358 : INFO : EventManager : Event: ======'game_will_start'====== Args={}
2025-05-13 18:43:48,359 : INFO : EventManager : Event: ======'game_starting'====== Args={'game': <Mode.game>}
2025-05-13 18:43:48,359 : INFO : EventManager : Unordered handler for class <Auditor> on event game_ended with priority 1. Handlers: [RegisteredHandler(callback=<bound method Auditor.disable of <Auditor>>, priority=1, kwargs={}, key=UUID('61c66e2a-a21f-4020-9671-8e2b7a7c9a02'), condition=None, blocking_facility=None), RegisteredHandler(callback=<bound method Auditor._save_audits of <Auditor>>, priority=1, kwargs={}, key=UUID('b5a89f62-0e90-4618-9ab8-66bb29cffad0'), condition=None, blocking_facility=None)]. The order of those handlers is not defined and they will be executed in random order. This might lead to race conditions and potential bugs.
2025-05-13 18:43:48,360 : INFO : EventManager : Event: ======'player_add_request'====== Args={}
2025-05-13 18:43:48,360 : INFO : EventManager : Event: ======'player_will_add'====== Args={'number': 1}
2025-05-13 18:43:48,360 : INFO : EventManager : Event: ======'player_adding'====== Args={'player': <Player 1>, 'number': 1}
2025-05-13 18:43:48,360 : INFO : EventManager : Event: ======'player_added'====== Args={'player': <Player 1>, 'num': 1}
2025-05-13 18:43:48,360 : INFO : Mode.game : Player added successfully. Total players: 1
2025-05-13 18:43:48,360 : INFO : EventManager : Event: ======'player_index'====== Args={'value': 0, 'prev_value': 0, 'change': 0, 'player_num': 1}
2025-05-13 18:43:48,361 : INFO : EventManager : Event: ======'player_number'====== Args={'value': 1, 'prev_value': 1, 'change': 0, 'player_num': 1}
2025-05-13 18:43:48,361 : INFO : EventManager : Event: ======'player_score'====== Args={'value': 0, 'prev_value': 0, 'change': 0, 'player_num': 1}
2025-05-13 18:43:48,361 : INFO : EventManager : Event: ======'game_started'====== Args={}
2025-05-13 18:43:48,361 : INFO : EventManager : Event: ======'player_turn_will_start'====== Args={'player': <Player 1>, 'number': 1}
2025-05-13 18:43:48,362 : INFO : EventManager : Event: ======'player_turn_starting'====== Args={'player': <Player 1>, 'number': 1}
2025-05-13 18:43:48,362 : INFO : EventManager : Event: ======'player_ball'====== Args={'value': 1, 'prev_value': 0, 'change': 1, 'player_num': 1}
2025-05-13 18:43:48,362 : INFO : EventManager : Event: ======'player_turn_started'====== Args={'player': <Player 1>, 'number': 1}
2025-05-13 18:43:48,362 : INFO : EventManager : Event: ======'ball_will_start'====== Args={'player': 1, 'ball': 1, 'balls_remaining': 2, 'is_extra_ball': False}
2025-05-13 18:43:48,363 : INFO : EventManager : Event: ======'ball_starting'====== Args={'player': 1, 'ball': 1, 'balls_remaining': 2, 'is_extra_ball': False}
2025-05-13 18:43:48,363 : INFO : EventManager : Event: ======'mode_base_will_start'====== Args={'queue': <QueuedEvent>, 'player': 1, 'ball': 1, 'balls_remaining': 2, 'is_extra_ball': False}
2025-05-13 18:43:48,364 : INFO : EventManager : Event: ======'mode_base_starting'====== Args={'queue': <QueuedEvent>, 'player': 1, 'ball': 1, 'balls_remaining': 2, 'is_extra_ball': False}
2025-05-13 18:43:48,368 : INFO : Mode.base : Started. Priority: 100
2025-05-13 18:43:48,368 : INFO : EventManager : Event: ======'modes_active_modes_changed'====== Args={}
2025-05-13 18:43:48,368 : INFO : EventManager : Event: ======'mode_base_started'====== Args={'queue': <QueuedEvent>, 'player': 1, 'ball': 1, 'balls_remaining': 2, 'is_extra_ball': False}
2025-05-13 18:43:48,369 : INFO : EventManager : Event: ======'start_mode_bumpers'====== Args={'priority': 0}
2025-05-13 18:43:48,369 : INFO : EventManager : Event: ======'mode_bumpers_will_start'====== Args={'priority': 0}
2025-05-13 18:43:48,370 : INFO : EventManager : Event: ======'player_shot_bumper_left_enabled'====== Args={'value': True, 'prev_value': 0, 'change': 1, 'player_num': 1}
2025-05-13 18:43:48,371 : INFO : EventManager : Event: ======'player_shot_bumper_right_enabled'====== Args={'value': True, 'prev_value': 0, 'change': 1, 'player_num': 1}
2025-05-13 18:43:48,371 : INFO : EventManager : Event: ======'bumpers_complete'====== Args={'state': 'unlit'}
2025-05-13 18:43:48,371 : INFO : EventManager : Event: ======'bumpers_unlit_complete'====== Args={}
2025-05-13 18:43:48,373 : INFO : EventManager : Event: ======'mode_bumpers_starting'====== Args={'priority': 0}
2025-05-13 18:43:48,373 : INFO : Mode.bumpers : Started. Priority: 200
2025-05-13 18:43:48,373 : INFO : EventManager : Event: ======'modes_active_modes_changed'====== Args={}
2025-05-13 18:43:48,373 : INFO : EventManager : Event: ======'mode_bumpers_started'====== Args={'priority': 0}
2025-05-13 18:43:48,373 : INFO : EventManager : Event: ======'balls_in_play'====== Args={'balls': 1}
2025-05-13 18:43:48,373 : INFO : EventManager : Event: ======'ball_started'====== Args={'player': 1, 'ball': 1, 'balls_remaining': 2, 'is_extra_ball': False}
2025-05-13 18:43:48,380 : INFO : EventManager : Event: ======'single_player_ball_started'====== Args={}
2025-05-13 18:43:48,380 : INFO : EventManager : Event: ======'ball_start_target'====== Args={'target': 'playfield'}
2025-05-13 18:43:48,381 : INFO : ball_device.bd_trough : Setting up player-controlled eject. Balls: 1, Target: <playfield.playfield>, player_controlled_eject_event: None
2025-05-13 18:43:48,381 : INFO : ball_device.bd_trough : Adding 1 ball(s) to the eject_queue with target <playfield.playfield>.
2025-05-13 18:43:48,381 : INFO : EventManager : Event: ======'balldevice_balls_available'====== Args={}
2025-05-13 18:43:48,382 : INFO : ball_device.bd_trough : State: waiting_for_target_ready
2025-05-13 18:43:48,382 : INFO : EventManager : Event: ======'balldevice_bd_trough_ball_eject_attempt'====== Args={'balls': 1, 'target': <ball_device.bd_plunger>, 'source': <ball_device.bd_trough>, 'mechanical_eject': False, 'num_attempts': 0}
2025-05-13 18:43:48,383 : INFO : ball_device.bd_plunger : State: waiting_for_ball
2025-05-13 18:43:48,383 : INFO : ball_device.bd_trough : State: ejecting
2025-05-13 18:43:48,383 : INFO : ball_device.bd_trough : Ejecting ball to <ball_device.bd_plunger>
2025-05-13 18:43:48,383 : INFO : EventManager : Event: ======'balldevice_bd_trough_ejecting_ball'====== Args={'balls': 1, 'target': <ball_device.bd_plunger>, 'source': <ball_device.bd_trough>, 'mechanical_eject': False, 'num_attempts': 0}
2025-05-13 18:43:48,384 : INFO : ball_device.bd_trough : Wait for ball to leave device
2025-05-13 18:43:48,384 : INFO : coil.c_trough_eject : Pulsing Driver for 10ms (1.0 pulse_power)
2025-05-13 18:43:48,388 : INFO : EventManager : Event: ======'slide_base_created'====== Args={'_from_bcp': True}
2025-05-13 18:43:48,388 : INFO : EventManager : Event: ======'slide_attract_inactive'====== Args={'is_removing': True, '_from_bcp': True}
2025-05-13 18:43:48,388 : INFO : EventManager : Event: ======'slide_base_active'====== Args={'original_context': 'base', 'original_calling_context': 'mode_base_started', 'priority': 100.0, 'queue': '<QueuedEvent>', 'player': 1.0, 'ball': 1.0, 'balls_remaining': 2.0, 'is_extra_ball': False, 'cmd': 'slides_play', '_from_bcp': True}
2025-05-13 18:43:48,389 : INFO : EventManager : Event: ======'slide_attract_removed'====== Args={'_from_bcp': True}
2025-05-13 18:43:51,842 : INFO : SwitchController : <<<<<<< 's_bumper_left' active >>>>>>>
2025-05-13 18:43:51,842 : INFO : EventManager : Event: ======'playfield_active'====== Args={'source': 'bumper_left'}
2025-05-13 18:43:51,842 : INFO : EventManager : Event: ======'unexpected_ball_on_playfield'====== Args={}
2025-05-13 18:43:51,842 : INFO : EventManager : Event: ======'s_bumper_left_active'====== Args={}
2025-05-13 18:43:51,842 : INFO : EventManager : Event: ======'machine_var_audits_switches_s_bumper_left'====== Args={'value': 81, 'prev_value': 80, 'change': 1}
2025-05-13 18:43:51,843 : INFO : EventManager : Event: ======'player_shot_bumper_left'====== Args={'value': 1, 'prev_value': 0, 'change': 1, 'player_num': 1}
2025-05-13 18:43:51,844 : INFO : EventManager : Event: ======'machine_var_audits_shots_bumper_left'====== Args={'value': 81, 'prev_value': 80, 'change': 1}
2025-05-13 18:43:51,844 : INFO : EventManager : Event: ======'bumper_left_hit'====== Args={'profile': 'default', 'state': 'unlit', 'advancing': True}
2025-05-13 18:43:51,844 : INFO : EventManager : Event: ======'bumper_left_default_hit'====== Args={'profile': 'default', 'state': 'unlit', 'advancing': True}
2025-05-13 18:43:51,844 : INFO : EventManager : Event: ======'bumper_left_default_unlit_hit'====== Args={'profile': 'default', 'state': 'unlit', 'advancing': True}
2025-05-13 18:43:51,844 : INFO : EventManager : Event: ======'bumper_left_unlit_hit'====== Args={'profile': 'default', 'state': 'unlit', 'advancing': True}
2025-05-13 18:43:51,845 : INFO : EventManager : Event: ======'bumpers_hit'====== Args={'shot': 'bumper_left'}
2025-05-13 18:43:51,845 : INFO : EventManager : Event: ======'bumpers_unlit_hit'====== Args={'shot': 'bumper_left'}
2025-05-13 18:43:51,845 : INFO : EventManager : Event: ======'player_score'====== Args={'value': 1000, 'prev_value': 0, 'change': 1000, 'player_num': 1, 'source': 'bumpers'}
2025-05-13 18:43:51,909 : INFO : SwitchController : <<<<<<< 's_bumper_left' inactive >>>>>>>
2025-05-13 18:43:54,309 : INFO : SwitchController : <<<<<<< 's_bumper_right' active >>>>>>>
2025-05-13 18:43:54,309 : INFO : EventManager : Event: ======'playfield_active'====== Args={'source': 'bumper_right'}
2025-05-13 18:43:54,309 : INFO : EventManager : Event: ======'unexpected_ball_on_playfield'====== Args={}
2025-05-13 18:43:54,310 : INFO : EventManager : Event: ======'s_bumper_right_active'====== Args={}
2025-05-13 18:43:54,310 : INFO : EventManager : Event: ======'machine_var_audits_switches_s_bumper_right'====== Args={'value': 104, 'prev_value': 103, 'change': 1}
2025-05-13 18:43:54,311 : INFO : EventManager : Event: ======'player_shot_bumper_right'====== Args={'value': 1, 'prev_value': 0, 'change': 1, 'player_num': 1}
2025-05-13 18:43:54,312 : INFO : EventManager : Event: ======'machine_var_audits_shots_bumper_right'====== Args={'value': 104, 'prev_value': 103, 'change': 1}
2025-05-13 18:43:54,313 : INFO : EventManager : Event: ======'bumper_right_hit'====== Args={'profile': 'default', 'state': 'unlit', 'advancing': True}
2025-05-13 18:43:54,313 : INFO : EventManager : Event: ======'bumper_right_default_hit'====== Args={'profile': 'default', 'state': 'unlit', 'advancing': True}
2025-05-13 18:43:54,313 : INFO : EventManager : Event: ======'bumper_right_default_unlit_hit'====== Args={'profile': 'default', 'state': 'unlit', 'advancing': True}
2025-05-13 18:43:54,313 : INFO : EventManager : Event: ======'bumper_right_unlit_hit'====== Args={'profile': 'default', 'state': 'unlit', 'advancing': True}
2025-05-13 18:43:54,313 : INFO : EventManager : Event: ======'bumpers_complete'====== Args={'state': 'lit'}
2025-05-13 18:43:54,313 : INFO : EventManager : Event: ======'bumpers_lit_complete'====== Args={}
2025-05-13 18:43:54,317 : INFO : EventManager : Event: ======'bumpers_hit'====== Args={'shot': 'bumper_right'}
2025-05-13 18:43:54,318 : INFO : EventManager : Event: ======'bumpers_unlit_hit'====== Args={'shot': 'bumper_right'}
2025-05-13 18:43:54,318 : INFO : EventManager : Event: ======'player_score'====== Args={'value': 2000, 'prev_value': 1000, 'change': 1000, 'player_num': 1, 'source': 'bumpers'}
2025-05-13 18:43:54,408 : INFO : SwitchController : <<<<<<< 's_bumper_right' inactive >>>>>>>
2025-05-13 18:43:54,732 : INFO : SwitchController : <<<<<<< 's_bumper_left' active >>>>>>>
2025-05-13 18:43:54,732 : INFO : EventManager : Event: ======'playfield_active'====== Args={'source': 'bumper_left'}
2025-05-13 18:43:54,732 : INFO : EventManager : Event: ======'unexpected_ball_on_playfield'====== Args={}
2025-05-13 18:43:54,732 : INFO : EventManager : Event: ======'s_bumper_left_active'====== Args={}
2025-05-13 18:43:54,732 : INFO : EventManager : Event: ======'machine_var_audits_switches_s_bumper_left'====== Args={'value': 82, 'prev_value': 81, 'change': 1}
2025-05-13 18:43:54,733 : INFO : EventManager : Event: ======'machine_var_audits_shots_bumper_left'====== Args={'value': 82, 'prev_value': 81, 'change': 1}
2025-05-13 18:43:54,733 : INFO : EventManager : Event: ======'bumper_left_hit'====== Args={'profile': 'default', 'state': 'lit', 'advancing': False}
2025-05-13 18:43:54,733 : INFO : EventManager : Event: ======'bumper_left_default_hit'====== Args={'profile': 'default', 'state': 'lit', 'advancing': False}
2025-05-13 18:43:54,733 : INFO : EventManager : Event: ======'bumper_left_default_lit_hit'====== Args={'profile': 'default', 'state': 'lit', 'advancing': False}
2025-05-13 18:43:54,733 : INFO : EventManager : Event: ======'bumper_left_lit_hit'====== Args={'profile': 'default', 'state': 'lit', 'advancing': False}
2025-05-13 18:43:54,734 : INFO : EventManager : Event: ======'bumpers_hit'====== Args={'shot': 'bumper_left'}
2025-05-13 18:43:54,734 : INFO : EventManager : Event: ======'bumpers_lit_hit'====== Args={'shot': 'bumper_left'}
2025-05-13 18:43:54,734 : INFO : EventManager : Event: ======'player_score'====== Args={'value': 3000, 'prev_value': 2000, 'change': 1000, 'player_num': 1, 'source': 'bumpers'}
2025-05-13 18:43:54,798 : INFO : SwitchController : <<<<<<< 's_bumper_left' inactive >>>>>>>
2025-05-13 18:43:54,921 : INFO : SwitchController : <<<<<<< 's_bumper_left' active >>>>>>>
2025-05-13 18:43:54,921 : INFO : EventManager : Event: ======'playfield_active'====== Args={'source': 'bumper_left'}
2025-05-13 18:43:54,921 : INFO : EventManager : Event: ======'unexpected_ball_on_playfield'====== Args={}
2025-05-13 18:43:54,921 : INFO : EventManager : Event: ======'s_bumper_left_active'====== Args={}
2025-05-13 18:43:54,922 : INFO : EventManager : Event: ======'machine_var_audits_switches_s_bumper_left'====== Args={'value': 83, 'prev_value': 82, 'change': 1}
2025-05-13 18:43:54,922 : INFO : EventManager : Event: ======'machine_var_audits_shots_bumper_left'====== Args={'value': 83, 'prev_value': 82, 'change': 1}
2025-05-13 18:43:54,922 : INFO : EventManager : Event: ======'bumper_left_hit'====== Args={'profile': 'default', 'state': 'lit', 'advancing': False}
2025-05-13 18:43:54,922 : INFO : EventManager : Event: ======'bumper_left_default_hit'====== Args={'profile': 'default', 'state': 'lit', 'advancing': False}
2025-05-13 18:43:54,922 : INFO : EventManager : Event: ======'bumper_left_default_lit_hit'====== Args={'profile': 'default', 'state': 'lit', 'advancing': False}
2025-05-13 18:43:54,922 : INFO : EventManager : Event: ======'bumper_left_lit_hit'====== Args={'profile': 'default', 'state': 'lit', 'advancing': False}
2025-05-13 18:43:54,923 : INFO : EventManager : Event: ======'bumpers_hit'====== Args={'shot': 'bumper_left'}
2025-05-13 18:43:54,923 : INFO : EventManager : Event: ======'bumpers_lit_hit'====== Args={'shot': 'bumper_left'}
2025-05-13 18:43:54,923 : INFO : EventManager : Event: ======'player_score'====== Args={'value': 4000, 'prev_value': 3000, 'change': 1000, 'player_num': 1, 'source': 'bumpers'}
2025-05-13 18:43:54,984 : INFO : SwitchController : <<<<<<< 's_bumper_left' inactive >>>>>>>
2025-05-13 18:43:55,159 : INFO : SwitchController : <<<<<<< 's_bumper_left' active >>>>>>>
2025-05-13 18:43:55,159 : INFO : EventManager : Event: ======'playfield_active'====== Args={'source': 'bumper_left'}
2025-05-13 18:43:55,159 : INFO : EventManager : Event: ======'unexpected_ball_on_playfield'====== Args={}
2025-05-13 18:43:55,159 : INFO : EventManager : Event: ======'s_bumper_left_active'====== Args={}
2025-05-13 18:43:55,159 : INFO : EventManager : Event: ======'machine_var_audits_switches_s_bumper_left'====== Args={'value': 84, 'prev_value': 83, 'change': 1}
2025-05-13 18:43:55,160 : INFO : EventManager : Event: ======'machine_var_audits_shots_bumper_left'====== Args={'value': 84, 'prev_value': 83, 'change': 1}
2025-05-13 18:43:55,160 : INFO : EventManager : Event: ======'bumper_left_hit'====== Args={'profile': 'default', 'state': 'lit', 'advancing': False}
2025-05-13 18:43:55,160 : INFO : EventManager : Event: ======'bumper_left_default_hit'====== Args={'profile': 'default', 'state': 'lit', 'advancing': False}
2025-05-13 18:43:55,160 : INFO : EventManager : Event: ======'bumper_left_default_lit_hit'====== Args={'profile': 'default', 'state': 'lit', 'advancing': False}
2025-05-13 18:43:55,160 : INFO : EventManager : Event: ======'bumper_left_lit_hit'====== Args={'profile': 'default', 'state': 'lit', 'advancing': False}
2025-05-13 18:43:55,161 : INFO : EventManager : Event: ======'bumpers_hit'====== Args={'shot': 'bumper_left'}
2025-05-13 18:43:55,161 : INFO : EventManager : Event: ======'bumpers_lit_hit'====== Args={'shot': 'bumper_left'}
2025-05-13 18:43:55,161 : INFO : EventManager : Event: ======'player_score'====== Args={'value': 5000, 'prev_value': 4000, 'change': 1000, 'player_num': 1, 'source': 'bumpers'}
2025-05-13 18:43:55,207 : INFO : SwitchController : <<<<<<< 's_bumper_left' inactive >>>>>>>
2025-05-13 18:43:56,317 : INFO : SwitchController : <<<<<<< 's_flipper_left' active >>>>>>>
2025-05-13 18:43:56,317 : INFO : EventManager : Event: ======'machine_var_audits_switches_s_flipper_left'====== Args={'value': 1, 'prev_value': 0, 'change': 1}
2025-05-13 18:43:56,408 : INFO : SwitchController : <<<<<<< 's_flipper_left' inactive >>>>>>>
2025-05-13 18:43:56,626 : INFO : SwitchController : <<<<<<< 's_flipper_right' active >>>>>>>
2025-05-13 18:43:56,627 : INFO : EventManager : Event: ======'machine_var_audits_switches_s_flipper_right'====== Args={'value': 1, 'prev_value': 0, 'change': 1}
2025-05-13 18:43:56,698 : INFO : SwitchController : <<<<<<< 's_flipper_right' inactive >>>>>>>
2025-05-13 18:43:56,900 : INFO : SwitchController : <<<<<<< 's_flipper_left' active >>>>>>>
2025-05-13 18:43:56,900 : INFO : EventManager : Event: ======'machine_var_audits_switches_s_flipper_left'====== Args={'value': 2, 'prev_value': 1, 'change': 1}
2025-05-13 18:43:56,967 : INFO : SwitchController : <<<<<<< 's_flipper_left' inactive >>>>>>>
2025-05-13 18:43:57,091 : INFO : SwitchController : <<<<<<< 's_flipper_right' active >>>>>>>
2025-05-13 18:43:57,091 : INFO : EventManager : Event: ======'machine_var_audits_switches_s_flipper_right'====== Args={'value': 2, 'prev_value': 1, 'change': 1}
2025-05-13 18:43:57,174 : INFO : SwitchController : <<<<<<< 's_flipper_right' inactive >>>>>>>
2025-05-13 18:43:57,274 : INFO : SwitchController : <<<<<<< 's_flipper_left' active >>>>>>>
2025-05-13 18:43:57,275 : INFO : EventManager : Event: ======'machine_var_audits_switches_s_flipper_left'====== Args={'value': 3, 'prev_value': 2, 'change': 1}
2025-05-13 18:43:57,341 : INFO : SwitchController : <<<<<<< 's_flipper_left' inactive >>>>>>>
2025-05-13 18:43:57,466 : INFO : SwitchController : <<<<<<< 's_flipper_right' active >>>>>>>
2025-05-13 18:43:57,467 : INFO : EventManager : Event: ======'machine_var_audits_switches_s_flipper_right'====== Args={'value': 3, 'prev_value': 2, 'change': 1}
2025-05-13 18:43:57,557 : INFO : SwitchController : <<<<<<< 's_flipper_right' inactive >>>>>>>
2025-05-13 18:43:57,624 : INFO : SwitchController : <<<<<<< 's_flipper_left' active >>>>>>>
2025-05-13 18:43:57,624 : INFO : EventManager : Event: ======'machine_var_audits_switches_s_flipper_left'====== Args={'value': 4, 'prev_value': 3, 'change': 1}
2025-05-13 18:43:57,699 : INFO : SwitchController : <<<<<<< 's_flipper_left' inactive >>>>>>>
2025-05-13 18:43:58,385 : INFO : EventManager : Event: ======'balldevice_bd_trough_ball_eject_failed'====== Args={'target': <ball_device.bd_plunger>, 'balls': 1, 'retry': True, 'num_attempts': 1}
2025-05-13 18:43:58,387 : INFO : ball_device.bd_trough : State: waiting_for_target_ready
2025-05-13 18:43:58,388 : INFO : EventManager : Event: ======'balldevice_bd_trough_ball_eject_attempt'====== Args={'balls': 1, 'target': <ball_device.bd_plunger>, 'source': <ball_device.bd_trough>, 'mechanical_eject': False, 'num_attempts': 1}
2025-05-13 18:43:58,389 : INFO : ball_device.bd_trough : State: ejecting
2025-05-13 18:43:58,389 : INFO : ball_device.bd_trough : Ejecting ball to <ball_device.bd_plunger>
2025-05-13 18:43:58,389 : INFO : EventManager : Event: ======'balldevice_bd_trough_ejecting_ball'====== Args={'balls': 1, 'target': <ball_device.bd_plunger>, 'source': <ball_device.bd_trough>, 'mechanical_eject': False, 'num_attempts': 1}
2025-05-13 18:43:58,390 : INFO : ball_device.bd_trough : Wait for ball to leave device
2025-05-13 18:43:58,390 : INFO : coil.c_trough_eject : Pulsing Driver for 10ms (1.0 pulse_power)
2025-05-13 18:43:58,458 : INFO : SwitchController : <<<<<<< 's_left_lane' active >>>>>>>
2025-05-13 18:43:58,459 : INFO : EventManager : Event: ======'machine_var_audits_switches_s_left_lane'====== Args={'value': 30, 'prev_value': 29, 'change': 1}
2025-05-13 18:43:58,515 : INFO : SwitchController : <<<<<<< 's_left_lane' inactive >>>>>>>
2025-05-13 18:43:58,650 : INFO : SwitchController : <<<<<<< 's_left_lane' active >>>>>>>
2025-05-13 18:43:58,651 : INFO : EventManager : Event: ======'machine_var_audits_switches_s_left_lane'====== Args={'value': 31, 'prev_value': 30, 'change': 1}
2025-05-13 18:43:58,708 : INFO : SwitchController : <<<<<<< 's_left_lane' inactive >>>>>>>
2025-05-13 18:43:58,833 : INFO : SwitchController : <<<<<<< 's_left_lane' active >>>>>>>
2025-05-13 18:43:58,833 : INFO : EventManager : Event: ======'machine_var_audits_switches_s_left_lane'====== Args={'value': 32, 'prev_value': 31, 'change': 1}
2025-05-13 18:43:58,891 : INFO : SwitchController : <<<<<<< 's_left_lane' inactive >>>>>>>
2025-05-13 18:44:00,317 : INFO : SwitchController : <<<<<<< 's_bumper_left' active >>>>>>>
2025-05-13 18:44:00,317 : INFO : EventManager : Event: ======'playfield_active'====== Args={'source': 'bumper_left'}
2025-05-13 18:44:00,317 : INFO : EventManager : Event: ======'unexpected_ball_on_playfield'====== Args={}
2025-05-13 18:44:00,317 : INFO : EventManager : Event: ======'s_bumper_left_active'====== Args={}
2025-05-13 18:44:00,317 : INFO : EventManager : Event: ======'machine_var_audits_switches_s_bumper_left'====== Args={'value': 85, 'prev_value': 84, 'change': 1}
2025-05-13 18:44:00,318 : INFO : EventManager : Event: ======'machine_var_audits_shots_bumper_left'====== Args={'value': 85, 'prev_value': 84, 'change': 1}
2025-05-13 18:44:00,319 : INFO : EventManager : Event: ======'bumper_left_hit'====== Args={'profile': 'default', 'state': 'lit', 'advancing': False}
2025-05-13 18:44:00,319 : INFO : EventManager : Event: ======'bumper_left_default_hit'====== Args={'profile': 'default', 'state': 'lit', 'advancing': False}
2025-05-13 18:44:00,319 : INFO : EventManager : Event: ======'bumper_left_default_lit_hit'====== Args={'profile': 'default', 'state': 'lit', 'advancing': False}
2025-05-13 18:44:00,319 : INFO : EventManager : Event: ======'bumper_left_lit_hit'====== Args={'profile': 'default', 'state': 'lit', 'advancing': False}
2025-05-13 18:44:00,319 : INFO : EventManager : Event: ======'bumpers_hit'====== Args={'shot': 'bumper_left'}
2025-05-13 18:44:00,319 : INFO : EventManager : Event: ======'bumpers_lit_hit'====== Args={'shot': 'bumper_left'}
2025-05-13 18:44:00,319 : INFO : EventManager : Event: ======'player_score'====== Args={'value': 6000, 'prev_value': 5000, 'change': 1000, 'player_num': 1, 'source': 'bumpers'}
2025-05-13 18:44:00,360 : INFO : SwitchController : <<<<<<< 's_bumper_left' inactive >>>>>>>
2025-05-13 18:44:00,642 : INFO : SwitchController : <<<<<<< 's_bumper_right' active >>>>>>>
2025-05-13 18:44:00,642 : INFO : EventManager : Event: ======'playfield_active'====== Args={'source': 'bumper_right'}
2025-05-13 18:44:00,642 : INFO : EventManager : Event: ======'unexpected_ball_on_playfield'====== Args={}
2025-05-13 18:44:00,643 : INFO : EventManager : Event: ======'s_bumper_right_active'====== Args={}
2025-05-13 18:44:00,643 : INFO : EventManager : Event: ======'machine_var_audits_switches_s_bumper_right'====== Args={'value': 105, 'prev_value': 104, 'change': 1}
2025-05-13 18:44:00,643 : INFO : EventManager : Event: ======'machine_var_audits_shots_bumper_right'====== Args={'value': 105, 'prev_value': 104, 'change': 1}
2025-05-13 18:44:00,644 : INFO : EventManager : Event: ======'bumper_right_hit'====== Args={'profile': 'default', 'state': 'lit', 'advancing': False}
2025-05-13 18:44:00,644 : INFO : EventManager : Event: ======'bumper_right_default_hit'====== Args={'profile': 'default', 'state': 'lit', 'advancing': False}
2025-05-13 18:44:00,644 : INFO : EventManager : Event: ======'bumper_right_default_lit_hit'====== Args={'profile': 'default', 'state': 'lit', 'advancing': False}
2025-05-13 18:44:00,644 : INFO : EventManager : Event: ======'bumper_right_lit_hit'====== Args={'profile': 'default', 'state': 'lit', 'advancing': False}
2025-05-13 18:44:00,644 : INFO : EventManager : Event: ======'bumpers_hit'====== Args={'shot': 'bumper_right'}
2025-05-13 18:44:00,644 : INFO : EventManager : Event: ======'bumpers_lit_hit'====== Args={'shot': 'bumper_right'}
2025-05-13 18:44:00,644 : INFO : EventManager : Event: ======'player_score'====== Args={'value': 7000, 'prev_value': 6000, 'change': 1000, 'player_num': 1, 'source': 'bumpers'}
2025-05-13 18:44:00,699 : INFO : SwitchController : <<<<<<< 's_bumper_right' inactive >>>>>>>
2025-05-13 18:44:00,816 : INFO : SwitchController : <<<<<<< 's_bumper_right' active >>>>>>>
2025-05-13 18:44:00,817 : INFO : EventManager : Event: ======'playfield_active'====== Args={'source': 'bumper_right'}
2025-05-13 18:44:00,817 : INFO : EventManager : Event: ======'unexpected_ball_on_playfield'====== Args={}
2025-05-13 18:44:00,817 : INFO : EventManager : Event: ======'s_bumper_right_active'====== Args={}
2025-05-13 18:44:00,817 : INFO : EventManager : Event: ======'machine_var_audits_switches_s_bumper_right'====== Args={'value': 106, 'prev_value': 105, 'change': 1}
2025-05-13 18:44:00,818 : INFO : EventManager : Event: ======'machine_var_audits_shots_bumper_right'====== Args={'value': 106, 'prev_value': 105, 'change': 1}
2025-05-13 18:44:00,818 : INFO : EventManager : Event: ======'bumper_right_hit'====== Args={'profile': 'default', 'state': 'lit', 'advancing': False}
2025-05-13 18:44:00,818 : INFO : EventManager : Event: ======'bumper_right_default_hit'====== Args={'profile': 'default', 'state': 'lit', 'advancing': False}
2025-05-13 18:44:00,818 : INFO : EventManager : Event: ======'bumper_right_default_lit_hit'====== Args={'profile': 'default', 'state': 'lit', 'advancing': False}
2025-05-13 18:44:00,818 : INFO : EventManager : Event: ======'bumper_right_lit_hit'====== Args={'profile': 'default', 'state': 'lit', 'advancing': False}
2025-05-13 18:44:00,819 : INFO : EventManager : Event: ======'bumpers_hit'====== Args={'shot': 'bumper_right'}
2025-05-13 18:44:00,819 : INFO : EventManager : Event: ======'bumpers_lit_hit'====== Args={'shot': 'bumper_right'}
2025-05-13 18:44:00,819 : INFO : EventManager : Event: ======'player_score'====== Args={'value': 8000, 'prev_value': 7000, 'change': 1000, 'player_num': 1, 'source': 'bumpers'}
2025-05-13 18:44:00,866 : INFO : SwitchController : <<<<<<< 's_bumper_right' inactive >>>>>>>
2025-05-13 18:44:00,958 : INFO : SwitchController : <<<<<<< 's_bumper_right' active >>>>>>>
2025-05-13 18:44:00,958 : INFO : EventManager : Event: ======'playfield_active'====== Args={'source': 'bumper_right'}
2025-05-13 18:44:00,958 : INFO : EventManager : Event: ======'unexpected_ball_on_playfield'====== Args={}
2025-05-13 18:44:00,958 : INFO : EventManager : Event: ======'s_bumper_right_active'====== Args={}
2025-05-13 18:44:00,958 : INFO : EventManager : Event: ======'machine_var_audits_switches_s_bumper_right'====== Args={'value': 107, 'prev_value': 106, 'change': 1}
2025-05-13 18:44:00,959 : INFO : EventManager : Event: ======'machine_var_audits_shots_bumper_right'====== Args={'value': 107, 'prev_value': 106, 'change': 1}
2025-05-13 18:44:00,959 : INFO : EventManager : Event: ======'bumper_right_hit'====== Args={'profile': 'default', 'state': 'lit', 'advancing': False}
2025-05-13 18:44:00,959 : INFO : EventManager : Event: ======'bumper_right_default_hit'====== Args={'profile': 'default', 'state': 'lit', 'advancing': False}
2025-05-13 18:44:00,960 : INFO : EventManager : Event: ======'bumper_right_default_lit_hit'====== Args={'profile': 'default', 'state': 'lit', 'advancing': False}
2025-05-13 18:44:00,960 : INFO : EventManager : Event: ======'bumper_right_lit_hit'====== Args={'profile': 'default', 'state': 'lit', 'advancing': False}
2025-05-13 18:44:00,960 : INFO : EventManager : Event: ======'bumpers_hit'====== Args={'shot': 'bumper_right'}
2025-05-13 18:44:00,960 : INFO : EventManager : Event: ======'bumpers_lit_hit'====== Args={'shot': 'bumper_right'}
2025-05-13 18:44:00,960 : INFO : EventManager : Event: ======'player_score'====== Args={'value': 9000, 'prev_value': 8000, 'change': 1000, 'player_num': 1, 'source': 'bumpers'}
2025-05-13 18:44:01,025 : INFO : SwitchController : <<<<<<< 's_bumper_right' inactive >>>>>>>
2025-05-13 18:44:01,115 : INFO : SwitchController : <<<<<<< 's_bumper_right' active >>>>>>>
2025-05-13 18:44:01,116 : INFO : EventManager : Event: ======'playfield_active'====== Args={'source': 'bumper_right'}
2025-05-13 18:44:01,116 : INFO : EventManager : Event: ======'unexpected_ball_on_playfield'====== Args={}
2025-05-13 18:44:01,116 : INFO : EventManager : Event: ======'s_bumper_right_active'====== Args={}
2025-05-13 18:44:01,116 : INFO : EventManager : Event: ======'machine_var_audits_switches_s_bumper_right'====== Args={'value': 108, 'prev_value': 107, 'change': 1}
2025-05-13 18:44:01,117 : INFO : EventManager : Event: ======'machine_var_audits_shots_bumper_right'====== Args={'value': 108, 'prev_value': 107, 'change': 1}
2025-05-13 18:44:01,117 : INFO : EventManager : Event: ======'bumper_right_hit'====== Args={'profile': 'default', 'state': 'lit', 'advancing': False}
2025-05-13 18:44:01,117 : INFO : EventManager : Event: ======'bumper_right_default_hit'====== Args={'profile': 'default', 'state': 'lit', 'advancing': False}
2025-05-13 18:44:01,117 : INFO : EventManager : Event: ======'bumper_right_default_lit_hit'====== Args={'profile': 'default', 'state': 'lit', 'advancing': False}
2025-05-13 18:44:01,117 : INFO : EventManager : Event: ======'bumper_right_lit_hit'====== Args={'profile': 'default', 'state': 'lit', 'advancing': False}
2025-05-13 18:44:01,117 : INFO : EventManager : Event: ======'bumpers_hit'====== Args={'shot': 'bumper_right'}
2025-05-13 18:44:01,117 : INFO : EventManager : Event: ======'bumpers_lit_hit'====== Args={'shot': 'bumper_right'}
2025-05-13 18:44:01,117 : INFO : EventManager : Event: ======'player_score'====== Args={'value': 10000, 'prev_value': 9000, 'change': 1000, 'player_num': 1, 'source': 'bumpers'}
2025-05-13 18:44:01,190 : INFO : SwitchController : <<<<<<< 's_bumper_right' inactive >>>>>>>
2025-05-13 18:44:01,308 : INFO : SwitchController : <<<<<<< 's_bumper_left' active >>>>>>>
2025-05-13 18:44:01,308 : INFO : EventManager : Event: ======'playfield_active'====== Args={'source': 'bumper_left'}
2025-05-13 18:44:01,308 : INFO : EventManager : Event: ======'unexpected_ball_on_playfield'====== Args={}
2025-05-13 18:44:01,308 : INFO : EventManager : Event: ======'s_bumper_left_active'====== Args={}
2025-05-13 18:44:01,308 : INFO : EventManager : Event: ======'machine_var_audits_switches_s_bumper_left'====== Args={'value': 86, 'prev_value': 85, 'change': 1}
2025-05-13 18:44:01,309 : INFO : EventManager : Event: ======'machine_var_audits_shots_bumper_left'====== Args={'value': 86, 'prev_value': 85, 'change': 1}
2025-05-13 18:44:01,309 : INFO : EventManager : Event: ======'bumper_left_hit'====== Args={'profile': 'default', 'state': 'lit', 'advancing': False}
2025-05-13 18:44:01,310 : INFO : EventManager : Event: ======'bumper_left_default_hit'====== Args={'profile': 'default', 'state': 'lit', 'advancing': False}
2025-05-13 18:44:01,310 : INFO : EventManager : Event: ======'bumper_left_default_lit_hit'====== Args={'profile': 'default', 'state': 'lit', 'advancing': False}
2025-05-13 18:44:01,310 : INFO : EventManager : Event: ======'bumper_left_lit_hit'====== Args={'profile': 'default', 'state': 'lit', 'advancing': False}
2025-05-13 18:44:01,310 : INFO : EventManager : Event: ======'bumpers_hit'====== Args={'shot': 'bumper_left'}
2025-05-13 18:44:01,310 : INFO : EventManager : Event: ======'bumpers_lit_hit'====== Args={'shot': 'bumper_left'}
2025-05-13 18:44:01,310 : INFO : EventManager : Event: ======'player_score'====== Args={'value': 11000, 'prev_value': 10000, 'change': 1000, 'player_num': 1, 'source': 'bumpers'}
2025-05-13 18:44:01,365 : INFO : SwitchController : <<<<<<< 's_bumper_left' inactive >>>>>>>
2025-05-13 18:44:01,473 : INFO : SwitchController : <<<<<<< 's_bumper_left' active >>>>>>>
2025-05-13 18:44:01,474 : INFO : EventManager : Event: ======'playfield_active'====== Args={'source': 'bumper_left'}
2025-05-13 18:44:01,474 : INFO : EventManager : Event: ======'unexpected_ball_on_playfield'====== Args={}
2025-05-13 18:44:01,474 : INFO : EventManager : Event: ======'s_bumper_left_active'====== Args={}
2025-05-13 18:44:01,474 : INFO : EventManager : Event: ======'machine_var_audits_switches_s_bumper_left'====== Args={'value': 87, 'prev_value': 86, 'change': 1}
2025-05-13 18:44:01,475 : INFO : EventManager : Event: ======'machine_var_audits_shots_bumper_left'====== Args={'value': 87, 'prev_value': 86, 'change': 1}
2025-05-13 18:44:01,475 : INFO : EventManager : Event: ======'bumper_left_hit'====== Args={'profile': 'default', 'state': 'lit', 'advancing': False}
2025-05-13 18:44:01,475 : INFO : EventManager : Event: ======'bumper_left_default_hit'====== Args={'profile': 'default', 'state': 'lit', 'advancing': False}
2025-05-13 18:44:01,475 : INFO : EventManager : Event: ======'bumper_left_default_lit_hit'====== Args={'profile': 'default', 'state': 'lit', 'advancing': False}
2025-05-13 18:44:01,475 : INFO : EventManager : Event: ======'bumper_left_lit_hit'====== Args={'profile': 'default', 'state': 'lit', 'advancing': False}
2025-05-13 18:44:01,476 : INFO : EventManager : Event: ======'bumpers_hit'====== Args={'shot': 'bumper_left'}
2025-05-13 18:44:01,476 : INFO : EventManager : Event: ======'bumpers_lit_hit'====== Args={'shot': 'bumper_left'}
2025-05-13 18:44:01,476 : INFO : EventManager : Event: ======'player_score'====== Args={'value': 12000, 'prev_value': 11000, 'change': 1000, 'player_num': 1, 'source': 'bumpers'}
2025-05-13 18:44:01,540 : INFO : SwitchController : <<<<<<< 's_bumper_left' inactive >>>>>>>
2025-05-13 18:44:01,808 : INFO : SwitchController : <<<<<<< 's_bumper_right' active >>>>>>>
2025-05-13 18:44:01,808 : INFO : EventManager : Event: ======'playfield_active'====== Args={'source': 'bumper_right'}
2025-05-13 18:44:01,808 : INFO : EventManager : Event: ======'unexpected_ball_on_playfield'====== Args={}
2025-05-13 18:44:01,808 : INFO : EventManager : Event: ======'s_bumper_right_active'====== Args={}
2025-05-13 18:44:01,808 : INFO : EventManager : Event: ======'machine_var_audits_switches_s_bumper_right'====== Args={'value': 109, 'prev_value': 108, 'change': 1}
2025-05-13 18:44:01,809 : INFO : EventManager : Event: ======'machine_var_audits_shots_bumper_right'====== Args={'value': 109, 'prev_value': 108, 'change': 1}
2025-05-13 18:44:01,809 : INFO : EventManager : Event: ======'bumper_right_hit'====== Args={'profile': 'default', 'state': 'lit', 'advancing': False}
2025-05-13 18:44:01,810 : INFO : EventManager : Event: ======'bumper_right_default_hit'====== Args={'profile': 'default', 'state': 'lit', 'advancing': False}
2025-05-13 18:44:01,810 : INFO : EventManager : Event: ======'bumper_right_default_lit_hit'====== Args={'profile': 'default', 'state': 'lit', 'advancing': False}
2025-05-13 18:44:01,810 : INFO : EventManager : Event: ======'bumper_right_lit_hit'====== Args={'profile': 'default', 'state': 'lit', 'advancing': False}
2025-05-13 18:44:01,810 : INFO : EventManager : Event: ======'bumpers_hit'====== Args={'shot': 'bumper_right'}
2025-05-13 18:44:01,810 : INFO : EventManager : Event: ======'bumpers_lit_hit'====== Args={'shot': 'bumper_right'}
2025-05-13 18:44:01,810 : INFO : EventManager : Event: ======'player_score'====== Args={'value': 13000, 'prev_value': 12000, 'change': 1000, 'player_num': 1, 'source': 'bumpers'}
2025-05-13 18:44:01,890 : INFO : SwitchController : <<<<<<< 's_bumper_right' inactive >>>>>>>
2025-05-13 18:44:01,983 : INFO : SwitchController : <<<<<<< 's_bumper_right' active >>>>>>>
2025-05-13 18:44:01,984 : INFO : EventManager : Event: ======'playfield_active'====== Args={'source': 'bumper_right'}
2025-05-13 18:44:01,984 : INFO : EventManager : Event: ======'unexpected_ball_on_playfield'====== Args={}
2025-05-13 18:44:01,984 : INFO : EventManager : Event: ======'s_bumper_right_active'====== Args={}
2025-05-13 18:44:01,984 : INFO : EventManager : Event: ======'machine_var_audits_switches_s_bumper_right'====== Args={'value': 110, 'prev_value': 109, 'change': 1}
2025-05-13 18:44:01,985 : INFO : EventManager : Event: ======'machine_var_audits_shots_bumper_right'====== Args={'value': 110, 'prev_value': 109, 'change': 1}
2025-05-13 18:44:01,986 : INFO : EventManager : Event: ======'bumper_right_hit'====== Args={'profile': 'default', 'state': 'lit', 'advancing': False}
2025-05-13 18:44:01,986 : INFO : EventManager : Event: ======'bumper_right_default_hit'====== Args={'profile': 'default', 'state': 'lit', 'advancing': False}
2025-05-13 18:44:01,986 : INFO : EventManager : Event: ======'bumper_right_default_lit_hit'====== Args={'profile': 'default', 'state': 'lit', 'advancing': False}
2025-05-13 18:44:01,986 : INFO : EventManager : Event: ======'bumper_right_lit_hit'====== Args={'profile': 'default', 'state': 'lit', 'advancing': False}
2025-05-13 18:44:01,986 : INFO : EventManager : Event: ======'bumpers_hit'====== Args={'shot': 'bumper_right'}
2025-05-13 18:44:01,986 : INFO : EventManager : Event: ======'bumpers_lit_hit'====== Args={'shot': 'bumper_right'}
2025-05-13 18:44:01,987 : INFO : EventManager : Event: ======'player_score'====== Args={'value': 14000, 'prev_value': 13000, 'change': 1000, 'player_num': 1, 'source': 'bumpers'}
2025-05-13 18:44:02,040 : INFO : SwitchController : <<<<<<< 's_bumper_right' inactive >>>>>>>
2025-05-13 18:44:02,141 : INFO : SwitchController : <<<<<<< 's_bumper_right' active >>>>>>>
2025-05-13 18:44:02,141 : INFO : EventManager : Event: ======'playfield_active'====== Args={'source': 'bumper_right'}
2025-05-13 18:44:02,141 : INFO : EventManager : Event: ======'unexpected_ball_on_playfield'====== Args={}
2025-05-13 18:44:02,142 : INFO : EventManager : Event: ======'s_bumper_right_active'====== Args={}
2025-05-13 18:44:02,142 : INFO : EventManager : Event: ======'machine_var_audits_switches_s_bumper_right'====== Args={'value': 111, 'prev_value': 110, 'change': 1}
2025-05-13 18:44:02,143 : INFO : EventManager : Event: ======'machine_var_audits_shots_bumper_right'====== Args={'value': 111, 'prev_value': 110, 'change': 1}
2025-05-13 18:44:02,143 : INFO : EventManager : Event: ======'bumper_right_hit'====== Args={'profile': 'default', 'state': 'lit', 'advancing': False}
2025-05-13 18:44:02,143 : INFO : EventManager : Event: ======'bumper_right_default_hit'====== Args={'profile': 'default', 'state': 'lit', 'advancing': False}
2025-05-13 18:44:02,143 : INFO : EventManager : Event: ======'bumper_right_default_lit_hit'====== Args={'profile': 'default', 'state': 'lit', 'advancing': False}
2025-05-13 18:44:02,143 : INFO : EventManager : Event: ======'bumper_right_lit_hit'====== Args={'profile': 'default', 'state': 'lit', 'advancing': False}
2025-05-13 18:44:02,143 : INFO : EventManager : Event: ======'bumpers_hit'====== Args={'shot': 'bumper_right'}
2025-05-13 18:44:02,143 : INFO : EventManager : Event: ======'bumpers_lit_hit'====== Args={'shot': 'bumper_right'}
2025-05-13 18:44:02,143 : INFO : EventManager : Event: ======'player_score'====== Args={'value': 15000, 'prev_value': 14000, 'change': 1000, 'player_num': 1, 'source': 'bumpers'}
2025-05-13 18:44:02,198 : INFO : SwitchController : <<<<<<< 's_bumper_right' inactive >>>>>>>
2025-05-13 18:44:02,299 : INFO : SwitchController : <<<<<<< 's_bumper_right' active >>>>>>>
2025-05-13 18:44:02,300 : INFO : EventManager : Event: ======'playfield_active'====== Args={'source': 'bumper_right'}
2025-05-13 18:44:02,300 : INFO : EventManager : Event: ======'unexpected_ball_on_playfield'====== Args={}
2025-05-13 18:44:02,300 : INFO : EventManager : Event: ======'s_bumper_right_active'====== Args={}
2025-05-13 18:44:02,300 : INFO : EventManager : Event: ======'machine_var_audits_switches_s_bumper_right'====== Args={'value': 112, 'prev_value': 111, 'change': 1}
2025-05-13 18:44:02,300 : INFO : EventManager : Event: ======'machine_var_audits_shots_bumper_right'====== Args={'value': 112, 'prev_value': 111, 'change': 1}
2025-05-13 18:44:02,301 : INFO : EventManager : Event: ======'bumper_right_hit'====== Args={'profile': 'default', 'state': 'lit', 'advancing': False}
2025-05-13 18:44:02,301 : INFO : EventManager : Event: ======'bumper_right_default_hit'====== Args={'profile': 'default', 'state': 'lit', 'advancing': False}
2025-05-13 18:44:02,301 : INFO : EventManager : Event: ======'bumper_right_default_lit_hit'====== Args={'profile': 'default', 'state': 'lit', 'advancing': False}
2025-05-13 18:44:02,301 : INFO : EventManager : Event: ======'bumper_right_lit_hit'====== Args={'profile': 'default', 'state': 'lit', 'advancing': False}
2025-05-13 18:44:02,302 : INFO : EventManager : Event: ======'bumpers_hit'====== Args={'shot': 'bumper_right'}
2025-05-13 18:44:02,302 : INFO : EventManager : Event: ======'bumpers_lit_hit'====== Args={'shot': 'bumper_right'}
2025-05-13 18:44:02,302 : INFO : EventManager : Event: ======'player_score'====== Args={'value': 16000, 'prev_value': 15000, 'change': 1000, 'player_num': 1, 'source': 'bumpers'}
2025-05-13 18:44:02,357 : INFO : SwitchController : <<<<<<< 's_bumper_right' inactive >>>>>>>
2025-05-13 18:44:02,440 : INFO : SwitchController : <<<<<<< 's_bumper_right' active >>>>>>>
2025-05-13 18:44:02,440 : INFO : EventManager : Event: ======'playfield_active'====== Args={'source': 'bumper_right'}
2025-05-13 18:44:02,440 : INFO : EventManager : Event: ======'unexpected_ball_on_playfield'====== Args={}
2025-05-13 18:44:02,440 : INFO : EventManager : Event: ======'s_bumper_right_active'====== Args={}
2025-05-13 18:44:02,441 : INFO : EventManager : Event: ======'machine_var_audits_switches_s_bumper_right'====== Args={'value': 113, 'prev_value': 112, 'change': 1}
2025-05-13 18:44:02,442 : INFO : EventManager : Event: ======'machine_var_audits_shots_bumper_right'====== Args={'value': 113, 'prev_value': 112, 'change': 1}
2025-05-13 18:44:02,442 : INFO : EventManager : Event: ======'bumper_right_hit'====== Args={'profile': 'default', 'state': 'lit', 'advancing': False}
2025-05-13 18:44:02,442 : INFO : EventManager : Event: ======'bumper_right_default_hit'====== Args={'profile': 'default', 'state': 'lit', 'advancing': False}
2025-05-13 18:44:02,442 : INFO : EventManager : Event: ======'bumper_right_default_lit_hit'====== Args={'profile': 'default', 'state': 'lit', 'advancing': False}
2025-05-13 18:44:02,442 : INFO : EventManager : Event: ======'bumper_right_lit_hit'====== Args={'profile': 'default', 'state': 'lit', 'advancing': False}
2025-05-13 18:44:02,442 : INFO : EventManager : Event: ======'bumpers_hit'====== Args={'shot': 'bumper_right'}
2025-05-13 18:44:02,442 : INFO : EventManager : Event: ======'bumpers_lit_hit'====== Args={'shot': 'bumper_right'}
2025-05-13 18:44:02,442 : INFO : EventManager : Event: ======'player_score'====== Args={'value': 17000, 'prev_value': 16000, 'change': 1000, 'player_num': 1, 'source': 'bumpers'}
2025-05-13 18:44:02,517 : INFO : SwitchController : <<<<<<< 's_bumper_right' inactive >>>>>>>
2025-05-13 18:44:02,607 : INFO : SwitchController : <<<<<<< 's_bumper_left' active >>>>>>>
2025-05-13 18:44:02,607 : INFO : EventManager : Event: ======'playfield_active'====== Args={'source': 'bumper_left'}
2025-05-13 18:44:02,607 : INFO : EventManager : Event: ======'unexpected_ball_on_playfield'====== Args={}
2025-05-13 18:44:02,607 : INFO : EventManager : Event: ======'s_bumper_left_active'====== Args={}
2025-05-13 18:44:02,607 : INFO : EventManager : Event: ======'machine_var_audits_switches_s_bumper_left'====== Args={'value': 88, 'prev_value': 87, 'change': 1}
2025-05-13 18:44:02,608 : INFO : EventManager : Event: ======'machine_var_audits_shots_bumper_left'====== Args={'value': 88, 'prev_value': 87, 'change': 1}
2025-05-13 18:44:02,608 : INFO : EventManager : Event: ======'bumper_left_hit'====== Args={'profile': 'default', 'state': 'lit', 'advancing': False}
2025-05-13 18:44:02,608 : INFO : EventManager : Event: ======'bumper_left_default_hit'====== Args={'profile': 'default', 'state': 'lit', 'advancing': False}
2025-05-13 18:44:02,608 : INFO : EventManager : Event: ======'bumper_left_default_lit_hit'====== Args={'profile': 'default', 'state': 'lit', 'advancing': False}
2025-05-13 18:44:02,609 : INFO : EventManager : Event: ======'bumper_left_lit_hit'====== Args={'profile': 'default', 'state': 'lit', 'advancing': False}
2025-05-13 18:44:02,609 : INFO : EventManager : Event: ======'bumpers_hit'====== Args={'shot': 'bumper_left'}
2025-05-13 18:44:02,609 : INFO : EventManager : Event: ======'bumpers_lit_hit'====== Args={'shot': 'bumper_left'}
2025-05-13 18:44:02,609 : INFO : EventManager : Event: ======'player_score'====== Args={'value': 18000, 'prev_value': 17000, 'change': 1000, 'player_num': 1, 'source': 'bumpers'}
2025-05-13 18:44:02,674 : INFO : SwitchController : <<<<<<< 's_bumper_left' inactive >>>>>>>
2025-05-13 18:44:02,767 : INFO : SwitchController : <<<<<<< 's_bumper_left' active >>>>>>>
2025-05-13 18:44:02,767 : INFO : EventManager : Event: ======'playfield_active'====== Args={'source': 'bumper_left'}
2025-05-13 18:44:02,768 : INFO : EventManager : Event: ======'unexpected_ball_on_playfield'====== Args={}
2025-05-13 18:44:02,768 : INFO : EventManager : Event: ======'s_bumper_left_active'====== Args={}
2025-05-13 18:44:02,768 : INFO : EventManager : Event: ======'machine_var_audits_switches_s_bumper_left'====== Args={'value': 89, 'prev_value': 88, 'change': 1}
2025-05-13 18:44:02,769 : INFO : EventManager : Event: ======'machine_var_audits_shots_bumper_left'====== Args={'value': 89, 'prev_value': 88, 'change': 1}
2025-05-13 18:44:02,769 : INFO : EventManager : Event: ======'bumper_left_hit'====== Args={'profile': 'default', 'state': 'lit', 'advancing': False}
2025-05-13 18:44:02,769 : INFO : EventManager : Event: ======'bumper_left_default_hit'====== Args={'profile': 'default', 'state': 'lit', 'advancing': False}
2025-05-13 18:44:02,770 : INFO : EventManager : Event: ======'bumper_left_default_lit_hit'====== Args={'profile': 'default', 'state': 'lit', 'advancing': False}
2025-05-13 18:44:02,770 : INFO : EventManager : Event: ======'bumper_left_lit_hit'====== Args={'profile': 'default', 'state': 'lit', 'advancing': False}
2025-05-13 18:44:02,770 : INFO : EventManager : Event: ======'bumpers_hit'====== Args={'shot': 'bumper_left'}
2025-05-13 18:44:02,770 : INFO : EventManager : Event: ======'bumpers_lit_hit'====== Args={'shot': 'bumper_left'}
2025-05-13 18:44:02,771 : INFO : EventManager : Event: ======'player_score'====== Args={'value': 19000, 'prev_value': 18000, 'change': 1000, 'player_num': 1, 'source': 'bumpers'}
2025-05-13 18:44:02,826 : INFO : SwitchController : <<<<<<< 's_bumper_left' inactive >>>>>>>
2025-05-13 18:44:02,932 : INFO : SwitchController : <<<<<<< 's_bumper_left' active >>>>>>>
2025-05-13 18:44:02,932 : INFO : EventManager : Event: ======'playfield_active'====== Args={'source': 'bumper_left'}
2025-05-13 18:44:02,932 : INFO : EventManager : Event: ======'unexpected_ball_on_playfield'====== Args={}
2025-05-13 18:44:02,932 : INFO : EventManager : Event: ======'s_bumper_left_active'====== Args={}
2025-05-13 18:44:02,932 : INFO : EventManager : Event: ======'machine_var_audits_switches_s_bumper_left'====== Args={'value': 90, 'prev_value': 89, 'change': 1}
2025-05-13 18:44:02,933 : INFO : EventManager : Event: ======'machine_var_audits_shots_bumper_left'====== Args={'value': 90, 'prev_value': 89, 'change': 1}
2025-05-13 18:44:02,933 : INFO : EventManager : Event: ======'bumper_left_hit'====== Args={'profile': 'default', 'state': 'lit', 'advancing': False}
2025-05-13 18:44:02,934 : INFO : EventManager : Event: ======'bumper_left_default_hit'====== Args={'profile': 'default', 'state': 'lit', 'advancing': False}
2025-05-13 18:44:02,934 : INFO : EventManager : Event: ======'bumper_left_default_lit_hit'====== Args={'profile': 'default', 'state': 'lit', 'advancing': False}
2025-05-13 18:44:02,934 : INFO : EventManager : Event: ======'bumper_left_lit_hit'====== Args={'profile': 'default', 'state': 'lit', 'advancing': False}
2025-05-13 18:44:02,934 : INFO : EventManager : Event: ======'bumpers_hit'====== Args={'shot': 'bumper_left'}
2025-05-13 18:44:02,934 : INFO : EventManager : Event: ======'bumpers_lit_hit'====== Args={'shot': 'bumper_left'}
2025-05-13 18:44:02,934 : INFO : EventManager : Event: ======'player_score'====== Args={'value': 20000, 'prev_value': 19000, 'change': 1000, 'player_num': 1, 'source': 'bumpers'}
2025-05-13 18:44:02,990 : INFO : SwitchController : <<<<<<< 's_bumper_left' inactive >>>>>>>
2025-05-13 18:44:03,115 : INFO : SwitchController : <<<<<<< 's_bumper_left' active >>>>>>>
2025-05-13 18:44:03,115 : INFO : EventManager : Event: ======'playfield_active'====== Args={'source': 'bumper_left'}
2025-05-13 18:44:03,115 : INFO : EventManager : Event: ======'unexpected_ball_on_playfield'====== Args={}
2025-05-13 18:44:03,115 : INFO : EventManager : Event: ======'s_bumper_left_active'====== Args={}
2025-05-13 18:44:03,115 : INFO : EventManager : Event: ======'machine_var_audits_switches_s_bumper_left'====== Args={'value': 91, 'prev_value': 90, 'change': 1}
2025-05-13 18:44:03,116 : INFO : EventManager : Event: ======'machine_var_audits_shots_bumper_left'====== Args={'value': 91, 'prev_value': 90, 'change': 1}
2025-05-13 18:44:03,116 : INFO : EventManager : Event: ======'bumper_left_hit'====== Args={'profile': 'default', 'state': 'lit', 'advancing': False}
2025-05-13 18:44:03,116 : INFO : EventManager : Event: ======'bumper_left_default_hit'====== Args={'profile': 'default', 'state': 'lit', 'advancing': False}
2025-05-13 18:44:03,116 : INFO : EventManager : Event: ======'bumper_left_default_lit_hit'====== Args={'profile': 'default', 'state': 'lit', 'advancing': False}
2025-05-13 18:44:03,116 : INFO : EventManager : Event: ======'bumper_left_lit_hit'====== Args={'profile': 'default', 'state': 'lit', 'advancing': False}
2025-05-13 18:44:03,116 : INFO : EventManager : Event: ======'bumpers_hit'====== Args={'shot': 'bumper_left'}
2025-05-13 18:44:03,116 : INFO : EventManager : Event: ======'bumpers_lit_hit'====== Args={'shot': 'bumper_left'}
2025-05-13 18:44:03,117 : INFO : EventManager : Event: ======'player_score'====== Args={'value': 21000, 'prev_value': 20000, 'change': 1000, 'player_num': 1, 'source': 'bumpers'}
2025-05-13 18:44:03,175 : INFO : SwitchController : <<<<<<< 's_bumper_left' inactive >>>>>>>
2025-05-13 18:44:08,393 : INFO : EventManager : Event: ======'balldevice_bd_trough_ball_eject_failed'====== Args={'target': <ball_device.bd_plunger>, 'balls': 1, 'retry': True, 'num_attempts': 2}
2025-05-13 18:44:08,395 : INFO : ball_device.bd_trough : State: waiting_for_target_ready
2025-05-13 18:44:08,395 : INFO : EventManager : Event: ======'balldevice_bd_trough_ball_eject_attempt'====== Args={'balls': 1, 'target': <ball_device.bd_plunger>, 'source': <ball_device.bd_trough>, 'mechanical_eject': False, 'num_attempts': 2}
2025-05-13 18:44:08,396 : INFO : ball_device.bd_trough : State: ejecting
2025-05-13 18:44:08,396 : INFO : ball_device.bd_trough : Ejecting ball to <ball_device.bd_plunger>
2025-05-13 18:44:08,396 : INFO : EventManager : Event: ======'balldevice_bd_trough_ejecting_ball'====== Args={'balls': 1, 'target': <ball_device.bd_plunger>, 'source': <ball_device.bd_trough>, 'mechanical_eject': False, 'num_attempts': 2}
2025-05-13 18:44:08,398 : INFO : ball_device.bd_trough : Wait for ball to leave device
2025-05-13 18:44:08,398 : INFO : coil.c_trough_eject : Pulsing Driver for 10ms (1.0 pulse_power)
2025-05-13 18:44:18,399 : INFO : EventManager : Event: ======'balldevice_bd_trough_ball_eject_failed'====== Args={'target': <ball_device.bd_plunger>, 'balls': 1, 'retry': True, 'num_attempts': 3}
2025-05-13 18:44:18,400 : INFO : ball_device.bd_trough : State: waiting_for_target_ready
2025-05-13 18:44:18,401 : INFO : EventManager : Event: ======'balldevice_bd_trough_ball_eject_attempt'====== Args={'balls': 1, 'target': <ball_device.bd_plunger>, 'source': <ball_device.bd_trough>, 'mechanical_eject': False, 'num_attempts': 3}
2025-05-13 18:44:18,401 : INFO : ball_device.bd_trough : State: ejecting
2025-05-13 18:44:18,401 : INFO : ball_device.bd_trough : Ejecting ball to <ball_device.bd_plunger>
2025-05-13 18:44:18,401 : INFO : EventManager : Event: ======'balldevice_bd_trough_ejecting_ball'====== Args={'balls': 1, 'target': <ball_device.bd_plunger>, 'source': <ball_device.bd_trough>, 'mechanical_eject': False, 'num_attempts': 3}
2025-05-13 18:44:18,402 : INFO : ball_device.bd_trough : Wait for ball to leave device
2025-05-13 18:44:18,402 : INFO : coil.c_trough_eject : Pulsing Driver for 10ms (1.0 pulse_power)
2025-05-13 18:44:21,604 : INFO : Machine : Shutting down...
2025-05-13 18:44:21,604 : INFO : EventManager : Event: ======'shutdown'====== Args={}
2025-05-13 18:44:21,606 : INFO : EventManager : Event: ======'mode_game_will_stop'====== Args={}
2025-05-13 18:44:21,606 : INFO : EventManager : Event: ======'mode_game_stopping'====== Args={}
2025-05-13 18:44:21,606 : INFO : EventManager : Event: ======'mode_bumpers_will_stop'====== Args={}
2025-05-13 18:44:21,606 : INFO : EventManager : Event: ======'mode_bumpers_stopping'====== Args={}
2025-05-13 18:44:21,607 : INFO : EventManager : Event: ======'mode_base_will_stop'====== Args={}
2025-05-13 18:44:21,607 : INFO : EventManager : Event: ======'mode_base_stopping'====== Args={}
2025-05-13 18:44:21,607 : INFO : EventManager : Event: ======'stop_mode_bumpers'====== Args={'priority': 0}
2025-05-13 18:44:21,607 : INFO : Mode.base : Stopped.
2025-05-13 18:44:21,607 : INFO : EventManager : Event: ======'modes_active_modes_changed'====== Args={}
2025-05-13 18:44:21,607 : INFO : EventManager : Event: ======'mode_base_stopped'====== Args={}
2025-05-13 18:44:21,607 : INFO : EventManager : Event: ======'clear'====== Args={'key': 'base'}
2025-05-13 18:44:21,607 : INFO : Mode.bumpers : Stopped.
2025-05-13 18:44:21,607 : INFO : EventManager : Event: ======'modes_active_modes_changed'====== Args={}
2025-05-13 18:44:21,608 : INFO : EventManager : Event: ======'mode_bumpers_stopped'====== Args={}
2025-05-13 18:44:21,608 : INFO : EventManager : Event: ======'clear'====== Args={'key': 'bumpers'}
2025-05-13 18:44:21,609 : INFO : Mode.game : Stopped.
2025-05-13 18:44:21,609 : INFO : EventManager : Event: ======'modes_active_modes_changed'====== Args={}
2025-05-13 18:44:21,609 : INFO : EventManager : Event: ======'mode_game_stopped'====== Args={}
2025-05-13 18:44:21,609 : INFO : EventManager : Event: ======'clear'====== Args={'key': 'game'}
2025-05-13 18:44:21,611 : INFO : root : MPF run loop ended.
