2025-05-27 08:06:48,043 : INFO : root : Loading config.
2025-05-27 08:06:48,118 : INFO : ConfigProcessor : Config spec file cache created: /var/folders/hz/r3dl9ms51016zpvrwk611s6m0000gs/T/config_spec.mpf_cache
2025-05-27 08:06:48,119 : INFO : YamlMultifileConfigLoader : Machine config file #1: config.yaml
2025-05-27 08:06:48,119 : INFO : ConfigProcessor : Loading config from file /Users/michaelcarman/Documents/work/mpf/mpf/lib/python3.13/site-packages/mpf/mpfconfig.yaml.
2025-05-27 08:06:48,133 : INFO : ConfigProcessor : Loading config: /Users/michaelcarman/Documents/work/mpf/mpf/lib/python3.13/site-packages/mpf/mpfconfig.yaml
2025-05-27 08:06:48,134 : INFO : ConfigProcessor : Loading config from file /Users/michaelcarman/Documents/work/mpf/happy-pinball/config/config.yaml.
2025-05-27 08:06:48,135 : INFO : ConfigProcessor : Loading config: /Users/michaelcarman/Documents/work/mpf/happy-pinball/config/config.yaml
2025-05-27 08:06:48,135 : INFO : ConfigProcessor : Loading config: /Users/michaelcarman/Documents/work/mpf/happy-pinball/config/config_ball_devices.yaml
2025-05-27 08:06:48,136 : INFO : ConfigProcessor : Loading config: /Users/michaelcarman/Documents/work/mpf/happy-pinball/config/config_coils.yaml
2025-05-27 08:06:48,137 : INFO : ConfigProcessor : Loading config: /Users/michaelcarman/Documents/work/mpf/happy-pinball/config/config_switches.yaml
2025-05-27 08:06:48,138 : INFO : ConfigProcessor : Config file cache created: /var/folders/hz/r3dl9ms51016zpvrwk611s6m0000gs/T/5d6a457603c6b060ca35237bebf088e1.mpf_cache
2025-05-27 08:06:48,179 : INFO : ConfigProcessor : Loading config from file /Users/michaelcarman/Documents/work/mpf/mpf/lib/python3.13/site-packages/mpf/modes/attract/config/attract.yaml.
2025-05-27 08:06:48,180 : INFO : ConfigProcessor : Loading config: /Users/michaelcarman/Documents/work/mpf/mpf/lib/python3.13/site-packages/mpf/modes/attract/config/attract.yaml
2025-05-27 08:06:48,180 : INFO : ConfigProcessor : Loading config from file /Users/michaelcarman/Documents/work/mpf/happy-pinball/modes/attract/config/attract.yaml.
2025-05-27 08:06:48,181 : INFO : ConfigProcessor : Loading config: /Users/michaelcarman/Documents/work/mpf/happy-pinball/modes/attract/config/attract.yaml
2025-05-27 08:06:48,181 : INFO : ConfigProcessor : Config file cache created: /var/folders/hz/r3dl9ms51016zpvrwk611s6m0000gs/T/6f665ac125edf3618cba9e13a753822f.mpf_cache
2025-05-27 08:06:48,182 : INFO : ConfigProcessor : Loading config from file /Users/michaelcarman/Documents/work/mpf/mpf/lib/python3.13/site-packages/mpf/modes/game/config/game.yaml.
2025-05-27 08:06:48,182 : INFO : ConfigProcessor : Loading config: /Users/michaelcarman/Documents/work/mpf/mpf/lib/python3.13/site-packages/mpf/modes/game/config/game.yaml
2025-05-27 08:06:48,183 : INFO : ConfigProcessor : Config file cache created: /var/folders/hz/r3dl9ms51016zpvrwk611s6m0000gs/T/87d438dd69d0ef01003c5249e41b5d50.mpf_cache
2025-05-27 08:06:48,183 : INFO : ConfigProcessor : Loading config from cache: /var/folders/hz/r3dl9ms51016zpvrwk611s6m0000gs/T/6f665ac125edf3618cba9e13a753822f.mpf_cache
2025-05-27 08:06:48,183 : INFO : ConfigProcessor : Loading config from file /Users/michaelcarman/Documents/work/mpf/happy-pinball/modes/base/config/base.yaml.
2025-05-27 08:06:48,184 : INFO : ConfigProcessor : Loading config: /Users/michaelcarman/Documents/work/mpf/happy-pinball/modes/base/config/base.yaml
2025-05-27 08:06:48,184 : INFO : ConfigProcessor : Config file cache created: /var/folders/hz/r3dl9ms51016zpvrwk611s6m0000gs/T/d9ff39e0ccd80af39f7d36bb6b40dd93.mpf_cache
2025-05-27 08:06:48,184 : INFO : ConfigProcessor : Loading config from file /Users/michaelcarman/Documents/work/mpf/happy-pinball/modes/bumpers/config/bumpers.yaml.
2025-05-27 08:06:48,185 : INFO : ConfigProcessor : Loading config: /Users/michaelcarman/Documents/work/mpf/happy-pinball/modes/bumpers/config/bumpers.yaml
2025-05-27 08:06:48,185 : INFO : ConfigProcessor : Config file cache created: /var/folders/hz/r3dl9ms51016zpvrwk611s6m0000gs/T/ac07971a64f12a0788c85bcc38792825.mpf_cache
2025-05-27 08:06:48,186 : INFO : Machine : Mission Pinball Framework Core Engine v0.80.0.dev7
2025-05-27 08:06:48,186 : INFO : Machine : Command line arguments: {'no_load_cache': False, 'create_config_cache': True, 'bcp': True, 'configfile': ['config.yaml'], 'force_assets_load': False, 'platform_integration_test': False, 'jsonlogging': False, 'logfile': 'logs/2025-05-27-08-06-48-mpf-LPCVQLKF70.log', 'pause': False, 'production': False, 'text_ui': False, 'loglevel': 15, 'consoleloglevel': 20, 'force_platform': 'virtual', 'syslog_address': None, 'full_logfile_path': '/Users/michaelcarman/Documents/work/mpf/happy-pinball/logs/2025-05-27-08-06-48-mpf-LPCVQLKF70.log'}
2025-05-27 08:06:48,186 : INFO : Machine : MPF path: /Users/michaelcarman/Documents/work/mpf/mpf/lib/python3.13/site-packages/mpf
2025-05-27 08:06:48,186 : INFO : Machine : Machine path: /Users/michaelcarman/Documents/work/mpf/happy-pinball
2025-05-27 08:06:48,186 : INFO : Machine : Platform: darwin
2025-05-27 08:06:48,186 : INFO : Machine : Python executable location: /Users/michaelcarman/Documents/work/mpf/mpf/bin/python3.13
2025-05-27 08:06:48,186 : INFO : Machine : Python version: 3.13.3 (64-bit)
2025-05-27 08:06:48,186 : INFO : Machine : Initializing MPF...
2025-05-27 08:06:48,255 : INFO : EventManager : Event: ======'machine_var_credits_string'====== Args={'value': 'FREE PLAY', 'prev_value': None, 'change': True}
2025-05-27 08:06:48,265 : INFO : EventManager : Event: ======'machine_var_player1_score'====== Args={'value': 8675309, 'prev_value': None, 'change': True}
2025-05-27 08:06:48,265 : INFO : EventManager : Event: ======'machine_var_player2_score'====== Args={'value': 4321523, 'prev_value': None, 'change': True}
2025-05-27 08:06:48,265 : INFO : EventManager : Event: ======'machine_var_master_volume'====== Args={'value': 0.5, 'prev_value': None, 'change': True}
2025-05-27 08:06:48,265 : INFO : EventManager : Event: ======'machine_var_mpf_version'====== Args={'value': 'Mission Pinball Framework v0.80.0.dev7', 'prev_value': None, 'change': True}
2025-05-27 08:06:48,265 : INFO : EventManager : Event: ======'machine_var_mpf_extended_version'====== Args={'value': 'Mission Pinball Framework v0.80.0.dev7, Config version:6, Show version: 6, BCP version:1.1', 'prev_value': None, 'change': True}
2025-05-27 08:06:48,266 : INFO : EventManager : Event: ======'machine_var_python_version'====== Args={'value': '3.13.3', 'prev_value': None, 'change': True}
2025-05-27 08:06:48,283 : INFO : EventManager : Event: ======'machine_var_platform'====== Args={'value': 'macOS-15.3.1-arm64-arm-64bit-Mach-O', 'prev_value': None, 'change': True}
2025-05-27 08:06:48,283 : INFO : EventManager : Event: ======'machine_var_platform_system'====== Args={'value': 'Darwin', 'prev_value': None, 'change': True}
2025-05-27 08:06:48,283 : INFO : EventManager : Event: ======'machine_var_platform_release'====== Args={'value': '24.3.0', 'prev_value': None, 'change': True}
2025-05-27 08:06:48,283 : INFO : EventManager : Event: ======'machine_var_platform_version'====== Args={'value': 'Darwin Kernel Version 24.3.0: Thu Jan  2 20:24:22 PST 2025; root:xnu-11215.81.4~3/RELEASE_ARM64_T6041', 'prev_value': None, 'change': True}
2025-05-27 08:06:48,283 : INFO : EventManager : Event: ======'machine_var_platform_machine'====== Args={'value': 'arm64', 'prev_value': None, 'change': True}
2025-05-27 08:06:48,283 : INFO : EventManager : Event: ======'machine_var_log_file_path'====== Args={'value': '/Users/michaelcarman/Documents/work/mpf/happy-pinball/logs/2025-05-27-08-06-48-mpf-LPCVQLKF70.log', 'prev_value': None, 'change': True}
2025-05-27 08:06:48,283 : INFO : EventManager : Event: ======'init_phase_1'====== Args={}
2025-05-27 08:06:48,298 : INFO : EventManager : Event: ======'init_phase_2'====== Args={}
2025-05-27 08:06:48,298 : INFO : SwitchController : Found active switch: (1006, <Platform.Virtual>) <switch.s_trough_1>
2025-05-27 08:06:48,298 : INFO : SwitchController : Found active switch: (1007, <Platform.Virtual>) <switch.s_trough_2>
2025-05-27 08:06:48,298 : INFO : SwitchController : Found active switch: (1008, <Platform.Virtual>) <switch.s_trough_3>
2025-05-27 08:06:48,299 : INFO : EventManager : Event: ======'bcp_connection_attempt'====== Args={'name': 'local_display', 'host': 'localhost', 'port': 5050}
2025-05-27 08:06:48,299 : INFO : BCPClientSocket : Connecting BCP to 'local_display' at localhost:5050...
2025-05-27 08:06:48,305 : INFO : BCPClientSocket : Connected BCP to 'local_display' localhost:5050
2025-05-27 08:06:48,305 : INFO : EventManager : Event: ======'bcp_clients_connected'====== Args={}
2025-05-27 08:06:48,306 : INFO : ball_device.bd_plunger : BCH: Initial count: 0
2025-05-27 08:06:48,306 : INFO : ball_device.bd_plunger : State: idle
2025-05-27 08:06:48,306 : INFO : ball_device.bd_trough : BCH: Initial count: 3
2025-05-27 08:06:48,306 : INFO : ball_device.bd_trough : State: idle
2025-05-27 08:06:48,312 : INFO : EventManager : Event: ======'init_phase_3'====== Args={}
2025-05-27 08:06:48,313 : INFO : EventManager : Event: ======'init_phase_4'====== Args={}
2025-05-27 08:06:48,313 : INFO : BallController : Initial balls found: 3
2025-05-27 08:06:48,313 : INFO : EventManager : Event: ======'machine_var_audits_events_game_ended'====== Args={'value': 0, 'prev_value': None, 'change': True}
2025-05-27 08:06:48,313 : INFO : EventManager : Event: ======'machine_var_audits_events_game_started'====== Args={'value': 25, 'prev_value': None, 'change': True}
2025-05-27 08:06:48,313 : INFO : EventManager : Event: ======'machine_var_audits_missing_switches_s_flipper_left'====== Args={'value': 2, 'prev_value': None, 'change': True}
2025-05-27 08:06:48,313 : INFO : EventManager : Event: ======'machine_var_audits_missing_switches_s_flipper_right'====== Args={'value': 2, 'prev_value': None, 'change': True}
2025-05-27 08:06:48,313 : INFO : EventManager : Event: ======'machine_var_audits_missing_switches_s_left_lane'====== Args={'value': 2, 'prev_value': None, 'change': True}
2025-05-27 08:06:48,313 : INFO : EventManager : Event: ======'machine_var_audits_missing_switches_s_plunger_lane'====== Args={'value': 25, 'prev_value': None, 'change': True}
2025-05-27 08:06:48,313 : INFO : EventManager : Event: ======'machine_var_audits_missing_switches_s_start'====== Args={'value': 7, 'prev_value': None, 'change': True}
2025-05-27 08:06:48,313 : INFO : EventManager : Event: ======'machine_var_audits_missing_switches_s_trough_1'====== Args={'value': 25, 'prev_value': None, 'change': True}
2025-05-27 08:06:48,313 : INFO : EventManager : Event: ======'machine_var_audits_missing_switches_s_trough_2'====== Args={'value': 25, 'prev_value': None, 'change': True}
2025-05-27 08:06:48,313 : INFO : EventManager : Event: ======'machine_var_audits_missing_switches_s_trough_3'====== Args={'value': 25, 'prev_value': None, 'change': True}
2025-05-27 08:06:48,313 : INFO : EventManager : Event: ======'machine_var_audits_player_score'====== Args={'value': {'average': 0, 'top': [], 'total': 0}, 'prev_value': None, 'change': True}
2025-05-27 08:06:48,313 : INFO : EventManager : Event: ======'machine_var_audits_shots_bumper_left'====== Args={'value': 169, 'prev_value': None, 'change': True}
2025-05-27 08:06:48,313 : INFO : EventManager : Event: ======'machine_var_audits_shots_bumper_right'====== Args={'value': 170, 'prev_value': None, 'change': True}
2025-05-27 08:06:48,313 : INFO : EventManager : Event: ======'machine_var_audits_switches_s_bumper_left'====== Args={'value': 169, 'prev_value': None, 'change': True}
2025-05-27 08:06:48,313 : INFO : EventManager : Event: ======'machine_var_audits_switches_s_bumper_right'====== Args={'value': 170, 'prev_value': None, 'change': True}
2025-05-27 08:06:48,313 : INFO : EventManager : Event: ======'machine_var_audits_switches_s_flipper_left'====== Args={'value': 4, 'prev_value': None, 'change': True}
2025-05-27 08:06:48,313 : INFO : EventManager : Event: ======'machine_var_audits_switches_s_flipper_right'====== Args={'value': 3, 'prev_value': None, 'change': True}
2025-05-27 08:06:48,313 : INFO : EventManager : Event: ======'machine_var_audits_switches_s_left_lane'====== Args={'value': 32, 'prev_value': None, 'change': True}
2025-05-27 08:06:48,313 : INFO : EventManager : Event: ======'machine_var_audits_switches_s_plunger_lane'====== Args={'value': 0, 'prev_value': None, 'change': True}
2025-05-27 08:06:48,313 : INFO : EventManager : Event: ======'machine_var_audits_switches_s_start'====== Args={'value': 12, 'prev_value': None, 'change': True}
2025-05-27 08:06:48,313 : INFO : EventManager : Event: ======'machine_var_audits_switches_s_trough_1'====== Args={'value': 0, 'prev_value': None, 'change': True}
2025-05-27 08:06:48,313 : INFO : EventManager : Event: ======'machine_var_audits_switches_s_trough_2'====== Args={'value': 0, 'prev_value': None, 'change': True}
2025-05-27 08:06:48,313 : INFO : EventManager : Event: ======'machine_var_audits_switches_s_trough_3'====== Args={'value': 0, 'prev_value': None, 'change': True}
2025-05-27 08:06:48,313 : INFO : EventManager : Event: ======'init_phase_5'====== Args={}
2025-05-27 08:06:48,313 : INFO : EventManager : Event: ======'init_done'====== Args={}
2025-05-27 08:06:48,313 : INFO : EventManager : Event: ======'machine_reset_phase_1'====== Args={}
2025-05-27 08:06:48,322 : INFO : EventManager : Event: ======'machine_reset_phase_2'====== Args={}
2025-05-27 08:06:48,322 : INFO : EventManager : Event: ======'machine_reset_phase_3'====== Args={}
2025-05-27 08:06:48,322 : INFO : EventManager : Event: ======'reset_complete'====== Args={}
2025-05-27 08:06:48,322 : INFO : EventManager : Event: ======'mode_attract_will_start'====== Args={}
2025-05-27 08:06:48,323 : INFO : Timer.attract_carousel_timer : Starting Timer.
2025-05-27 08:06:48,323 : INFO : EventManager : Event: ======'timer_attract_carousel_timer_started'====== Args={'ticks': 0, 'ticks_remaining': 1}
2025-05-27 08:06:48,323 : INFO : EventManager : Event: ======'timer_attract_carousel_timer_tick'====== Args={'ticks': 0, 'ticks_remaining': 1}
2025-05-27 08:06:48,323 : INFO : EventManager : Event: ======'mode_attract_starting'====== Args={}
2025-05-27 08:06:48,323 : INFO : Mode.attract : Started. Priority: 10
2025-05-27 08:06:48,323 : INFO : EventManager : Event: ======'modes_active_modes_changed'====== Args={}
2025-05-27 08:06:48,323 : INFO : EventManager : Event: ======'mode_attract_started'====== Args={}
2025-05-27 08:06:48,323 : INFO : EventManager : Event: ======'collecting_balls_complete'====== Args={}
2025-05-27 08:06:48,323 : INFO : EventManager : Event: ======'item_highlighted'====== Args={'carousel': 'attract', 'direction': None, 'item': 'title'}
2025-05-27 08:06:48,323 : INFO : EventManager : Event: ======'timer_attract_carousel_timer_tick'====== Args={'ticks': 0, 'ticks_remaining': 1}
2025-05-27 08:06:48,323 : INFO : Machine : Starting the main run loop with active modes: [<Mode.attract>]
2025-05-27 08:06:48,374 : INFO : EventManager : Event: ======'slide_attract_created'====== Args={'_from_bcp': True}
2025-05-27 08:06:48,374 : INFO : EventManager : Event: ======'slide__removed'====== Args={'_from_bcp': True}
2025-05-27 08:06:48,374 : INFO : EventManager : Event: ======'slide_attract_active'====== Args={'original_context': 'attract', 'original_calling_context': 'mode_attract_started', 'priority': 10.0, 'cmd': 'slides_play', '_from_bcp': True}
2025-05-27 08:06:53,324 : INFO : Timer.attract_carousel_timer : Timer Complete
2025-05-27 08:06:53,325 : INFO : Timer.attract_carousel_timer : Stopping Timer
2025-05-27 08:06:53,325 : INFO : EventManager : Event: ======'timer_attract_carousel_timer_stopped'====== Args={'ticks': 1, 'ticks_remaining': 1}
2025-05-27 08:06:53,325 : INFO : EventManager : Event: ======'timer_attract_carousel_timer_complete'====== Args={'ticks': 1, 'ticks_remaining': 1}
2025-05-27 08:06:53,326 : INFO : EventManager : Event: ======'item_highlighted'====== Args={'carousel': 'attract', 'direction': 'forwards', 'item': 'credits'}
2025-05-27 08:06:53,327 : INFO : Timer.attract_carousel_timer : Starting Timer.
2025-05-27 08:06:53,327 : INFO : EventManager : Event: ======'timer_attract_carousel_timer_started'====== Args={'ticks': 0, 'ticks_remaining': 1}
2025-05-27 08:06:53,327 : INFO : EventManager : Event: ======'timer_attract_carousel_timer_tick'====== Args={'ticks': 0, 'ticks_remaining': 1}
2025-05-27 08:06:56,193 : INFO : SwitchController : <<<<<<< 's_start' active >>>>>>>
2025-05-27 08:06:56,236 : INFO : SwitchController : <<<<<<< 's_start' inactive >>>>>>>
2025-05-27 08:06:56,237 : INFO : EventManager : Event: ======'request_to_start_game'====== Args={}
2025-05-27 08:06:56,239 : INFO : EventManager : Event: ======'game_start'====== Args={'buttons': [], 'hold_time': 0.04339624987915158}
2025-05-27 08:06:56,239 : INFO : EventManager : Event: ======'mode_game_will_start'====== Args={'buttons': [], 'hold_time': 0.04339624987915158}
2025-05-27 08:06:56,240 : INFO : EventManager : Event: ======'mode_game_starting'====== Args={'buttons': [], 'hold_time': 0.04339624987915158}
2025-05-27 08:06:56,240 : INFO : EventManager : Event: ======'mode_attract_will_stop'====== Args={}
2025-05-27 08:06:56,240 : INFO : EventManager : Event: ======'mode_attract_stopping'====== Args={}
2025-05-27 08:06:56,240 : INFO : Mode.attract : Stopped.
2025-05-27 08:06:56,240 : INFO : EventManager : Event: ======'modes_active_modes_changed'====== Args={}
2025-05-27 08:06:56,244 : INFO : EventManager : Event: ======'mode_attract_stopped'====== Args={}
2025-05-27 08:06:56,244 : INFO : EventManager : Event: ======'clear'====== Args={'key': 'attract'}
2025-05-27 08:06:56,245 : INFO : Timer.attract_carousel_timer : Stopping Timer
2025-05-27 08:06:56,245 : INFO : EventManager : Event: ======'timer_attract_carousel_timer_stopped'====== Args={'ticks': 0, 'ticks_remaining': 1}
2025-05-27 08:06:56,245 : INFO : Mode.game : Started. Priority: 20
2025-05-27 08:06:56,245 : INFO : EventManager : Event: ======'modes_active_modes_changed'====== Args={}
2025-05-27 08:06:56,245 : INFO : EventManager : Event: ======'mode_game_started'====== Args={'buttons': [], 'hold_time': 0.04339624987915158}
2025-05-27 08:06:56,246 : INFO : EventManager : Event: ======'game_will_start'====== Args={}
2025-05-27 08:06:56,247 : INFO : EventManager : Event: ======'game_starting'====== Args={'game': <Mode.game>}
2025-05-27 08:06:56,247 : INFO : EventManager : Unordered handler for class <Auditor> on event game_ended with priority 1. Handlers: [RegisteredHandler(callback=<bound method Auditor.disable of <Auditor>>, priority=1, kwargs={}, key=UUID('b96acb85-a5b8-4f89-a9f3-1e319887085a'), condition=None, blocking_facility=None), RegisteredHandler(callback=<bound method Auditor._save_audits of <Auditor>>, priority=1, kwargs={}, key=UUID('55d5b37f-c432-46d4-853d-cbe9f732a676'), condition=None, blocking_facility=None)]. The order of those handlers is not defined and they will be executed in random order. This might lead to race conditions and potential bugs.
2025-05-27 08:06:56,248 : INFO : EventManager : Event: ======'player_add_request'====== Args={}
2025-05-27 08:06:56,248 : INFO : EventManager : Event: ======'player_will_add'====== Args={'number': 1}
2025-05-27 08:06:56,248 : INFO : EventManager : Event: ======'player_adding'====== Args={'player': <Player 1>, 'number': 1}
2025-05-27 08:06:56,248 : INFO : EventManager : Event: ======'player_added'====== Args={'player': <Player 1>, 'num': 1}
2025-05-27 08:06:56,248 : INFO : Mode.game : Player added successfully. Total players: 1
2025-05-27 08:06:56,248 : INFO : EventManager : Event: ======'player_index'====== Args={'value': 0, 'prev_value': 0, 'change': 0, 'player_num': 1}
2025-05-27 08:06:56,248 : INFO : EventManager : Event: ======'player_number'====== Args={'value': 1, 'prev_value': 1, 'change': 0, 'player_num': 1}
2025-05-27 08:06:56,248 : INFO : EventManager : Event: ======'player_score'====== Args={'value': 0, 'prev_value': 0, 'change': 0, 'player_num': 1}
2025-05-27 08:06:56,249 : INFO : EventManager : Event: ======'game_started'====== Args={}
2025-05-27 08:06:56,252 : INFO : EventManager : Event: ======'player_turn_will_start'====== Args={'player': <Player 1>, 'number': 1}
2025-05-27 08:06:56,253 : INFO : EventManager : Event: ======'player_turn_starting'====== Args={'player': <Player 1>, 'number': 1}
2025-05-27 08:06:56,253 : INFO : EventManager : Event: ======'player_ball'====== Args={'value': 1, 'prev_value': 0, 'change': 1, 'player_num': 1}
2025-05-27 08:06:56,253 : INFO : EventManager : Event: ======'player_turn_started'====== Args={'player': <Player 1>, 'number': 1}
2025-05-27 08:06:56,254 : INFO : EventManager : Event: ======'ball_will_start'====== Args={'player': 1, 'ball': 1, 'balls_remaining': 2, 'is_extra_ball': False}
2025-05-27 08:06:56,254 : INFO : EventManager : Event: ======'ball_starting'====== Args={'player': 1, 'ball': 1, 'balls_remaining': 2, 'is_extra_ball': False}
2025-05-27 08:06:56,254 : INFO : EventManager : Event: ======'mode_base_will_start'====== Args={'queue': <QueuedEvent>, 'player': 1, 'ball': 1, 'balls_remaining': 2, 'is_extra_ball': False}
2025-05-27 08:06:56,259 : INFO : EventManager : Event: ======'mode_base_starting'====== Args={'queue': <QueuedEvent>, 'player': 1, 'ball': 1, 'balls_remaining': 2, 'is_extra_ball': False}
2025-05-27 08:06:56,259 : INFO : Mode.base : Started. Priority: 100
2025-05-27 08:06:56,259 : INFO : EventManager : Event: ======'modes_active_modes_changed'====== Args={}
2025-05-27 08:06:56,259 : INFO : EventManager : Event: ======'mode_base_started'====== Args={'queue': <QueuedEvent>, 'player': 1, 'ball': 1, 'balls_remaining': 2, 'is_extra_ball': False}
2025-05-27 08:06:56,259 : INFO : EventManager : Event: ======'start_mode_bumpers'====== Args={'priority': 0}
2025-05-27 08:06:56,260 : INFO : EventManager : Event: ======'mode_bumpers_will_start'====== Args={'priority': 0}
2025-05-27 08:06:56,260 : INFO : EventManager : Event: ======'player_shot_bumper_left_enabled'====== Args={'value': True, 'prev_value': 0, 'change': 1, 'player_num': 1}
2025-05-27 08:06:56,260 : INFO : EventManager : Event: ======'player_shot_bumper_right_enabled'====== Args={'value': True, 'prev_value': 0, 'change': 1, 'player_num': 1}
2025-05-27 08:06:56,261 : INFO : EventManager : Event: ======'bumpers_complete'====== Args={'state': 'unlit'}
2025-05-27 08:06:56,261 : INFO : EventManager : Event: ======'bumpers_unlit_complete'====== Args={}
2025-05-27 08:06:56,261 : INFO : EventManager : Event: ======'mode_bumpers_starting'====== Args={'priority': 0}
2025-05-27 08:06:56,261 : INFO : Mode.bumpers : Started. Priority: 200
2025-05-27 08:06:56,261 : INFO : EventManager : Event: ======'modes_active_modes_changed'====== Args={}
2025-05-27 08:06:56,261 : INFO : EventManager : Event: ======'mode_bumpers_started'====== Args={'priority': 0}
2025-05-27 08:06:56,261 : INFO : EventManager : Event: ======'balls_in_play'====== Args={'balls': 1}
2025-05-27 08:06:56,261 : INFO : EventManager : Event: ======'ball_started'====== Args={'player': 1, 'ball': 1, 'balls_remaining': 2, 'is_extra_ball': False}
2025-05-27 08:06:56,262 : INFO : EventManager : Event: ======'single_player_ball_started'====== Args={}
2025-05-27 08:06:56,262 : INFO : EventManager : Event: ======'ball_start_target'====== Args={'target': 'playfield'}
2025-05-27 08:06:56,262 : INFO : ball_device.bd_trough : Setting up player-controlled eject. Balls: 1, Target: <playfield.playfield>, player_controlled_eject_event: None
2025-05-27 08:06:56,262 : INFO : ball_device.bd_trough : Adding 1 ball(s) to the eject_queue with target <playfield.playfield>.
2025-05-27 08:06:56,262 : INFO : EventManager : Event: ======'balldevice_balls_available'====== Args={}
2025-05-27 08:06:56,263 : INFO : ball_device.bd_trough : State: waiting_for_target_ready
2025-05-27 08:06:56,263 : INFO : EventManager : Event: ======'balldevice_bd_trough_ball_eject_attempt'====== Args={'balls': 1, 'target': <ball_device.bd_plunger>, 'source': <ball_device.bd_trough>, 'mechanical_eject': False, 'num_attempts': 0}
2025-05-27 08:06:56,263 : INFO : ball_device.bd_plunger : State: waiting_for_ball
2025-05-27 08:06:56,264 : INFO : ball_device.bd_trough : State: ejecting
2025-05-27 08:06:56,264 : INFO : ball_device.bd_trough : Ejecting ball to <ball_device.bd_plunger>
2025-05-27 08:06:56,264 : INFO : EventManager : Event: ======'balldevice_bd_trough_ejecting_ball'====== Args={'balls': 1, 'target': <ball_device.bd_plunger>, 'source': <ball_device.bd_trough>, 'mechanical_eject': False, 'num_attempts': 0}
2025-05-27 08:06:56,264 : INFO : ball_device.bd_trough : Wait for ball to leave device
2025-05-27 08:06:56,264 : INFO : coil.c_trough_eject : Pulsing Driver for 10ms (1.0 pulse_power)
2025-05-27 08:06:56,275 : INFO : EventManager : Event: ======'slide_base_created'====== Args={'_from_bcp': True}
2025-05-27 08:06:56,275 : INFO : EventManager : Event: ======'slide_attract_inactive'====== Args={'is_removing': True, '_from_bcp': True}
2025-05-27 08:06:56,275 : INFO : EventManager : Event: ======'slide_base_active'====== Args={'original_context': 'base', 'original_calling_context': 'mode_base_started', 'priority': 100.0, 'queue': '<QueuedEvent>', 'player': 1.0, 'ball': 1.0, 'balls_remaining': 2.0, 'is_extra_ball': False, 'cmd': 'slides_play', '_from_bcp': True}
2025-05-27 08:06:56,276 : INFO : EventManager : Event: ======'slide_attract_removed'====== Args={'_from_bcp': True}
2025-05-27 08:07:01,119 : INFO : SwitchController : <<<<<<< 's_bumper_left' active >>>>>>>
2025-05-27 08:07:01,120 : INFO : EventManager : Event: ======'playfield_active'====== Args={'source': 'bumper_left'}
2025-05-27 08:07:01,120 : INFO : EventManager : Event: ======'unexpected_ball_on_playfield'====== Args={}
2025-05-27 08:07:01,120 : INFO : EventManager : Event: ======'s_bumper_left_active'====== Args={}
2025-05-27 08:07:01,120 : INFO : EventManager : Event: ======'machine_var_audits_switches_s_bumper_left'====== Args={'value': 170, 'prev_value': 169, 'change': 1}
2025-05-27 08:07:01,121 : INFO : EventManager : Event: ======'player_shot_bumper_left'====== Args={'value': 1, 'prev_value': 0, 'change': 1, 'player_num': 1}
2025-05-27 08:07:01,122 : INFO : EventManager : Event: ======'machine_var_audits_shots_bumper_left'====== Args={'value': 170, 'prev_value': 169, 'change': 1}
2025-05-27 08:07:01,123 : INFO : EventManager : Event: ======'bumper_left_hit'====== Args={'profile': 'default', 'state': 'unlit', 'advancing': True}
2025-05-27 08:07:01,123 : INFO : EventManager : Event: ======'bumper_left_default_hit'====== Args={'profile': 'default', 'state': 'unlit', 'advancing': True}
2025-05-27 08:07:01,123 : INFO : EventManager : Event: ======'bumper_left_default_unlit_hit'====== Args={'profile': 'default', 'state': 'unlit', 'advancing': True}
2025-05-27 08:07:01,123 : INFO : EventManager : Event: ======'bumper_left_unlit_hit'====== Args={'profile': 'default', 'state': 'unlit', 'advancing': True}
2025-05-27 08:07:01,124 : INFO : EventManager : Event: ======'bumpers_hit'====== Args={'shot': 'bumper_left'}
2025-05-27 08:07:01,124 : INFO : EventManager : Event: ======'bumpers_unlit_hit'====== Args={'shot': 'bumper_left'}
2025-05-27 08:07:01,124 : INFO : EventManager : Event: ======'player_score'====== Args={'value': 1000, 'prev_value': 0, 'change': 1000, 'player_num': 1, 'source': 'bumpers'}
2025-05-27 08:07:01,194 : INFO : SwitchController : <<<<<<< 's_bumper_left' inactive >>>>>>>
2025-05-27 08:07:01,619 : INFO : SwitchController : <<<<<<< 's_bumper_left' active >>>>>>>
2025-05-27 08:07:01,619 : INFO : EventManager : Event: ======'playfield_active'====== Args={'source': 'bumper_left'}
2025-05-27 08:07:01,620 : INFO : EventManager : Event: ======'unexpected_ball_on_playfield'====== Args={}
2025-05-27 08:07:01,620 : INFO : EventManager : Event: ======'s_bumper_left_active'====== Args={}
2025-05-27 08:07:01,620 : INFO : EventManager : Event: ======'machine_var_audits_switches_s_bumper_left'====== Args={'value': 171, 'prev_value': 170, 'change': 1}
2025-05-27 08:07:01,620 : INFO : EventManager : Event: ======'machine_var_audits_shots_bumper_left'====== Args={'value': 171, 'prev_value': 170, 'change': 1}
2025-05-27 08:07:01,621 : INFO : EventManager : Event: ======'bumper_left_hit'====== Args={'profile': 'default', 'state': 'lit', 'advancing': False}
2025-05-27 08:07:01,621 : INFO : EventManager : Event: ======'bumper_left_default_hit'====== Args={'profile': 'default', 'state': 'lit', 'advancing': False}
2025-05-27 08:07:01,621 : INFO : EventManager : Event: ======'bumper_left_default_lit_hit'====== Args={'profile': 'default', 'state': 'lit', 'advancing': False}
2025-05-27 08:07:01,621 : INFO : EventManager : Event: ======'bumper_left_lit_hit'====== Args={'profile': 'default', 'state': 'lit', 'advancing': False}
2025-05-27 08:07:01,622 : INFO : EventManager : Event: ======'bumpers_hit'====== Args={'shot': 'bumper_left'}
2025-05-27 08:07:01,622 : INFO : EventManager : Event: ======'bumpers_lit_hit'====== Args={'shot': 'bumper_left'}
2025-05-27 08:07:01,622 : INFO : EventManager : Event: ======'player_score'====== Args={'value': 2000, 'prev_value': 1000, 'change': 1000, 'player_num': 1, 'source': 'bumpers'}
2025-05-27 08:07:01,676 : INFO : SwitchController : <<<<<<< 's_bumper_left' inactive >>>>>>>
2025-05-27 08:07:01,820 : INFO : SwitchController : <<<<<<< 's_bumper_left' active >>>>>>>
2025-05-27 08:07:01,820 : INFO : EventManager : Event: ======'playfield_active'====== Args={'source': 'bumper_left'}
2025-05-27 08:07:01,820 : INFO : EventManager : Event: ======'unexpected_ball_on_playfield'====== Args={}
2025-05-27 08:07:01,820 : INFO : EventManager : Event: ======'s_bumper_left_active'====== Args={}
2025-05-27 08:07:01,820 : INFO : EventManager : Event: ======'machine_var_audits_switches_s_bumper_left'====== Args={'value': 172, 'prev_value': 171, 'change': 1}
2025-05-27 08:07:01,821 : INFO : EventManager : Event: ======'machine_var_audits_shots_bumper_left'====== Args={'value': 172, 'prev_value': 171, 'change': 1}
2025-05-27 08:07:01,821 : INFO : EventManager : Event: ======'bumper_left_hit'====== Args={'profile': 'default', 'state': 'lit', 'advancing': False}
2025-05-27 08:07:01,821 : INFO : EventManager : Event: ======'bumper_left_default_hit'====== Args={'profile': 'default', 'state': 'lit', 'advancing': False}
2025-05-27 08:07:01,821 : INFO : EventManager : Event: ======'bumper_left_default_lit_hit'====== Args={'profile': 'default', 'state': 'lit', 'advancing': False}
2025-05-27 08:07:01,821 : INFO : EventManager : Event: ======'bumper_left_lit_hit'====== Args={'profile': 'default', 'state': 'lit', 'advancing': False}
2025-05-27 08:07:01,821 : INFO : EventManager : Event: ======'bumpers_hit'====== Args={'shot': 'bumper_left'}
2025-05-27 08:07:01,822 : INFO : EventManager : Event: ======'bumpers_lit_hit'====== Args={'shot': 'bumper_left'}
2025-05-27 08:07:01,822 : INFO : EventManager : Event: ======'player_score'====== Args={'value': 3000, 'prev_value': 2000, 'change': 1000, 'player_num': 1, 'source': 'bumpers'}
2025-05-27 08:07:01,868 : INFO : SwitchController : <<<<<<< 's_bumper_left' inactive >>>>>>>
2025-05-27 08:07:02,160 : INFO : SwitchController : <<<<<<< 's_bumper_right' active >>>>>>>
2025-05-27 08:07:02,160 : INFO : EventManager : Event: ======'playfield_active'====== Args={'source': 'bumper_right'}
2025-05-27 08:07:02,160 : INFO : EventManager : Event: ======'unexpected_ball_on_playfield'====== Args={}
2025-05-27 08:07:02,160 : INFO : EventManager : Event: ======'s_bumper_right_active'====== Args={}
2025-05-27 08:07:02,160 : INFO : EventManager : Event: ======'machine_var_audits_switches_s_bumper_right'====== Args={'value': 171, 'prev_value': 170, 'change': 1}
2025-05-27 08:07:02,160 : INFO : EventManager : Event: ======'player_shot_bumper_right'====== Args={'value': 1, 'prev_value': 0, 'change': 1, 'player_num': 1}
2025-05-27 08:07:02,161 : INFO : EventManager : Event: ======'machine_var_audits_shots_bumper_right'====== Args={'value': 171, 'prev_value': 170, 'change': 1}
2025-05-27 08:07:02,161 : INFO : EventManager : Event: ======'bumper_right_hit'====== Args={'profile': 'default', 'state': 'unlit', 'advancing': True}
2025-05-27 08:07:02,161 : INFO : EventManager : Event: ======'bumper_right_default_hit'====== Args={'profile': 'default', 'state': 'unlit', 'advancing': True}
2025-05-27 08:07:02,161 : INFO : EventManager : Event: ======'bumper_right_default_unlit_hit'====== Args={'profile': 'default', 'state': 'unlit', 'advancing': True}
2025-05-27 08:07:02,161 : INFO : EventManager : Event: ======'bumper_right_unlit_hit'====== Args={'profile': 'default', 'state': 'unlit', 'advancing': True}
2025-05-27 08:07:02,161 : INFO : EventManager : Event: ======'bumpers_complete'====== Args={'state': 'lit'}
2025-05-27 08:07:02,161 : INFO : EventManager : Event: ======'bumpers_lit_complete'====== Args={}
2025-05-27 08:07:02,161 : INFO : EventManager : Event: ======'bumpers_hit'====== Args={'shot': 'bumper_right'}
2025-05-27 08:07:02,161 : INFO : EventManager : Event: ======'bumpers_unlit_hit'====== Args={'shot': 'bumper_right'}
2025-05-27 08:07:02,161 : INFO : EventManager : Event: ======'player_score'====== Args={'value': 4000, 'prev_value': 3000, 'change': 1000, 'player_num': 1, 'source': 'bumpers'}
2025-05-27 08:07:02,226 : INFO : SwitchController : <<<<<<< 's_bumper_right' inactive >>>>>>>
2025-05-27 08:07:02,567 : INFO : SwitchController : <<<<<<< 's_bumper_right' active >>>>>>>
2025-05-27 08:07:02,568 : INFO : EventManager : Event: ======'playfield_active'====== Args={'source': 'bumper_right'}
2025-05-27 08:07:02,568 : INFO : EventManager : Event: ======'unexpected_ball_on_playfield'====== Args={}
2025-05-27 08:07:02,568 : INFO : EventManager : Event: ======'s_bumper_right_active'====== Args={}
2025-05-27 08:07:02,568 : INFO : EventManager : Event: ======'machine_var_audits_switches_s_bumper_right'====== Args={'value': 172, 'prev_value': 171, 'change': 1}
2025-05-27 08:07:02,568 : INFO : EventManager : Event: ======'machine_var_audits_shots_bumper_right'====== Args={'value': 172, 'prev_value': 171, 'change': 1}
2025-05-27 08:07:02,568 : INFO : EventManager : Event: ======'bumper_right_hit'====== Args={'profile': 'default', 'state': 'lit', 'advancing': False}
2025-05-27 08:07:02,568 : INFO : EventManager : Event: ======'bumper_right_default_hit'====== Args={'profile': 'default', 'state': 'lit', 'advancing': False}
2025-05-27 08:07:02,568 : INFO : EventManager : Event: ======'bumper_right_default_lit_hit'====== Args={'profile': 'default', 'state': 'lit', 'advancing': False}
2025-05-27 08:07:02,568 : INFO : EventManager : Event: ======'bumper_right_lit_hit'====== Args={'profile': 'default', 'state': 'lit', 'advancing': False}
2025-05-27 08:07:02,568 : INFO : EventManager : Event: ======'bumpers_hit'====== Args={'shot': 'bumper_right'}
2025-05-27 08:07:02,568 : INFO : EventManager : Event: ======'bumpers_lit_hit'====== Args={'shot': 'bumper_right'}
2025-05-27 08:07:02,569 : INFO : EventManager : Event: ======'player_score'====== Args={'value': 5000, 'prev_value': 4000, 'change': 1000, 'player_num': 1, 'source': 'bumpers'}
2025-05-27 08:07:02,609 : INFO : SwitchController : <<<<<<< 's_bumper_right' inactive >>>>>>>
2025-05-27 08:07:02,779 : INFO : SwitchController : <<<<<<< 's_bumper_right' active >>>>>>>
2025-05-27 08:07:02,779 : INFO : EventManager : Event: ======'playfield_active'====== Args={'source': 'bumper_right'}
2025-05-27 08:07:02,779 : INFO : EventManager : Event: ======'unexpected_ball_on_playfield'====== Args={}
2025-05-27 08:07:02,779 : INFO : EventManager : Event: ======'s_bumper_right_active'====== Args={}
2025-05-27 08:07:02,779 : INFO : EventManager : Event: ======'machine_var_audits_switches_s_bumper_right'====== Args={'value': 173, 'prev_value': 172, 'change': 1}
2025-05-27 08:07:02,780 : INFO : EventManager : Event: ======'machine_var_audits_shots_bumper_right'====== Args={'value': 173, 'prev_value': 172, 'change': 1}
2025-05-27 08:07:02,780 : INFO : EventManager : Event: ======'bumper_right_hit'====== Args={'profile': 'default', 'state': 'lit', 'advancing': False}
2025-05-27 08:07:02,780 : INFO : EventManager : Event: ======'bumper_right_default_hit'====== Args={'profile': 'default', 'state': 'lit', 'advancing': False}
2025-05-27 08:07:02,780 : INFO : EventManager : Event: ======'bumper_right_default_lit_hit'====== Args={'profile': 'default', 'state': 'lit', 'advancing': False}
2025-05-27 08:07:02,780 : INFO : EventManager : Event: ======'bumper_right_lit_hit'====== Args={'profile': 'default', 'state': 'lit', 'advancing': False}
2025-05-27 08:07:02,781 : INFO : EventManager : Event: ======'bumpers_hit'====== Args={'shot': 'bumper_right'}
2025-05-27 08:07:02,781 : INFO : EventManager : Event: ======'bumpers_lit_hit'====== Args={'shot': 'bumper_right'}
2025-05-27 08:07:02,781 : INFO : EventManager : Event: ======'player_score'====== Args={'value': 6000, 'prev_value': 5000, 'change': 1000, 'player_num': 1, 'source': 'bumpers'}
2025-05-27 08:07:02,834 : INFO : SwitchController : <<<<<<< 's_bumper_right' inactive >>>>>>>
2025-05-27 08:07:02,976 : INFO : SwitchController : <<<<<<< 's_bumper_right' active >>>>>>>
2025-05-27 08:07:02,976 : INFO : EventManager : Event: ======'playfield_active'====== Args={'source': 'bumper_right'}
2025-05-27 08:07:02,976 : INFO : EventManager : Event: ======'unexpected_ball_on_playfield'====== Args={}
2025-05-27 08:07:02,977 : INFO : EventManager : Event: ======'s_bumper_right_active'====== Args={}
2025-05-27 08:07:02,977 : INFO : EventManager : Event: ======'machine_var_audits_switches_s_bumper_right'====== Args={'value': 174, 'prev_value': 173, 'change': 1}
2025-05-27 08:07:02,977 : INFO : EventManager : Event: ======'machine_var_audits_shots_bumper_right'====== Args={'value': 174, 'prev_value': 173, 'change': 1}
2025-05-27 08:07:02,977 : INFO : EventManager : Event: ======'bumper_right_hit'====== Args={'profile': 'default', 'state': 'lit', 'advancing': False}
2025-05-27 08:07:02,978 : INFO : EventManager : Event: ======'bumper_right_default_hit'====== Args={'profile': 'default', 'state': 'lit', 'advancing': False}
2025-05-27 08:07:02,978 : INFO : EventManager : Event: ======'bumper_right_default_lit_hit'====== Args={'profile': 'default', 'state': 'lit', 'advancing': False}
2025-05-27 08:07:02,978 : INFO : EventManager : Event: ======'bumper_right_lit_hit'====== Args={'profile': 'default', 'state': 'lit', 'advancing': False}
2025-05-27 08:07:02,978 : INFO : EventManager : Event: ======'bumpers_hit'====== Args={'shot': 'bumper_right'}
2025-05-27 08:07:02,978 : INFO : EventManager : Event: ======'bumpers_lit_hit'====== Args={'shot': 'bumper_right'}
2025-05-27 08:07:02,978 : INFO : EventManager : Event: ======'player_score'====== Args={'value': 7000, 'prev_value': 6000, 'change': 1000, 'player_num': 1, 'source': 'bumpers'}
2025-05-27 08:07:03,052 : INFO : SwitchController : <<<<<<< 's_bumper_right' inactive >>>>>>>
2025-05-27 08:07:03,395 : INFO : SwitchController : <<<<<<< 's_bumper_left' active >>>>>>>
2025-05-27 08:07:03,395 : INFO : EventManager : Event: ======'playfield_active'====== Args={'source': 'bumper_left'}
2025-05-27 08:07:03,395 : INFO : EventManager : Event: ======'unexpected_ball_on_playfield'====== Args={}
2025-05-27 08:07:03,395 : INFO : EventManager : Event: ======'s_bumper_left_active'====== Args={}
2025-05-27 08:07:03,395 : INFO : EventManager : Event: ======'machine_var_audits_switches_s_bumper_left'====== Args={'value': 173, 'prev_value': 172, 'change': 1}
2025-05-27 08:07:03,396 : INFO : EventManager : Event: ======'machine_var_audits_shots_bumper_left'====== Args={'value': 173, 'prev_value': 172, 'change': 1}
2025-05-27 08:07:03,397 : INFO : EventManager : Event: ======'bumper_left_hit'====== Args={'profile': 'default', 'state': 'lit', 'advancing': False}
2025-05-27 08:07:03,397 : INFO : EventManager : Event: ======'bumper_left_default_hit'====== Args={'profile': 'default', 'state': 'lit', 'advancing': False}
2025-05-27 08:07:03,397 : INFO : EventManager : Event: ======'bumper_left_default_lit_hit'====== Args={'profile': 'default', 'state': 'lit', 'advancing': False}
2025-05-27 08:07:03,397 : INFO : EventManager : Event: ======'bumper_left_lit_hit'====== Args={'profile': 'default', 'state': 'lit', 'advancing': False}
2025-05-27 08:07:03,398 : INFO : EventManager : Event: ======'bumpers_hit'====== Args={'shot': 'bumper_left'}
2025-05-27 08:07:03,398 : INFO : EventManager : Event: ======'bumpers_lit_hit'====== Args={'shot': 'bumper_left'}
2025-05-27 08:07:03,398 : INFO : EventManager : Event: ======'player_score'====== Args={'value': 8000, 'prev_value': 7000, 'change': 1000, 'player_num': 1, 'source': 'bumpers'}
2025-05-27 08:07:03,461 : INFO : SwitchController : <<<<<<< 's_bumper_left' inactive >>>>>>>
2025-05-27 08:07:03,644 : INFO : SwitchController : <<<<<<< 's_bumper_left' active >>>>>>>
2025-05-27 08:07:03,644 : INFO : EventManager : Event: ======'playfield_active'====== Args={'source': 'bumper_left'}
2025-05-27 08:07:03,645 : INFO : EventManager : Event: ======'unexpected_ball_on_playfield'====== Args={}
2025-05-27 08:07:03,645 : INFO : EventManager : Event: ======'s_bumper_left_active'====== Args={}
2025-05-27 08:07:03,645 : INFO : EventManager : Event: ======'machine_var_audits_switches_s_bumper_left'====== Args={'value': 174, 'prev_value': 173, 'change': 1}
2025-05-27 08:07:03,646 : INFO : EventManager : Event: ======'machine_var_audits_shots_bumper_left'====== Args={'value': 174, 'prev_value': 173, 'change': 1}
2025-05-27 08:07:03,646 : INFO : EventManager : Event: ======'bumper_left_hit'====== Args={'profile': 'default', 'state': 'lit', 'advancing': False}
2025-05-27 08:07:03,646 : INFO : EventManager : Event: ======'bumper_left_default_hit'====== Args={'profile': 'default', 'state': 'lit', 'advancing': False}
2025-05-27 08:07:03,646 : INFO : EventManager : Event: ======'bumper_left_default_lit_hit'====== Args={'profile': 'default', 'state': 'lit', 'advancing': False}
2025-05-27 08:07:03,646 : INFO : EventManager : Event: ======'bumper_left_lit_hit'====== Args={'profile': 'default', 'state': 'lit', 'advancing': False}
2025-05-27 08:07:03,646 : INFO : EventManager : Event: ======'bumpers_hit'====== Args={'shot': 'bumper_left'}
2025-05-27 08:07:03,647 : INFO : EventManager : Event: ======'bumpers_lit_hit'====== Args={'shot': 'bumper_left'}
2025-05-27 08:07:03,647 : INFO : EventManager : Event: ======'player_score'====== Args={'value': 9000, 'prev_value': 8000, 'change': 1000, 'player_num': 1, 'source': 'bumpers'}
2025-05-27 08:07:03,702 : INFO : SwitchController : <<<<<<< 's_bumper_left' inactive >>>>>>>
2025-05-27 08:07:03,886 : INFO : SwitchController : <<<<<<< 's_bumper_left' active >>>>>>>
2025-05-27 08:07:03,886 : INFO : EventManager : Event: ======'playfield_active'====== Args={'source': 'bumper_left'}
2025-05-27 08:07:03,886 : INFO : EventManager : Event: ======'unexpected_ball_on_playfield'====== Args={}
2025-05-27 08:07:03,886 : INFO : EventManager : Event: ======'s_bumper_left_active'====== Args={}
2025-05-27 08:07:03,886 : INFO : EventManager : Event: ======'machine_var_audits_switches_s_bumper_left'====== Args={'value': 175, 'prev_value': 174, 'change': 1}
2025-05-27 08:07:03,887 : INFO : EventManager : Event: ======'machine_var_audits_shots_bumper_left'====== Args={'value': 175, 'prev_value': 174, 'change': 1}
2025-05-27 08:07:03,887 : INFO : EventManager : Event: ======'bumper_left_hit'====== Args={'profile': 'default', 'state': 'lit', 'advancing': False}
2025-05-27 08:07:03,887 : INFO : EventManager : Event: ======'bumper_left_default_hit'====== Args={'profile': 'default', 'state': 'lit', 'advancing': False}
2025-05-27 08:07:03,887 : INFO : EventManager : Event: ======'bumper_left_default_lit_hit'====== Args={'profile': 'default', 'state': 'lit', 'advancing': False}
2025-05-27 08:07:03,887 : INFO : EventManager : Event: ======'bumper_left_lit_hit'====== Args={'profile': 'default', 'state': 'lit', 'advancing': False}
2025-05-27 08:07:03,888 : INFO : EventManager : Event: ======'bumpers_hit'====== Args={'shot': 'bumper_left'}
2025-05-27 08:07:03,888 : INFO : EventManager : Event: ======'bumpers_lit_hit'====== Args={'shot': 'bumper_left'}
2025-05-27 08:07:03,888 : INFO : EventManager : Event: ======'player_score'====== Args={'value': 10000, 'prev_value': 9000, 'change': 1000, 'player_num': 1, 'source': 'bumpers'}
2025-05-27 08:07:03,959 : INFO : SwitchController : <<<<<<< 's_bumper_left' inactive >>>>>>>
2025-05-27 08:07:04,161 : INFO : SwitchController : <<<<<<< 's_bumper_left' active >>>>>>>
2025-05-27 08:07:04,161 : INFO : EventManager : Event: ======'playfield_active'====== Args={'source': 'bumper_left'}
2025-05-27 08:07:04,161 : INFO : EventManager : Event: ======'unexpected_ball_on_playfield'====== Args={}
2025-05-27 08:07:04,161 : INFO : EventManager : Event: ======'s_bumper_left_active'====== Args={}
2025-05-27 08:07:04,161 : INFO : EventManager : Event: ======'machine_var_audits_switches_s_bumper_left'====== Args={'value': 176, 'prev_value': 175, 'change': 1}
2025-05-27 08:07:04,162 : INFO : EventManager : Event: ======'machine_var_audits_shots_bumper_left'====== Args={'value': 176, 'prev_value': 175, 'change': 1}
2025-05-27 08:07:04,162 : INFO : EventManager : Event: ======'bumper_left_hit'====== Args={'profile': 'default', 'state': 'lit', 'advancing': False}
2025-05-27 08:07:04,162 : INFO : EventManager : Event: ======'bumper_left_default_hit'====== Args={'profile': 'default', 'state': 'lit', 'advancing': False}
2025-05-27 08:07:04,162 : INFO : EventManager : Event: ======'bumper_left_default_lit_hit'====== Args={'profile': 'default', 'state': 'lit', 'advancing': False}
2025-05-27 08:07:04,162 : INFO : EventManager : Event: ======'bumper_left_lit_hit'====== Args={'profile': 'default', 'state': 'lit', 'advancing': False}
2025-05-27 08:07:04,162 : INFO : EventManager : Event: ======'bumpers_hit'====== Args={'shot': 'bumper_left'}
2025-05-27 08:07:04,162 : INFO : EventManager : Event: ======'bumpers_lit_hit'====== Args={'shot': 'bumper_left'}
2025-05-27 08:07:04,163 : INFO : EventManager : Event: ======'player_score'====== Args={'value': 11000, 'prev_value': 10000, 'change': 1000, 'player_num': 1, 'source': 'bumpers'}
2025-05-27 08:07:04,226 : INFO : SwitchController : <<<<<<< 's_bumper_left' inactive >>>>>>>
2025-05-27 08:07:04,737 : INFO : SwitchController : <<<<<<< 's_bumper_right' active >>>>>>>
2025-05-27 08:07:04,737 : INFO : EventManager : Event: ======'playfield_active'====== Args={'source': 'bumper_right'}
2025-05-27 08:07:04,737 : INFO : EventManager : Event: ======'unexpected_ball_on_playfield'====== Args={}
2025-05-27 08:07:04,737 : INFO : EventManager : Event: ======'s_bumper_right_active'====== Args={}
2025-05-27 08:07:04,737 : INFO : EventManager : Event: ======'machine_var_audits_switches_s_bumper_right'====== Args={'value': 175, 'prev_value': 174, 'change': 1}
2025-05-27 08:07:04,738 : INFO : EventManager : Event: ======'machine_var_audits_shots_bumper_right'====== Args={'value': 175, 'prev_value': 174, 'change': 1}
2025-05-27 08:07:04,738 : INFO : EventManager : Event: ======'bumper_right_hit'====== Args={'profile': 'default', 'state': 'lit', 'advancing': False}
2025-05-27 08:07:04,738 : INFO : EventManager : Event: ======'bumper_right_default_hit'====== Args={'profile': 'default', 'state': 'lit', 'advancing': False}
2025-05-27 08:07:04,738 : INFO : EventManager : Event: ======'bumper_right_default_lit_hit'====== Args={'profile': 'default', 'state': 'lit', 'advancing': False}
2025-05-27 08:07:04,738 : INFO : EventManager : Event: ======'bumper_right_lit_hit'====== Args={'profile': 'default', 'state': 'lit', 'advancing': False}
2025-05-27 08:07:04,739 : INFO : EventManager : Event: ======'bumpers_hit'====== Args={'shot': 'bumper_right'}
2025-05-27 08:07:04,739 : INFO : EventManager : Event: ======'bumpers_lit_hit'====== Args={'shot': 'bumper_right'}
2025-05-27 08:07:04,739 : INFO : EventManager : Event: ======'player_score'====== Args={'value': 12000, 'prev_value': 11000, 'change': 1000, 'player_num': 1, 'source': 'bumpers'}
2025-05-27 08:07:04,788 : INFO : SwitchController : <<<<<<< 's_bumper_right' inactive >>>>>>>
2025-05-27 08:07:04,969 : INFO : SwitchController : <<<<<<< 's_bumper_right' active >>>>>>>
2025-05-27 08:07:04,970 : INFO : EventManager : Event: ======'playfield_active'====== Args={'source': 'bumper_right'}
2025-05-27 08:07:04,970 : INFO : EventManager : Event: ======'unexpected_ball_on_playfield'====== Args={}
2025-05-27 08:07:04,970 : INFO : EventManager : Event: ======'s_bumper_right_active'====== Args={}
2025-05-27 08:07:04,970 : INFO : EventManager : Event: ======'machine_var_audits_switches_s_bumper_right'====== Args={'value': 176, 'prev_value': 175, 'change': 1}
2025-05-27 08:07:04,971 : INFO : EventManager : Event: ======'machine_var_audits_shots_bumper_right'====== Args={'value': 176, 'prev_value': 175, 'change': 1}
2025-05-27 08:07:04,971 : INFO : EventManager : Event: ======'bumper_right_hit'====== Args={'profile': 'default', 'state': 'lit', 'advancing': False}
2025-05-27 08:07:04,971 : INFO : EventManager : Event: ======'bumper_right_default_hit'====== Args={'profile': 'default', 'state': 'lit', 'advancing': False}
2025-05-27 08:07:04,971 : INFO : EventManager : Event: ======'bumper_right_default_lit_hit'====== Args={'profile': 'default', 'state': 'lit', 'advancing': False}
2025-05-27 08:07:04,971 : INFO : EventManager : Event: ======'bumper_right_lit_hit'====== Args={'profile': 'default', 'state': 'lit', 'advancing': False}
2025-05-27 08:07:04,972 : INFO : EventManager : Event: ======'bumpers_hit'====== Args={'shot': 'bumper_right'}
2025-05-27 08:07:04,972 : INFO : EventManager : Event: ======'bumpers_lit_hit'====== Args={'shot': 'bumper_right'}
2025-05-27 08:07:04,972 : INFO : EventManager : Event: ======'player_score'====== Args={'value': 13000, 'prev_value': 12000, 'change': 1000, 'player_num': 1, 'source': 'bumpers'}
2025-05-27 08:07:04,986 : INFO : SwitchController : <<<<<<< 's_bumper_right' inactive >>>>>>>
2025-05-27 08:07:05,119 : INFO : SwitchController : <<<<<<< 's_bumper_right' active >>>>>>>
2025-05-27 08:07:05,120 : INFO : EventManager : Event: ======'playfield_active'====== Args={'source': 'bumper_right'}
2025-05-27 08:07:05,120 : INFO : EventManager : Event: ======'unexpected_ball_on_playfield'====== Args={}
2025-05-27 08:07:05,120 : INFO : EventManager : Event: ======'s_bumper_right_active'====== Args={}
2025-05-27 08:07:05,120 : INFO : EventManager : Event: ======'machine_var_audits_switches_s_bumper_right'====== Args={'value': 177, 'prev_value': 176, 'change': 1}
2025-05-27 08:07:05,120 : INFO : EventManager : Event: ======'machine_var_audits_shots_bumper_right'====== Args={'value': 177, 'prev_value': 176, 'change': 1}
2025-05-27 08:07:05,121 : INFO : EventManager : Event: ======'bumper_right_hit'====== Args={'profile': 'default', 'state': 'lit', 'advancing': False}
2025-05-27 08:07:05,121 : INFO : EventManager : Event: ======'bumper_right_default_hit'====== Args={'profile': 'default', 'state': 'lit', 'advancing': False}
2025-05-27 08:07:05,121 : INFO : EventManager : Event: ======'bumper_right_default_lit_hit'====== Args={'profile': 'default', 'state': 'lit', 'advancing': False}
2025-05-27 08:07:05,121 : INFO : EventManager : Event: ======'bumper_right_lit_hit'====== Args={'profile': 'default', 'state': 'lit', 'advancing': False}
2025-05-27 08:07:05,122 : INFO : EventManager : Event: ======'bumpers_hit'====== Args={'shot': 'bumper_right'}
2025-05-27 08:07:05,122 : INFO : EventManager : Event: ======'bumpers_lit_hit'====== Args={'shot': 'bumper_right'}
2025-05-27 08:07:05,122 : INFO : EventManager : Event: ======'player_score'====== Args={'value': 14000, 'prev_value': 13000, 'change': 1000, 'player_num': 1, 'source': 'bumpers'}
2025-05-27 08:07:05,177 : INFO : SwitchController : <<<<<<< 's_bumper_right' inactive >>>>>>>
2025-05-27 08:07:05,302 : INFO : SwitchController : <<<<<<< 's_bumper_right' active >>>>>>>
2025-05-27 08:07:05,303 : INFO : EventManager : Event: ======'playfield_active'====== Args={'source': 'bumper_right'}
2025-05-27 08:07:05,303 : INFO : EventManager : Event: ======'unexpected_ball_on_playfield'====== Args={}
2025-05-27 08:07:05,303 : INFO : EventManager : Event: ======'s_bumper_right_active'====== Args={}
2025-05-27 08:07:05,303 : INFO : EventManager : Event: ======'machine_var_audits_switches_s_bumper_right'====== Args={'value': 178, 'prev_value': 177, 'change': 1}
2025-05-27 08:07:05,303 : INFO : EventManager : Event: ======'machine_var_audits_shots_bumper_right'====== Args={'value': 178, 'prev_value': 177, 'change': 1}
2025-05-27 08:07:05,304 : INFO : EventManager : Event: ======'bumper_right_hit'====== Args={'profile': 'default', 'state': 'lit', 'advancing': False}
2025-05-27 08:07:05,304 : INFO : EventManager : Event: ======'bumper_right_default_hit'====== Args={'profile': 'default', 'state': 'lit', 'advancing': False}
2025-05-27 08:07:05,304 : INFO : EventManager : Event: ======'bumper_right_default_lit_hit'====== Args={'profile': 'default', 'state': 'lit', 'advancing': False}
2025-05-27 08:07:05,304 : INFO : EventManager : Event: ======'bumper_right_lit_hit'====== Args={'profile': 'default', 'state': 'lit', 'advancing': False}
2025-05-27 08:07:05,304 : INFO : EventManager : Event: ======'bumpers_hit'====== Args={'shot': 'bumper_right'}
2025-05-27 08:07:05,304 : INFO : EventManager : Event: ======'bumpers_lit_hit'====== Args={'shot': 'bumper_right'}
2025-05-27 08:07:05,304 : INFO : EventManager : Event: ======'player_score'====== Args={'value': 15000, 'prev_value': 14000, 'change': 1000, 'player_num': 1, 'source': 'bumpers'}
2025-05-27 08:07:05,352 : INFO : SwitchController : <<<<<<< 's_bumper_right' inactive >>>>>>>
2025-05-27 08:07:06,265 : INFO : EventManager : Event: ======'balldevice_bd_trough_ball_eject_failed'====== Args={'target': <ball_device.bd_plunger>, 'balls': 1, 'retry': True, 'num_attempts': 1}
2025-05-27 08:07:06,267 : INFO : ball_device.bd_trough : State: waiting_for_target_ready
2025-05-27 08:07:06,268 : INFO : EventManager : Event: ======'balldevice_bd_trough_ball_eject_attempt'====== Args={'balls': 1, 'target': <ball_device.bd_plunger>, 'source': <ball_device.bd_trough>, 'mechanical_eject': False, 'num_attempts': 1}
2025-05-27 08:07:06,269 : INFO : ball_device.bd_trough : State: ejecting
2025-05-27 08:07:06,269 : INFO : ball_device.bd_trough : Ejecting ball to <ball_device.bd_plunger>
2025-05-27 08:07:06,269 : INFO : EventManager : Event: ======'balldevice_bd_trough_ejecting_ball'====== Args={'balls': 1, 'target': <ball_device.bd_plunger>, 'source': <ball_device.bd_trough>, 'mechanical_eject': False, 'num_attempts': 1}
2025-05-27 08:07:06,271 : INFO : ball_device.bd_trough : Wait for ball to leave device
2025-05-27 08:07:06,271 : INFO : coil.c_trough_eject : Pulsing Driver for 10ms (1.0 pulse_power)
2025-05-27 08:07:16,271 : INFO : EventManager : Event: ======'balldevice_bd_trough_ball_eject_failed'====== Args={'target': <ball_device.bd_plunger>, 'balls': 1, 'retry': True, 'num_attempts': 2}
2025-05-27 08:07:16,273 : INFO : ball_device.bd_trough : State: waiting_for_target_ready
2025-05-27 08:07:16,273 : INFO : EventManager : Event: ======'balldevice_bd_trough_ball_eject_attempt'====== Args={'balls': 1, 'target': <ball_device.bd_plunger>, 'source': <ball_device.bd_trough>, 'mechanical_eject': False, 'num_attempts': 2}
2025-05-27 08:07:16,274 : INFO : ball_device.bd_trough : State: ejecting
2025-05-27 08:07:16,274 : INFO : ball_device.bd_trough : Ejecting ball to <ball_device.bd_plunger>
2025-05-27 08:07:16,274 : INFO : EventManager : Event: ======'balldevice_bd_trough_ejecting_ball'====== Args={'balls': 1, 'target': <ball_device.bd_plunger>, 'source': <ball_device.bd_trough>, 'mechanical_eject': False, 'num_attempts': 2}
2025-05-27 08:07:16,277 : INFO : ball_device.bd_trough : Wait for ball to leave device
2025-05-27 08:07:16,277 : INFO : coil.c_trough_eject : Pulsing Driver for 10ms (1.0 pulse_power)
2025-05-27 08:07:16,370 : INFO : Machine : Shutting down...
2025-05-27 08:07:16,370 : INFO : EventManager : Event: ======'shutdown'====== Args={}
2025-05-27 08:07:16,371 : INFO : EventManager : Event: ======'mode_game_will_stop'====== Args={}
2025-05-27 08:07:16,371 : INFO : EventManager : Event: ======'mode_game_stopping'====== Args={}
2025-05-27 08:07:16,372 : INFO : EventManager : Event: ======'mode_base_will_stop'====== Args={}
2025-05-27 08:07:16,372 : INFO : EventManager : Event: ======'mode_base_stopping'====== Args={}
2025-05-27 08:07:16,372 : INFO : EventManager : Event: ======'mode_bumpers_will_stop'====== Args={}
2025-05-27 08:07:16,372 : INFO : EventManager : Event: ======'mode_bumpers_stopping'====== Args={}
2025-05-27 08:07:16,372 : INFO : EventManager : Event: ======'stop_mode_bumpers'====== Args={'priority': 0}
2025-05-27 08:07:16,372 : INFO : Mode.bumpers : Stopped.
2025-05-27 08:07:16,372 : INFO : EventManager : Event: ======'modes_active_modes_changed'====== Args={}
2025-05-27 08:07:16,372 : INFO : EventManager : Event: ======'mode_bumpers_stopped'====== Args={}
2025-05-27 08:07:16,372 : INFO : EventManager : Event: ======'clear'====== Args={'key': 'bumpers'}
2025-05-27 08:07:16,373 : INFO : Mode.base : Stopped.
2025-05-27 08:07:16,373 : INFO : EventManager : Event: ======'modes_active_modes_changed'====== Args={}
2025-05-27 08:07:16,373 : INFO : EventManager : Event: ======'mode_base_stopped'====== Args={}
2025-05-27 08:07:16,373 : INFO : EventManager : Event: ======'clear'====== Args={'key': 'base'}
2025-05-27 08:07:16,373 : INFO : Mode.game : Stopped.
2025-05-27 08:07:16,373 : INFO : EventManager : Event: ======'modes_active_modes_changed'====== Args={}
2025-05-27 08:07:16,373 : INFO : EventManager : Event: ======'mode_game_stopped'====== Args={}
2025-05-27 08:07:16,373 : INFO : EventManager : Event: ======'clear'====== Args={'key': 'game'}
2025-05-27 08:07:16,378 : INFO : root : MPF run loop ended.
