2025-05-12 19:22:04,875 : INFO : root : Loading config.
2025-05-12 19:22:04,877 : INFO : YamlMultifileConfigLoader : Machine config file #1: config.yaml
2025-05-12 19:22:04,877 : INFO : ConfigProcessor : Loading config from cache: /var/folders/hz/r3dl9ms51016zpvrwk611s6m0000gs/T/5d6a457603c6b060ca35237bebf088e1.mpf_cache
2025-05-12 19:22:04,912 : INFO : ConfigProcessor : Loading config from cache: /var/folders/hz/r3dl9ms51016zpvrwk611s6m0000gs/T/6f665ac125edf3618cba9e13a753822f.mpf_cache
2025-05-12 19:22:04,912 : INFO : ConfigProcessor : Loading config from cache: /var/folders/hz/r3dl9ms51016zpvrwk611s6m0000gs/T/87d438dd69d0ef01003c5249e41b5d50.mpf_cache
2025-05-12 19:22:04,912 : INFO : ConfigProcessor : Loading config from cache: /var/folders/hz/r3dl9ms51016zpvrwk611s6m0000gs/T/6f665ac125edf3618cba9e13a753822f.mpf_cache
2025-05-12 19:22:04,913 : INFO : ConfigProcessor : Loading config from cache: /var/folders/hz/r3dl9ms51016zpvrwk611s6m0000gs/T/d9ff39e0ccd80af39f7d36bb6b40dd93.mpf_cache
2025-05-12 19:22:04,913 : INFO : Machine : Mission Pinball Framework Core Engine v0.80.0.dev7
2025-05-12 19:22:04,913 : INFO : Machine : Command line arguments: {'no_load_cache': False, 'create_config_cache': True, 'bcp': True, 'configfile': ['config.yaml'], 'force_assets_load': False, 'platform_integration_test': False, 'jsonlogging': False, 'logfile': 'logs/2025-05-12-19-22-04-mpf-LPCVQLKF70.log', 'pause': False, 'production': False, 'text_ui': False, 'loglevel': 15, 'consoleloglevel': 20, 'force_platform': 'virtual', 'syslog_address': None, 'full_logfile_path': '/Users/michaelcarman/Documents/work/mpf/happy-pinball/logs/2025-05-12-19-22-04-mpf-LPCVQLKF70.log'}
2025-05-12 19:22:04,913 : INFO : Machine : MPF path: /Users/michaelcarman/Documents/work/mpf/mpf/lib/python3.13/site-packages/mpf
2025-05-12 19:22:04,913 : INFO : Machine : Machine path: /Users/michaelcarman/Documents/work/mpf/happy-pinball
2025-05-12 19:22:04,913 : INFO : Machine : Platform: darwin
2025-05-12 19:22:04,913 : INFO : Machine : Python executable location: /Users/michaelcarman/Documents/work/mpf/mpf/bin/python3.13
2025-05-12 19:22:04,913 : INFO : Machine : Python version: 3.13.3 (64-bit)
2025-05-12 19:22:04,913 : INFO : Machine : Initializing MPF...
2025-05-12 19:22:04,942 : INFO : EventManager : Event: ======'machine_var_credits_string'====== Args={'value': 'FREE PLAY', 'prev_value': None, 'change': True}
2025-05-12 19:22:04,949 : INFO : EventManager : Event: ======'machine_var_player1_score'====== Args={'value': 8675309, 'prev_value': None, 'change': True}
2025-05-12 19:22:04,949 : INFO : EventManager : Event: ======'machine_var_player2_score'====== Args={'value': 4321523, 'prev_value': None, 'change': True}
2025-05-12 19:22:04,949 : INFO : EventManager : Event: ======'machine_var_master_volume'====== Args={'value': 0.5, 'prev_value': None, 'change': True}
2025-05-12 19:22:04,949 : INFO : EventManager : Event: ======'machine_var_mpf_version'====== Args={'value': 'Mission Pinball Framework v0.80.0.dev7', 'prev_value': None, 'change': True}
2025-05-12 19:22:04,949 : INFO : EventManager : Event: ======'machine_var_mpf_extended_version'====== Args={'value': 'Mission Pinball Framework v0.80.0.dev7, Config version:6, Show version: 6, BCP version:1.1', 'prev_value': None, 'change': True}
2025-05-12 19:22:04,949 : INFO : EventManager : Event: ======'machine_var_python_version'====== Args={'value': '3.13.3', 'prev_value': None, 'change': True}
2025-05-12 19:22:04,957 : INFO : EventManager : Event: ======'machine_var_platform'====== Args={'value': 'macOS-15.3.1-arm64-arm-64bit-Mach-O', 'prev_value': None, 'change': True}
2025-05-12 19:22:04,957 : INFO : EventManager : Event: ======'machine_var_platform_system'====== Args={'value': 'Darwin', 'prev_value': None, 'change': True}
2025-05-12 19:22:04,957 : INFO : EventManager : Event: ======'machine_var_platform_release'====== Args={'value': '24.3.0', 'prev_value': None, 'change': True}
2025-05-12 19:22:04,957 : INFO : EventManager : Event: ======'machine_var_platform_version'====== Args={'value': 'Darwin Kernel Version 24.3.0: Thu Jan  2 20:24:22 PST 2025; root:xnu-11215.81.4~3/RELEASE_ARM64_T6041', 'prev_value': None, 'change': True}
2025-05-12 19:22:04,957 : INFO : EventManager : Event: ======'machine_var_platform_machine'====== Args={'value': 'arm64', 'prev_value': None, 'change': True}
2025-05-12 19:22:04,957 : INFO : EventManager : Event: ======'machine_var_log_file_path'====== Args={'value': '/Users/michaelcarman/Documents/work/mpf/happy-pinball/logs/2025-05-12-19-22-04-mpf-LPCVQLKF70.log', 'prev_value': None, 'change': True}
2025-05-12 19:22:04,957 : INFO : EventManager : Event: ======'init_phase_1'====== Args={}
2025-05-12 19:22:04,964 : INFO : EventManager : Event: ======'init_phase_2'====== Args={}
2025-05-12 19:22:04,964 : INFO : EventManager : Event: ======'bcp_connection_attempt'====== Args={'name': 'local_display', 'host': 'localhost', 'port': 5050}
2025-05-12 19:22:04,965 : INFO : BCPClientSocket : Connecting BCP to 'local_display' at localhost:5050...
2025-05-12 19:22:12,716 : INFO : BCPClientSocket : Connected BCP to 'local_display' localhost:5050
2025-05-12 19:22:12,718 : INFO : EventManager : Event: ======'bcp_clients_connected'====== Args={}
2025-05-12 19:22:12,719 : INFO : ball_device.bd_plunger : BCH: Initial count: 0
2025-05-12 19:22:12,720 : INFO : ball_device.bd_plunger : State: idle
2025-05-12 19:22:12,721 : INFO : ball_device.bd_trough : BCH: Initial count: 0
2025-05-12 19:22:12,721 : INFO : ball_device.bd_trough : State: idle
2025-05-12 19:22:12,733 : INFO : EventManager : Event: ======'init_phase_3'====== Args={}
2025-05-12 19:22:12,735 : INFO : EventManager : Event: ======'init_phase_4'====== Args={}
2025-05-12 19:22:12,736 : INFO : BallController : Initial balls found: 0
2025-05-12 19:22:12,737 : INFO : EventManager : Event: ======'machine_var_audits_switches_s_flipper_right'====== Args={'value': 0, 'prev_value': None, 'change': True}
2025-05-12 19:22:12,737 : INFO : EventManager : Event: ======'machine_var_audits_switches_s_trough_2'====== Args={'value': 0, 'prev_value': None, 'change': True}
2025-05-12 19:22:12,737 : INFO : EventManager : Event: ======'machine_var_audits_switches_s_trough_3'====== Args={'value': 0, 'prev_value': None, 'change': True}
2025-05-12 19:22:12,737 : INFO : EventManager : Event: ======'machine_var_audits_switches_s_plunger_lane'====== Args={'value': 0, 'prev_value': None, 'change': True}
2025-05-12 19:22:12,737 : INFO : EventManager : Event: ======'machine_var_audits_switches_s_trough_1'====== Args={'value': 0, 'prev_value': None, 'change': True}
2025-05-12 19:22:12,737 : INFO : EventManager : Event: ======'machine_var_audits_switches_s_flipper_left'====== Args={'value': 0, 'prev_value': None, 'change': True}
2025-05-12 19:22:12,737 : INFO : EventManager : Event: ======'machine_var_audits_events_game_started'====== Args={'value': 0, 'prev_value': None, 'change': True}
2025-05-12 19:22:12,737 : INFO : EventManager : Event: ======'machine_var_audits_events_game_ended'====== Args={'value': 0, 'prev_value': None, 'change': True}
2025-05-12 19:22:12,737 : INFO : EventManager : Event: ======'machine_var_audits_player_score'====== Args={'value': {'top': [], 'average': 0, 'total': 0}, 'prev_value': None, 'change': True}
2025-05-12 19:22:12,738 : INFO : EventManager : Event: ======'init_phase_5'====== Args={}
2025-05-12 19:22:12,738 : INFO : EventManager : Event: ======'init_done'====== Args={}
2025-05-12 19:22:12,738 : INFO : EventManager : Event: ======'machine_reset_phase_1'====== Args={}
2025-05-12 19:22:12,745 : INFO : EventManager : Event: ======'machine_reset_phase_2'====== Args={}
2025-05-12 19:22:12,746 : INFO : EventManager : Event: ======'machine_reset_phase_3'====== Args={}
2025-05-12 19:22:12,746 : INFO : EventManager : Event: ======'reset_complete'====== Args={}
2025-05-12 19:22:12,746 : INFO : EventManager : Event: ======'mode_attract_will_start'====== Args={}
2025-05-12 19:22:12,746 : INFO : Timer.attract_carousel_timer : Starting Timer.
2025-05-12 19:22:12,747 : INFO : EventManager : Event: ======'timer_attract_carousel_timer_started'====== Args={'ticks': 0, 'ticks_remaining': 1}
2025-05-12 19:22:12,747 : INFO : EventManager : Event: ======'timer_attract_carousel_timer_tick'====== Args={'ticks': 0, 'ticks_remaining': 1}
2025-05-12 19:22:12,747 : INFO : EventManager : Event: ======'mode_attract_starting'====== Args={}
2025-05-12 19:22:12,747 : INFO : Mode.attract : Started. Priority: 10
2025-05-12 19:22:12,747 : INFO : EventManager : Event: ======'modes_active_modes_changed'====== Args={}
2025-05-12 19:22:12,748 : INFO : EventManager : Event: ======'mode_attract_started'====== Args={}
2025-05-12 19:22:12,748 : INFO : EventManager : Event: ======'collecting_balls_complete'====== Args={}
2025-05-12 19:22:12,749 : INFO : EventManager : Event: ======'item_highlighted'====== Args={'carousel': 'attract', 'direction': None, 'item': 'title'}
2025-05-12 19:22:12,749 : INFO : EventManager : Event: ======'timer_attract_carousel_timer_tick'====== Args={'ticks': 0, 'ticks_remaining': 1}
2025-05-12 19:22:12,749 : INFO : Machine : Starting the main run loop with active modes: [<Mode.attract>]
2025-05-12 19:22:12,795 : INFO : EventManager : Event: ======'slide_attract_created'====== Args={'_from_bcp': True}
2025-05-12 19:22:12,795 : INFO : EventManager : Event: ======'slide__removed'====== Args={'_from_bcp': True}
2025-05-12 19:22:12,796 : INFO : EventManager : Event: ======'slide_attract_active'====== Args={'original_context': 'attract', 'original_calling_context': 'mode_attract_started', 'priority': 10.0, 'cmd': 'slides_play', '_from_bcp': True}
2025-05-12 19:22:14,445 : INFO : SwitchController : <<<<<<< 's_flipper_right' active >>>>>>>
2025-05-12 19:22:14,446 : INFO : EventManager : Event: ======'s_flipper_right_active'====== Args={}
2025-05-12 19:22:14,446 : INFO : EventManager : Event: ======'item_highlighted'====== Args={'carousel': 'attract', 'direction': 'forwards', 'item': 'credits'}
2025-05-12 19:22:14,447 : INFO : EventManager : Event: ======'timer_attract_carousel_timer_tick'====== Args={'ticks': 0, 'ticks_remaining': 1}
2025-05-12 19:22:14,505 : INFO : SwitchController : <<<<<<< 's_flipper_right' inactive >>>>>>>
2025-05-12 19:22:14,831 : INFO : SwitchController : <<<<<<< 's_flipper_right' active >>>>>>>
2025-05-12 19:22:14,831 : INFO : EventManager : Event: ======'s_flipper_right_active'====== Args={}
2025-05-12 19:22:14,832 : INFO : EventManager : Event: ======'item_highlighted'====== Args={'carousel': 'attract', 'direction': 'forwards', 'item': 'last_scores_2p'}
2025-05-12 19:22:14,832 : INFO : EventManager : Event: ======'timer_attract_carousel_timer_tick'====== Args={'ticks': 0, 'ticks_remaining': 1}
2025-05-12 19:22:14,905 : INFO : SwitchController : <<<<<<< 's_flipper_right' inactive >>>>>>>
2025-05-12 19:22:19,833 : INFO : Timer.attract_carousel_timer : Timer Complete
2025-05-12 19:22:19,833 : INFO : Timer.attract_carousel_timer : Stopping Timer
2025-05-12 19:22:19,833 : INFO : EventManager : Event: ======'timer_attract_carousel_timer_stopped'====== Args={'ticks': 1, 'ticks_remaining': 1}
2025-05-12 19:22:19,834 : INFO : EventManager : Event: ======'timer_attract_carousel_timer_complete'====== Args={'ticks': 1, 'ticks_remaining': 1}
2025-05-12 19:22:19,834 : INFO : EventManager : Event: ======'item_highlighted'====== Args={'carousel': 'attract', 'direction': 'forwards', 'item': 'mpf_logo'}
2025-05-12 19:22:19,835 : INFO : Timer.attract_carousel_timer : Starting Timer.
2025-05-12 19:22:19,835 : INFO : EventManager : Event: ======'timer_attract_carousel_timer_started'====== Args={'ticks': 0, 'ticks_remaining': 1}
2025-05-12 19:22:19,835 : INFO : EventManager : Event: ======'timer_attract_carousel_timer_tick'====== Args={'ticks': 0, 'ticks_remaining': 1}
2025-05-12 19:22:21,448 : INFO : SwitchController : <<<<<<< 's_flipper_right' active >>>>>>>
2025-05-12 19:22:21,449 : INFO : EventManager : Event: ======'s_flipper_right_active'====== Args={}
2025-05-12 19:22:21,449 : INFO : EventManager : Event: ======'item_highlighted'====== Args={'carousel': 'attract', 'direction': 'forwards', 'item': 'title'}
2025-05-12 19:22:21,450 : INFO : EventManager : Event: ======'timer_attract_carousel_timer_tick'====== Args={'ticks': 0, 'ticks_remaining': 1}
2025-05-12 19:22:21,580 : INFO : SwitchController : <<<<<<< 's_flipper_right' inactive >>>>>>>
2025-05-12 19:22:21,831 : INFO : SwitchController : <<<<<<< 's_flipper_right' active >>>>>>>
2025-05-12 19:22:21,831 : INFO : EventManager : Event: ======'s_flipper_right_active'====== Args={}
2025-05-12 19:22:21,832 : INFO : EventManager : Event: ======'item_highlighted'====== Args={'carousel': 'attract', 'direction': 'forwards', 'item': 'credits'}
2025-05-12 19:22:21,832 : INFO : EventManager : Event: ======'timer_attract_carousel_timer_tick'====== Args={'ticks': 0, 'ticks_remaining': 1}
2025-05-12 19:22:21,913 : INFO : SwitchController : <<<<<<< 's_flipper_right' inactive >>>>>>>
2025-05-12 19:22:22,238 : INFO : SwitchController : <<<<<<< 's_flipper_right' active >>>>>>>
2025-05-12 19:22:22,239 : INFO : EventManager : Event: ======'s_flipper_right_active'====== Args={}
2025-05-12 19:22:22,239 : INFO : EventManager : Event: ======'item_highlighted'====== Args={'carousel': 'attract', 'direction': 'forwards', 'item': 'last_scores_2p'}
2025-05-12 19:22:22,240 : INFO : EventManager : Event: ======'timer_attract_carousel_timer_tick'====== Args={'ticks': 0, 'ticks_remaining': 1}
2025-05-12 19:22:22,346 : INFO : SwitchController : <<<<<<< 's_flipper_right' inactive >>>>>>>
2025-05-12 19:22:27,241 : INFO : Timer.attract_carousel_timer : Timer Complete
2025-05-12 19:22:27,241 : INFO : Timer.attract_carousel_timer : Stopping Timer
2025-05-12 19:22:27,241 : INFO : EventManager : Event: ======'timer_attract_carousel_timer_stopped'====== Args={'ticks': 1, 'ticks_remaining': 1}
2025-05-12 19:22:27,241 : INFO : EventManager : Event: ======'timer_attract_carousel_timer_complete'====== Args={'ticks': 1, 'ticks_remaining': 1}
2025-05-12 19:22:27,242 : INFO : EventManager : Event: ======'item_highlighted'====== Args={'carousel': 'attract', 'direction': 'forwards', 'item': 'mpf_logo'}
2025-05-12 19:22:27,243 : INFO : Timer.attract_carousel_timer : Starting Timer.
2025-05-12 19:22:27,243 : INFO : EventManager : Event: ======'timer_attract_carousel_timer_started'====== Args={'ticks': 0, 'ticks_remaining': 1}
2025-05-12 19:22:27,243 : INFO : EventManager : Event: ======'timer_attract_carousel_timer_tick'====== Args={'ticks': 0, 'ticks_remaining': 1}
2025-05-12 19:22:29,289 : INFO : SwitchController : <<<<<<< 's_flipper_right' active >>>>>>>
2025-05-12 19:22:29,289 : INFO : EventManager : Event: ======'s_flipper_right_active'====== Args={}
2025-05-12 19:22:29,290 : INFO : EventManager : Event: ======'item_highlighted'====== Args={'carousel': 'attract', 'direction': 'forwards', 'item': 'title'}
2025-05-12 19:22:29,290 : INFO : EventManager : Event: ======'timer_attract_carousel_timer_tick'====== Args={'ticks': 0, 'ticks_remaining': 1}
2025-05-12 19:22:29,405 : INFO : SwitchController : <<<<<<< 's_flipper_right' inactive >>>>>>>
2025-05-12 19:22:29,664 : INFO : SwitchController : <<<<<<< 's_flipper_right' active >>>>>>>
2025-05-12 19:22:29,664 : INFO : EventManager : Event: ======'s_flipper_right_active'====== Args={}
2025-05-12 19:22:29,665 : INFO : EventManager : Event: ======'item_highlighted'====== Args={'carousel': 'attract', 'direction': 'forwards', 'item': 'credits'}
2025-05-12 19:22:29,666 : INFO : EventManager : Event: ======'timer_attract_carousel_timer_tick'====== Args={'ticks': 0, 'ticks_remaining': 1}
2025-05-12 19:22:29,755 : INFO : SwitchController : <<<<<<< 's_flipper_right' inactive >>>>>>>
2025-05-12 19:22:30,064 : INFO : SwitchController : <<<<<<< 's_flipper_right' active >>>>>>>
2025-05-12 19:22:30,064 : INFO : EventManager : Event: ======'s_flipper_right_active'====== Args={}
2025-05-12 19:22:30,064 : INFO : EventManager : Event: ======'item_highlighted'====== Args={'carousel': 'attract', 'direction': 'forwards', 'item': 'last_scores_2p'}
2025-05-12 19:22:30,065 : INFO : EventManager : Event: ======'timer_attract_carousel_timer_tick'====== Args={'ticks': 0, 'ticks_remaining': 1}
2025-05-12 19:22:30,147 : INFO : SwitchController : <<<<<<< 's_flipper_right' inactive >>>>>>>
2025-05-12 19:22:35,066 : INFO : Timer.attract_carousel_timer : Timer Complete
2025-05-12 19:22:35,066 : INFO : Timer.attract_carousel_timer : Stopping Timer
2025-05-12 19:22:35,066 : INFO : EventManager : Event: ======'timer_attract_carousel_timer_stopped'====== Args={'ticks': 1, 'ticks_remaining': 1}
2025-05-12 19:22:35,066 : INFO : EventManager : Event: ======'timer_attract_carousel_timer_complete'====== Args={'ticks': 1, 'ticks_remaining': 1}
2025-05-12 19:22:35,067 : INFO : EventManager : Event: ======'item_highlighted'====== Args={'carousel': 'attract', 'direction': 'forwards', 'item': 'mpf_logo'}
2025-05-12 19:22:35,068 : INFO : Timer.attract_carousel_timer : Starting Timer.
2025-05-12 19:22:35,068 : INFO : EventManager : Event: ======'timer_attract_carousel_timer_started'====== Args={'ticks': 0, 'ticks_remaining': 1}
2025-05-12 19:22:35,068 : INFO : EventManager : Event: ======'timer_attract_carousel_timer_tick'====== Args={'ticks': 0, 'ticks_remaining': 1}
2025-05-12 19:22:35,681 : INFO : SwitchController : <<<<<<< 's_flipper_right' active >>>>>>>
2025-05-12 19:22:35,681 : INFO : EventManager : Event: ======'s_flipper_right_active'====== Args={}
2025-05-12 19:22:35,682 : INFO : EventManager : Event: ======'item_highlighted'====== Args={'carousel': 'attract', 'direction': 'forwards', 'item': 'title'}
2025-05-12 19:22:35,683 : INFO : EventManager : Event: ======'timer_attract_carousel_timer_tick'====== Args={'ticks': 0, 'ticks_remaining': 1}
2025-05-12 19:22:35,806 : INFO : SwitchController : <<<<<<< 's_flipper_right' inactive >>>>>>>
2025-05-12 19:22:35,972 : INFO : SwitchController : <<<<<<< 's_flipper_right' active >>>>>>>
2025-05-12 19:22:35,973 : INFO : EventManager : Event: ======'s_flipper_right_active'====== Args={}
2025-05-12 19:22:35,973 : INFO : EventManager : Event: ======'item_highlighted'====== Args={'carousel': 'attract', 'direction': 'forwards', 'item': 'credits'}
2025-05-12 19:22:35,974 : INFO : EventManager : Event: ======'timer_attract_carousel_timer_tick'====== Args={'ticks': 0, 'ticks_remaining': 1}
2025-05-12 19:22:36,089 : INFO : SwitchController : <<<<<<< 's_flipper_right' inactive >>>>>>>
2025-05-12 19:22:36,312 : INFO : SwitchController : <<<<<<< 's_flipper_right' active >>>>>>>
2025-05-12 19:22:36,313 : INFO : EventManager : Event: ======'s_flipper_right_active'====== Args={}
2025-05-12 19:22:36,313 : INFO : EventManager : Event: ======'item_highlighted'====== Args={'carousel': 'attract', 'direction': 'forwards', 'item': 'last_scores_2p'}
2025-05-12 19:22:36,313 : INFO : EventManager : Event: ======'timer_attract_carousel_timer_tick'====== Args={'ticks': 0, 'ticks_remaining': 1}
2025-05-12 19:22:36,404 : INFO : SwitchController : <<<<<<< 's_flipper_right' inactive >>>>>>>
2025-05-12 19:22:38,613 : INFO : SwitchController : <<<<<<< 's_flipper_right' active >>>>>>>
2025-05-12 19:22:38,613 : INFO : EventManager : Event: ======'s_flipper_right_active'====== Args={}
2025-05-12 19:22:38,614 : INFO : EventManager : Event: ======'item_highlighted'====== Args={'carousel': 'attract', 'direction': 'forwards', 'item': 'mpf_logo'}
2025-05-12 19:22:38,614 : INFO : EventManager : Event: ======'timer_attract_carousel_timer_tick'====== Args={'ticks': 0, 'ticks_remaining': 1}
2025-05-12 19:22:38,695 : INFO : SwitchController : <<<<<<< 's_flipper_right' inactive >>>>>>>
2025-05-12 19:22:38,997 : INFO : SwitchController : <<<<<<< 's_flipper_right' active >>>>>>>
2025-05-12 19:22:38,997 : INFO : EventManager : Event: ======'s_flipper_right_active'====== Args={}
2025-05-12 19:22:38,998 : INFO : EventManager : Event: ======'item_highlighted'====== Args={'carousel': 'attract', 'direction': 'forwards', 'item': 'title'}
2025-05-12 19:22:38,999 : INFO : EventManager : Event: ======'timer_attract_carousel_timer_tick'====== Args={'ticks': 0, 'ticks_remaining': 1}
2025-05-12 19:22:39,089 : INFO : SwitchController : <<<<<<< 's_flipper_right' inactive >>>>>>>
2025-05-12 19:22:39,406 : INFO : SwitchController : <<<<<<< 's_flipper_right' active >>>>>>>
2025-05-12 19:22:39,406 : INFO : EventManager : Event: ======'s_flipper_right_active'====== Args={}
2025-05-12 19:22:39,407 : INFO : EventManager : Event: ======'item_highlighted'====== Args={'carousel': 'attract', 'direction': 'forwards', 'item': 'credits'}
2025-05-12 19:22:39,407 : INFO : EventManager : Event: ======'timer_attract_carousel_timer_tick'====== Args={'ticks': 0, 'ticks_remaining': 1}
2025-05-12 19:22:39,480 : INFO : SwitchController : <<<<<<< 's_flipper_right' inactive >>>>>>>
2025-05-12 19:22:39,839 : INFO : SwitchController : <<<<<<< 's_flipper_right' active >>>>>>>
2025-05-12 19:22:39,839 : INFO : EventManager : Event: ======'s_flipper_right_active'====== Args={}
2025-05-12 19:22:39,839 : INFO : EventManager : Event: ======'item_highlighted'====== Args={'carousel': 'attract', 'direction': 'forwards', 'item': 'last_scores_2p'}
2025-05-12 19:22:39,840 : INFO : EventManager : Event: ======'timer_attract_carousel_timer_tick'====== Args={'ticks': 0, 'ticks_remaining': 1}
2025-05-12 19:22:39,922 : INFO : SwitchController : <<<<<<< 's_flipper_right' inactive >>>>>>>
2025-05-12 19:22:40,406 : INFO : SwitchController : <<<<<<< 's_flipper_right' active >>>>>>>
2025-05-12 19:22:40,406 : INFO : EventManager : Event: ======'s_flipper_right_active'====== Args={}
2025-05-12 19:22:40,407 : INFO : EventManager : Event: ======'item_highlighted'====== Args={'carousel': 'attract', 'direction': 'forwards', 'item': 'mpf_logo'}
2025-05-12 19:22:40,408 : INFO : EventManager : Event: ======'timer_attract_carousel_timer_tick'====== Args={'ticks': 0, 'ticks_remaining': 1}
2025-05-12 19:22:40,489 : INFO : SwitchController : <<<<<<< 's_flipper_right' inactive >>>>>>>
2025-05-12 19:22:41,614 : INFO : SwitchController : <<<<<<< 's_flipper_right' active >>>>>>>
2025-05-12 19:22:41,614 : INFO : EventManager : Event: ======'s_flipper_right_active'====== Args={}
2025-05-12 19:22:41,615 : INFO : EventManager : Event: ======'item_highlighted'====== Args={'carousel': 'attract', 'direction': 'forwards', 'item': 'title'}
2025-05-12 19:22:41,616 : INFO : EventManager : Event: ======'timer_attract_carousel_timer_tick'====== Args={'ticks': 0, 'ticks_remaining': 1}
2025-05-12 19:22:41,721 : INFO : SwitchController : <<<<<<< 's_flipper_right' inactive >>>>>>>
2025-05-12 19:22:42,055 : INFO : SwitchController : <<<<<<< 's_flipper_right' active >>>>>>>
2025-05-12 19:22:42,056 : INFO : EventManager : Event: ======'s_flipper_right_active'====== Args={}
2025-05-12 19:22:42,056 : INFO : EventManager : Event: ======'item_highlighted'====== Args={'carousel': 'attract', 'direction': 'forwards', 'item': 'credits'}
2025-05-12 19:22:42,057 : INFO : EventManager : Event: ======'timer_attract_carousel_timer_tick'====== Args={'ticks': 0, 'ticks_remaining': 1}
2025-05-12 19:22:42,147 : INFO : SwitchController : <<<<<<< 's_flipper_right' inactive >>>>>>>
2025-05-12 19:22:42,339 : INFO : SwitchController : <<<<<<< 's_flipper_right' active >>>>>>>
2025-05-12 19:22:42,339 : INFO : EventManager : Event: ======'s_flipper_right_active'====== Args={}
2025-05-12 19:22:42,340 : INFO : EventManager : Event: ======'item_highlighted'====== Args={'carousel': 'attract', 'direction': 'forwards', 'item': 'last_scores_2p'}
2025-05-12 19:22:42,341 : INFO : EventManager : Event: ======'timer_attract_carousel_timer_tick'====== Args={'ticks': 0, 'ticks_remaining': 1}
2025-05-12 19:22:42,439 : INFO : SwitchController : <<<<<<< 's_flipper_right' inactive >>>>>>>
2025-05-12 19:22:42,697 : INFO : SwitchController : <<<<<<< 's_flipper_right' active >>>>>>>
2025-05-12 19:22:42,697 : INFO : EventManager : Event: ======'s_flipper_right_active'====== Args={}
2025-05-12 19:22:42,698 : INFO : EventManager : Event: ======'item_highlighted'====== Args={'carousel': 'attract', 'direction': 'forwards', 'item': 'mpf_logo'}
2025-05-12 19:22:42,699 : INFO : EventManager : Event: ======'timer_attract_carousel_timer_tick'====== Args={'ticks': 0, 'ticks_remaining': 1}
2025-05-12 19:22:42,773 : INFO : SwitchController : <<<<<<< 's_flipper_right' inactive >>>>>>>
2025-05-12 19:22:46,772 : INFO : Machine : Shutting down...
2025-05-12 19:22:46,772 : INFO : EventManager : Event: ======'shutdown'====== Args={}
2025-05-12 19:22:46,775 : INFO : root : MPF run loop ended.
