2025-05-12 21:54:47,466 : INFO : root : Loading config.
2025-05-12 21:54:47,468 : INFO : YamlMultifileConfigLoader : Machine config file #1: config.yaml
2025-05-12 21:54:47,468 : INFO : ConfigProcessor : Loading config from cache: /var/folders/hz/r3dl9ms51016zpvrwk611s6m0000gs/T/5d6a457603c6b060ca35237bebf088e1.mpf_cache
2025-05-12 21:54:47,492 : WARNING : ConfigProcessor : Config file in cache changed: /Users/michaelcarman/Documents/work/mpf/happy-pinball/modes/attract/config/attract.yaml
2025-05-12 21:54:47,492 : INFO : ConfigProcessor : Loading config from file /Users/michaelcarman/Documents/work/mpf/mpf/lib/python3.13/site-packages/mpf/modes/attract/config/attract.yaml.
2025-05-12 21:54:47,494 : INFO : ConfigProcessor : Loading config: /Users/michaelcarman/Documents/work/mpf/mpf/lib/python3.13/site-packages/mpf/modes/attract/config/attract.yaml
2025-05-12 21:54:47,494 : INFO : ConfigProcessor : Loading config from file /Users/michaelcarman/Documents/work/mpf/happy-pinball/modes/attract/config/attract.yaml.
2025-05-12 21:54:47,495 : INFO : ConfigProcessor : Loading config: /Users/michaelcarman/Documents/work/mpf/happy-pinball/modes/attract/config/attract.yaml
2025-05-12 21:54:47,495 : INFO : ConfigProcessor : Config file cache created: /var/folders/hz/r3dl9ms51016zpvrwk611s6m0000gs/T/6f665ac125edf3618cba9e13a753822f.mpf_cache
2025-05-12 21:54:47,495 : INFO : ConfigProcessor : Loading config from cache: /var/folders/hz/r3dl9ms51016zpvrwk611s6m0000gs/T/87d438dd69d0ef01003c5249e41b5d50.mpf_cache
2025-05-12 21:54:47,496 : INFO : ConfigProcessor : Loading config from cache: /var/folders/hz/r3dl9ms51016zpvrwk611s6m0000gs/T/6f665ac125edf3618cba9e13a753822f.mpf_cache
2025-05-12 21:54:47,496 : INFO : ConfigProcessor : Loading config from cache: /var/folders/hz/r3dl9ms51016zpvrwk611s6m0000gs/T/d9ff39e0ccd80af39f7d36bb6b40dd93.mpf_cache
2025-05-12 21:54:47,496 : INFO : ConfigProcessor : Loading config from cache: /var/folders/hz/r3dl9ms51016zpvrwk611s6m0000gs/T/ac07971a64f12a0788c85bcc38792825.mpf_cache
2025-05-12 21:54:47,496 : INFO : Machine : Mission Pinball Framework Core Engine v0.80.0.dev7
2025-05-12 21:54:47,496 : INFO : Machine : Command line arguments: {'no_load_cache': False, 'create_config_cache': True, 'bcp': True, 'configfile': ['config.yaml'], 'force_assets_load': False, 'platform_integration_test': False, 'jsonlogging': False, 'logfile': 'logs/2025-05-12-21-54-47-mpf-LPCVQLKF70.log', 'pause': False, 'production': False, 'text_ui': False, 'loglevel': 15, 'consoleloglevel': 20, 'force_platform': 'virtual', 'syslog_address': None, 'full_logfile_path': '/Users/michaelcarman/Documents/work/mpf/happy-pinball/logs/2025-05-12-21-54-47-mpf-LPCVQLKF70.log'}
2025-05-12 21:54:47,496 : INFO : Machine : MPF path: /Users/michaelcarman/Documents/work/mpf/mpf/lib/python3.13/site-packages/mpf
2025-05-12 21:54:47,496 : INFO : Machine : Machine path: /Users/michaelcarman/Documents/work/mpf/happy-pinball
2025-05-12 21:54:47,496 : INFO : Machine : Platform: darwin
2025-05-12 21:54:47,496 : INFO : Machine : Python executable location: /Users/michaelcarman/Documents/work/mpf/mpf/bin/python3.13
2025-05-12 21:54:47,496 : INFO : Machine : Python version: 3.13.3 (64-bit)
2025-05-12 21:54:47,496 : INFO : Machine : Initializing MPF...
2025-05-12 21:54:47,518 : INFO : EventManager : Event: ======'machine_var_credits_string'====== Args={'value': 'FREE PLAY', 'prev_value': None, 'change': True}
2025-05-12 21:54:47,527 : INFO : EventManager : Event: ======'machine_var_player1_score'====== Args={'value': 8675309, 'prev_value': None, 'change': True}
2025-05-12 21:54:47,527 : INFO : EventManager : Event: ======'machine_var_player2_score'====== Args={'value': 4321523, 'prev_value': None, 'change': True}
2025-05-12 21:54:47,527 : INFO : EventManager : Event: ======'machine_var_master_volume'====== Args={'value': 0.5, 'prev_value': None, 'change': True}
2025-05-12 21:54:47,527 : INFO : EventManager : Event: ======'machine_var_mpf_version'====== Args={'value': 'Mission Pinball Framework v0.80.0.dev7', 'prev_value': None, 'change': True}
2025-05-12 21:54:47,527 : INFO : EventManager : Event: ======'machine_var_mpf_extended_version'====== Args={'value': 'Mission Pinball Framework v0.80.0.dev7, Config version:6, Show version: 6, BCP version:1.1', 'prev_value': None, 'change': True}
2025-05-12 21:54:47,527 : INFO : EventManager : Event: ======'machine_var_python_version'====== Args={'value': '3.13.3', 'prev_value': None, 'change': True}
2025-05-12 21:54:47,538 : INFO : EventManager : Event: ======'machine_var_platform'====== Args={'value': 'macOS-15.3.1-arm64-arm-64bit-Mach-O', 'prev_value': None, 'change': True}
2025-05-12 21:54:47,538 : INFO : EventManager : Event: ======'machine_var_platform_system'====== Args={'value': 'Darwin', 'prev_value': None, 'change': True}
2025-05-12 21:54:47,538 : INFO : EventManager : Event: ======'machine_var_platform_release'====== Args={'value': '24.3.0', 'prev_value': None, 'change': True}
2025-05-12 21:54:47,538 : INFO : EventManager : Event: ======'machine_var_platform_version'====== Args={'value': 'Darwin Kernel Version 24.3.0: Thu Jan  2 20:24:22 PST 2025; root:xnu-11215.81.4~3/RELEASE_ARM64_T6041', 'prev_value': None, 'change': True}
2025-05-12 21:54:47,538 : INFO : EventManager : Event: ======'machine_var_platform_machine'====== Args={'value': 'arm64', 'prev_value': None, 'change': True}
2025-05-12 21:54:47,538 : INFO : EventManager : Event: ======'machine_var_log_file_path'====== Args={'value': '/Users/michaelcarman/Documents/work/mpf/happy-pinball/logs/2025-05-12-21-54-47-mpf-LPCVQLKF70.log', 'prev_value': None, 'change': True}
2025-05-12 21:54:47,538 : INFO : EventManager : Event: ======'init_phase_1'====== Args={}
2025-05-12 21:54:47,546 : INFO : EventManager : Event: ======'init_phase_2'====== Args={}
2025-05-12 21:54:47,546 : INFO : SwitchController : Found active switch: (1006, <Platform.Virtual>) <switch.s_trough_1>
2025-05-12 21:54:47,546 : INFO : SwitchController : Found active switch: (1007, <Platform.Virtual>) <switch.s_trough_2>
2025-05-12 21:54:47,546 : INFO : SwitchController : Found active switch: (1008, <Platform.Virtual>) <switch.s_trough_3>
2025-05-12 21:54:47,547 : INFO : EventManager : Event: ======'bcp_connection_attempt'====== Args={'name': 'local_display', 'host': 'localhost', 'port': 5050}
2025-05-12 21:54:47,547 : INFO : BCPClientSocket : Connecting BCP to 'local_display' at localhost:5050...
2025-05-12 21:54:50,547 : INFO : BCPClientSocket : Connected BCP to 'local_display' localhost:5050
2025-05-12 21:54:50,548 : INFO : EventManager : Event: ======'bcp_clients_connected'====== Args={}
2025-05-12 21:54:50,549 : INFO : ball_device.bd_plunger : BCH: Initial count: 0
2025-05-12 21:54:50,549 : INFO : ball_device.bd_plunger : State: idle
2025-05-12 21:54:50,550 : INFO : ball_device.bd_trough : BCH: Initial count: 3
2025-05-12 21:54:50,550 : INFO : ball_device.bd_trough : State: idle
2025-05-12 21:54:50,563 : INFO : EventManager : Event: ======'init_phase_3'====== Args={}
2025-05-12 21:54:50,566 : INFO : EventManager : Event: ======'init_phase_4'====== Args={}
2025-05-12 21:54:50,566 : INFO : BallController : Initial balls found: 3
2025-05-12 21:54:50,567 : INFO : EventManager : Event: ======'machine_var_audits_events_game_ended'====== Args={'value': 0, 'prev_value': None, 'change': True}
2025-05-12 21:54:50,567 : INFO : EventManager : Event: ======'machine_var_audits_events_game_started'====== Args={'value': 16, 'prev_value': None, 'change': True}
2025-05-12 21:54:50,568 : INFO : EventManager : Event: ======'machine_var_audits_missing_switches_s_bumper_left'====== Args={'value': 4, 'prev_value': None, 'change': True}
2025-05-12 21:54:50,568 : INFO : EventManager : Event: ======'machine_var_audits_missing_switches_s_bumper_right'====== Args={'value': 4, 'prev_value': None, 'change': True}
2025-05-12 21:54:50,568 : INFO : EventManager : Event: ======'machine_var_audits_missing_switches_s_flipper_left'====== Args={'value': 16, 'prev_value': None, 'change': True}
2025-05-12 21:54:50,568 : INFO : EventManager : Event: ======'machine_var_audits_missing_switches_s_flipper_right'====== Args={'value': 16, 'prev_value': None, 'change': True}
2025-05-12 21:54:50,568 : INFO : EventManager : Event: ======'machine_var_audits_missing_switches_s_left_lane'====== Args={'value': 6, 'prev_value': None, 'change': True}
2025-05-12 21:54:50,568 : INFO : EventManager : Event: ======'machine_var_audits_missing_switches_s_plunger_lane'====== Args={'value': 16, 'prev_value': None, 'change': True}
2025-05-12 21:54:50,568 : INFO : EventManager : Event: ======'machine_var_audits_missing_switches_s_start'====== Args={'value': 2, 'prev_value': None, 'change': True}
2025-05-12 21:54:50,568 : INFO : EventManager : Event: ======'machine_var_audits_missing_switches_s_trough_1'====== Args={'value': 16, 'prev_value': None, 'change': True}
2025-05-12 21:54:50,568 : INFO : EventManager : Event: ======'machine_var_audits_missing_switches_s_trough_2'====== Args={'value': 16, 'prev_value': None, 'change': True}
2025-05-12 21:54:50,568 : INFO : EventManager : Event: ======'machine_var_audits_missing_switches_s_trough_3'====== Args={'value': 16, 'prev_value': None, 'change': True}
2025-05-12 21:54:50,568 : INFO : EventManager : Event: ======'machine_var_audits_player_score'====== Args={'value': {'average': 0, 'top': [], 'total': 0}, 'prev_value': None, 'change': True}
2025-05-12 21:54:50,568 : INFO : EventManager : Event: ======'machine_var_audits_shots_bumper_left'====== Args={'value': 35, 'prev_value': None, 'change': True}
2025-05-12 21:54:50,568 : INFO : EventManager : Event: ======'machine_var_audits_shots_bumper_right'====== Args={'value': 46, 'prev_value': None, 'change': True}
2025-05-12 21:54:50,568 : INFO : EventManager : Event: ======'machine_var_audits_switches_s_bumper_left'====== Args={'value': 35, 'prev_value': None, 'change': True}
2025-05-12 21:54:50,568 : INFO : EventManager : Event: ======'machine_var_audits_switches_s_bumper_right'====== Args={'value': 46, 'prev_value': None, 'change': True}
2025-05-12 21:54:50,568 : INFO : EventManager : Event: ======'machine_var_audits_switches_s_flipper_left'====== Args={'value': 0, 'prev_value': None, 'change': True}
2025-05-12 21:54:50,568 : INFO : EventManager : Event: ======'machine_var_audits_switches_s_flipper_right'====== Args={'value': 0, 'prev_value': None, 'change': True}
2025-05-12 21:54:50,568 : INFO : EventManager : Event: ======'machine_var_audits_switches_s_left_lane'====== Args={'value': 17, 'prev_value': None, 'change': True}
2025-05-12 21:54:50,568 : INFO : EventManager : Event: ======'machine_var_audits_switches_s_plunger_lane'====== Args={'value': 0, 'prev_value': None, 'change': True}
2025-05-12 21:54:50,568 : INFO : EventManager : Event: ======'machine_var_audits_switches_s_start'====== Args={'value': 9, 'prev_value': None, 'change': True}
2025-05-12 21:54:50,568 : INFO : EventManager : Event: ======'machine_var_audits_switches_s_trough_1'====== Args={'value': 0, 'prev_value': None, 'change': True}
2025-05-12 21:54:50,568 : INFO : EventManager : Event: ======'machine_var_audits_switches_s_trough_2'====== Args={'value': 0, 'prev_value': None, 'change': True}
2025-05-12 21:54:50,568 : INFO : EventManager : Event: ======'machine_var_audits_switches_s_trough_3'====== Args={'value': 0, 'prev_value': None, 'change': True}
2025-05-12 21:54:50,569 : INFO : EventManager : Event: ======'init_phase_5'====== Args={}
2025-05-12 21:54:50,569 : INFO : EventManager : Event: ======'init_done'====== Args={}
2025-05-12 21:54:50,570 : INFO : EventManager : Event: ======'machine_reset_phase_1'====== Args={}
2025-05-12 21:54:50,575 : INFO : EventManager : Event: ======'machine_reset_phase_2'====== Args={}
2025-05-12 21:54:50,575 : INFO : EventManager : Event: ======'machine_reset_phase_3'====== Args={}
2025-05-12 21:54:50,575 : INFO : EventManager : Event: ======'reset_complete'====== Args={}
2025-05-12 21:54:50,575 : INFO : EventManager : Event: ======'mode_attract_will_start'====== Args={}
2025-05-12 21:54:50,576 : INFO : Timer.attract_carousel_timer : Starting Timer.
2025-05-12 21:54:50,576 : INFO : EventManager : Event: ======'timer_attract_carousel_timer_started'====== Args={'ticks': 0, 'ticks_remaining': 1}
2025-05-12 21:54:50,576 : INFO : EventManager : Event: ======'timer_attract_carousel_timer_tick'====== Args={'ticks': 0, 'ticks_remaining': 1}
2025-05-12 21:54:50,577 : INFO : EventManager : Event: ======'mode_attract_starting'====== Args={}
2025-05-12 21:54:50,577 : INFO : Mode.attract : Started. Priority: 10
2025-05-12 21:54:50,577 : INFO : EventManager : Event: ======'modes_active_modes_changed'====== Args={}
2025-05-12 21:54:50,577 : INFO : EventManager : Event: ======'mode_attract_started'====== Args={}
2025-05-12 21:54:50,577 : INFO : EventManager : Event: ======'collecting_balls_complete'====== Args={}
2025-05-12 21:54:50,578 : INFO : EventManager : Event: ======'item_highlighted'====== Args={'carousel': 'attract', 'direction': None, 'item': 'title'}
2025-05-12 21:54:50,578 : INFO : EventManager : Event: ======'timer_attract_carousel_timer_tick'====== Args={'ticks': 0, 'ticks_remaining': 1}
2025-05-12 21:54:50,579 : INFO : Machine : Starting the main run loop with active modes: [<Mode.attract>]
2025-05-12 21:54:50,608 : INFO : EventManager : Event: ======'slide_attract_created'====== Args={'_from_bcp': True}
2025-05-12 21:54:50,608 : INFO : EventManager : Event: ======'slide__removed'====== Args={'_from_bcp': True}
2025-05-12 21:54:50,609 : INFO : EventManager : Event: ======'slide_attract_active'====== Args={'original_context': 'attract', 'original_calling_context': 'mode_attract_started', 'priority': 10.0, 'cmd': 'slides_play', '_from_bcp': True}
2025-05-12 21:54:51,767 : INFO : SwitchController : <<<<<<< 's_start' active >>>>>>>
2025-05-12 21:54:51,821 : INFO : SwitchController : <<<<<<< 's_start' inactive >>>>>>>
2025-05-12 21:54:51,821 : INFO : EventManager : Event: ======'request_to_start_game'====== Args={}
2025-05-12 21:54:51,822 : INFO : EventManager : Event: ======'game_start'====== Args={'buttons': [], 'hold_time': 0.05339566699694842}
2025-05-12 21:54:51,822 : INFO : EventManager : Event: ======'mode_game_will_start'====== Args={'buttons': [], 'hold_time': 0.05339566699694842}
2025-05-12 21:54:51,824 : INFO : EventManager : Event: ======'mode_game_starting'====== Args={'buttons': [], 'hold_time': 0.05339566699694842}
2025-05-12 21:54:51,824 : INFO : EventManager : Event: ======'mode_attract_will_stop'====== Args={}
2025-05-12 21:54:51,824 : INFO : EventManager : Event: ======'mode_attract_stopping'====== Args={}
2025-05-12 21:54:51,824 : INFO : Mode.attract : Stopped.
2025-05-12 21:54:51,824 : INFO : EventManager : Event: ======'modes_active_modes_changed'====== Args={}
2025-05-12 21:54:51,825 : INFO : EventManager : Event: ======'mode_attract_stopped'====== Args={}
2025-05-12 21:54:51,826 : INFO : EventManager : Event: ======'clear'====== Args={'key': 'attract'}
2025-05-12 21:54:51,826 : INFO : Timer.attract_carousel_timer : Stopping Timer
2025-05-12 21:54:51,826 : INFO : EventManager : Event: ======'timer_attract_carousel_timer_stopped'====== Args={'ticks': 0, 'ticks_remaining': 1}
2025-05-12 21:54:51,826 : INFO : Mode.game : Started. Priority: 20
2025-05-12 21:54:51,826 : INFO : EventManager : Event: ======'modes_active_modes_changed'====== Args={}
2025-05-12 21:54:51,827 : INFO : EventManager : Event: ======'mode_game_started'====== Args={'buttons': [], 'hold_time': 0.05339566699694842}
2025-05-12 21:54:51,830 : INFO : EventManager : Event: ======'game_will_start'====== Args={}
2025-05-12 21:54:51,830 : INFO : EventManager : Event: ======'game_starting'====== Args={'game': <Mode.game>}
2025-05-12 21:54:51,831 : INFO : EventManager : Unordered handler for class <Auditor> on event game_ended with priority 1. Handlers: [RegisteredHandler(callback=<bound method Auditor.disable of <Auditor>>, priority=1, kwargs={}, key=UUID('94669793-5a5f-40ba-a7c1-639fb937022d'), condition=None, blocking_facility=None), RegisteredHandler(callback=<bound method Auditor._save_audits of <Auditor>>, priority=1, kwargs={}, key=UUID('73b8c00f-1a57-4cc5-a6c8-52c8ebd5f85d'), condition=None, blocking_facility=None)]. The order of those handlers is not defined and they will be executed in random order. This might lead to race conditions and potential bugs.
2025-05-12 21:54:51,832 : INFO : EventManager : Event: ======'player_add_request'====== Args={}
2025-05-12 21:54:51,832 : INFO : EventManager : Event: ======'player_will_add'====== Args={'number': 1}
2025-05-12 21:54:51,832 : INFO : EventManager : Event: ======'player_adding'====== Args={'player': <Player 1>, 'number': 1}
2025-05-12 21:54:51,832 : INFO : EventManager : Event: ======'player_added'====== Args={'player': <Player 1>, 'num': 1}
2025-05-12 21:54:51,832 : INFO : Mode.game : Player added successfully. Total players: 1
2025-05-12 21:54:51,832 : INFO : EventManager : Event: ======'player_index'====== Args={'value': 0, 'prev_value': 0, 'change': 0, 'player_num': 1}
2025-05-12 21:54:51,833 : INFO : EventManager : Event: ======'player_number'====== Args={'value': 1, 'prev_value': 1, 'change': 0, 'player_num': 1}
2025-05-12 21:54:51,833 : INFO : EventManager : Event: ======'player_score'====== Args={'value': 0, 'prev_value': 0, 'change': 0, 'player_num': 1}
2025-05-12 21:54:51,834 : INFO : EventManager : Event: ======'game_started'====== Args={}
2025-05-12 21:54:51,835 : INFO : EventManager : Event: ======'player_turn_will_start'====== Args={'player': <Player 1>, 'number': 1}
2025-05-12 21:54:51,838 : INFO : EventManager : Event: ======'player_turn_starting'====== Args={'player': <Player 1>, 'number': 1}
2025-05-12 21:54:51,838 : INFO : EventManager : Event: ======'player_ball'====== Args={'value': 1, 'prev_value': 0, 'change': 1, 'player_num': 1}
2025-05-12 21:54:51,838 : INFO : EventManager : Event: ======'player_turn_started'====== Args={'player': <Player 1>, 'number': 1}
2025-05-12 21:54:51,839 : INFO : EventManager : Event: ======'ball_will_start'====== Args={'player': 1, 'ball': 1, 'balls_remaining': 2, 'is_extra_ball': False}
2025-05-12 21:54:51,839 : INFO : EventManager : Event: ======'ball_starting'====== Args={'player': 1, 'ball': 1, 'balls_remaining': 2, 'is_extra_ball': False}
2025-05-12 21:54:51,840 : INFO : EventManager : Event: ======'mode_base_will_start'====== Args={'queue': <QueuedEvent>, 'player': 1, 'ball': 1, 'balls_remaining': 2, 'is_extra_ball': False}
2025-05-12 21:54:51,840 : INFO : EventManager : Event: ======'mode_base_starting'====== Args={'queue': <QueuedEvent>, 'player': 1, 'ball': 1, 'balls_remaining': 2, 'is_extra_ball': False}
2025-05-12 21:54:51,841 : INFO : Mode.base : Started. Priority: 100
2025-05-12 21:54:51,841 : INFO : EventManager : Event: ======'modes_active_modes_changed'====== Args={}
2025-05-12 21:54:51,841 : INFO : EventManager : Event: ======'mode_base_started'====== Args={'queue': <QueuedEvent>, 'player': 1, 'ball': 1, 'balls_remaining': 2, 'is_extra_ball': False}
2025-05-12 21:54:51,841 : INFO : EventManager : Event: ======'start_mode_bumpers'====== Args={'priority': 0}
2025-05-12 21:54:51,842 : INFO : EventManager : Event: ======'mode_bumpers_will_start'====== Args={'priority': 0}
2025-05-12 21:54:51,842 : INFO : EventManager : Event: ======'player_shot_bumper_left_enabled'====== Args={'value': True, 'prev_value': 0, 'change': 1, 'player_num': 1}
2025-05-12 21:54:51,844 : INFO : EventManager : Event: ======'player_shot_bumper_right_enabled'====== Args={'value': True, 'prev_value': 0, 'change': 1, 'player_num': 1}
2025-05-12 21:54:51,845 : INFO : EventManager : Event: ======'bumpers_complete'====== Args={'state': 'unlit'}
2025-05-12 21:54:51,845 : INFO : EventManager : Event: ======'bumpers_unlit_complete'====== Args={}
2025-05-12 21:54:51,846 : INFO : EventManager : Event: ======'mode_bumpers_starting'====== Args={'priority': 0}
2025-05-12 21:54:51,846 : INFO : Mode.bumpers : Started. Priority: 200
2025-05-12 21:54:51,846 : INFO : EventManager : Event: ======'modes_active_modes_changed'====== Args={}
2025-05-12 21:54:51,846 : INFO : EventManager : Event: ======'mode_bumpers_started'====== Args={'priority': 0}
2025-05-12 21:54:51,847 : INFO : EventManager : Event: ======'balls_in_play'====== Args={'balls': 1}
2025-05-12 21:54:51,847 : INFO : EventManager : Event: ======'ball_started'====== Args={'player': 1, 'ball': 1, 'balls_remaining': 2, 'is_extra_ball': False}
2025-05-12 21:54:51,848 : INFO : EventManager : Event: ======'single_player_ball_started'====== Args={}
2025-05-12 21:54:51,848 : INFO : EventManager : Event: ======'ball_start_target'====== Args={'target': 'playfield'}
2025-05-12 21:54:51,849 : INFO : ball_device.bd_trough : Setting up player-controlled eject. Balls: 1, Target: <playfield.playfield>, player_controlled_eject_event: None
2025-05-12 21:54:51,849 : INFO : ball_device.bd_trough : Adding 1 ball(s) to the eject_queue with target <playfield.playfield>.
2025-05-12 21:54:51,849 : INFO : EventManager : Event: ======'balldevice_balls_available'====== Args={}
2025-05-12 21:54:51,850 : INFO : ball_device.bd_trough : State: waiting_for_target_ready
2025-05-12 21:54:51,850 : INFO : EventManager : Event: ======'balldevice_bd_trough_ball_eject_attempt'====== Args={'balls': 1, 'target': <ball_device.bd_plunger>, 'source': <ball_device.bd_trough>, 'mechanical_eject': False, 'num_attempts': 0}
2025-05-12 21:54:51,850 : INFO : ball_device.bd_plunger : State: waiting_for_ball
2025-05-12 21:54:51,852 : INFO : ball_device.bd_trough : State: ejecting
2025-05-12 21:54:51,852 : INFO : ball_device.bd_trough : Ejecting ball to <ball_device.bd_plunger>
2025-05-12 21:54:51,852 : INFO : EventManager : Event: ======'balldevice_bd_trough_ejecting_ball'====== Args={'balls': 1, 'target': <ball_device.bd_plunger>, 'source': <ball_device.bd_trough>, 'mechanical_eject': False, 'num_attempts': 0}
2025-05-12 21:54:51,853 : INFO : ball_device.bd_trough : Wait for ball to leave device
2025-05-12 21:54:51,853 : INFO : coil.c_trough_eject : Pulsing Driver for 10ms (1.0 pulse_power)
2025-05-12 21:54:51,862 : INFO : EventManager : Event: ======'slide_base_created'====== Args={'_from_bcp': True}
2025-05-12 21:54:51,862 : INFO : EventManager : Event: ======'slide_attract_inactive'====== Args={'is_removing': True, '_from_bcp': True}
2025-05-12 21:54:51,862 : INFO : EventManager : Event: ======'slide_base_active'====== Args={'original_context': 'base', 'original_calling_context': 'mode_base_started', 'priority': 100.0, 'queue': '<QueuedEvent>', 'player': 1.0, 'ball': 1.0, 'balls_remaining': 2.0, 'is_extra_ball': False, 'cmd': 'slides_play', '_from_bcp': True}
2025-05-12 21:54:51,862 : INFO : EventManager : Event: ======'slide_attract_removed'====== Args={'_from_bcp': True}
2025-05-12 21:54:53,371 : INFO : SwitchController : <<<<<<< 's_start' active >>>>>>>
2025-05-12 21:54:53,371 : INFO : EventManager : Event: ======'sw_start'====== Args={}
2025-05-12 21:54:53,371 : INFO : EventManager : Event: ======'machine_var_audits_switches_s_start'====== Args={'value': 10, 'prev_value': 9, 'change': 1}
2025-05-12 21:54:53,372 : INFO : EventManager : Event: ======'player_add_request'====== Args={}
2025-05-12 21:54:53,372 : INFO : EventManager : Event: ======'player_will_add'====== Args={'number': 2}
2025-05-12 21:54:53,372 : INFO : EventManager : Event: ======'player_adding'====== Args={'player': <Player 2>, 'number': 2}
2025-05-12 21:54:53,372 : INFO : EventManager : Event: ======'player_added'====== Args={'player': <Player 2>, 'num': 2}
2025-05-12 21:54:53,372 : INFO : Mode.game : Player added successfully. Total players: 2
2025-05-12 21:54:53,372 : INFO : EventManager : Event: ======'multiplayer_game'====== Args={}
2025-05-12 21:54:53,372 : INFO : EventManager : Event: ======'player_index'====== Args={'value': 1, 'prev_value': 1, 'change': 0, 'player_num': 2}
2025-05-12 21:54:53,373 : INFO : EventManager : Event: ======'player_number'====== Args={'value': 2, 'prev_value': 2, 'change': 0, 'player_num': 2}
2025-05-12 21:54:53,373 : INFO : EventManager : Event: ======'player_score'====== Args={'value': 0, 'prev_value': 0, 'change': 0, 'player_num': 2}
2025-05-12 21:54:53,438 : INFO : SwitchController : <<<<<<< 's_start' inactive >>>>>>>
2025-05-12 21:54:56,437 : INFO : Machine : Shutting down...
2025-05-12 21:54:56,437 : INFO : EventManager : Event: ======'shutdown'====== Args={}
2025-05-12 21:54:56,438 : INFO : EventManager : Event: ======'mode_game_will_stop'====== Args={}
2025-05-12 21:54:56,439 : INFO : EventManager : Event: ======'mode_game_stopping'====== Args={}
2025-05-12 21:54:56,440 : INFO : EventManager : Event: ======'mode_base_will_stop'====== Args={}
2025-05-12 21:54:56,440 : INFO : EventManager : Event: ======'mode_base_stopping'====== Args={}
2025-05-12 21:54:56,440 : INFO : EventManager : Event: ======'mode_bumpers_will_stop'====== Args={}
2025-05-12 21:54:56,440 : INFO : EventManager : Event: ======'mode_bumpers_stopping'====== Args={}
2025-05-12 21:54:56,441 : INFO : EventManager : Event: ======'stop_mode_bumpers'====== Args={'priority': 0}
2025-05-12 21:54:56,441 : INFO : Mode.bumpers : Stopped.
2025-05-12 21:54:56,441 : INFO : EventManager : Event: ======'modes_active_modes_changed'====== Args={}
2025-05-12 21:54:56,441 : INFO : EventManager : Event: ======'mode_bumpers_stopped'====== Args={}
2025-05-12 21:54:56,441 : INFO : EventManager : Event: ======'clear'====== Args={'key': 'bumpers'}
2025-05-12 21:54:56,443 : INFO : Mode.base : Stopped.
2025-05-12 21:54:56,443 : INFO : EventManager : Event: ======'modes_active_modes_changed'====== Args={}
2025-05-12 21:54:56,443 : INFO : EventManager : Event: ======'mode_base_stopped'====== Args={}
2025-05-12 21:54:56,443 : INFO : EventManager : Event: ======'clear'====== Args={'key': 'base'}
2025-05-12 21:54:56,444 : INFO : Mode.game : Stopped.
2025-05-12 21:54:56,444 : INFO : EventManager : Event: ======'modes_active_modes_changed'====== Args={}
2025-05-12 21:54:56,444 : INFO : EventManager : Event: ======'mode_game_stopped'====== Args={}
2025-05-12 21:54:56,444 : INFO : EventManager : Event: ======'clear'====== Args={'key': 'game'}
2025-05-12 21:54:56,447 : INFO : root : MPF run loop ended.
