2025-05-12 21:42:20,325 : INFO : root : Loading config.
2025-05-12 21:42:20,327 : INFO : YamlMultifileConfigLoader : Machine config file #1: config.yaml
2025-05-12 21:42:20,327 : INFO : ConfigProcessor : Loading config from cache: /var/folders/hz/r3dl9ms51016zpvrwk611s6m0000gs/T/5d6a457603c6b060ca35237bebf088e1.mpf_cache
2025-05-12 21:42:20,363 : INFO : ConfigProcessor : Loading config from cache: /var/folders/hz/r3dl9ms51016zpvrwk611s6m0000gs/T/6f665ac125edf3618cba9e13a753822f.mpf_cache
2025-05-12 21:42:20,363 : INFO : ConfigProcessor : Loading config from cache: /var/folders/hz/r3dl9ms51016zpvrwk611s6m0000gs/T/87d438dd69d0ef01003c5249e41b5d50.mpf_cache
2025-05-12 21:42:20,363 : INFO : ConfigProcessor : Loading config from cache: /var/folders/hz/r3dl9ms51016zpvrwk611s6m0000gs/T/6f665ac125edf3618cba9e13a753822f.mpf_cache
2025-05-12 21:42:20,363 : WARNING : ConfigProcessor : Config file in cache changed: /Users/michaelcarman/Documents/work/mpf/happy-pinball/modes/base/config/base.yaml
2025-05-12 21:42:20,363 : INFO : ConfigProcessor : Loading config from file /Users/michaelcarman/Documents/work/mpf/happy-pinball/modes/base/config/base.yaml.
2025-05-12 21:42:20,365 : INFO : ConfigProcessor : Loading config: /Users/michaelcarman/Documents/work/mpf/happy-pinball/modes/base/config/base.yaml
2025-05-12 21:42:20,365 : INFO : ConfigProcessor : Config file cache created: /var/folders/hz/r3dl9ms51016zpvrwk611s6m0000gs/T/d9ff39e0ccd80af39f7d36bb6b40dd93.mpf_cache
2025-05-12 21:42:20,365 : INFO : ConfigProcessor : Loading config from cache: /var/folders/hz/r3dl9ms51016zpvrwk611s6m0000gs/T/ac07971a64f12a0788c85bcc38792825.mpf_cache
2025-05-12 21:42:20,365 : INFO : Machine : Mission Pinball Framework Core Engine v0.80.0.dev7
2025-05-12 21:42:20,365 : INFO : Machine : Command line arguments: {'no_load_cache': False, 'create_config_cache': True, 'bcp': True, 'configfile': ['config.yaml'], 'force_assets_load': False, 'platform_integration_test': False, 'jsonlogging': False, 'logfile': 'logs/2025-05-12-21-42-20-mpf-LPCVQLKF70.log', 'pause': False, 'production': False, 'text_ui': False, 'loglevel': 15, 'consoleloglevel': 20, 'force_platform': 'virtual', 'syslog_address': None, 'full_logfile_path': '/Users/michaelcarman/Documents/work/mpf/happy-pinball/logs/2025-05-12-21-42-20-mpf-LPCVQLKF70.log'}
2025-05-12 21:42:20,365 : INFO : Machine : MPF path: /Users/michaelcarman/Documents/work/mpf/mpf/lib/python3.13/site-packages/mpf
2025-05-12 21:42:20,365 : INFO : Machine : Machine path: /Users/michaelcarman/Documents/work/mpf/happy-pinball
2025-05-12 21:42:20,365 : INFO : Machine : Platform: darwin
2025-05-12 21:42:20,365 : INFO : Machine : Python executable location: /Users/michaelcarman/Documents/work/mpf/mpf/bin/python3.13
2025-05-12 21:42:20,365 : INFO : Machine : Python version: 3.13.3 (64-bit)
2025-05-12 21:42:20,366 : INFO : Machine : Initializing MPF...
2025-05-12 21:42:20,395 : INFO : EventManager : Event: ======'machine_var_credits_string'====== Args={'value': 'FREE PLAY', 'prev_value': None, 'change': True}
2025-05-12 21:42:20,403 : INFO : EventManager : Event: ======'machine_var_player1_score'====== Args={'value': 8675309, 'prev_value': None, 'change': True}
2025-05-12 21:42:20,403 : INFO : EventManager : Event: ======'machine_var_player2_score'====== Args={'value': 4321523, 'prev_value': None, 'change': True}
2025-05-12 21:42:20,403 : INFO : EventManager : Event: ======'machine_var_master_volume'====== Args={'value': 0.5, 'prev_value': None, 'change': True}
2025-05-12 21:42:20,403 : INFO : EventManager : Event: ======'machine_var_mpf_version'====== Args={'value': 'Mission Pinball Framework v0.80.0.dev7', 'prev_value': None, 'change': True}
2025-05-12 21:42:20,403 : INFO : EventManager : Event: ======'machine_var_mpf_extended_version'====== Args={'value': 'Mission Pinball Framework v0.80.0.dev7, Config version:6, Show version: 6, BCP version:1.1', 'prev_value': None, 'change': True}
2025-05-12 21:42:20,403 : INFO : EventManager : Event: ======'machine_var_python_version'====== Args={'value': '3.13.3', 'prev_value': None, 'change': True}
2025-05-12 21:42:20,412 : INFO : EventManager : Event: ======'machine_var_platform'====== Args={'value': 'macOS-15.3.1-arm64-arm-64bit-Mach-O', 'prev_value': None, 'change': True}
2025-05-12 21:42:20,412 : INFO : EventManager : Event: ======'machine_var_platform_system'====== Args={'value': 'Darwin', 'prev_value': None, 'change': True}
2025-05-12 21:42:20,412 : INFO : EventManager : Event: ======'machine_var_platform_release'====== Args={'value': '24.3.0', 'prev_value': None, 'change': True}
2025-05-12 21:42:20,412 : INFO : EventManager : Event: ======'machine_var_platform_version'====== Args={'value': 'Darwin Kernel Version 24.3.0: Thu Jan  2 20:24:22 PST 2025; root:xnu-11215.81.4~3/RELEASE_ARM64_T6041', 'prev_value': None, 'change': True}
2025-05-12 21:42:20,412 : INFO : EventManager : Event: ======'machine_var_platform_machine'====== Args={'value': 'arm64', 'prev_value': None, 'change': True}
2025-05-12 21:42:20,412 : INFO : EventManager : Event: ======'machine_var_log_file_path'====== Args={'value': '/Users/michaelcarman/Documents/work/mpf/happy-pinball/logs/2025-05-12-21-42-20-mpf-LPCVQLKF70.log', 'prev_value': None, 'change': True}
2025-05-12 21:42:20,412 : INFO : EventManager : Event: ======'init_phase_1'====== Args={}
2025-05-12 21:42:20,419 : INFO : EventManager : Event: ======'init_phase_2'====== Args={}
2025-05-12 21:42:20,419 : INFO : SwitchController : Found active switch: (1006, <Platform.Virtual>) <switch.s_trough_1>
2025-05-12 21:42:20,419 : INFO : SwitchController : Found active switch: (1007, <Platform.Virtual>) <switch.s_trough_2>
2025-05-12 21:42:20,419 : INFO : SwitchController : Found active switch: (1008, <Platform.Virtual>) <switch.s_trough_3>
2025-05-12 21:42:20,419 : INFO : EventManager : Event: ======'bcp_connection_attempt'====== Args={'name': 'local_display', 'host': 'localhost', 'port': 5050}
2025-05-12 21:42:20,420 : INFO : BCPClientSocket : Connecting BCP to 'local_display' at localhost:5050...
2025-05-12 21:42:25,804 : INFO : BCPClientSocket : Connected BCP to 'local_display' localhost:5050
2025-05-12 21:42:25,806 : INFO : EventManager : Event: ======'bcp_clients_connected'====== Args={}
2025-05-12 21:42:25,807 : INFO : ball_device.bd_plunger : BCH: Initial count: 0
2025-05-12 21:42:25,807 : INFO : ball_device.bd_plunger : State: idle
2025-05-12 21:42:25,808 : INFO : ball_device.bd_trough : BCH: Initial count: 3
2025-05-12 21:42:25,809 : INFO : ball_device.bd_trough : State: idle
2025-05-12 21:42:25,823 : INFO : EventManager : Event: ======'init_phase_3'====== Args={}
2025-05-12 21:42:25,826 : INFO : EventManager : Event: ======'init_phase_4'====== Args={}
2025-05-12 21:42:25,826 : INFO : BallController : Initial balls found: 3
2025-05-12 21:42:25,827 : INFO : EventManager : Event: ======'machine_var_audits_events_game_ended'====== Args={'value': 0, 'prev_value': None, 'change': True}
2025-05-12 21:42:25,827 : INFO : EventManager : Event: ======'machine_var_audits_events_game_started'====== Args={'value': 8, 'prev_value': None, 'change': True}
2025-05-12 21:42:25,827 : INFO : EventManager : Event: ======'machine_var_audits_missing_switches_s_flipper_left'====== Args={'value': 8, 'prev_value': None, 'change': True}
2025-05-12 21:42:25,827 : INFO : EventManager : Event: ======'machine_var_audits_missing_switches_s_flipper_right'====== Args={'value': 8, 'prev_value': None, 'change': True}
2025-05-12 21:42:25,827 : INFO : EventManager : Event: ======'machine_var_audits_missing_switches_s_plunger_lane'====== Args={'value': 8, 'prev_value': None, 'change': True}
2025-05-12 21:42:25,827 : INFO : EventManager : Event: ======'machine_var_audits_missing_switches_s_start'====== Args={'value': 8, 'prev_value': None, 'change': True}
2025-05-12 21:42:25,827 : INFO : EventManager : Event: ======'machine_var_audits_missing_switches_s_trough_1'====== Args={'value': 8, 'prev_value': None, 'change': True}
2025-05-12 21:42:25,827 : INFO : EventManager : Event: ======'machine_var_audits_missing_switches_s_trough_2'====== Args={'value': 8, 'prev_value': None, 'change': True}
2025-05-12 21:42:25,828 : INFO : EventManager : Event: ======'machine_var_audits_missing_switches_s_trough_3'====== Args={'value': 8, 'prev_value': None, 'change': True}
2025-05-12 21:42:25,828 : INFO : EventManager : Event: ======'machine_var_audits_player_score'====== Args={'value': {'average': 0, 'top': [], 'total': 0}, 'prev_value': None, 'change': True}
2025-05-12 21:42:25,828 : INFO : EventManager : Event: ======'machine_var_audits_shots_bumper_left'====== Args={'value': 32, 'prev_value': None, 'change': True}
2025-05-12 21:42:25,828 : INFO : EventManager : Event: ======'machine_var_audits_shots_bumper_right'====== Args={'value': 42, 'prev_value': None, 'change': True}
2025-05-12 21:42:25,828 : INFO : EventManager : Event: ======'machine_var_audits_switches_s_bumper_left'====== Args={'value': 32, 'prev_value': None, 'change': True}
2025-05-12 21:42:25,828 : INFO : EventManager : Event: ======'machine_var_audits_switches_s_bumper_right'====== Args={'value': 42, 'prev_value': None, 'change': True}
2025-05-12 21:42:25,828 : INFO : EventManager : Event: ======'machine_var_audits_switches_s_flipper_left'====== Args={'value': 0, 'prev_value': None, 'change': True}
2025-05-12 21:42:25,828 : INFO : EventManager : Event: ======'machine_var_audits_switches_s_flipper_right'====== Args={'value': 0, 'prev_value': None, 'change': True}
2025-05-12 21:42:25,828 : INFO : EventManager : Event: ======'machine_var_audits_switches_s_left_lane'====== Args={'value': 10, 'prev_value': None, 'change': True}
2025-05-12 21:42:25,828 : INFO : EventManager : Event: ======'machine_var_audits_switches_s_plunger_lane'====== Args={'value': 0, 'prev_value': None, 'change': True}
2025-05-12 21:42:25,828 : INFO : EventManager : Event: ======'machine_var_audits_switches_s_start'====== Args={'value': 0, 'prev_value': None, 'change': True}
2025-05-12 21:42:25,828 : INFO : EventManager : Event: ======'machine_var_audits_switches_s_trough_1'====== Args={'value': 0, 'prev_value': None, 'change': True}
2025-05-12 21:42:25,828 : INFO : EventManager : Event: ======'machine_var_audits_switches_s_trough_2'====== Args={'value': 0, 'prev_value': None, 'change': True}
2025-05-12 21:42:25,828 : INFO : EventManager : Event: ======'machine_var_audits_switches_s_trough_3'====== Args={'value': 0, 'prev_value': None, 'change': True}
2025-05-12 21:42:25,830 : INFO : EventManager : Event: ======'init_phase_5'====== Args={}
2025-05-12 21:42:25,831 : INFO : EventManager : Event: ======'init_done'====== Args={}
2025-05-12 21:42:25,831 : INFO : EventManager : Event: ======'machine_reset_phase_1'====== Args={}
2025-05-12 21:42:25,837 : INFO : EventManager : Event: ======'machine_reset_phase_2'====== Args={}
2025-05-12 21:42:25,838 : INFO : EventManager : Event: ======'machine_reset_phase_3'====== Args={}
2025-05-12 21:42:25,838 : INFO : EventManager : Event: ======'reset_complete'====== Args={}
2025-05-12 21:42:25,838 : INFO : EventManager : Event: ======'mode_attract_will_start'====== Args={}
2025-05-12 21:42:25,839 : INFO : Timer.attract_carousel_timer : Starting Timer.
2025-05-12 21:42:25,839 : INFO : EventManager : Event: ======'timer_attract_carousel_timer_started'====== Args={'ticks': 0, 'ticks_remaining': 1}
2025-05-12 21:42:25,839 : INFO : EventManager : Event: ======'timer_attract_carousel_timer_tick'====== Args={'ticks': 0, 'ticks_remaining': 1}
2025-05-12 21:42:25,840 : INFO : EventManager : Event: ======'mode_attract_starting'====== Args={}
2025-05-12 21:42:25,840 : INFO : Mode.attract : Started. Priority: 10
2025-05-12 21:42:25,840 : INFO : EventManager : Event: ======'modes_active_modes_changed'====== Args={}
2025-05-12 21:42:25,840 : INFO : EventManager : Event: ======'mode_attract_started'====== Args={}
2025-05-12 21:42:25,841 : INFO : EventManager : Event: ======'collecting_balls_complete'====== Args={}
2025-05-12 21:42:25,841 : INFO : EventManager : Event: ======'item_highlighted'====== Args={'carousel': 'attract', 'direction': None, 'item': 'title'}
2025-05-12 21:42:25,841 : INFO : EventManager : Event: ======'timer_attract_carousel_timer_tick'====== Args={'ticks': 0, 'ticks_remaining': 1}
2025-05-12 21:42:25,842 : INFO : Machine : Starting the main run loop with active modes: [<Mode.attract>]
2025-05-12 21:42:25,903 : INFO : EventManager : Event: ======'slide_attract_created'====== Args={'_from_bcp': True}
2025-05-12 21:42:25,903 : INFO : EventManager : Event: ======'slide__removed'====== Args={'_from_bcp': True}
2025-05-12 21:42:25,903 : INFO : EventManager : Event: ======'slide_attract_active'====== Args={'original_context': 'attract', 'original_calling_context': 'mode_attract_started', 'priority': 10.0, 'cmd': 'slides_play', '_from_bcp': True}
2025-05-12 21:42:26,828 : INFO : SwitchController : <<<<<<< 's_start' active >>>>>>>
2025-05-12 21:42:26,906 : INFO : SwitchController : <<<<<<< 's_start' inactive >>>>>>>
2025-05-12 21:42:26,906 : INFO : EventManager : Event: ======'request_to_start_game'====== Args={}
2025-05-12 21:42:26,907 : INFO : EventManager : Event: ======'game_start'====== Args={'buttons': [], 'hold_time': 0.07821041601710021}
2025-05-12 21:42:26,907 : INFO : EventManager : Event: ======'mode_game_will_start'====== Args={'buttons': [], 'hold_time': 0.07821041601710021}
2025-05-12 21:42:26,909 : INFO : EventManager : Event: ======'mode_game_starting'====== Args={'buttons': [], 'hold_time': 0.07821041601710021}
2025-05-12 21:42:26,909 : INFO : EventManager : Event: ======'mode_attract_will_stop'====== Args={}
2025-05-12 21:42:26,909 : INFO : EventManager : Event: ======'mode_attract_stopping'====== Args={}
2025-05-12 21:42:26,909 : INFO : Mode.attract : Stopped.
2025-05-12 21:42:26,909 : INFO : EventManager : Event: ======'modes_active_modes_changed'====== Args={}
2025-05-12 21:42:26,910 : INFO : EventManager : Event: ======'mode_attract_stopped'====== Args={}
2025-05-12 21:42:26,910 : INFO : EventManager : Event: ======'clear'====== Args={'key': 'attract'}
2025-05-12 21:42:26,910 : INFO : Timer.attract_carousel_timer : Stopping Timer
2025-05-12 21:42:26,910 : INFO : EventManager : Event: ======'timer_attract_carousel_timer_stopped'====== Args={'ticks': 0, 'ticks_remaining': 1}
2025-05-12 21:42:26,911 : INFO : Mode.game : Started. Priority: 20
2025-05-12 21:42:26,911 : INFO : EventManager : Event: ======'modes_active_modes_changed'====== Args={}
2025-05-12 21:42:26,911 : INFO : EventManager : Event: ======'mode_game_started'====== Args={'buttons': [], 'hold_time': 0.07821041601710021}
2025-05-12 21:42:26,912 : INFO : EventManager : Event: ======'game_will_start'====== Args={}
2025-05-12 21:42:26,913 : INFO : EventManager : Event: ======'game_starting'====== Args={'game': <Mode.game>}
2025-05-12 21:42:26,915 : INFO : EventManager : Unordered handler for class <Auditor> on event game_ended with priority 1. Handlers: [RegisteredHandler(callback=<bound method Auditor.disable of <Auditor>>, priority=1, kwargs={}, key=UUID('f493699c-b98e-4abb-987d-2d627c69b3a1'), condition=None, blocking_facility=None), RegisteredHandler(callback=<bound method Auditor._save_audits of <Auditor>>, priority=1, kwargs={}, key=UUID('324a0319-ed89-4663-88ca-4425b4804ce8'), condition=None, blocking_facility=None)]. The order of those handlers is not defined and they will be executed in random order. This might lead to race conditions and potential bugs.
2025-05-12 21:42:26,915 : INFO : EventManager : Event: ======'player_add_request'====== Args={}
2025-05-12 21:42:26,915 : INFO : EventManager : Event: ======'player_will_add'====== Args={'number': 1}
2025-05-12 21:42:26,915 : INFO : EventManager : Event: ======'player_adding'====== Args={'player': <Player 1>, 'number': 1}
2025-05-12 21:42:26,915 : INFO : EventManager : Event: ======'player_added'====== Args={'player': <Player 1>, 'num': 1}
2025-05-12 21:42:26,915 : INFO : Mode.game : Player added successfully. Total players: 1
2025-05-12 21:42:26,916 : INFO : EventManager : Event: ======'player_index'====== Args={'value': 0, 'prev_value': 0, 'change': 0, 'player_num': 1}
2025-05-12 21:42:26,916 : INFO : EventManager : Event: ======'player_number'====== Args={'value': 1, 'prev_value': 1, 'change': 0, 'player_num': 1}
2025-05-12 21:42:26,916 : INFO : EventManager : Event: ======'player_score'====== Args={'value': 0, 'prev_value': 0, 'change': 0, 'player_num': 1}
2025-05-12 21:42:26,916 : INFO : EventManager : Event: ======'game_started'====== Args={}
2025-05-12 21:42:26,917 : INFO : EventManager : Event: ======'player_turn_will_start'====== Args={'player': <Player 1>, 'number': 1}
2025-05-12 21:42:26,917 : INFO : EventManager : Event: ======'player_turn_starting'====== Args={'player': <Player 1>, 'number': 1}
2025-05-12 21:42:26,918 : INFO : EventManager : Event: ======'player_ball'====== Args={'value': 1, 'prev_value': 0, 'change': 1, 'player_num': 1}
2025-05-12 21:42:26,918 : INFO : EventManager : Event: ======'player_turn_started'====== Args={'player': <Player 1>, 'number': 1}
2025-05-12 21:42:26,918 : INFO : EventManager : Event: ======'ball_will_start'====== Args={'player': 1, 'ball': 1, 'balls_remaining': 2, 'is_extra_ball': False}
2025-05-12 21:42:26,923 : INFO : EventManager : Event: ======'ball_starting'====== Args={'player': 1, 'ball': 1, 'balls_remaining': 2, 'is_extra_ball': False}
2025-05-12 21:42:26,924 : INFO : EventManager : Event: ======'mode_base_will_start'====== Args={'queue': <QueuedEvent>, 'player': 1, 'ball': 1, 'balls_remaining': 2, 'is_extra_ball': False}
2025-05-12 21:42:26,925 : INFO : EventManager : Event: ======'mode_base_starting'====== Args={'queue': <QueuedEvent>, 'player': 1, 'ball': 1, 'balls_remaining': 2, 'is_extra_ball': False}
2025-05-12 21:42:26,925 : INFO : Mode.base : Started. Priority: 100
2025-05-12 21:42:26,925 : INFO : EventManager : Event: ======'modes_active_modes_changed'====== Args={}
2025-05-12 21:42:26,926 : INFO : EventManager : Event: ======'mode_base_started'====== Args={'queue': <QueuedEvent>, 'player': 1, 'ball': 1, 'balls_remaining': 2, 'is_extra_ball': False}
2025-05-12 21:42:26,926 : INFO : EventManager : Event: ======'start_mode_bumpers'====== Args={'priority': 0}
2025-05-12 21:42:26,926 : INFO : EventManager : Event: ======'mode_bumpers_will_start'====== Args={'priority': 0}
2025-05-12 21:42:26,927 : INFO : EventManager : Event: ======'player_shot_bumper_left_enabled'====== Args={'value': True, 'prev_value': 0, 'change': 1, 'player_num': 1}
2025-05-12 21:42:26,927 : INFO : EventManager : Event: ======'player_shot_bumper_right_enabled'====== Args={'value': True, 'prev_value': 0, 'change': 1, 'player_num': 1}
2025-05-12 21:42:26,928 : INFO : EventManager : Event: ======'bumpers_complete'====== Args={'state': 'unlit'}
2025-05-12 21:42:26,928 : INFO : EventManager : Event: ======'bumpers_unlit_complete'====== Args={}
2025-05-12 21:42:26,930 : INFO : EventManager : Event: ======'mode_bumpers_starting'====== Args={'priority': 0}
2025-05-12 21:42:26,930 : INFO : Mode.bumpers : Started. Priority: 200
2025-05-12 21:42:26,930 : INFO : EventManager : Event: ======'modes_active_modes_changed'====== Args={}
2025-05-12 21:42:26,930 : INFO : EventManager : Event: ======'mode_bumpers_started'====== Args={'priority': 0}
2025-05-12 21:42:26,932 : INFO : EventManager : Event: ======'balls_in_play'====== Args={'balls': 1}
2025-05-12 21:42:26,932 : INFO : EventManager : Event: ======'ball_started'====== Args={'player': 1, 'ball': 1, 'balls_remaining': 2, 'is_extra_ball': False}
2025-05-12 21:42:26,932 : INFO : EventManager : Event: ======'single_player_ball_started'====== Args={}
2025-05-12 21:42:26,932 : INFO : EventManager : Event: ======'ball_start_target'====== Args={'target': 'playfield'}
2025-05-12 21:42:26,933 : INFO : ball_device.bd_trough : Setting up player-controlled eject. Balls: 1, Target: <playfield.playfield>, player_controlled_eject_event: None
2025-05-12 21:42:26,933 : INFO : ball_device.bd_trough : Adding 1 ball(s) to the eject_queue with target <playfield.playfield>.
2025-05-12 21:42:26,933 : INFO : EventManager : Event: ======'balldevice_balls_available'====== Args={}
2025-05-12 21:42:26,934 : INFO : ball_device.bd_trough : State: waiting_for_target_ready
2025-05-12 21:42:26,934 : INFO : EventManager : Event: ======'balldevice_bd_trough_ball_eject_attempt'====== Args={'balls': 1, 'target': <ball_device.bd_plunger>, 'source': <ball_device.bd_trough>, 'mechanical_eject': False, 'num_attempts': 0}
2025-05-12 21:42:26,934 : INFO : ball_device.bd_plunger : State: waiting_for_ball
2025-05-12 21:42:26,935 : INFO : ball_device.bd_trough : State: ejecting
2025-05-12 21:42:26,935 : INFO : ball_device.bd_trough : Ejecting ball to <ball_device.bd_plunger>
2025-05-12 21:42:26,935 : INFO : EventManager : Event: ======'balldevice_bd_trough_ejecting_ball'====== Args={'balls': 1, 'target': <ball_device.bd_plunger>, 'source': <ball_device.bd_trough>, 'mechanical_eject': False, 'num_attempts': 0}
2025-05-12 21:42:26,936 : INFO : ball_device.bd_trough : Wait for ball to leave device
2025-05-12 21:42:26,936 : INFO : coil.c_trough_eject : Pulsing Driver for 10ms (1.0 pulse_power)
2025-05-12 21:42:26,944 : INFO : EventManager : Event: ======'slide_base_created'====== Args={'_from_bcp': True}
2025-05-12 21:42:26,944 : INFO : EventManager : Event: ======'slide_attract_inactive'====== Args={'is_removing': True, '_from_bcp': True}
2025-05-12 21:42:26,944 : INFO : EventManager : Event: ======'slide_base_active'====== Args={'original_context': 'base', 'original_calling_context': 'mode_base_started', 'priority': 100.0, 'queue': '<QueuedEvent>', 'player': 1.0, 'ball': 1.0, 'balls_remaining': 2.0, 'is_extra_ball': False, 'cmd': 'slides_play', '_from_bcp': True}
2025-05-12 21:42:26,945 : INFO : EventManager : Event: ======'slide_attract_removed'====== Args={'_from_bcp': True}
2025-05-12 21:42:27,357 : INFO : SwitchController : <<<<<<< 's_left_lane' active >>>>>>>
2025-05-12 21:42:27,357 : INFO : EventManager : Event: ======'machine_var_audits_switches_s_left_lane'====== Args={'value': 11, 'prev_value': 10, 'change': 1}
2025-05-12 21:42:27,440 : INFO : SwitchController : <<<<<<< 's_left_lane' inactive >>>>>>>
2025-05-12 21:42:28,025 : INFO : SwitchController : <<<<<<< 's_left_lane' active >>>>>>>
2025-05-12 21:42:28,025 : INFO : EventManager : Event: ======'machine_var_audits_switches_s_left_lane'====== Args={'value': 12, 'prev_value': 11, 'change': 1}
2025-05-12 21:42:28,090 : INFO : SwitchController : <<<<<<< 's_left_lane' inactive >>>>>>>
2025-05-12 21:42:36,937 : INFO : EventManager : Event: ======'balldevice_bd_trough_ball_eject_failed'====== Args={'target': <ball_device.bd_plunger>, 'balls': 1, 'retry': True, 'num_attempts': 1}
2025-05-12 21:42:36,939 : INFO : ball_device.bd_trough : State: waiting_for_target_ready
2025-05-12 21:42:36,939 : INFO : EventManager : Event: ======'balldevice_bd_trough_ball_eject_attempt'====== Args={'balls': 1, 'target': <ball_device.bd_plunger>, 'source': <ball_device.bd_trough>, 'mechanical_eject': False, 'num_attempts': 1}
2025-05-12 21:42:36,940 : INFO : ball_device.bd_trough : State: ejecting
2025-05-12 21:42:36,940 : INFO : ball_device.bd_trough : Ejecting ball to <ball_device.bd_plunger>
2025-05-12 21:42:36,940 : INFO : EventManager : Event: ======'balldevice_bd_trough_ejecting_ball'====== Args={'balls': 1, 'target': <ball_device.bd_plunger>, 'source': <ball_device.bd_trough>, 'mechanical_eject': False, 'num_attempts': 1}
2025-05-12 21:42:36,940 : INFO : ball_device.bd_trough : Wait for ball to leave device
2025-05-12 21:42:36,940 : INFO : coil.c_trough_eject : Pulsing Driver for 10ms (1.0 pulse_power)
2025-05-12 21:42:41,392 : INFO : SwitchController : <<<<<<< 's_bumper_left' active >>>>>>>
2025-05-12 21:42:41,392 : INFO : EventManager : Event: ======'playfield_active'====== Args={'source': 'bumper_left'}
2025-05-12 21:42:41,392 : INFO : EventManager : Event: ======'unexpected_ball_on_playfield'====== Args={}
2025-05-12 21:42:41,392 : INFO : EventManager : Event: ======'s_bumper_left_active'====== Args={}
2025-05-12 21:42:41,392 : INFO : EventManager : Event: ======'machine_var_audits_switches_s_bumper_left'====== Args={'value': 33, 'prev_value': 32, 'change': 1}
2025-05-12 21:42:41,394 : INFO : EventManager : Event: ======'player_shot_bumper_left'====== Args={'value': 1, 'prev_value': 0, 'change': 1, 'player_num': 1}
2025-05-12 21:42:41,395 : INFO : EventManager : Event: ======'machine_var_audits_shots_bumper_left'====== Args={'value': 33, 'prev_value': 32, 'change': 1}
2025-05-12 21:42:41,395 : INFO : EventManager : Event: ======'bumper_left_hit'====== Args={'profile': 'default', 'state': 'unlit', 'advancing': True}
2025-05-12 21:42:41,395 : INFO : EventManager : Event: ======'bumper_left_default_hit'====== Args={'profile': 'default', 'state': 'unlit', 'advancing': True}
2025-05-12 21:42:41,395 : INFO : EventManager : Event: ======'bumper_left_default_unlit_hit'====== Args={'profile': 'default', 'state': 'unlit', 'advancing': True}
2025-05-12 21:42:41,395 : INFO : EventManager : Event: ======'bumper_left_unlit_hit'====== Args={'profile': 'default', 'state': 'unlit', 'advancing': True}
2025-05-12 21:42:41,395 : INFO : EventManager : Event: ======'bumpers_hit'====== Args={'shot': 'bumper_left'}
2025-05-12 21:42:41,395 : INFO : EventManager : Event: ======'bumpers_unlit_hit'====== Args={'shot': 'bumper_left'}
2025-05-12 21:42:41,395 : INFO : EventManager : Event: ======'player_score'====== Args={'value': 1000, 'prev_value': 0, 'change': 1000, 'player_num': 1, 'source': 'bumpers'}
2025-05-12 21:42:41,427 : INFO : SwitchController : <<<<<<< 's_bumper_left' inactive >>>>>>>
2025-05-12 21:42:41,815 : INFO : SwitchController : <<<<<<< 's_bumper_right' active >>>>>>>
2025-05-12 21:42:41,815 : INFO : EventManager : Event: ======'playfield_active'====== Args={'source': 'bumper_right'}
2025-05-12 21:42:41,815 : INFO : EventManager : Event: ======'unexpected_ball_on_playfield'====== Args={}
2025-05-12 21:42:41,816 : INFO : EventManager : Event: ======'s_bumper_right_active'====== Args={}
2025-05-12 21:42:41,816 : INFO : EventManager : Event: ======'machine_var_audits_switches_s_bumper_right'====== Args={'value': 43, 'prev_value': 42, 'change': 1}
2025-05-12 21:42:41,817 : INFO : EventManager : Event: ======'player_shot_bumper_right'====== Args={'value': 1, 'prev_value': 0, 'change': 1, 'player_num': 1}
2025-05-12 21:42:41,817 : INFO : EventManager : Event: ======'machine_var_audits_shots_bumper_right'====== Args={'value': 43, 'prev_value': 42, 'change': 1}
2025-05-12 21:42:41,818 : INFO : EventManager : Event: ======'bumper_right_hit'====== Args={'profile': 'default', 'state': 'unlit', 'advancing': True}
2025-05-12 21:42:41,818 : INFO : EventManager : Event: ======'bumper_right_default_hit'====== Args={'profile': 'default', 'state': 'unlit', 'advancing': True}
2025-05-12 21:42:41,818 : INFO : EventManager : Event: ======'bumper_right_default_unlit_hit'====== Args={'profile': 'default', 'state': 'unlit', 'advancing': True}
2025-05-12 21:42:41,818 : INFO : EventManager : Event: ======'bumper_right_unlit_hit'====== Args={'profile': 'default', 'state': 'unlit', 'advancing': True}
2025-05-12 21:42:41,818 : INFO : EventManager : Event: ======'bumpers_complete'====== Args={'state': 'lit'}
2025-05-12 21:42:41,818 : INFO : EventManager : Event: ======'bumpers_lit_complete'====== Args={}
2025-05-12 21:42:41,818 : INFO : EventManager : Event: ======'bumpers_hit'====== Args={'shot': 'bumper_right'}
2025-05-12 21:42:41,819 : INFO : EventManager : Event: ======'bumpers_unlit_hit'====== Args={'shot': 'bumper_right'}
2025-05-12 21:42:41,819 : INFO : EventManager : Event: ======'player_score'====== Args={'value': 2000, 'prev_value': 1000, 'change': 1000, 'player_num': 1, 'source': 'bumpers'}
2025-05-12 21:42:41,881 : INFO : SwitchController : <<<<<<< 's_bumper_right' inactive >>>>>>>
2025-05-12 21:42:46,942 : INFO : EventManager : Event: ======'balldevice_bd_trough_ball_eject_failed'====== Args={'target': <ball_device.bd_plunger>, 'balls': 1, 'retry': True, 'num_attempts': 2}
2025-05-12 21:42:46,944 : INFO : ball_device.bd_trough : State: waiting_for_target_ready
2025-05-12 21:42:46,944 : INFO : EventManager : Event: ======'balldevice_bd_trough_ball_eject_attempt'====== Args={'balls': 1, 'target': <ball_device.bd_plunger>, 'source': <ball_device.bd_trough>, 'mechanical_eject': False, 'num_attempts': 2}
2025-05-12 21:42:46,945 : INFO : ball_device.bd_trough : State: ejecting
2025-05-12 21:42:46,945 : INFO : ball_device.bd_trough : Ejecting ball to <ball_device.bd_plunger>
2025-05-12 21:42:46,945 : INFO : EventManager : Event: ======'balldevice_bd_trough_ejecting_ball'====== Args={'balls': 1, 'target': <ball_device.bd_plunger>, 'source': <ball_device.bd_trough>, 'mechanical_eject': False, 'num_attempts': 2}
2025-05-12 21:42:46,947 : INFO : ball_device.bd_trough : Wait for ball to leave device
2025-05-12 21:42:46,947 : INFO : coil.c_trough_eject : Pulsing Driver for 10ms (1.0 pulse_power)
2025-05-12 21:42:47,170 : INFO : Machine : Shutting down...
2025-05-12 21:42:47,170 : INFO : EventManager : Event: ======'shutdown'====== Args={}
2025-05-12 21:42:47,171 : INFO : EventManager : Event: ======'mode_game_will_stop'====== Args={}
2025-05-12 21:42:47,171 : INFO : EventManager : Event: ======'mode_game_stopping'====== Args={}
2025-05-12 21:42:47,172 : INFO : EventManager : Event: ======'mode_base_will_stop'====== Args={}
2025-05-12 21:42:47,172 : INFO : EventManager : Event: ======'mode_base_stopping'====== Args={}
2025-05-12 21:42:47,172 : INFO : EventManager : Event: ======'mode_bumpers_will_stop'====== Args={}
2025-05-12 21:42:47,172 : INFO : EventManager : Event: ======'mode_bumpers_stopping'====== Args={}
2025-05-12 21:42:47,172 : INFO : EventManager : Event: ======'stop_mode_bumpers'====== Args={'priority': 0}
2025-05-12 21:42:47,172 : INFO : Mode.bumpers : Stopped.
2025-05-12 21:42:47,172 : INFO : EventManager : Event: ======'modes_active_modes_changed'====== Args={}
2025-05-12 21:42:47,172 : INFO : EventManager : Event: ======'mode_bumpers_stopped'====== Args={}
2025-05-12 21:42:47,172 : INFO : EventManager : Event: ======'clear'====== Args={'key': 'bumpers'}
2025-05-12 21:42:47,172 : INFO : Mode.base : Stopped.
2025-05-12 21:42:47,173 : INFO : EventManager : Event: ======'modes_active_modes_changed'====== Args={}
2025-05-12 21:42:47,173 : INFO : EventManager : Event: ======'mode_base_stopped'====== Args={}
2025-05-12 21:42:47,173 : INFO : EventManager : Event: ======'clear'====== Args={'key': 'base'}
2025-05-12 21:42:47,173 : INFO : Mode.game : Stopped.
2025-05-12 21:42:47,173 : INFO : EventManager : Event: ======'modes_active_modes_changed'====== Args={}
2025-05-12 21:42:47,173 : INFO : EventManager : Event: ======'mode_game_stopped'====== Args={}
2025-05-12 21:42:47,173 : INFO : EventManager : Event: ======'clear'====== Args={'key': 'game'}
2025-05-12 21:42:47,174 : INFO : root : MPF run loop ended.
