2025-06-06 09:11:29,668 : INFO : root : Loading config.
2025-06-06 09:11:29,748 : INFO : ConfigProcessor : Config spec file cache created: /var/folders/hz/r3dl9ms51016zpvrwk611s6m0000gs/T/config_spec.mpf_cache
2025-06-06 09:11:29,748 : INFO : YamlMultifileConfigLoader : Machine config file #1: config.yaml
2025-06-06 09:11:29,749 : INFO : ConfigProcessor : Loading config from file /Users/michaelcarman/Documents/work/mpf/mpf/lib/python3.13/site-packages/mpf/mpfconfig.yaml.
2025-06-06 09:11:29,763 : INFO : ConfigProcessor : Loading config: /Users/michaelcarman/Documents/work/mpf/mpf/lib/python3.13/site-packages/mpf/mpfconfig.yaml
2025-06-06 09:11:29,763 : INFO : ConfigProcessor : Loading config from file /Users/michaelcarman/Documents/work/mpf/happy-pinball/config/config.yaml.
2025-06-06 09:11:29,765 : INFO : ConfigProcessor : Loading config: /Users/michaelcarman/Documents/work/mpf/happy-pinball/config/config.yaml
2025-06-06 09:11:29,766 : INFO : ConfigProcessor : Loading config: /Users/michaelcarman/Documents/work/mpf/happy-pinball/config/config_ball_devices.yaml
2025-06-06 09:11:29,767 : INFO : ConfigProcessor : Loading config: /Users/michaelcarman/Documents/work/mpf/happy-pinball/config/config_coils.yaml
2025-06-06 09:11:29,768 : INFO : ConfigProcessor : Loading config: /Users/michaelcarman/Documents/work/mpf/happy-pinball/config/config_switches.yaml
2025-06-06 09:11:29,768 : INFO : ConfigProcessor : Config file cache created: /var/folders/hz/r3dl9ms51016zpvrwk611s6m0000gs/T/5d6a457603c6b060ca35237bebf088e1.mpf_cache
2025-06-06 09:11:29,828 : INFO : ConfigProcessor : Loading config from file /Users/michaelcarman/Documents/work/mpf/mpf/lib/python3.13/site-packages/mpf/modes/attract/config/attract.yaml.
2025-06-06 09:11:29,834 : INFO : ConfigProcessor : Loading config: /Users/michaelcarman/Documents/work/mpf/mpf/lib/python3.13/site-packages/mpf/modes/attract/config/attract.yaml
2025-06-06 09:11:29,835 : INFO : ConfigProcessor : Loading config from file /Users/michaelcarman/Documents/work/mpf/happy-pinball/modes/attract/config/attract.yaml.
2025-06-06 09:11:29,837 : INFO : ConfigProcessor : Loading config: /Users/michaelcarman/Documents/work/mpf/happy-pinball/modes/attract/config/attract.yaml
2025-06-06 09:11:29,838 : INFO : ConfigProcessor : Config file cache created: /var/folders/hz/r3dl9ms51016zpvrwk611s6m0000gs/T/6f665ac125edf3618cba9e13a753822f.mpf_cache
2025-06-06 09:11:29,838 : INFO : ConfigProcessor : Loading config from file /Users/michaelcarman/Documents/work/mpf/mpf/lib/python3.13/site-packages/mpf/modes/game/config/game.yaml.
2025-06-06 09:11:29,840 : INFO : ConfigProcessor : Loading config: /Users/michaelcarman/Documents/work/mpf/mpf/lib/python3.13/site-packages/mpf/modes/game/config/game.yaml
2025-06-06 09:11:29,840 : INFO : ConfigProcessor : Config file cache created: /var/folders/hz/r3dl9ms51016zpvrwk611s6m0000gs/T/87d438dd69d0ef01003c5249e41b5d50.mpf_cache
2025-06-06 09:11:29,840 : INFO : ConfigProcessor : Loading config from cache: /var/folders/hz/r3dl9ms51016zpvrwk611s6m0000gs/T/6f665ac125edf3618cba9e13a753822f.mpf_cache
2025-06-06 09:11:29,840 : INFO : ConfigProcessor : Loading config from file /Users/michaelcarman/Documents/work/mpf/happy-pinball/modes/base/config/base.yaml.
2025-06-06 09:11:29,841 : INFO : ConfigProcessor : Loading config: /Users/michaelcarman/Documents/work/mpf/happy-pinball/modes/base/config/base.yaml
2025-06-06 09:11:29,842 : INFO : ConfigProcessor : Config file cache created: /var/folders/hz/r3dl9ms51016zpvrwk611s6m0000gs/T/d9ff39e0ccd80af39f7d36bb6b40dd93.mpf_cache
2025-06-06 09:11:29,842 : INFO : ConfigProcessor : Loading config from file /Users/michaelcarman/Documents/work/mpf/happy-pinball/modes/bumpers/config/bumpers.yaml.
2025-06-06 09:11:29,843 : INFO : ConfigProcessor : Loading config: /Users/michaelcarman/Documents/work/mpf/happy-pinball/modes/bumpers/config/bumpers.yaml
2025-06-06 09:11:29,843 : INFO : ConfigProcessor : Config file cache created: /var/folders/hz/r3dl9ms51016zpvrwk611s6m0000gs/T/ac07971a64f12a0788c85bcc38792825.mpf_cache
2025-06-06 09:11:29,844 : INFO : Machine : Mission Pinball Framework Core Engine v0.80.0.dev7
2025-06-06 09:11:29,844 : INFO : Machine : Command line arguments: {'no_load_cache': False, 'create_config_cache': True, 'bcp': True, 'configfile': ['config.yaml'], 'force_assets_load': False, 'platform_integration_test': False, 'jsonlogging': False, 'logfile': 'logs/2025-06-06-09-11-29-mpf-LPCVQLKF70.log', 'pause': False, 'production': False, 'text_ui': False, 'loglevel': 15, 'consoleloglevel': 20, 'force_platform': 'virtual', 'syslog_address': None, 'full_logfile_path': '/Users/michaelcarman/Documents/work/mpf/happy-pinball/logs/2025-06-06-09-11-29-mpf-LPCVQLKF70.log'}
2025-06-06 09:11:29,844 : INFO : Machine : MPF path: /Users/michaelcarman/Documents/work/mpf/mpf/lib/python3.13/site-packages/mpf
2025-06-06 09:11:29,844 : INFO : Machine : Machine path: /Users/michaelcarman/Documents/work/mpf/happy-pinball
2025-06-06 09:11:29,844 : INFO : Machine : Platform: darwin
2025-06-06 09:11:29,844 : INFO : Machine : Python executable location: /Users/michaelcarman/Documents/work/mpf/mpf/bin/python3.13
2025-06-06 09:11:29,844 : INFO : Machine : Python version: 3.13.3 (64-bit)
2025-06-06 09:11:29,844 : INFO : Machine : Initializing MPF...
2025-06-06 09:11:29,985 : INFO : EventManager : Event: ======'machine_var_credits_string'====== Args={'value': 'FREE PLAY', 'prev_value': None, 'change': True}
2025-06-06 09:11:30,020 : INFO : EventManager : Event: ======'machine_var_player1_score'====== Args={'value': 8675309, 'prev_value': None, 'change': True}
2025-06-06 09:11:30,020 : INFO : EventManager : Event: ======'machine_var_player2_score'====== Args={'value': 4321523, 'prev_value': None, 'change': True}
2025-06-06 09:11:30,020 : INFO : EventManager : Event: ======'machine_var_master_volume'====== Args={'value': 0.5, 'prev_value': None, 'change': True}
2025-06-06 09:11:30,020 : INFO : EventManager : Event: ======'machine_var_mpf_version'====== Args={'value': 'Mission Pinball Framework v0.80.0.dev7', 'prev_value': None, 'change': True}
2025-06-06 09:11:30,020 : INFO : EventManager : Event: ======'machine_var_mpf_extended_version'====== Args={'value': 'Mission Pinball Framework v0.80.0.dev7, Config version:6, Show version: 6, BCP version:1.1', 'prev_value': None, 'change': True}
2025-06-06 09:11:30,020 : INFO : EventManager : Event: ======'machine_var_python_version'====== Args={'value': '3.13.3', 'prev_value': None, 'change': True}
2025-06-06 09:11:30,059 : INFO : EventManager : Event: ======'machine_var_platform'====== Args={'value': 'macOS-15.3.1-arm64-arm-64bit-Mach-O', 'prev_value': None, 'change': True}
2025-06-06 09:11:30,059 : INFO : EventManager : Event: ======'machine_var_platform_system'====== Args={'value': 'Darwin', 'prev_value': None, 'change': True}
2025-06-06 09:11:30,059 : INFO : EventManager : Event: ======'machine_var_platform_release'====== Args={'value': '24.3.0', 'prev_value': None, 'change': True}
2025-06-06 09:11:30,059 : INFO : EventManager : Event: ======'machine_var_platform_version'====== Args={'value': 'Darwin Kernel Version 24.3.0: Thu Jan  2 20:24:22 PST 2025; root:xnu-11215.81.4~3/RELEASE_ARM64_T6041', 'prev_value': None, 'change': True}
2025-06-06 09:11:30,059 : INFO : EventManager : Event: ======'machine_var_platform_machine'====== Args={'value': 'arm64', 'prev_value': None, 'change': True}
2025-06-06 09:11:30,059 : INFO : EventManager : Event: ======'machine_var_log_file_path'====== Args={'value': '/Users/michaelcarman/Documents/work/mpf/happy-pinball/logs/2025-06-06-09-11-29-mpf-LPCVQLKF70.log', 'prev_value': None, 'change': True}
2025-06-06 09:11:30,059 : INFO : EventManager : Event: ======'init_phase_1'====== Args={}
2025-06-06 09:11:30,097 : INFO : EventManager : Event: ======'init_phase_2'====== Args={}
2025-06-06 09:11:30,098 : INFO : SwitchController : Found active switch: (1006, <Platform.Virtual>) <switch.s_trough_1>
2025-06-06 09:11:30,098 : INFO : SwitchController : Found active switch: (1007, <Platform.Virtual>) <switch.s_trough_2>
2025-06-06 09:11:30,098 : INFO : SwitchController : Found active switch: (1008, <Platform.Virtual>) <switch.s_trough_3>
2025-06-06 09:11:30,099 : INFO : EventManager : Event: ======'bcp_connection_attempt'====== Args={'name': 'local_display', 'host': 'localhost', 'port': 5050}
2025-06-06 09:11:30,099 : INFO : BCPClientSocket : Connecting BCP to 'local_display' at localhost:5050...
2025-06-06 09:11:30,107 : INFO : BCPClientSocket : Connected BCP to 'local_display' localhost:5050
2025-06-06 09:11:30,107 : INFO : EventManager : Event: ======'bcp_clients_connected'====== Args={}
2025-06-06 09:11:30,107 : INFO : ball_device.bd_plunger : BCH: Initial count: 0
2025-06-06 09:11:30,107 : INFO : ball_device.bd_plunger : State: idle
2025-06-06 09:11:30,107 : INFO : ball_device.bd_trough : BCH: Initial count: 3
2025-06-06 09:11:30,108 : INFO : ball_device.bd_trough : State: idle
2025-06-06 09:11:30,121 : INFO : EventManager : Event: ======'init_phase_3'====== Args={}
2025-06-06 09:11:30,122 : INFO : EventManager : Event: ======'init_phase_4'====== Args={}
2025-06-06 09:11:30,122 : INFO : BallController : Initial balls found: 3
2025-06-06 09:11:30,122 : INFO : EventManager : Event: ======'machine_var_audits_events_game_ended'====== Args={'value': 0, 'prev_value': None, 'change': True}
2025-06-06 09:11:30,122 : INFO : EventManager : Event: ======'machine_var_audits_events_game_started'====== Args={'value': 29, 'prev_value': None, 'change': True}
2025-06-06 09:11:30,122 : INFO : EventManager : Event: ======'machine_var_audits_missing_switches_s_flipper_left'====== Args={'value': 6, 'prev_value': None, 'change': True}
2025-06-06 09:11:30,122 : INFO : EventManager : Event: ======'machine_var_audits_missing_switches_s_flipper_right'====== Args={'value': 6, 'prev_value': None, 'change': True}
2025-06-06 09:11:30,122 : INFO : EventManager : Event: ======'machine_var_audits_missing_switches_s_plunger_lane'====== Args={'value': 29, 'prev_value': None, 'change': True}
2025-06-06 09:11:30,122 : INFO : EventManager : Event: ======'machine_var_audits_missing_switches_s_start'====== Args={'value': 11, 'prev_value': None, 'change': True}
2025-06-06 09:11:30,122 : INFO : EventManager : Event: ======'machine_var_audits_missing_switches_s_trough_1'====== Args={'value': 29, 'prev_value': None, 'change': True}
2025-06-06 09:11:30,122 : INFO : EventManager : Event: ======'machine_var_audits_missing_switches_s_trough_2'====== Args={'value': 29, 'prev_value': None, 'change': True}
2025-06-06 09:11:30,122 : INFO : EventManager : Event: ======'machine_var_audits_missing_switches_s_trough_3'====== Args={'value': 29, 'prev_value': None, 'change': True}
2025-06-06 09:11:30,122 : INFO : EventManager : Event: ======'machine_var_audits_player_score'====== Args={'value': {'average': 0, 'top': [], 'total': 0}, 'prev_value': None, 'change': True}
2025-06-06 09:11:30,122 : INFO : EventManager : Event: ======'machine_var_audits_shots_bumper_left'====== Args={'value': 209, 'prev_value': None, 'change': True}
2025-06-06 09:11:30,122 : INFO : EventManager : Event: ======'machine_var_audits_shots_bumper_right'====== Args={'value': 221, 'prev_value': None, 'change': True}
2025-06-06 09:11:30,122 : INFO : EventManager : Event: ======'machine_var_audits_switches_s_bumper_left'====== Args={'value': 209, 'prev_value': None, 'change': True}
2025-06-06 09:11:30,122 : INFO : EventManager : Event: ======'machine_var_audits_switches_s_bumper_right'====== Args={'value': 221, 'prev_value': None, 'change': True}
2025-06-06 09:11:30,122 : INFO : EventManager : Event: ======'machine_var_audits_switches_s_flipper_left'====== Args={'value': 4, 'prev_value': None, 'change': True}
2025-06-06 09:11:30,122 : INFO : EventManager : Event: ======'machine_var_audits_switches_s_flipper_right'====== Args={'value': 3, 'prev_value': None, 'change': True}
2025-06-06 09:11:30,122 : INFO : EventManager : Event: ======'machine_var_audits_switches_s_left_lane'====== Args={'value': 42, 'prev_value': None, 'change': True}
2025-06-06 09:11:30,122 : INFO : EventManager : Event: ======'machine_var_audits_switches_s_plunger_lane'====== Args={'value': 0, 'prev_value': None, 'change': True}
2025-06-06 09:11:30,122 : INFO : EventManager : Event: ======'machine_var_audits_switches_s_start'====== Args={'value': 12, 'prev_value': None, 'change': True}
2025-06-06 09:11:30,122 : INFO : EventManager : Event: ======'machine_var_audits_switches_s_trough_1'====== Args={'value': 0, 'prev_value': None, 'change': True}
2025-06-06 09:11:30,122 : INFO : EventManager : Event: ======'machine_var_audits_switches_s_trough_2'====== Args={'value': 0, 'prev_value': None, 'change': True}
2025-06-06 09:11:30,122 : INFO : EventManager : Event: ======'machine_var_audits_switches_s_trough_3'====== Args={'value': 0, 'prev_value': None, 'change': True}
2025-06-06 09:11:30,123 : INFO : EventManager : Event: ======'init_phase_5'====== Args={}
2025-06-06 09:11:30,123 : INFO : EventManager : Event: ======'init_done'====== Args={}
2025-06-06 09:11:30,123 : INFO : EventManager : Event: ======'machine_reset_phase_1'====== Args={}
2025-06-06 09:11:30,129 : INFO : EventManager : Event: ======'machine_reset_phase_2'====== Args={}
2025-06-06 09:11:30,130 : INFO : EventManager : Event: ======'machine_reset_phase_3'====== Args={}
2025-06-06 09:11:30,130 : INFO : EventManager : Event: ======'reset_complete'====== Args={}
2025-06-06 09:11:30,130 : INFO : EventManager : Event: ======'mode_attract_will_start'====== Args={}
2025-06-06 09:11:30,130 : INFO : Timer.attract_carousel_timer : Starting Timer.
2025-06-06 09:11:30,130 : INFO : EventManager : Event: ======'timer_attract_carousel_timer_started'====== Args={'ticks': 0, 'ticks_remaining': 1}
2025-06-06 09:11:30,130 : INFO : EventManager : Event: ======'timer_attract_carousel_timer_tick'====== Args={'ticks': 0, 'ticks_remaining': 1}
2025-06-06 09:11:30,131 : INFO : EventManager : Event: ======'mode_attract_starting'====== Args={}
2025-06-06 09:11:30,131 : INFO : Mode.attract : Started. Priority: 10
2025-06-06 09:11:30,131 : INFO : EventManager : Event: ======'modes_active_modes_changed'====== Args={}
2025-06-06 09:11:30,131 : INFO : EventManager : Event: ======'mode_attract_started'====== Args={}
2025-06-06 09:11:30,131 : INFO : EventManager : Event: ======'collecting_balls_complete'====== Args={}
2025-06-06 09:11:30,131 : INFO : EventManager : Event: ======'item_highlighted'====== Args={'carousel': 'attract', 'direction': None, 'item': 'title'}
2025-06-06 09:11:30,131 : INFO : EventManager : Event: ======'timer_attract_carousel_timer_tick'====== Args={'ticks': 0, 'ticks_remaining': 1}
2025-06-06 09:11:30,131 : INFO : Machine : Starting the main run loop with active modes: [<Mode.attract>]
2025-06-06 09:11:30,184 : INFO : EventManager : Event: ======'slide_attract_created'====== Args={'_from_bcp': True}
2025-06-06 09:11:30,184 : INFO : EventManager : Event: ======'slide__removed'====== Args={'_from_bcp': True}
2025-06-06 09:11:30,184 : INFO : EventManager : Event: ======'slide_attract_active'====== Args={'original_context': 'attract', 'original_calling_context': 'mode_attract_started', 'priority': 10.0, 'cmd': 'slides_play', '_from_bcp': True}
2025-06-06 09:11:35,132 : INFO : Timer.attract_carousel_timer : Timer Complete
2025-06-06 09:11:35,132 : INFO : Timer.attract_carousel_timer : Stopping Timer
2025-06-06 09:11:35,132 : INFO : EventManager : Event: ======'timer_attract_carousel_timer_stopped'====== Args={'ticks': 1, 'ticks_remaining': 1}
2025-06-06 09:11:35,132 : INFO : EventManager : Event: ======'timer_attract_carousel_timer_complete'====== Args={'ticks': 1, 'ticks_remaining': 1}
2025-06-06 09:11:35,133 : INFO : EventManager : Event: ======'item_highlighted'====== Args={'carousel': 'attract', 'direction': 'forwards', 'item': 'credits'}
2025-06-06 09:11:35,134 : INFO : Timer.attract_carousel_timer : Starting Timer.
2025-06-06 09:11:35,134 : INFO : EventManager : Event: ======'timer_attract_carousel_timer_started'====== Args={'ticks': 0, 'ticks_remaining': 1}
2025-06-06 09:11:35,134 : INFO : EventManager : Event: ======'timer_attract_carousel_timer_tick'====== Args={'ticks': 0, 'ticks_remaining': 1}
2025-06-06 09:11:36,478 : INFO : SwitchController : <<<<<<< 's_start' active >>>>>>>
2025-06-06 09:11:36,541 : INFO : SwitchController : <<<<<<< 's_start' inactive >>>>>>>
2025-06-06 09:11:36,541 : INFO : EventManager : Event: ======'request_to_start_game'====== Args={}
2025-06-06 09:11:36,541 : INFO : EventManager : Event: ======'game_start'====== Args={'buttons': [], 'hold_time': 0.0626393749989802}
2025-06-06 09:11:36,542 : INFO : EventManager : Event: ======'mode_game_will_start'====== Args={'buttons': [], 'hold_time': 0.0626393749989802}
2025-06-06 09:11:36,542 : INFO : EventManager : Event: ======'mode_game_starting'====== Args={'buttons': [], 'hold_time': 0.0626393749989802}
2025-06-06 09:11:36,542 : INFO : EventManager : Event: ======'mode_attract_will_stop'====== Args={}
2025-06-06 09:11:36,542 : INFO : EventManager : Event: ======'mode_attract_stopping'====== Args={}
2025-06-06 09:11:36,542 : INFO : Mode.attract : Stopped.
2025-06-06 09:11:36,542 : INFO : EventManager : Event: ======'modes_active_modes_changed'====== Args={}
2025-06-06 09:11:36,543 : INFO : EventManager : Event: ======'mode_attract_stopped'====== Args={}
2025-06-06 09:11:36,543 : INFO : EventManager : Event: ======'clear'====== Args={'key': 'attract'}
2025-06-06 09:11:36,543 : INFO : Timer.attract_carousel_timer : Stopping Timer
2025-06-06 09:11:36,543 : INFO : EventManager : Event: ======'timer_attract_carousel_timer_stopped'====== Args={'ticks': 0, 'ticks_remaining': 1}
2025-06-06 09:11:36,543 : INFO : Mode.game : Started. Priority: 20
2025-06-06 09:11:36,543 : INFO : EventManager : Event: ======'modes_active_modes_changed'====== Args={}
2025-06-06 09:11:36,543 : INFO : EventManager : Event: ======'mode_game_started'====== Args={'buttons': [], 'hold_time': 0.0626393749989802}
2025-06-06 09:11:36,544 : INFO : EventManager : Event: ======'game_will_start'====== Args={}
2025-06-06 09:11:36,544 : INFO : EventManager : Event: ======'game_starting'====== Args={'game': <Mode.game>}
2025-06-06 09:11:36,545 : INFO : EventManager : Unordered handler for class <Auditor> on event game_ended with priority 1. Handlers: [RegisteredHandler(callback=<bound method Auditor.disable of <Auditor>>, priority=1, kwargs={}, key=UUID('c1505978-29a4-4aa6-b0bc-4f40265c5864'), condition=None, blocking_facility=None), RegisteredHandler(callback=<bound method Auditor._save_audits of <Auditor>>, priority=1, kwargs={}, key=UUID('2b80b6e3-e6cf-4120-9c0e-f10b064e634d'), condition=None, blocking_facility=None)]. The order of those handlers is not defined and they will be executed in random order. This might lead to race conditions and potential bugs.
2025-06-06 09:11:36,545 : INFO : EventManager : Event: ======'player_add_request'====== Args={}
2025-06-06 09:11:36,545 : INFO : EventManager : Event: ======'player_will_add'====== Args={'number': 1}
2025-06-06 09:11:36,545 : INFO : EventManager : Event: ======'player_adding'====== Args={'player': <Player 1>, 'number': 1}
2025-06-06 09:11:36,545 : INFO : EventManager : Event: ======'player_added'====== Args={'player': <Player 1>, 'num': 1}
2025-06-06 09:11:36,545 : INFO : Mode.game : Player added successfully. Total players: 1
2025-06-06 09:11:36,545 : INFO : EventManager : Event: ======'player_index'====== Args={'value': 0, 'prev_value': 0, 'change': 0, 'player_num': 1}
2025-06-06 09:11:36,545 : INFO : EventManager : Event: ======'player_number'====== Args={'value': 1, 'prev_value': 1, 'change': 0, 'player_num': 1}
2025-06-06 09:11:36,545 : INFO : EventManager : Event: ======'player_score'====== Args={'value': 0, 'prev_value': 0, 'change': 0, 'player_num': 1}
2025-06-06 09:11:36,546 : INFO : EventManager : Event: ======'game_started'====== Args={}
2025-06-06 09:11:36,546 : INFO : EventManager : Event: ======'player_turn_will_start'====== Args={'player': <Player 1>, 'number': 1}
2025-06-06 09:11:36,546 : INFO : EventManager : Event: ======'player_turn_starting'====== Args={'player': <Player 1>, 'number': 1}
2025-06-06 09:11:36,546 : INFO : EventManager : Event: ======'player_ball'====== Args={'value': 1, 'prev_value': 0, 'change': 1, 'player_num': 1}
2025-06-06 09:11:36,546 : INFO : EventManager : Event: ======'player_turn_started'====== Args={'player': <Player 1>, 'number': 1}
2025-06-06 09:11:36,547 : INFO : EventManager : Event: ======'ball_will_start'====== Args={'player': 1, 'ball': 1, 'balls_remaining': 2, 'is_extra_ball': False}
2025-06-06 09:11:36,547 : INFO : EventManager : Event: ======'ball_starting'====== Args={'player': 1, 'ball': 1, 'balls_remaining': 2, 'is_extra_ball': False}
2025-06-06 09:11:36,549 : INFO : EventManager : Event: ======'mode_base_will_start'====== Args={'queue': <QueuedEvent>, 'player': 1, 'ball': 1, 'balls_remaining': 2, 'is_extra_ball': False}
2025-06-06 09:11:36,550 : INFO : EventManager : Event: ======'mode_base_starting'====== Args={'queue': <QueuedEvent>, 'player': 1, 'ball': 1, 'balls_remaining': 2, 'is_extra_ball': False}
2025-06-06 09:11:36,550 : INFO : Mode.base : Started. Priority: 100
2025-06-06 09:11:36,550 : INFO : EventManager : Event: ======'modes_active_modes_changed'====== Args={}
2025-06-06 09:11:36,550 : INFO : EventManager : Event: ======'mode_base_started'====== Args={'queue': <QueuedEvent>, 'player': 1, 'ball': 1, 'balls_remaining': 2, 'is_extra_ball': False}
2025-06-06 09:11:36,550 : INFO : EventManager : Event: ======'start_mode_bumpers'====== Args={'priority': 0}
2025-06-06 09:11:36,550 : INFO : EventManager : Event: ======'mode_bumpers_will_start'====== Args={'priority': 0}
2025-06-06 09:11:36,551 : INFO : EventManager : Event: ======'player_shot_bumper_left_enabled'====== Args={'value': True, 'prev_value': 0, 'change': 1, 'player_num': 1}
2025-06-06 09:11:36,551 : INFO : EventManager : Event: ======'player_shot_bumper_right_enabled'====== Args={'value': True, 'prev_value': 0, 'change': 1, 'player_num': 1}
2025-06-06 09:11:36,551 : INFO : EventManager : Event: ======'bumpers_complete'====== Args={'state': 'unlit'}
2025-06-06 09:11:36,551 : INFO : EventManager : Event: ======'bumpers_unlit_complete'====== Args={}
2025-06-06 09:11:36,552 : INFO : EventManager : Event: ======'mode_bumpers_starting'====== Args={'priority': 0}
2025-06-06 09:11:36,552 : INFO : Mode.bumpers : Started. Priority: 200
2025-06-06 09:11:36,552 : INFO : EventManager : Event: ======'modes_active_modes_changed'====== Args={}
2025-06-06 09:11:36,552 : INFO : EventManager : Event: ======'mode_bumpers_started'====== Args={'priority': 0}
2025-06-06 09:11:36,552 : INFO : EventManager : Event: ======'balls_in_play'====== Args={'balls': 1}
2025-06-06 09:11:36,552 : INFO : EventManager : Event: ======'ball_started'====== Args={'player': 1, 'ball': 1, 'balls_remaining': 2, 'is_extra_ball': False}
2025-06-06 09:11:36,552 : INFO : EventManager : Event: ======'single_player_ball_started'====== Args={}
2025-06-06 09:11:36,552 : INFO : EventManager : Event: ======'ball_start_target'====== Args={'target': 'playfield'}
2025-06-06 09:11:36,552 : INFO : ball_device.bd_trough : Setting up player-controlled eject. Balls: 1, Target: <playfield.playfield>, player_controlled_eject_event: None
2025-06-06 09:11:36,553 : INFO : ball_device.bd_trough : Adding 1 ball(s) to the eject_queue with target <playfield.playfield>.
2025-06-06 09:11:36,553 : INFO : EventManager : Event: ======'balldevice_balls_available'====== Args={}
2025-06-06 09:11:36,553 : INFO : ball_device.bd_trough : State: waiting_for_target_ready
2025-06-06 09:11:36,553 : INFO : EventManager : Event: ======'balldevice_bd_trough_ball_eject_attempt'====== Args={'balls': 1, 'target': <ball_device.bd_plunger>, 'source': <ball_device.bd_trough>, 'mechanical_eject': False, 'num_attempts': 0}
2025-06-06 09:11:36,553 : INFO : ball_device.bd_plunger : State: waiting_for_ball
2025-06-06 09:11:36,553 : INFO : ball_device.bd_trough : State: ejecting
2025-06-06 09:11:36,553 : INFO : ball_device.bd_trough : Ejecting ball to <ball_device.bd_plunger>
2025-06-06 09:11:36,553 : INFO : EventManager : Event: ======'balldevice_bd_trough_ejecting_ball'====== Args={'balls': 1, 'target': <ball_device.bd_plunger>, 'source': <ball_device.bd_trough>, 'mechanical_eject': False, 'num_attempts': 0}
2025-06-06 09:11:36,554 : INFO : ball_device.bd_trough : Wait for ball to leave device
2025-06-06 09:11:36,554 : INFO : coil.c_trough_eject : Pulsing Driver for 10ms (1.0 pulse_power)
2025-06-06 09:11:36,571 : INFO : EventManager : Event: ======'slide_base_created'====== Args={'_from_bcp': True}
2025-06-06 09:11:36,571 : INFO : EventManager : Event: ======'slide_attract_inactive'====== Args={'is_removing': True, '_from_bcp': True}
2025-06-06 09:11:36,571 : INFO : EventManager : Event: ======'slide_base_active'====== Args={'original_context': 'base', 'original_calling_context': 'mode_base_started', 'priority': 100.0, 'queue': '<QueuedEvent>', 'player': 1.0, 'ball': 1.0, 'balls_remaining': 2.0, 'is_extra_ball': False, 'cmd': 'slides_play', '_from_bcp': True}
2025-06-06 09:11:36,571 : INFO : EventManager : Event: ======'slide_attract_removed'====== Args={'_from_bcp': True}
2025-06-06 09:11:42,550 : INFO : Machine : Shutting down...
2025-06-06 09:11:42,550 : INFO : EventManager : Event: ======'shutdown'====== Args={}
2025-06-06 09:11:42,552 : INFO : EventManager : Event: ======'mode_game_will_stop'====== Args={}
2025-06-06 09:11:42,552 : INFO : EventManager : Event: ======'mode_game_stopping'====== Args={}
2025-06-06 09:11:42,553 : INFO : EventManager : Event: ======'mode_base_will_stop'====== Args={}
2025-06-06 09:11:42,553 : INFO : EventManager : Event: ======'mode_base_stopping'====== Args={}
2025-06-06 09:11:42,553 : INFO : EventManager : Event: ======'mode_bumpers_will_stop'====== Args={}
2025-06-06 09:11:42,553 : INFO : EventManager : Event: ======'mode_bumpers_stopping'====== Args={}
2025-06-06 09:11:42,554 : INFO : EventManager : Event: ======'stop_mode_bumpers'====== Args={'priority': 0}
2025-06-06 09:11:42,554 : INFO : Mode.bumpers : Stopped.
2025-06-06 09:11:42,554 : INFO : EventManager : Event: ======'modes_active_modes_changed'====== Args={}
2025-06-06 09:11:42,554 : INFO : EventManager : Event: ======'mode_bumpers_stopped'====== Args={}
2025-06-06 09:11:42,554 : INFO : EventManager : Event: ======'clear'====== Args={'key': 'bumpers'}
2025-06-06 09:11:42,555 : INFO : Mode.base : Stopped.
2025-06-06 09:11:42,555 : INFO : EventManager : Event: ======'modes_active_modes_changed'====== Args={}
2025-06-06 09:11:42,555 : INFO : EventManager : Event: ======'mode_base_stopped'====== Args={}
2025-06-06 09:11:42,555 : INFO : EventManager : Event: ======'clear'====== Args={'key': 'base'}
2025-06-06 09:11:42,555 : INFO : Mode.game : Stopped.
2025-06-06 09:11:42,555 : INFO : EventManager : Event: ======'modes_active_modes_changed'====== Args={}
2025-06-06 09:11:42,555 : INFO : EventManager : Event: ======'mode_game_stopped'====== Args={}
2025-06-06 09:11:42,555 : INFO : EventManager : Event: ======'clear'====== Args={'key': 'game'}
2025-06-06 09:11:42,560 : INFO : root : MPF run loop ended.
