2025-05-29 07:49:02,354 : INFO : root : Loading config.
2025-05-29 07:49:02,430 : INFO : ConfigProcessor : Config spec file cache created: /var/folders/hz/r3dl9ms51016zpvrwk611s6m0000gs/T/config_spec.mpf_cache
2025-05-29 07:49:02,430 : INFO : YamlMultifileConfigLoader : Machine config file #1: config.yaml
2025-05-29 07:49:02,430 : INFO : ConfigProcessor : Loading config from cache: /var/folders/hz/r3dl9ms51016zpvrwk611s6m0000gs/T/5d6a457603c6b060ca35237bebf088e1.mpf_cache
2025-05-29 07:49:02,470 : INFO : ConfigProcessor : Loading config from cache: /var/folders/hz/r3dl9ms51016zpvrwk611s6m0000gs/T/6f665ac125edf3618cba9e13a753822f.mpf_cache
2025-05-29 07:49:02,471 : INFO : ConfigProcessor : Loading config from cache: /var/folders/hz/r3dl9ms51016zpvrwk611s6m0000gs/T/87d438dd69d0ef01003c5249e41b5d50.mpf_cache
2025-05-29 07:49:02,471 : INFO : ConfigProcessor : Loading config from cache: /var/folders/hz/r3dl9ms51016zpvrwk611s6m0000gs/T/6f665ac125edf3618cba9e13a753822f.mpf_cache
2025-05-29 07:49:02,471 : INFO : ConfigProcessor : Loading config from cache: /var/folders/hz/r3dl9ms51016zpvrwk611s6m0000gs/T/d9ff39e0ccd80af39f7d36bb6b40dd93.mpf_cache
2025-05-29 07:49:02,471 : INFO : ConfigProcessor : Loading config from cache: /var/folders/hz/r3dl9ms51016zpvrwk611s6m0000gs/T/ac07971a64f12a0788c85bcc38792825.mpf_cache
2025-05-29 07:49:02,472 : INFO : Machine : Mission Pinball Framework Core Engine v0.80.0.dev7
2025-05-29 07:49:02,472 : INFO : Machine : Command line arguments: {'no_load_cache': False, 'create_config_cache': True, 'bcp': True, 'configfile': ['config.yaml'], 'force_assets_load': False, 'platform_integration_test': False, 'jsonlogging': False, 'logfile': 'logs/2025-05-29-07-49-02-mpf-LPCVQLKF70.log', 'pause': False, 'production': False, 'text_ui': False, 'loglevel': 15, 'consoleloglevel': 20, 'force_platform': 'virtual', 'syslog_address': None, 'full_logfile_path': '/Users/michaelcarman/Documents/work/mpf/happy-pinball/logs/2025-05-29-07-49-02-mpf-LPCVQLKF70.log'}
2025-05-29 07:49:02,472 : INFO : Machine : MPF path: /Users/michaelcarman/Documents/work/mpf/mpf/lib/python3.13/site-packages/mpf
2025-05-29 07:49:02,472 : INFO : Machine : Machine path: /Users/michaelcarman/Documents/work/mpf/happy-pinball
2025-05-29 07:49:02,472 : INFO : Machine : Platform: darwin
2025-05-29 07:49:02,472 : INFO : Machine : Python executable location: /Users/michaelcarman/Documents/work/mpf/mpf/bin/python3.13
2025-05-29 07:49:02,472 : INFO : Machine : Python version: 3.13.3 (64-bit)
2025-05-29 07:49:02,473 : INFO : Machine : Initializing MPF...
2025-05-29 07:49:02,527 : INFO : EventManager : Event: ======'machine_var_credits_string'====== Args={'value': 'FREE PLAY', 'prev_value': None, 'change': True}
2025-05-29 07:49:02,536 : INFO : EventManager : Event: ======'machine_var_player1_score'====== Args={'value': 8675309, 'prev_value': None, 'change': True}
2025-05-29 07:49:02,536 : INFO : EventManager : Event: ======'machine_var_player2_score'====== Args={'value': 4321523, 'prev_value': None, 'change': True}
2025-05-29 07:49:02,536 : INFO : EventManager : Event: ======'machine_var_master_volume'====== Args={'value': 0.5, 'prev_value': None, 'change': True}
2025-05-29 07:49:02,536 : INFO : EventManager : Event: ======'machine_var_mpf_version'====== Args={'value': 'Mission Pinball Framework v0.80.0.dev7', 'prev_value': None, 'change': True}
2025-05-29 07:49:02,536 : INFO : EventManager : Event: ======'machine_var_mpf_extended_version'====== Args={'value': 'Mission Pinball Framework v0.80.0.dev7, Config version:6, Show version: 6, BCP version:1.1', 'prev_value': None, 'change': True}
2025-05-29 07:49:02,536 : INFO : EventManager : Event: ======'machine_var_python_version'====== Args={'value': '3.13.3', 'prev_value': None, 'change': True}
2025-05-29 07:49:02,545 : INFO : EventManager : Event: ======'machine_var_platform'====== Args={'value': 'macOS-15.3.1-arm64-arm-64bit-Mach-O', 'prev_value': None, 'change': True}
2025-05-29 07:49:02,545 : INFO : EventManager : Event: ======'machine_var_platform_system'====== Args={'value': 'Darwin', 'prev_value': None, 'change': True}
2025-05-29 07:49:02,545 : INFO : EventManager : Event: ======'machine_var_platform_release'====== Args={'value': '24.3.0', 'prev_value': None, 'change': True}
2025-05-29 07:49:02,545 : INFO : EventManager : Event: ======'machine_var_platform_version'====== Args={'value': 'Darwin Kernel Version 24.3.0: Thu Jan  2 20:24:22 PST 2025; root:xnu-11215.81.4~3/RELEASE_ARM64_T6041', 'prev_value': None, 'change': True}
2025-05-29 07:49:02,545 : INFO : EventManager : Event: ======'machine_var_platform_machine'====== Args={'value': 'arm64', 'prev_value': None, 'change': True}
2025-05-29 07:49:02,545 : INFO : EventManager : Event: ======'machine_var_log_file_path'====== Args={'value': '/Users/michaelcarman/Documents/work/mpf/happy-pinball/logs/2025-05-29-07-49-02-mpf-LPCVQLKF70.log', 'prev_value': None, 'change': True}
2025-05-29 07:49:02,545 : INFO : EventManager : Event: ======'init_phase_1'====== Args={}
2025-05-29 07:49:02,554 : INFO : EventManager : Event: ======'init_phase_2'====== Args={}
2025-05-29 07:49:02,554 : INFO : SwitchController : Found active switch: (1006, <Platform.Virtual>) <switch.s_trough_1>
2025-05-29 07:49:02,554 : INFO : SwitchController : Found active switch: (1007, <Platform.Virtual>) <switch.s_trough_2>
2025-05-29 07:49:02,554 : INFO : SwitchController : Found active switch: (1008, <Platform.Virtual>) <switch.s_trough_3>
2025-05-29 07:49:02,555 : INFO : EventManager : Event: ======'bcp_connection_attempt'====== Args={'name': 'local_display', 'host': 'localhost', 'port': 5050}
2025-05-29 07:49:02,555 : INFO : BCPClientSocket : Connecting BCP to 'local_display' at localhost:5050...
2025-05-29 07:49:02,559 : INFO : BCPClientSocket : Connected BCP to 'local_display' localhost:5050
2025-05-29 07:49:02,559 : INFO : EventManager : Event: ======'bcp_clients_connected'====== Args={}
2025-05-29 07:49:02,559 : INFO : ball_device.bd_plunger : BCH: Initial count: 0
2025-05-29 07:49:02,559 : INFO : ball_device.bd_plunger : State: idle
2025-05-29 07:49:02,559 : INFO : ball_device.bd_trough : BCH: Initial count: 3
2025-05-29 07:49:02,560 : INFO : ball_device.bd_trough : State: idle
2025-05-29 07:49:02,564 : INFO : EventManager : Event: ======'init_phase_3'====== Args={}
2025-05-29 07:49:02,564 : INFO : EventManager : Event: ======'init_phase_4'====== Args={}
2025-05-29 07:49:02,564 : INFO : BallController : Initial balls found: 3
2025-05-29 07:49:02,565 : INFO : EventManager : Event: ======'machine_var_audits_events_game_ended'====== Args={'value': 0, 'prev_value': None, 'change': True}
2025-05-29 07:49:02,565 : INFO : EventManager : Event: ======'machine_var_audits_events_game_started'====== Args={'value': 28, 'prev_value': None, 'change': True}
2025-05-29 07:49:02,565 : INFO : EventManager : Event: ======'machine_var_audits_missing_switches_s_flipper_left'====== Args={'value': 5, 'prev_value': None, 'change': True}
2025-05-29 07:49:02,565 : INFO : EventManager : Event: ======'machine_var_audits_missing_switches_s_flipper_right'====== Args={'value': 5, 'prev_value': None, 'change': True}
2025-05-29 07:49:02,565 : INFO : EventManager : Event: ======'machine_var_audits_missing_switches_s_plunger_lane'====== Args={'value': 28, 'prev_value': None, 'change': True}
2025-05-29 07:49:02,565 : INFO : EventManager : Event: ======'machine_var_audits_missing_switches_s_start'====== Args={'value': 10, 'prev_value': None, 'change': True}
2025-05-29 07:49:02,565 : INFO : EventManager : Event: ======'machine_var_audits_missing_switches_s_trough_1'====== Args={'value': 28, 'prev_value': None, 'change': True}
2025-05-29 07:49:02,565 : INFO : EventManager : Event: ======'machine_var_audits_missing_switches_s_trough_2'====== Args={'value': 28, 'prev_value': None, 'change': True}
2025-05-29 07:49:02,565 : INFO : EventManager : Event: ======'machine_var_audits_missing_switches_s_trough_3'====== Args={'value': 28, 'prev_value': None, 'change': True}
2025-05-29 07:49:02,565 : INFO : EventManager : Event: ======'machine_var_audits_player_score'====== Args={'value': {'average': 0, 'top': [], 'total': 0}, 'prev_value': None, 'change': True}
2025-05-29 07:49:02,565 : INFO : EventManager : Event: ======'machine_var_audits_shots_bumper_left'====== Args={'value': 195, 'prev_value': None, 'change': True}
2025-05-29 07:49:02,565 : INFO : EventManager : Event: ======'machine_var_audits_shots_bumper_right'====== Args={'value': 210, 'prev_value': None, 'change': True}
2025-05-29 07:49:02,565 : INFO : EventManager : Event: ======'machine_var_audits_switches_s_bumper_left'====== Args={'value': 195, 'prev_value': None, 'change': True}
2025-05-29 07:49:02,565 : INFO : EventManager : Event: ======'machine_var_audits_switches_s_bumper_right'====== Args={'value': 210, 'prev_value': None, 'change': True}
2025-05-29 07:49:02,565 : INFO : EventManager : Event: ======'machine_var_audits_switches_s_flipper_left'====== Args={'value': 4, 'prev_value': None, 'change': True}
2025-05-29 07:49:02,565 : INFO : EventManager : Event: ======'machine_var_audits_switches_s_flipper_right'====== Args={'value': 3, 'prev_value': None, 'change': True}
2025-05-29 07:49:02,565 : INFO : EventManager : Event: ======'machine_var_audits_switches_s_left_lane'====== Args={'value': 39, 'prev_value': None, 'change': True}
2025-05-29 07:49:02,565 : INFO : EventManager : Event: ======'machine_var_audits_switches_s_plunger_lane'====== Args={'value': 0, 'prev_value': None, 'change': True}
2025-05-29 07:49:02,565 : INFO : EventManager : Event: ======'machine_var_audits_switches_s_start'====== Args={'value': 12, 'prev_value': None, 'change': True}
2025-05-29 07:49:02,565 : INFO : EventManager : Event: ======'machine_var_audits_switches_s_trough_1'====== Args={'value': 0, 'prev_value': None, 'change': True}
2025-05-29 07:49:02,565 : INFO : EventManager : Event: ======'machine_var_audits_switches_s_trough_2'====== Args={'value': 0, 'prev_value': None, 'change': True}
2025-05-29 07:49:02,565 : INFO : EventManager : Event: ======'machine_var_audits_switches_s_trough_3'====== Args={'value': 0, 'prev_value': None, 'change': True}
2025-05-29 07:49:02,565 : INFO : EventManager : Event: ======'init_phase_5'====== Args={}
2025-05-29 07:49:02,565 : INFO : EventManager : Event: ======'init_done'====== Args={}
2025-05-29 07:49:02,565 : INFO : EventManager : Event: ======'machine_reset_phase_1'====== Args={}
2025-05-29 07:49:02,573 : INFO : EventManager : Event: ======'machine_reset_phase_2'====== Args={}
2025-05-29 07:49:02,574 : INFO : EventManager : Event: ======'machine_reset_phase_3'====== Args={}
2025-05-29 07:49:02,574 : INFO : EventManager : Event: ======'reset_complete'====== Args={}
2025-05-29 07:49:02,574 : INFO : EventManager : Event: ======'mode_attract_will_start'====== Args={}
2025-05-29 07:49:02,574 : INFO : Timer.attract_carousel_timer : Starting Timer.
2025-05-29 07:49:02,574 : INFO : EventManager : Event: ======'timer_attract_carousel_timer_started'====== Args={'ticks': 0, 'ticks_remaining': 1}
2025-05-29 07:49:02,574 : INFO : EventManager : Event: ======'timer_attract_carousel_timer_tick'====== Args={'ticks': 0, 'ticks_remaining': 1}
2025-05-29 07:49:02,574 : INFO : EventManager : Event: ======'mode_attract_starting'====== Args={}
2025-05-29 07:49:02,574 : INFO : Mode.attract : Started. Priority: 10
2025-05-29 07:49:02,574 : INFO : EventManager : Event: ======'modes_active_modes_changed'====== Args={}
2025-05-29 07:49:02,574 : INFO : EventManager : Event: ======'mode_attract_started'====== Args={}
2025-05-29 07:49:02,574 : INFO : EventManager : Event: ======'collecting_balls_complete'====== Args={}
2025-05-29 07:49:02,574 : INFO : EventManager : Event: ======'item_highlighted'====== Args={'carousel': 'attract', 'direction': None, 'item': 'title'}
2025-05-29 07:49:02,574 : INFO : EventManager : Event: ======'timer_attract_carousel_timer_tick'====== Args={'ticks': 0, 'ticks_remaining': 1}
2025-05-29 07:49:02,575 : INFO : Machine : Starting the main run loop with active modes: [<Mode.attract>]
2025-05-29 07:49:02,626 : INFO : EventManager : Event: ======'slide_attract_created'====== Args={'_from_bcp': True}
2025-05-29 07:49:02,626 : INFO : EventManager : Event: ======'slide__removed'====== Args={'_from_bcp': True}
2025-05-29 07:49:02,626 : INFO : EventManager : Event: ======'slide_attract_active'====== Args={'original_context': 'attract', 'original_calling_context': 'mode_attract_started', 'priority': 10.0, 'cmd': 'slides_play', '_from_bcp': True}
2025-05-29 07:49:07,575 : INFO : Timer.attract_carousel_timer : Timer Complete
2025-05-29 07:49:07,575 : INFO : Timer.attract_carousel_timer : Stopping Timer
2025-05-29 07:49:07,576 : INFO : EventManager : Event: ======'timer_attract_carousel_timer_stopped'====== Args={'ticks': 1, 'ticks_remaining': 1}
2025-05-29 07:49:07,576 : INFO : EventManager : Event: ======'timer_attract_carousel_timer_complete'====== Args={'ticks': 1, 'ticks_remaining': 1}
2025-05-29 07:49:07,577 : INFO : EventManager : Event: ======'item_highlighted'====== Args={'carousel': 'attract', 'direction': 'forwards', 'item': 'credits'}
2025-05-29 07:49:07,578 : INFO : Timer.attract_carousel_timer : Starting Timer.
2025-05-29 07:49:07,578 : INFO : EventManager : Event: ======'timer_attract_carousel_timer_started'====== Args={'ticks': 0, 'ticks_remaining': 1}
2025-05-29 07:49:07,578 : INFO : EventManager : Event: ======'timer_attract_carousel_timer_tick'====== Args={'ticks': 0, 'ticks_remaining': 1}
2025-05-29 07:49:12,578 : INFO : Timer.attract_carousel_timer : Timer Complete
2025-05-29 07:49:12,578 : INFO : Timer.attract_carousel_timer : Stopping Timer
2025-05-29 07:49:12,579 : INFO : EventManager : Event: ======'timer_attract_carousel_timer_stopped'====== Args={'ticks': 1, 'ticks_remaining': 1}
2025-05-29 07:49:12,579 : INFO : EventManager : Event: ======'timer_attract_carousel_timer_complete'====== Args={'ticks': 1, 'ticks_remaining': 1}
2025-05-29 07:49:12,579 : INFO : EventManager : Event: ======'item_highlighted'====== Args={'carousel': 'attract', 'direction': 'forwards', 'item': 'last_scores_2p'}
2025-05-29 07:49:12,581 : INFO : Timer.attract_carousel_timer : Starting Timer.
2025-05-29 07:49:12,581 : INFO : EventManager : Event: ======'timer_attract_carousel_timer_started'====== Args={'ticks': 0, 'ticks_remaining': 1}
2025-05-29 07:49:12,581 : INFO : EventManager : Event: ======'timer_attract_carousel_timer_tick'====== Args={'ticks': 0, 'ticks_remaining': 1}
2025-05-29 07:49:17,390 : INFO : Machine : Shutting down...
2025-05-29 07:49:17,390 : INFO : EventManager : Event: ======'shutdown'====== Args={}
2025-05-29 07:49:17,393 : INFO : root : MPF run loop ended.
