2025-05-12 21:13:02,706 : INFO : root : Loading config.
2025-05-12 21:13:02,708 : INFO : YamlMultifileConfigLoader : Machine config file #1: config.yaml
2025-05-12 21:13:02,708 : INFO : ConfigProcessor : Loading config from cache: /var/folders/hz/r3dl9ms51016zpvrwk611s6m0000gs/T/5d6a457603c6b060ca35237bebf088e1.mpf_cache
2025-05-12 21:13:02,741 : INFO : ConfigProcessor : Loading config from cache: /var/folders/hz/r3dl9ms51016zpvrwk611s6m0000gs/T/6f665ac125edf3618cba9e13a753822f.mpf_cache
2025-05-12 21:13:02,741 : INFO : ConfigProcessor : Loading config from cache: /var/folders/hz/r3dl9ms51016zpvrwk611s6m0000gs/T/87d438dd69d0ef01003c5249e41b5d50.mpf_cache
2025-05-12 21:13:02,742 : INFO : ConfigProcessor : Loading config from cache: /var/folders/hz/r3dl9ms51016zpvrwk611s6m0000gs/T/6f665ac125edf3618cba9e13a753822f.mpf_cache
2025-05-12 21:13:02,742 : INFO : ConfigProcessor : Loading config from cache: /var/folders/hz/r3dl9ms51016zpvrwk611s6m0000gs/T/d9ff39e0ccd80af39f7d36bb6b40dd93.mpf_cache
2025-05-12 21:13:02,742 : INFO : ConfigProcessor : Loading config from cache: /var/folders/hz/r3dl9ms51016zpvrwk611s6m0000gs/T/ac07971a64f12a0788c85bcc38792825.mpf_cache
2025-05-12 21:13:02,742 : INFO : Machine : Mission Pinball Framework Core Engine v0.80.0.dev7
2025-05-12 21:13:02,743 : INFO : Machine : Command line arguments: {'no_load_cache': False, 'create_config_cache': True, 'bcp': True, 'configfile': ['config.yaml'], 'force_assets_load': False, 'platform_integration_test': False, 'jsonlogging': False, 'logfile': 'logs/2025-05-12-21-13-02-mpf-LPCVQLKF70.log', 'pause': False, 'production': False, 'text_ui': False, 'loglevel': 15, 'consoleloglevel': 20, 'force_platform': 'virtual', 'syslog_address': None, 'full_logfile_path': '/Users/michaelcarman/Documents/work/mpf/happy-pinball/logs/2025-05-12-21-13-02-mpf-LPCVQLKF70.log'}
2025-05-12 21:13:02,743 : INFO : Machine : MPF path: /Users/michaelcarman/Documents/work/mpf/mpf/lib/python3.13/site-packages/mpf
2025-05-12 21:13:02,743 : INFO : Machine : Machine path: /Users/michaelcarman/Documents/work/mpf/happy-pinball
2025-05-12 21:13:02,743 : INFO : Machine : Platform: darwin
2025-05-12 21:13:02,743 : INFO : Machine : Python executable location: /Users/michaelcarman/Documents/work/mpf/mpf/bin/python3.13
2025-05-12 21:13:02,743 : INFO : Machine : Python version: 3.13.3 (64-bit)
2025-05-12 21:13:02,743 : INFO : Machine : Initializing MPF...
2025-05-12 21:13:02,772 : INFO : EventManager : Event: ======'machine_var_credits_string'====== Args={'value': 'FREE PLAY', 'prev_value': None, 'change': True}
2025-05-12 21:13:02,779 : INFO : EventManager : Event: ======'machine_var_player1_score'====== Args={'value': 8675309, 'prev_value': None, 'change': True}
2025-05-12 21:13:02,779 : INFO : EventManager : Event: ======'machine_var_player2_score'====== Args={'value': 4321523, 'prev_value': None, 'change': True}
2025-05-12 21:13:02,779 : INFO : EventManager : Event: ======'machine_var_master_volume'====== Args={'value': 0.5, 'prev_value': None, 'change': True}
2025-05-12 21:13:02,779 : INFO : EventManager : Event: ======'machine_var_mpf_version'====== Args={'value': 'Mission Pinball Framework v0.80.0.dev7', 'prev_value': None, 'change': True}
2025-05-12 21:13:02,779 : INFO : EventManager : Event: ======'machine_var_mpf_extended_version'====== Args={'value': 'Mission Pinball Framework v0.80.0.dev7, Config version:6, Show version: 6, BCP version:1.1', 'prev_value': None, 'change': True}
2025-05-12 21:13:02,779 : INFO : EventManager : Event: ======'machine_var_python_version'====== Args={'value': '3.13.3', 'prev_value': None, 'change': True}
2025-05-12 21:13:02,788 : INFO : EventManager : Event: ======'machine_var_platform'====== Args={'value': 'macOS-15.3.1-arm64-arm-64bit-Mach-O', 'prev_value': None, 'change': True}
2025-05-12 21:13:02,788 : INFO : EventManager : Event: ======'machine_var_platform_system'====== Args={'value': 'Darwin', 'prev_value': None, 'change': True}
2025-05-12 21:13:02,788 : INFO : EventManager : Event: ======'machine_var_platform_release'====== Args={'value': '24.3.0', 'prev_value': None, 'change': True}
2025-05-12 21:13:02,788 : INFO : EventManager : Event: ======'machine_var_platform_version'====== Args={'value': 'Darwin Kernel Version 24.3.0: Thu Jan  2 20:24:22 PST 2025; root:xnu-11215.81.4~3/RELEASE_ARM64_T6041', 'prev_value': None, 'change': True}
2025-05-12 21:13:02,788 : INFO : EventManager : Event: ======'machine_var_platform_machine'====== Args={'value': 'arm64', 'prev_value': None, 'change': True}
2025-05-12 21:13:02,788 : INFO : EventManager : Event: ======'machine_var_log_file_path'====== Args={'value': '/Users/michaelcarman/Documents/work/mpf/happy-pinball/logs/2025-05-12-21-13-02-mpf-LPCVQLKF70.log', 'prev_value': None, 'change': True}
2025-05-12 21:13:02,788 : INFO : EventManager : Event: ======'init_phase_1'====== Args={}
2025-05-12 21:13:02,794 : INFO : EventManager : Event: ======'init_phase_2'====== Args={}
2025-05-12 21:13:02,794 : INFO : SwitchController : Found active switch: (1006, <Platform.Virtual>) <switch.s_trough_1>
2025-05-12 21:13:02,794 : INFO : SwitchController : Found active switch: (1007, <Platform.Virtual>) <switch.s_trough_2>
2025-05-12 21:13:02,794 : INFO : SwitchController : Found active switch: (1008, <Platform.Virtual>) <switch.s_trough_3>
2025-05-12 21:13:02,795 : INFO : EventManager : Event: ======'bcp_connection_attempt'====== Args={'name': 'local_display', 'host': 'localhost', 'port': 5050}
2025-05-12 21:13:02,796 : INFO : BCPClientSocket : Connecting BCP to 'local_display' at localhost:5050...
2025-05-12 21:13:06,416 : INFO : BCPClientSocket : Connected BCP to 'local_display' localhost:5050
2025-05-12 21:13:06,417 : INFO : EventManager : Event: ======'bcp_clients_connected'====== Args={}
2025-05-12 21:13:06,419 : INFO : ball_device.bd_plunger : BCH: Initial count: 0
2025-05-12 21:13:06,419 : INFO : ball_device.bd_plunger : State: idle
2025-05-12 21:13:06,420 : INFO : ball_device.bd_trough : BCH: Initial count: 3
2025-05-12 21:13:06,420 : INFO : ball_device.bd_trough : State: idle
2025-05-12 21:13:06,434 : INFO : EventManager : Event: ======'init_phase_3'====== Args={}
2025-05-12 21:13:06,436 : INFO : EventManager : Event: ======'init_phase_4'====== Args={}
2025-05-12 21:13:06,437 : INFO : BallController : Initial balls found: 3
2025-05-12 21:13:06,438 : INFO : EventManager : Event: ======'machine_var_audits_events_game_ended'====== Args={'value': 0, 'prev_value': None, 'change': True}
2025-05-12 21:13:06,439 : INFO : EventManager : Event: ======'machine_var_audits_events_game_started'====== Args={'value': 3, 'prev_value': None, 'change': True}
2025-05-12 21:13:06,439 : INFO : EventManager : Event: ======'machine_var_audits_missing_switches_s_flipper_left'====== Args={'value': 3, 'prev_value': None, 'change': True}
2025-05-12 21:13:06,439 : INFO : EventManager : Event: ======'machine_var_audits_missing_switches_s_flipper_right'====== Args={'value': 3, 'prev_value': None, 'change': True}
2025-05-12 21:13:06,439 : INFO : EventManager : Event: ======'machine_var_audits_missing_switches_s_left_lane'====== Args={'value': 1, 'prev_value': None, 'change': True}
2025-05-12 21:13:06,439 : INFO : EventManager : Event: ======'machine_var_audits_missing_switches_s_plunger_lane'====== Args={'value': 3, 'prev_value': None, 'change': True}
2025-05-12 21:13:06,439 : INFO : EventManager : Event: ======'machine_var_audits_missing_switches_s_start'====== Args={'value': 3, 'prev_value': None, 'change': True}
2025-05-12 21:13:06,439 : INFO : EventManager : Event: ======'machine_var_audits_missing_switches_s_trough_1'====== Args={'value': 3, 'prev_value': None, 'change': True}
2025-05-12 21:13:06,439 : INFO : EventManager : Event: ======'machine_var_audits_missing_switches_s_trough_2'====== Args={'value': 3, 'prev_value': None, 'change': True}
2025-05-12 21:13:06,439 : INFO : EventManager : Event: ======'machine_var_audits_missing_switches_s_trough_3'====== Args={'value': 3, 'prev_value': None, 'change': True}
2025-05-12 21:13:06,439 : INFO : EventManager : Event: ======'machine_var_audits_player_score'====== Args={'value': {'average': 0, 'top': [], 'total': 0}, 'prev_value': None, 'change': True}
2025-05-12 21:13:06,439 : INFO : EventManager : Event: ======'machine_var_audits_shots_bumper_left'====== Args={'value': 15, 'prev_value': None, 'change': True}
2025-05-12 21:13:06,439 : INFO : EventManager : Event: ======'machine_var_audits_shots_bumper_right'====== Args={'value': 14, 'prev_value': None, 'change': True}
2025-05-12 21:13:06,439 : INFO : EventManager : Event: ======'machine_var_audits_switches_s_bumper_left'====== Args={'value': 15, 'prev_value': None, 'change': True}
2025-05-12 21:13:06,439 : INFO : EventManager : Event: ======'machine_var_audits_switches_s_bumper_right'====== Args={'value': 14, 'prev_value': None, 'change': True}
2025-05-12 21:13:06,439 : INFO : EventManager : Event: ======'machine_var_audits_switches_s_flipper_left'====== Args={'value': 0, 'prev_value': None, 'change': True}
2025-05-12 21:13:06,439 : INFO : EventManager : Event: ======'machine_var_audits_switches_s_flipper_right'====== Args={'value': 0, 'prev_value': None, 'change': True}
2025-05-12 21:13:06,439 : INFO : EventManager : Event: ======'machine_var_audits_switches_s_left_lane'====== Args={'value': 3, 'prev_value': None, 'change': True}
2025-05-12 21:13:06,439 : INFO : EventManager : Event: ======'machine_var_audits_switches_s_plunger_lane'====== Args={'value': 0, 'prev_value': None, 'change': True}
2025-05-12 21:13:06,439 : INFO : EventManager : Event: ======'machine_var_audits_switches_s_start'====== Args={'value': 0, 'prev_value': None, 'change': True}
2025-05-12 21:13:06,439 : INFO : EventManager : Event: ======'machine_var_audits_switches_s_trough_1'====== Args={'value': 0, 'prev_value': None, 'change': True}
2025-05-12 21:13:06,439 : INFO : EventManager : Event: ======'machine_var_audits_switches_s_trough_2'====== Args={'value': 0, 'prev_value': None, 'change': True}
2025-05-12 21:13:06,439 : INFO : EventManager : Event: ======'machine_var_audits_switches_s_trough_3'====== Args={'value': 0, 'prev_value': None, 'change': True}
2025-05-12 21:13:06,440 : INFO : EventManager : Event: ======'init_phase_5'====== Args={}
2025-05-12 21:13:06,440 : INFO : EventManager : Event: ======'init_done'====== Args={}
2025-05-12 21:13:06,441 : INFO : EventManager : Event: ======'machine_reset_phase_1'====== Args={}
2025-05-12 21:13:06,451 : INFO : EventManager : Event: ======'machine_reset_phase_2'====== Args={}
2025-05-12 21:13:06,452 : INFO : EventManager : Event: ======'machine_reset_phase_3'====== Args={}
2025-05-12 21:13:06,453 : INFO : EventManager : Event: ======'reset_complete'====== Args={}
2025-05-12 21:13:06,454 : INFO : EventManager : Event: ======'mode_attract_will_start'====== Args={}
2025-05-12 21:13:06,454 : INFO : Timer.attract_carousel_timer : Starting Timer.
2025-05-12 21:13:06,455 : INFO : EventManager : Event: ======'timer_attract_carousel_timer_started'====== Args={'ticks': 0, 'ticks_remaining': 1}
2025-05-12 21:13:06,455 : INFO : EventManager : Event: ======'timer_attract_carousel_timer_tick'====== Args={'ticks': 0, 'ticks_remaining': 1}
2025-05-12 21:13:06,456 : INFO : EventManager : Event: ======'mode_attract_starting'====== Args={}
2025-05-12 21:13:06,456 : INFO : Mode.attract : Started. Priority: 10
2025-05-12 21:13:06,456 : INFO : EventManager : Event: ======'modes_active_modes_changed'====== Args={}
2025-05-12 21:13:06,456 : INFO : EventManager : Event: ======'mode_attract_started'====== Args={}
2025-05-12 21:13:06,458 : INFO : EventManager : Event: ======'collecting_balls_complete'====== Args={}
2025-05-12 21:13:06,458 : INFO : EventManager : Event: ======'item_highlighted'====== Args={'carousel': 'attract', 'direction': None, 'item': 'title'}
2025-05-12 21:13:06,461 : INFO : EventManager : Event: ======'timer_attract_carousel_timer_tick'====== Args={'ticks': 0, 'ticks_remaining': 1}
2025-05-12 21:13:06,464 : INFO : Machine : Starting the main run loop with active modes: [<Mode.attract>]
2025-05-12 21:13:06,493 : INFO : EventManager : Event: ======'slide_attract_created'====== Args={'_from_bcp': True}
2025-05-12 21:13:06,493 : INFO : EventManager : Event: ======'slide__removed'====== Args={'_from_bcp': True}
2025-05-12 21:13:06,494 : INFO : EventManager : Event: ======'slide_attract_active'====== Args={'original_context': 'attract', 'original_calling_context': 'mode_attract_started', 'priority': 10.0, 'cmd': 'slides_play', '_from_bcp': True}
2025-05-12 21:13:08,010 : INFO : SwitchController : <<<<<<< 's_start' active >>>>>>>
2025-05-12 21:13:08,079 : INFO : SwitchController : <<<<<<< 's_start' inactive >>>>>>>
2025-05-12 21:13:08,080 : INFO : EventManager : Event: ======'request_to_start_game'====== Args={}
2025-05-12 21:13:08,080 : INFO : EventManager : Event: ======'game_start'====== Args={'buttons': [], 'hold_time': 0.07002275000559166}
2025-05-12 21:13:08,081 : INFO : EventManager : Event: ======'mode_game_will_start'====== Args={'buttons': [], 'hold_time': 0.07002275000559166}
2025-05-12 21:13:08,082 : INFO : EventManager : Event: ======'mode_game_starting'====== Args={'buttons': [], 'hold_time': 0.07002275000559166}
2025-05-12 21:13:08,082 : INFO : EventManager : Event: ======'mode_attract_will_stop'====== Args={}
2025-05-12 21:13:08,082 : INFO : EventManager : Event: ======'mode_attract_stopping'====== Args={}
2025-05-12 21:13:08,082 : INFO : Mode.attract : Stopped.
2025-05-12 21:13:08,082 : INFO : EventManager : Event: ======'modes_active_modes_changed'====== Args={}
2025-05-12 21:13:08,083 : INFO : EventManager : Event: ======'mode_attract_stopped'====== Args={}
2025-05-12 21:13:08,083 : INFO : EventManager : Event: ======'clear'====== Args={'key': 'attract'}
2025-05-12 21:13:08,083 : INFO : Timer.attract_carousel_timer : Stopping Timer
2025-05-12 21:13:08,083 : INFO : EventManager : Event: ======'timer_attract_carousel_timer_stopped'====== Args={'ticks': 0, 'ticks_remaining': 1}
2025-05-12 21:13:08,083 : INFO : Mode.game : Started. Priority: 20
2025-05-12 21:13:08,083 : INFO : EventManager : Event: ======'modes_active_modes_changed'====== Args={}
2025-05-12 21:13:08,083 : INFO : EventManager : Event: ======'mode_game_started'====== Args={'buttons': [], 'hold_time': 0.07002275000559166}
2025-05-12 21:13:08,084 : INFO : EventManager : Event: ======'game_will_start'====== Args={}
2025-05-12 21:13:08,085 : INFO : EventManager : Event: ======'game_starting'====== Args={'game': <Mode.game>}
2025-05-12 21:13:08,086 : INFO : EventManager : Unordered handler for class <Auditor> on event game_ended with priority 1. Handlers: [RegisteredHandler(callback=<bound method Auditor.disable of <Auditor>>, priority=1, kwargs={}, key=UUID('e30db2e2-692c-462e-8901-673ba33d44fe'), condition=None, blocking_facility=None), RegisteredHandler(callback=<bound method Auditor._save_audits of <Auditor>>, priority=1, kwargs={}, key=UUID('79ce0c5c-3696-4207-ab04-78900cef4482'), condition=None, blocking_facility=None)]. The order of those handlers is not defined and they will be executed in random order. This might lead to race conditions and potential bugs.
2025-05-12 21:13:08,087 : INFO : EventManager : Event: ======'player_add_request'====== Args={}
2025-05-12 21:13:08,087 : INFO : EventManager : Event: ======'player_will_add'====== Args={'number': 1}
2025-05-12 21:13:08,087 : INFO : EventManager : Event: ======'player_adding'====== Args={'player': <Player 1>, 'number': 1}
2025-05-12 21:13:08,088 : INFO : EventManager : Event: ======'player_added'====== Args={'player': <Player 1>, 'num': 1}
2025-05-12 21:13:08,088 : INFO : Mode.game : Player added successfully. Total players: 1
2025-05-12 21:13:08,088 : INFO : EventManager : Event: ======'player_index'====== Args={'value': 0, 'prev_value': 0, 'change': 0, 'player_num': 1}
2025-05-12 21:13:08,089 : INFO : EventManager : Event: ======'player_number'====== Args={'value': 1, 'prev_value': 1, 'change': 0, 'player_num': 1}
2025-05-12 21:13:08,089 : INFO : EventManager : Event: ======'player_score'====== Args={'value': 0, 'prev_value': 0, 'change': 0, 'player_num': 1}
2025-05-12 21:13:08,089 : INFO : EventManager : Event: ======'game_started'====== Args={}
2025-05-12 21:13:08,090 : INFO : EventManager : Event: ======'player_turn_will_start'====== Args={'player': <Player 1>, 'number': 1}
2025-05-12 21:13:08,090 : INFO : EventManager : Event: ======'player_turn_starting'====== Args={'player': <Player 1>, 'number': 1}
2025-05-12 21:13:08,090 : INFO : EventManager : Event: ======'player_ball'====== Args={'value': 1, 'prev_value': 0, 'change': 1, 'player_num': 1}
2025-05-12 21:13:08,091 : INFO : EventManager : Event: ======'player_turn_started'====== Args={'player': <Player 1>, 'number': 1}
2025-05-12 21:13:08,091 : INFO : EventManager : Event: ======'ball_will_start'====== Args={'player': 1, 'ball': 1, 'balls_remaining': 2, 'is_extra_ball': False}
2025-05-12 21:13:08,091 : INFO : EventManager : Event: ======'ball_starting'====== Args={'player': 1, 'ball': 1, 'balls_remaining': 2, 'is_extra_ball': False}
2025-05-12 21:13:08,097 : INFO : EventManager : Event: ======'mode_base_will_start'====== Args={'queue': <QueuedEvent>, 'player': 1, 'ball': 1, 'balls_remaining': 2, 'is_extra_ball': False}
2025-05-12 21:13:08,098 : INFO : EventManager : Event: ======'mode_base_starting'====== Args={'queue': <QueuedEvent>, 'player': 1, 'ball': 1, 'balls_remaining': 2, 'is_extra_ball': False}
2025-05-12 21:13:08,099 : INFO : Mode.base : Started. Priority: 100
2025-05-12 21:13:08,099 : INFO : EventManager : Event: ======'modes_active_modes_changed'====== Args={}
2025-05-12 21:13:08,099 : INFO : EventManager : Event: ======'mode_base_started'====== Args={'queue': <QueuedEvent>, 'player': 1, 'ball': 1, 'balls_remaining': 2, 'is_extra_ball': False}
2025-05-12 21:13:08,099 : INFO : EventManager : Event: ======'start_mode_bumpers'====== Args={'priority': 0}
2025-05-12 21:13:08,099 : INFO : EventManager : Event: ======'mode_bumpers_will_start'====== Args={'priority': 0}
2025-05-12 21:13:08,099 : INFO : EventManager : Event: ======'player_shot_bumper_left_enabled'====== Args={'value': True, 'prev_value': 0, 'change': 1, 'player_num': 1}
2025-05-12 21:13:08,103 : INFO : EventManager : Event: ======'player_shot_bumper_right_enabled'====== Args={'value': True, 'prev_value': 0, 'change': 1, 'player_num': 1}
2025-05-12 21:13:08,104 : INFO : EventManager : Event: ======'bumpers_complete'====== Args={'state': 'unlit'}
2025-05-12 21:13:08,104 : INFO : EventManager : Event: ======'bumpers_unlit_complete'====== Args={}
2025-05-12 21:13:08,104 : INFO : EventManager : Event: ======'mode_bumpers_starting'====== Args={'priority': 0}
2025-05-12 21:13:08,104 : INFO : Mode.bumpers : Started. Priority: 200
2025-05-12 21:13:08,104 : INFO : EventManager : Event: ======'modes_active_modes_changed'====== Args={}
2025-05-12 21:13:08,104 : INFO : EventManager : Event: ======'mode_bumpers_started'====== Args={'priority': 0}
2025-05-12 21:13:08,105 : INFO : EventManager : Event: ======'balls_in_play'====== Args={'balls': 1}
2025-05-12 21:13:08,105 : INFO : EventManager : Event: ======'ball_started'====== Args={'player': 1, 'ball': 1, 'balls_remaining': 2, 'is_extra_ball': False}
2025-05-12 21:13:08,105 : INFO : EventManager : Event: ======'single_player_ball_started'====== Args={}
2025-05-12 21:13:08,105 : INFO : EventManager : Event: ======'ball_start_target'====== Args={'target': 'playfield'}
2025-05-12 21:13:08,106 : INFO : ball_device.bd_trough : Setting up player-controlled eject. Balls: 1, Target: <playfield.playfield>, player_controlled_eject_event: None
2025-05-12 21:13:08,106 : INFO : ball_device.bd_trough : Adding 1 ball(s) to the eject_queue with target <playfield.playfield>.
2025-05-12 21:13:08,106 : INFO : EventManager : Event: ======'balldevice_balls_available'====== Args={}
2025-05-12 21:13:08,106 : INFO : ball_device.bd_trough : State: waiting_for_target_ready
2025-05-12 21:13:08,106 : INFO : EventManager : Event: ======'balldevice_bd_trough_ball_eject_attempt'====== Args={'balls': 1, 'target': <ball_device.bd_plunger>, 'source': <ball_device.bd_trough>, 'mechanical_eject': False, 'num_attempts': 0}
2025-05-12 21:13:08,106 : INFO : ball_device.bd_plunger : State: waiting_for_ball
2025-05-12 21:13:08,107 : INFO : ball_device.bd_trough : State: ejecting
2025-05-12 21:13:08,107 : INFO : ball_device.bd_trough : Ejecting ball to <ball_device.bd_plunger>
2025-05-12 21:13:08,107 : INFO : EventManager : Event: ======'balldevice_bd_trough_ejecting_ball'====== Args={'balls': 1, 'target': <ball_device.bd_plunger>, 'source': <ball_device.bd_trough>, 'mechanical_eject': False, 'num_attempts': 0}
2025-05-12 21:13:08,107 : INFO : ball_device.bd_trough : Wait for ball to leave device
2025-05-12 21:13:08,107 : INFO : coil.c_trough_eject : Pulsing Driver for 10ms (1.0 pulse_power)
2025-05-12 21:13:08,108 : INFO : EventManager : Event: ======'slide_base_created'====== Args={'_from_bcp': True}
2025-05-12 21:13:08,108 : INFO : EventManager : Event: ======'slide_attract_inactive'====== Args={'is_removing': True, '_from_bcp': True}
2025-05-12 21:13:08,108 : INFO : EventManager : Event: ======'slide_base_active'====== Args={'original_context': 'base', 'original_calling_context': 'mode_base_started', 'priority': 100.0, 'queue': '<QueuedEvent>', 'player': 1.0, 'ball': 1.0, 'balls_remaining': 2.0, 'is_extra_ball': False, 'cmd': 'slides_play', '_from_bcp': True}
2025-05-12 21:13:08,108 : INFO : EventManager : Event: ======'slide_attract_removed'====== Args={'_from_bcp': True}
2025-05-12 21:13:09,063 : INFO : SwitchController : <<<<<<< 's_bumper_right' active >>>>>>>
2025-05-12 21:13:09,063 : INFO : EventManager : Event: ======'playfield_active'====== Args={'source': 'bumper_right'}
2025-05-12 21:13:09,063 : INFO : EventManager : Event: ======'unexpected_ball_on_playfield'====== Args={}
2025-05-12 21:13:09,063 : INFO : EventManager : Event: ======'s_bumper_right_active'====== Args={}
2025-05-12 21:13:09,063 : INFO : EventManager : Event: ======'machine_var_audits_switches_s_bumper_right'====== Args={'value': 15, 'prev_value': 14, 'change': 1}
2025-05-12 21:13:09,065 : INFO : EventManager : Event: ======'player_shot_bumper_right'====== Args={'value': 1, 'prev_value': 0, 'change': 1, 'player_num': 1}
2025-05-12 21:13:09,065 : INFO : EventManager : Event: ======'machine_var_audits_shots_bumper_right'====== Args={'value': 15, 'prev_value': 14, 'change': 1}
2025-05-12 21:13:09,066 : INFO : EventManager : Event: ======'bumper_right_hit'====== Args={'profile': 'default', 'state': 'unlit', 'advancing': True}
2025-05-12 21:13:09,066 : INFO : EventManager : Event: ======'bumper_right_default_hit'====== Args={'profile': 'default', 'state': 'unlit', 'advancing': True}
2025-05-12 21:13:09,066 : INFO : EventManager : Event: ======'bumper_right_default_unlit_hit'====== Args={'profile': 'default', 'state': 'unlit', 'advancing': True}
2025-05-12 21:13:09,066 : INFO : EventManager : Event: ======'bumper_right_unlit_hit'====== Args={'profile': 'default', 'state': 'unlit', 'advancing': True}
2025-05-12 21:13:09,066 : INFO : EventManager : Event: ======'bumpers_hit'====== Args={'shot': 'bumper_right'}
2025-05-12 21:13:09,066 : INFO : EventManager : Event: ======'bumpers_unlit_hit'====== Args={'shot': 'bumper_right'}
2025-05-12 21:13:09,066 : INFO : EventManager : Event: ======'player_score'====== Args={'value': 1000, 'prev_value': 0, 'change': 1000, 'player_num': 1, 'source': 'bumpers'}
2025-05-12 21:13:09,104 : INFO : SwitchController : <<<<<<< 's_bumper_right' inactive >>>>>>>
2025-05-12 21:13:09,204 : INFO : SwitchController : <<<<<<< 's_bumper_left' active >>>>>>>
2025-05-12 21:13:09,204 : INFO : EventManager : Event: ======'playfield_active'====== Args={'source': 'bumper_left'}
2025-05-12 21:13:09,204 : INFO : EventManager : Event: ======'unexpected_ball_on_playfield'====== Args={}
2025-05-12 21:13:09,204 : INFO : EventManager : Event: ======'s_bumper_left_active'====== Args={}
2025-05-12 21:13:09,204 : INFO : EventManager : Event: ======'machine_var_audits_switches_s_bumper_left'====== Args={'value': 16, 'prev_value': 15, 'change': 1}
2025-05-12 21:13:09,205 : INFO : EventManager : Event: ======'player_shot_bumper_left'====== Args={'value': 1, 'prev_value': 0, 'change': 1, 'player_num': 1}
2025-05-12 21:13:09,206 : INFO : EventManager : Event: ======'machine_var_audits_shots_bumper_left'====== Args={'value': 16, 'prev_value': 15, 'change': 1}
2025-05-12 21:13:09,206 : INFO : EventManager : Event: ======'bumper_left_hit'====== Args={'profile': 'default', 'state': 'unlit', 'advancing': True}
2025-05-12 21:13:09,206 : INFO : EventManager : Event: ======'bumper_left_default_hit'====== Args={'profile': 'default', 'state': 'unlit', 'advancing': True}
2025-05-12 21:13:09,206 : INFO : EventManager : Event: ======'bumper_left_default_unlit_hit'====== Args={'profile': 'default', 'state': 'unlit', 'advancing': True}
2025-05-12 21:13:09,206 : INFO : EventManager : Event: ======'bumper_left_unlit_hit'====== Args={'profile': 'default', 'state': 'unlit', 'advancing': True}
2025-05-12 21:13:09,206 : INFO : EventManager : Event: ======'bumpers_complete'====== Args={'state': 'lit'}
2025-05-12 21:13:09,206 : INFO : EventManager : Event: ======'bumpers_lit_complete'====== Args={}
2025-05-12 21:13:09,206 : INFO : EventManager : Event: ======'bumpers_hit'====== Args={'shot': 'bumper_left'}
2025-05-12 21:13:09,206 : INFO : EventManager : Event: ======'bumpers_unlit_hit'====== Args={'shot': 'bumper_left'}
2025-05-12 21:13:09,206 : INFO : EventManager : Event: ======'player_score'====== Args={'value': 2000, 'prev_value': 1000, 'change': 1000, 'player_num': 1, 'source': 'bumpers'}
2025-05-12 21:13:09,261 : INFO : SwitchController : <<<<<<< 's_bumper_left' inactive >>>>>>>
2025-05-12 21:13:09,930 : INFO : SwitchController : <<<<<<< 's_bumper_right' active >>>>>>>
2025-05-12 21:13:09,930 : INFO : EventManager : Event: ======'playfield_active'====== Args={'source': 'bumper_right'}
2025-05-12 21:13:09,930 : INFO : EventManager : Event: ======'unexpected_ball_on_playfield'====== Args={}
2025-05-12 21:13:09,931 : INFO : EventManager : Event: ======'s_bumper_right_active'====== Args={}
2025-05-12 21:13:09,931 : INFO : EventManager : Event: ======'machine_var_audits_switches_s_bumper_right'====== Args={'value': 16, 'prev_value': 15, 'change': 1}
2025-05-12 21:13:09,932 : INFO : EventManager : Event: ======'machine_var_audits_shots_bumper_right'====== Args={'value': 16, 'prev_value': 15, 'change': 1}
2025-05-12 21:13:09,933 : INFO : EventManager : Event: ======'bumper_right_hit'====== Args={'profile': 'default', 'state': 'lit', 'advancing': False}
2025-05-12 21:13:09,933 : INFO : EventManager : Event: ======'bumper_right_default_hit'====== Args={'profile': 'default', 'state': 'lit', 'advancing': False}
2025-05-12 21:13:09,933 : INFO : EventManager : Event: ======'bumper_right_default_lit_hit'====== Args={'profile': 'default', 'state': 'lit', 'advancing': False}
2025-05-12 21:13:09,933 : INFO : EventManager : Event: ======'bumper_right_lit_hit'====== Args={'profile': 'default', 'state': 'lit', 'advancing': False}
2025-05-12 21:13:09,933 : INFO : EventManager : Event: ======'bumpers_hit'====== Args={'shot': 'bumper_right'}
2025-05-12 21:13:09,933 : INFO : EventManager : Event: ======'bumpers_lit_hit'====== Args={'shot': 'bumper_right'}
2025-05-12 21:13:09,933 : INFO : EventManager : Event: ======'player_score'====== Args={'value': 3000, 'prev_value': 2000, 'change': 1000, 'player_num': 1, 'source': 'bumpers'}
2025-05-12 21:13:10,003 : INFO : SwitchController : <<<<<<< 's_bumper_right' inactive >>>>>>>
2025-05-12 21:13:10,103 : INFO : SwitchController : <<<<<<< 's_bumper_right' active >>>>>>>
2025-05-12 21:13:10,104 : INFO : EventManager : Event: ======'playfield_active'====== Args={'source': 'bumper_right'}
2025-05-12 21:13:10,104 : INFO : EventManager : Event: ======'unexpected_ball_on_playfield'====== Args={}
2025-05-12 21:13:10,104 : INFO : EventManager : Event: ======'s_bumper_right_active'====== Args={}
2025-05-12 21:13:10,104 : INFO : EventManager : Event: ======'machine_var_audits_switches_s_bumper_right'====== Args={'value': 17, 'prev_value': 16, 'change': 1}
2025-05-12 21:13:10,105 : INFO : EventManager : Event: ======'machine_var_audits_shots_bumper_right'====== Args={'value': 17, 'prev_value': 16, 'change': 1}
2025-05-12 21:13:10,106 : INFO : EventManager : Event: ======'bumper_right_hit'====== Args={'profile': 'default', 'state': 'lit', 'advancing': False}
2025-05-12 21:13:10,106 : INFO : EventManager : Event: ======'bumper_right_default_hit'====== Args={'profile': 'default', 'state': 'lit', 'advancing': False}
2025-05-12 21:13:10,106 : INFO : EventManager : Event: ======'bumper_right_default_lit_hit'====== Args={'profile': 'default', 'state': 'lit', 'advancing': False}
2025-05-12 21:13:10,106 : INFO : EventManager : Event: ======'bumper_right_lit_hit'====== Args={'profile': 'default', 'state': 'lit', 'advancing': False}
2025-05-12 21:13:10,106 : INFO : EventManager : Event: ======'bumpers_hit'====== Args={'shot': 'bumper_right'}
2025-05-12 21:13:10,106 : INFO : EventManager : Event: ======'bumpers_lit_hit'====== Args={'shot': 'bumper_right'}
2025-05-12 21:13:10,106 : INFO : EventManager : Event: ======'player_score'====== Args={'value': 4000, 'prev_value': 3000, 'change': 1000, 'player_num': 1, 'source': 'bumpers'}
2025-05-12 21:13:10,170 : INFO : SwitchController : <<<<<<< 's_bumper_right' inactive >>>>>>>
2025-05-12 21:13:11,196 : INFO : SwitchController : <<<<<<< 's_bumper_right' active >>>>>>>
2025-05-12 21:13:11,196 : INFO : EventManager : Event: ======'playfield_active'====== Args={'source': 'bumper_right'}
2025-05-12 21:13:11,196 : INFO : EventManager : Event: ======'unexpected_ball_on_playfield'====== Args={}
2025-05-12 21:13:11,197 : INFO : EventManager : Event: ======'s_bumper_right_active'====== Args={}
2025-05-12 21:13:11,197 : INFO : EventManager : Event: ======'machine_var_audits_switches_s_bumper_right'====== Args={'value': 18, 'prev_value': 17, 'change': 1}
2025-05-12 21:13:11,198 : INFO : EventManager : Event: ======'machine_var_audits_shots_bumper_right'====== Args={'value': 18, 'prev_value': 17, 'change': 1}
2025-05-12 21:13:11,198 : INFO : EventManager : Event: ======'bumper_right_hit'====== Args={'profile': 'default', 'state': 'lit', 'advancing': False}
2025-05-12 21:13:11,198 : INFO : EventManager : Event: ======'bumper_right_default_hit'====== Args={'profile': 'default', 'state': 'lit', 'advancing': False}
2025-05-12 21:13:11,198 : INFO : EventManager : Event: ======'bumper_right_default_lit_hit'====== Args={'profile': 'default', 'state': 'lit', 'advancing': False}
2025-05-12 21:13:11,199 : INFO : EventManager : Event: ======'bumper_right_lit_hit'====== Args={'profile': 'default', 'state': 'lit', 'advancing': False}
2025-05-12 21:13:11,199 : INFO : EventManager : Event: ======'bumpers_hit'====== Args={'shot': 'bumper_right'}
2025-05-12 21:13:11,199 : INFO : EventManager : Event: ======'bumpers_lit_hit'====== Args={'shot': 'bumper_right'}
2025-05-12 21:13:11,199 : INFO : EventManager : Event: ======'player_score'====== Args={'value': 5000, 'prev_value': 4000, 'change': 1000, 'player_num': 1, 'source': 'bumpers'}
2025-05-12 21:13:11,255 : INFO : SwitchController : <<<<<<< 's_bumper_right' inactive >>>>>>>
2025-05-12 21:13:11,354 : INFO : SwitchController : <<<<<<< 's_bumper_right' active >>>>>>>
2025-05-12 21:13:11,354 : INFO : EventManager : Event: ======'playfield_active'====== Args={'source': 'bumper_right'}
2025-05-12 21:13:11,354 : INFO : EventManager : Event: ======'unexpected_ball_on_playfield'====== Args={}
2025-05-12 21:13:11,354 : INFO : EventManager : Event: ======'s_bumper_right_active'====== Args={}
2025-05-12 21:13:11,354 : INFO : EventManager : Event: ======'machine_var_audits_switches_s_bumper_right'====== Args={'value': 19, 'prev_value': 18, 'change': 1}
2025-05-12 21:13:11,355 : INFO : EventManager : Event: ======'machine_var_audits_shots_bumper_right'====== Args={'value': 19, 'prev_value': 18, 'change': 1}
2025-05-12 21:13:11,355 : INFO : EventManager : Event: ======'bumper_right_hit'====== Args={'profile': 'default', 'state': 'lit', 'advancing': False}
2025-05-12 21:13:11,355 : INFO : EventManager : Event: ======'bumper_right_default_hit'====== Args={'profile': 'default', 'state': 'lit', 'advancing': False}
2025-05-12 21:13:11,355 : INFO : EventManager : Event: ======'bumper_right_default_lit_hit'====== Args={'profile': 'default', 'state': 'lit', 'advancing': False}
2025-05-12 21:13:11,356 : INFO : EventManager : Event: ======'bumper_right_lit_hit'====== Args={'profile': 'default', 'state': 'lit', 'advancing': False}
2025-05-12 21:13:11,356 : INFO : EventManager : Event: ======'bumpers_hit'====== Args={'shot': 'bumper_right'}
2025-05-12 21:13:11,356 : INFO : EventManager : Event: ======'bumpers_lit_hit'====== Args={'shot': 'bumper_right'}
2025-05-12 21:13:11,356 : INFO : EventManager : Event: ======'player_score'====== Args={'value': 6000, 'prev_value': 5000, 'change': 1000, 'player_num': 1, 'source': 'bumpers'}
2025-05-12 21:13:11,412 : INFO : SwitchController : <<<<<<< 's_bumper_right' inactive >>>>>>>
2025-05-12 21:13:11,553 : INFO : SwitchController : <<<<<<< 's_bumper_left' active >>>>>>>
2025-05-12 21:13:11,554 : INFO : EventManager : Event: ======'playfield_active'====== Args={'source': 'bumper_left'}
2025-05-12 21:13:11,554 : INFO : EventManager : Event: ======'unexpected_ball_on_playfield'====== Args={}
2025-05-12 21:13:11,554 : INFO : EventManager : Event: ======'s_bumper_left_active'====== Args={}
2025-05-12 21:13:11,554 : INFO : EventManager : Event: ======'machine_var_audits_switches_s_bumper_left'====== Args={'value': 17, 'prev_value': 16, 'change': 1}
2025-05-12 21:13:11,555 : INFO : EventManager : Event: ======'machine_var_audits_shots_bumper_left'====== Args={'value': 17, 'prev_value': 16, 'change': 1}
2025-05-12 21:13:11,556 : INFO : EventManager : Event: ======'bumper_left_hit'====== Args={'profile': 'default', 'state': 'lit', 'advancing': False}
2025-05-12 21:13:11,556 : INFO : EventManager : Event: ======'bumper_left_default_hit'====== Args={'profile': 'default', 'state': 'lit', 'advancing': False}
2025-05-12 21:13:11,556 : INFO : EventManager : Event: ======'bumper_left_default_lit_hit'====== Args={'profile': 'default', 'state': 'lit', 'advancing': False}
2025-05-12 21:13:11,556 : INFO : EventManager : Event: ======'bumper_left_lit_hit'====== Args={'profile': 'default', 'state': 'lit', 'advancing': False}
2025-05-12 21:13:11,556 : INFO : EventManager : Event: ======'bumpers_hit'====== Args={'shot': 'bumper_left'}
2025-05-12 21:13:11,556 : INFO : EventManager : Event: ======'bumpers_lit_hit'====== Args={'shot': 'bumper_left'}
2025-05-12 21:13:11,556 : INFO : EventManager : Event: ======'player_score'====== Args={'value': 7000, 'prev_value': 6000, 'change': 1000, 'player_num': 1, 'source': 'bumpers'}
2025-05-12 21:13:11,587 : INFO : SwitchController : <<<<<<< 's_bumper_left' inactive >>>>>>>
2025-05-12 21:13:11,679 : INFO : SwitchController : <<<<<<< 's_bumper_left' active >>>>>>>
2025-05-12 21:13:11,679 : INFO : EventManager : Event: ======'playfield_active'====== Args={'source': 'bumper_left'}
2025-05-12 21:13:11,679 : INFO : EventManager : Event: ======'unexpected_ball_on_playfield'====== Args={}
2025-05-12 21:13:11,679 : INFO : EventManager : Event: ======'s_bumper_left_active'====== Args={}
2025-05-12 21:13:11,679 : INFO : EventManager : Event: ======'machine_var_audits_switches_s_bumper_left'====== Args={'value': 18, 'prev_value': 17, 'change': 1}
2025-05-12 21:13:11,680 : INFO : EventManager : Event: ======'machine_var_audits_shots_bumper_left'====== Args={'value': 18, 'prev_value': 17, 'change': 1}
2025-05-12 21:13:11,680 : INFO : EventManager : Event: ======'bumper_left_hit'====== Args={'profile': 'default', 'state': 'lit', 'advancing': False}
2025-05-12 21:13:11,680 : INFO : EventManager : Event: ======'bumper_left_default_hit'====== Args={'profile': 'default', 'state': 'lit', 'advancing': False}
2025-05-12 21:13:11,680 : INFO : EventManager : Event: ======'bumper_left_default_lit_hit'====== Args={'profile': 'default', 'state': 'lit', 'advancing': False}
2025-05-12 21:13:11,680 : INFO : EventManager : Event: ======'bumper_left_lit_hit'====== Args={'profile': 'default', 'state': 'lit', 'advancing': False}
2025-05-12 21:13:11,680 : INFO : EventManager : Event: ======'bumpers_hit'====== Args={'shot': 'bumper_left'}
2025-05-12 21:13:11,681 : INFO : EventManager : Event: ======'bumpers_lit_hit'====== Args={'shot': 'bumper_left'}
2025-05-12 21:13:11,681 : INFO : EventManager : Event: ======'player_score'====== Args={'value': 8000, 'prev_value': 7000, 'change': 1000, 'player_num': 1, 'source': 'bumpers'}
2025-05-12 21:13:11,737 : INFO : SwitchController : <<<<<<< 's_bumper_left' inactive >>>>>>>
2025-05-12 21:13:11,878 : INFO : SwitchController : <<<<<<< 's_bumper_right' active >>>>>>>
2025-05-12 21:13:11,879 : INFO : EventManager : Event: ======'playfield_active'====== Args={'source': 'bumper_right'}
2025-05-12 21:13:11,879 : INFO : EventManager : Event: ======'unexpected_ball_on_playfield'====== Args={}
2025-05-12 21:13:11,879 : INFO : EventManager : Event: ======'s_bumper_right_active'====== Args={}
2025-05-12 21:13:11,879 : INFO : EventManager : Event: ======'machine_var_audits_switches_s_bumper_right'====== Args={'value': 20, 'prev_value': 19, 'change': 1}
2025-05-12 21:13:11,880 : INFO : EventManager : Event: ======'machine_var_audits_shots_bumper_right'====== Args={'value': 20, 'prev_value': 19, 'change': 1}
2025-05-12 21:13:11,880 : INFO : EventManager : Event: ======'bumper_right_hit'====== Args={'profile': 'default', 'state': 'lit', 'advancing': False}
2025-05-12 21:13:11,880 : INFO : EventManager : Event: ======'bumper_right_default_hit'====== Args={'profile': 'default', 'state': 'lit', 'advancing': False}
2025-05-12 21:13:11,880 : INFO : EventManager : Event: ======'bumper_right_default_lit_hit'====== Args={'profile': 'default', 'state': 'lit', 'advancing': False}
2025-05-12 21:13:11,880 : INFO : EventManager : Event: ======'bumper_right_lit_hit'====== Args={'profile': 'default', 'state': 'lit', 'advancing': False}
2025-05-12 21:13:11,880 : INFO : EventManager : Event: ======'bumpers_hit'====== Args={'shot': 'bumper_right'}
2025-05-12 21:13:11,880 : INFO : EventManager : Event: ======'bumpers_lit_hit'====== Args={'shot': 'bumper_right'}
2025-05-12 21:13:11,880 : INFO : EventManager : Event: ======'player_score'====== Args={'value': 9000, 'prev_value': 8000, 'change': 1000, 'player_num': 1, 'source': 'bumpers'}
2025-05-12 21:13:11,937 : INFO : SwitchController : <<<<<<< 's_bumper_right' inactive >>>>>>>
2025-05-12 21:13:12,020 : INFO : SwitchController : <<<<<<< 's_bumper_right' active >>>>>>>
2025-05-12 21:13:12,020 : INFO : EventManager : Event: ======'playfield_active'====== Args={'source': 'bumper_right'}
2025-05-12 21:13:12,020 : INFO : EventManager : Event: ======'unexpected_ball_on_playfield'====== Args={}
2025-05-12 21:13:12,020 : INFO : EventManager : Event: ======'s_bumper_right_active'====== Args={}
2025-05-12 21:13:12,021 : INFO : EventManager : Event: ======'machine_var_audits_switches_s_bumper_right'====== Args={'value': 21, 'prev_value': 20, 'change': 1}
2025-05-12 21:13:12,021 : INFO : EventManager : Event: ======'machine_var_audits_shots_bumper_right'====== Args={'value': 21, 'prev_value': 20, 'change': 1}
2025-05-12 21:13:12,022 : INFO : EventManager : Event: ======'bumper_right_hit'====== Args={'profile': 'default', 'state': 'lit', 'advancing': False}
2025-05-12 21:13:12,022 : INFO : EventManager : Event: ======'bumper_right_default_hit'====== Args={'profile': 'default', 'state': 'lit', 'advancing': False}
2025-05-12 21:13:12,022 : INFO : EventManager : Event: ======'bumper_right_default_lit_hit'====== Args={'profile': 'default', 'state': 'lit', 'advancing': False}
2025-05-12 21:13:12,022 : INFO : EventManager : Event: ======'bumper_right_lit_hit'====== Args={'profile': 'default', 'state': 'lit', 'advancing': False}
2025-05-12 21:13:12,022 : INFO : EventManager : Event: ======'bumpers_hit'====== Args={'shot': 'bumper_right'}
2025-05-12 21:13:12,022 : INFO : EventManager : Event: ======'bumpers_lit_hit'====== Args={'shot': 'bumper_right'}
2025-05-12 21:13:12,022 : INFO : EventManager : Event: ======'player_score'====== Args={'value': 10000, 'prev_value': 9000, 'change': 1000, 'player_num': 1, 'source': 'bumpers'}
2025-05-12 21:13:12,086 : INFO : SwitchController : <<<<<<< 's_bumper_right' inactive >>>>>>>
2025-05-12 21:13:18,109 : INFO : EventManager : Event: ======'balldevice_bd_trough_ball_eject_failed'====== Args={'target': <ball_device.bd_plunger>, 'balls': 1, 'retry': True, 'num_attempts': 1}
2025-05-12 21:13:18,111 : INFO : ball_device.bd_trough : State: waiting_for_target_ready
2025-05-12 21:13:18,111 : INFO : EventManager : Event: ======'balldevice_bd_trough_ball_eject_attempt'====== Args={'balls': 1, 'target': <ball_device.bd_plunger>, 'source': <ball_device.bd_trough>, 'mechanical_eject': False, 'num_attempts': 1}
2025-05-12 21:13:18,112 : INFO : ball_device.bd_trough : State: ejecting
2025-05-12 21:13:18,112 : INFO : ball_device.bd_trough : Ejecting ball to <ball_device.bd_plunger>
2025-05-12 21:13:18,112 : INFO : EventManager : Event: ======'balldevice_bd_trough_ejecting_ball'====== Args={'balls': 1, 'target': <ball_device.bd_plunger>, 'source': <ball_device.bd_trough>, 'mechanical_eject': False, 'num_attempts': 1}
2025-05-12 21:13:18,113 : INFO : ball_device.bd_trough : Wait for ball to leave device
2025-05-12 21:13:18,113 : INFO : coil.c_trough_eject : Pulsing Driver for 10ms (1.0 pulse_power)
2025-05-12 21:13:28,114 : INFO : EventManager : Event: ======'balldevice_bd_trough_ball_eject_failed'====== Args={'target': <ball_device.bd_plunger>, 'balls': 1, 'retry': True, 'num_attempts': 2}
2025-05-12 21:13:28,116 : INFO : ball_device.bd_trough : State: waiting_for_target_ready
2025-05-12 21:13:28,117 : INFO : EventManager : Event: ======'balldevice_bd_trough_ball_eject_attempt'====== Args={'balls': 1, 'target': <ball_device.bd_plunger>, 'source': <ball_device.bd_trough>, 'mechanical_eject': False, 'num_attempts': 2}
2025-05-12 21:13:28,120 : INFO : ball_device.bd_trough : State: ejecting
2025-05-12 21:13:28,120 : INFO : ball_device.bd_trough : Ejecting ball to <ball_device.bd_plunger>
2025-05-12 21:13:28,120 : INFO : EventManager : Event: ======'balldevice_bd_trough_ejecting_ball'====== Args={'balls': 1, 'target': <ball_device.bd_plunger>, 'source': <ball_device.bd_trough>, 'mechanical_eject': False, 'num_attempts': 2}
2025-05-12 21:13:28,121 : INFO : ball_device.bd_trough : Wait for ball to leave device
2025-05-12 21:13:28,121 : INFO : coil.c_trough_eject : Pulsing Driver for 10ms (1.0 pulse_power)
2025-05-12 21:13:38,122 : INFO : EventManager : Event: ======'balldevice_bd_trough_ball_eject_failed'====== Args={'target': <ball_device.bd_plunger>, 'balls': 1, 'retry': True, 'num_attempts': 3}
2025-05-12 21:13:38,124 : INFO : ball_device.bd_trough : State: waiting_for_target_ready
2025-05-12 21:13:38,124 : INFO : EventManager : Event: ======'balldevice_bd_trough_ball_eject_attempt'====== Args={'balls': 1, 'target': <ball_device.bd_plunger>, 'source': <ball_device.bd_trough>, 'mechanical_eject': False, 'num_attempts': 3}
2025-05-12 21:13:38,124 : INFO : ball_device.bd_trough : State: ejecting
2025-05-12 21:13:38,124 : INFO : ball_device.bd_trough : Ejecting ball to <ball_device.bd_plunger>
2025-05-12 21:13:38,125 : INFO : EventManager : Event: ======'balldevice_bd_trough_ejecting_ball'====== Args={'balls': 1, 'target': <ball_device.bd_plunger>, 'source': <ball_device.bd_trough>, 'mechanical_eject': False, 'num_attempts': 3}
2025-05-12 21:13:38,128 : INFO : ball_device.bd_trough : Wait for ball to leave device
2025-05-12 21:13:38,129 : INFO : coil.c_trough_eject : Pulsing Driver for 10ms (1.0 pulse_power)
2025-05-12 21:13:47,370 : INFO : Machine : Shutting down...
2025-05-12 21:13:47,371 : INFO : EventManager : Event: ======'shutdown'====== Args={}
2025-05-12 21:13:47,372 : INFO : EventManager : Event: ======'mode_game_will_stop'====== Args={}
2025-05-12 21:13:47,373 : INFO : EventManager : Event: ======'mode_game_stopping'====== Args={}
2025-05-12 21:13:47,373 : INFO : EventManager : Event: ======'mode_base_will_stop'====== Args={}
2025-05-12 21:13:47,373 : INFO : EventManager : Event: ======'mode_base_stopping'====== Args={}
2025-05-12 21:13:47,373 : INFO : EventManager : Event: ======'mode_bumpers_will_stop'====== Args={}
2025-05-12 21:13:47,373 : INFO : EventManager : Event: ======'mode_bumpers_stopping'====== Args={}
2025-05-12 21:13:47,373 : INFO : EventManager : Event: ======'stop_mode_bumpers'====== Args={'priority': 0}
2025-05-12 21:13:47,373 : INFO : Mode.bumpers : Stopped.
2025-05-12 21:13:47,373 : INFO : EventManager : Event: ======'modes_active_modes_changed'====== Args={}
2025-05-12 21:13:47,374 : INFO : EventManager : Event: ======'mode_bumpers_stopped'====== Args={}
2025-05-12 21:13:47,374 : INFO : EventManager : Event: ======'clear'====== Args={'key': 'bumpers'}
2025-05-12 21:13:47,374 : INFO : Mode.base : Stopped.
2025-05-12 21:13:47,374 : INFO : EventManager : Event: ======'modes_active_modes_changed'====== Args={}
2025-05-12 21:13:47,374 : INFO : EventManager : Event: ======'mode_base_stopped'====== Args={}
2025-05-12 21:13:47,374 : INFO : EventManager : Event: ======'clear'====== Args={'key': 'base'}
2025-05-12 21:13:47,374 : INFO : Mode.game : Stopped.
2025-05-12 21:13:47,374 : INFO : EventManager : Event: ======'modes_active_modes_changed'====== Args={}
2025-05-12 21:13:47,374 : INFO : EventManager : Event: ======'mode_game_stopped'====== Args={}
2025-05-12 21:13:47,374 : INFO : EventManager : Event: ======'clear'====== Args={'key': 'game'}
2025-05-12 21:13:47,376 : INFO : root : MPF run loop ended.
