2025-06-09 16:59:20,751 : INFO : root : Loading config.
2025-06-09 16:59:20,753 : INFO : YamlMultifileConfigLoader : Machine config file #1: config.yaml
2025-06-09 16:59:20,753 : INFO : ConfigProcessor : Loading config from cache: /var/folders/hz/r3dl9ms51016zpvrwk611s6m0000gs/T/5d6a457603c6b060ca35237bebf088e1.mpf_cache
2025-06-09 16:59:20,795 : INFO : ConfigProcessor : Loading config from cache: /var/folders/hz/r3dl9ms51016zpvrwk611s6m0000gs/T/6f665ac125edf3618cba9e13a753822f.mpf_cache
2025-06-09 16:59:20,795 : INFO : ConfigProcessor : Loading config from cache: /var/folders/hz/r3dl9ms51016zpvrwk611s6m0000gs/T/87d438dd69d0ef01003c5249e41b5d50.mpf_cache
2025-06-09 16:59:20,795 : INFO : ConfigProcessor : Loading config from cache: /var/folders/hz/r3dl9ms51016zpvrwk611s6m0000gs/T/6f665ac125edf3618cba9e13a753822f.mpf_cache
2025-06-09 16:59:20,795 : INFO : ConfigProcessor : Loading config from cache: /var/folders/hz/r3dl9ms51016zpvrwk611s6m0000gs/T/d9ff39e0ccd80af39f7d36bb6b40dd93.mpf_cache
2025-06-09 16:59:20,796 : INFO : ConfigProcessor : Loading config from cache: /var/folders/hz/r3dl9ms51016zpvrwk611s6m0000gs/T/ac07971a64f12a0788c85bcc38792825.mpf_cache
2025-06-09 16:59:20,796 : INFO : Machine : Mission Pinball Framework Core Engine v0.80.0.dev7
2025-06-09 16:59:20,796 : INFO : Machine : Command line arguments: {'no_load_cache': False, 'create_config_cache': True, 'bcp': True, 'configfile': ['config.yaml'], 'force_assets_load': False, 'platform_integration_test': False, 'jsonlogging': False, 'logfile': 'logs/2025-06-09-16-59-20-mpf-LPCVQLKF70.log', 'pause': False, 'production': False, 'text_ui': False, 'loglevel': 15, 'consoleloglevel': 20, 'force_platform': 'virtual', 'syslog_address': None, 'full_logfile_path': '/Users/michaelcarman/Documents/work/mpf/happy-pinball/logs/2025-06-09-16-59-20-mpf-LPCVQLKF70.log'}
2025-06-09 16:59:20,796 : INFO : Machine : MPF path: /Users/michaelcarman/Documents/work/mpf/mpf/lib/python3.13/site-packages/mpf
2025-06-09 16:59:20,796 : INFO : Machine : Machine path: /Users/michaelcarman/Documents/work/mpf/happy-pinball
2025-06-09 16:59:20,796 : INFO : Machine : Platform: darwin
2025-06-09 16:59:20,796 : INFO : Machine : Python executable location: /Users/michaelcarman/Documents/work/mpf/mpf/bin/python3.13
2025-06-09 16:59:20,796 : INFO : Machine : Python version: 3.13.3 (64-bit)
2025-06-09 16:59:20,797 : INFO : Machine : Initializing MPF...
2025-06-09 16:59:20,834 : INFO : EventManager : Event: ======'machine_var_credits_string'====== Args={'value': 'FREE PLAY', 'prev_value': None, 'change': True}
2025-06-09 16:59:20,843 : INFO : EventManager : Event: ======'machine_var_player1_score'====== Args={'value': 8675309, 'prev_value': None, 'change': True}
2025-06-09 16:59:20,843 : INFO : EventManager : Event: ======'machine_var_player2_score'====== Args={'value': 4321523, 'prev_value': None, 'change': True}
2025-06-09 16:59:20,843 : INFO : EventManager : Event: ======'machine_var_master_volume'====== Args={'value': 0.5, 'prev_value': None, 'change': True}
2025-06-09 16:59:20,843 : INFO : EventManager : Event: ======'machine_var_mpf_version'====== Args={'value': 'Mission Pinball Framework v0.80.0.dev7', 'prev_value': None, 'change': True}
2025-06-09 16:59:20,843 : INFO : EventManager : Event: ======'machine_var_mpf_extended_version'====== Args={'value': 'Mission Pinball Framework v0.80.0.dev7, Config version:6, Show version: 6, BCP version:1.1', 'prev_value': None, 'change': True}
2025-06-09 16:59:20,844 : INFO : EventManager : Event: ======'machine_var_python_version'====== Args={'value': '3.13.3', 'prev_value': None, 'change': True}
2025-06-09 16:59:20,853 : INFO : EventManager : Event: ======'machine_var_platform'====== Args={'value': 'macOS-15.3.1-arm64-arm-64bit-Mach-O', 'prev_value': None, 'change': True}
2025-06-09 16:59:20,853 : INFO : EventManager : Event: ======'machine_var_platform_system'====== Args={'value': 'Darwin', 'prev_value': None, 'change': True}
2025-06-09 16:59:20,853 : INFO : EventManager : Event: ======'machine_var_platform_release'====== Args={'value': '24.3.0', 'prev_value': None, 'change': True}
2025-06-09 16:59:20,853 : INFO : EventManager : Event: ======'machine_var_platform_version'====== Args={'value': 'Darwin Kernel Version 24.3.0: Thu Jan  2 20:24:22 PST 2025; root:xnu-11215.81.4~3/RELEASE_ARM64_T6041', 'prev_value': None, 'change': True}
2025-06-09 16:59:20,853 : INFO : EventManager : Event: ======'machine_var_platform_machine'====== Args={'value': 'arm64', 'prev_value': None, 'change': True}
2025-06-09 16:59:20,853 : INFO : EventManager : Event: ======'machine_var_log_file_path'====== Args={'value': '/Users/michaelcarman/Documents/work/mpf/happy-pinball/logs/2025-06-09-16-59-20-mpf-LPCVQLKF70.log', 'prev_value': None, 'change': True}
2025-06-09 16:59:20,853 : INFO : EventManager : Event: ======'init_phase_1'====== Args={}
2025-06-09 16:59:20,860 : INFO : EventManager : Event: ======'init_phase_2'====== Args={}
2025-06-09 16:59:20,860 : INFO : SwitchController : Found active switch: (1006, <Platform.Virtual>) <switch.s_trough_1>
2025-06-09 16:59:20,861 : INFO : SwitchController : Found active switch: (1007, <Platform.Virtual>) <switch.s_trough_2>
2025-06-09 16:59:20,861 : INFO : SwitchController : Found active switch: (1008, <Platform.Virtual>) <switch.s_trough_3>
2025-06-09 16:59:20,861 : INFO : EventManager : Event: ======'bcp_connection_attempt'====== Args={'name': 'local_display', 'host': 'localhost', 'port': 5050}
2025-06-09 16:59:20,862 : INFO : BCPClientSocket : Connecting BCP to 'local_display' at localhost:5050...
2025-06-09 17:00:26,276 : INFO : BCPClientSocket : Connected BCP to 'local_display' localhost:5050
2025-06-09 17:00:26,278 : INFO : EventManager : Event: ======'bcp_clients_connected'====== Args={}
2025-06-09 17:00:26,283 : INFO : ball_device.bd_plunger : BCH: Initial count: 0
2025-06-09 17:00:26,290 : INFO : ball_device.bd_plunger : State: idle
2025-06-09 17:00:26,291 : INFO : ball_device.bd_trough : BCH: Initial count: 3
2025-06-09 17:00:26,292 : INFO : ball_device.bd_trough : State: idle
2025-06-09 17:00:26,300 : INFO : EventManager : Event: ======'init_phase_3'====== Args={}
2025-06-09 17:00:26,301 : INFO : EventManager : Event: ======'init_phase_4'====== Args={}
2025-06-09 17:00:26,301 : INFO : BallController : Initial balls found: 3
2025-06-09 17:00:26,302 : INFO : EventManager : Event: ======'machine_var_audits_events_game_ended'====== Args={'value': 0, 'prev_value': None, 'change': True}
2025-06-09 17:00:26,302 : INFO : EventManager : Event: ======'machine_var_audits_events_game_started'====== Args={'value': 34, 'prev_value': None, 'change': True}
2025-06-09 17:00:26,302 : INFO : EventManager : Event: ======'machine_var_audits_missing_switches_s_bumper_left'====== Args={'value': 2, 'prev_value': None, 'change': True}
2025-06-09 17:00:26,302 : INFO : EventManager : Event: ======'machine_var_audits_missing_switches_s_bumper_right'====== Args={'value': 2, 'prev_value': None, 'change': True}
2025-06-09 17:00:26,302 : INFO : EventManager : Event: ======'machine_var_audits_missing_switches_s_flipper_left'====== Args={'value': 11, 'prev_value': None, 'change': True}
2025-06-09 17:00:26,302 : INFO : EventManager : Event: ======'machine_var_audits_missing_switches_s_flipper_right'====== Args={'value': 11, 'prev_value': None, 'change': True}
2025-06-09 17:00:26,302 : INFO : EventManager : Event: ======'machine_var_audits_missing_switches_s_left_lane'====== Args={'value': 5, 'prev_value': None, 'change': True}
2025-06-09 17:00:26,302 : INFO : EventManager : Event: ======'machine_var_audits_missing_switches_s_plunger_lane'====== Args={'value': 34, 'prev_value': None, 'change': True}
2025-06-09 17:00:26,302 : INFO : EventManager : Event: ======'machine_var_audits_missing_switches_s_start'====== Args={'value': 16, 'prev_value': None, 'change': True}
2025-06-09 17:00:26,302 : INFO : EventManager : Event: ======'machine_var_audits_missing_switches_s_trough_1'====== Args={'value': 34, 'prev_value': None, 'change': True}
2025-06-09 17:00:26,302 : INFO : EventManager : Event: ======'machine_var_audits_missing_switches_s_trough_2'====== Args={'value': 34, 'prev_value': None, 'change': True}
2025-06-09 17:00:26,302 : INFO : EventManager : Event: ======'machine_var_audits_missing_switches_s_trough_3'====== Args={'value': 34, 'prev_value': None, 'change': True}
2025-06-09 17:00:26,302 : INFO : EventManager : Event: ======'machine_var_audits_player_score'====== Args={'value': {'average': 0, 'top': [], 'total': 0}, 'prev_value': None, 'change': True}
2025-06-09 17:00:26,302 : INFO : EventManager : Event: ======'machine_var_audits_shots_bumper_left'====== Args={'value': 212, 'prev_value': None, 'change': True}
2025-06-09 17:00:26,302 : INFO : EventManager : Event: ======'machine_var_audits_shots_bumper_right'====== Args={'value': 226, 'prev_value': None, 'change': True}
2025-06-09 17:00:26,302 : INFO : EventManager : Event: ======'machine_var_audits_switches_s_bumper_left'====== Args={'value': 212, 'prev_value': None, 'change': True}
2025-06-09 17:00:26,302 : INFO : EventManager : Event: ======'machine_var_audits_switches_s_bumper_right'====== Args={'value': 226, 'prev_value': None, 'change': True}
2025-06-09 17:00:26,302 : INFO : EventManager : Event: ======'machine_var_audits_switches_s_flipper_left'====== Args={'value': 4, 'prev_value': None, 'change': True}
2025-06-09 17:00:26,302 : INFO : EventManager : Event: ======'machine_var_audits_switches_s_flipper_right'====== Args={'value': 3, 'prev_value': None, 'change': True}
2025-06-09 17:00:26,302 : INFO : EventManager : Event: ======'machine_var_audits_switches_s_left_lane'====== Args={'value': 42, 'prev_value': None, 'change': True}
2025-06-09 17:00:26,302 : INFO : EventManager : Event: ======'machine_var_audits_switches_s_plunger_lane'====== Args={'value': 0, 'prev_value': None, 'change': True}
2025-06-09 17:00:26,302 : INFO : EventManager : Event: ======'machine_var_audits_switches_s_start'====== Args={'value': 12, 'prev_value': None, 'change': True}
2025-06-09 17:00:26,302 : INFO : EventManager : Event: ======'machine_var_audits_switches_s_trough_1'====== Args={'value': 0, 'prev_value': None, 'change': True}
2025-06-09 17:00:26,302 : INFO : EventManager : Event: ======'machine_var_audits_switches_s_trough_2'====== Args={'value': 0, 'prev_value': None, 'change': True}
2025-06-09 17:00:26,302 : INFO : EventManager : Event: ======'machine_var_audits_switches_s_trough_3'====== Args={'value': 0, 'prev_value': None, 'change': True}
2025-06-09 17:00:26,302 : INFO : EventManager : Event: ======'init_phase_5'====== Args={}
2025-06-09 17:00:26,302 : INFO : EventManager : Event: ======'init_done'====== Args={}
2025-06-09 17:00:26,302 : INFO : EventManager : Event: ======'machine_reset_phase_1'====== Args={}
2025-06-09 17:00:26,337 : INFO : EventManager : Event: ======'machine_reset_phase_2'====== Args={}
2025-06-09 17:00:26,338 : INFO : EventManager : Event: ======'machine_reset_phase_3'====== Args={}
2025-06-09 17:00:26,338 : INFO : EventManager : Event: ======'reset_complete'====== Args={}
2025-06-09 17:00:26,338 : INFO : EventManager : Event: ======'mode_attract_will_start'====== Args={}
2025-06-09 17:00:26,338 : INFO : Timer.attract_carousel_timer : Starting Timer.
2025-06-09 17:00:26,338 : INFO : EventManager : Event: ======'timer_attract_carousel_timer_started'====== Args={'ticks': 0, 'ticks_remaining': 1}
2025-06-09 17:00:26,338 : INFO : EventManager : Event: ======'timer_attract_carousel_timer_tick'====== Args={'ticks': 0, 'ticks_remaining': 1}
2025-06-09 17:00:26,338 : INFO : EventManager : Event: ======'mode_attract_starting'====== Args={}
2025-06-09 17:00:26,338 : INFO : Mode.attract : Started. Priority: 10
2025-06-09 17:00:26,338 : INFO : EventManager : Event: ======'modes_active_modes_changed'====== Args={}
2025-06-09 17:00:26,338 : INFO : EventManager : Event: ======'mode_attract_started'====== Args={}
2025-06-09 17:00:26,339 : INFO : EventManager : Event: ======'collecting_balls_complete'====== Args={}
2025-06-09 17:00:26,339 : INFO : EventManager : Event: ======'item_highlighted'====== Args={'carousel': 'attract', 'direction': None, 'item': 'title'}
2025-06-09 17:00:26,339 : INFO : EventManager : Event: ======'timer_attract_carousel_timer_tick'====== Args={'ticks': 0, 'ticks_remaining': 1}
2025-06-09 17:00:26,339 : INFO : Machine : Starting the main run loop with active modes: [<Mode.attract>]
2025-06-09 17:00:26,368 : INFO : EventManager : Event: ======'slide_attract_created'====== Args={'_from_bcp': True}
2025-06-09 17:00:26,368 : INFO : EventManager : Event: ======'slide__removed'====== Args={'_from_bcp': True}
2025-06-09 17:00:26,368 : INFO : EventManager : Event: ======'slide_attract_active'====== Args={'original_context': 'attract', 'original_calling_context': 'mode_attract_started', 'priority': 10.0, 'cmd': 'slides_play', '_from_bcp': True}
2025-06-09 17:00:27,080 : INFO : BcpServer : New client connected.
2025-06-09 17:00:31,340 : INFO : Timer.attract_carousel_timer : Timer Complete
2025-06-09 17:00:31,340 : INFO : Timer.attract_carousel_timer : Stopping Timer
2025-06-09 17:00:31,341 : INFO : EventManager : Event: ======'timer_attract_carousel_timer_stopped'====== Args={'ticks': 1, 'ticks_remaining': 1}
2025-06-09 17:00:31,342 : INFO : EventManager : Event: ======'timer_attract_carousel_timer_complete'====== Args={'ticks': 1, 'ticks_remaining': 1}
2025-06-09 17:00:31,343 : INFO : EventManager : Event: ======'item_highlighted'====== Args={'carousel': 'attract', 'direction': 'forwards', 'item': 'credits'}
2025-06-09 17:00:31,344 : INFO : Timer.attract_carousel_timer : Starting Timer.
2025-06-09 17:00:31,344 : INFO : EventManager : Event: ======'timer_attract_carousel_timer_started'====== Args={'ticks': 0, 'ticks_remaining': 1}
2025-06-09 17:00:31,344 : INFO : EventManager : Event: ======'timer_attract_carousel_timer_tick'====== Args={'ticks': 0, 'ticks_remaining': 1}
2025-06-09 17:00:36,345 : INFO : Timer.attract_carousel_timer : Timer Complete
2025-06-09 17:00:36,345 : INFO : Timer.attract_carousel_timer : Stopping Timer
2025-06-09 17:00:36,345 : INFO : EventManager : Event: ======'timer_attract_carousel_timer_stopped'====== Args={'ticks': 1, 'ticks_remaining': 1}
2025-06-09 17:00:36,346 : INFO : EventManager : Event: ======'timer_attract_carousel_timer_complete'====== Args={'ticks': 1, 'ticks_remaining': 1}
2025-06-09 17:00:36,347 : INFO : EventManager : Event: ======'item_highlighted'====== Args={'carousel': 'attract', 'direction': 'forwards', 'item': 'last_scores_2p'}
2025-06-09 17:00:36,349 : INFO : Timer.attract_carousel_timer : Starting Timer.
2025-06-09 17:00:36,349 : INFO : EventManager : Event: ======'timer_attract_carousel_timer_started'====== Args={'ticks': 0, 'ticks_remaining': 1}
2025-06-09 17:00:36,349 : INFO : EventManager : Event: ======'timer_attract_carousel_timer_tick'====== Args={'ticks': 0, 'ticks_remaining': 1}
2025-06-09 17:00:41,350 : INFO : Timer.attract_carousel_timer : Timer Complete
2025-06-09 17:00:41,351 : INFO : Timer.attract_carousel_timer : Stopping Timer
2025-06-09 17:00:41,351 : INFO : EventManager : Event: ======'timer_attract_carousel_timer_stopped'====== Args={'ticks': 1, 'ticks_remaining': 1}
2025-06-09 17:00:41,352 : INFO : EventManager : Event: ======'timer_attract_carousel_timer_complete'====== Args={'ticks': 1, 'ticks_remaining': 1}
2025-06-09 17:00:41,352 : INFO : EventManager : Event: ======'item_highlighted'====== Args={'carousel': 'attract', 'direction': 'forwards', 'item': 'mpf_logo'}
2025-06-09 17:00:41,353 : INFO : Timer.attract_carousel_timer : Starting Timer.
2025-06-09 17:00:41,353 : INFO : EventManager : Event: ======'timer_attract_carousel_timer_started'====== Args={'ticks': 0, 'ticks_remaining': 1}
2025-06-09 17:00:41,354 : INFO : EventManager : Event: ======'timer_attract_carousel_timer_tick'====== Args={'ticks': 0, 'ticks_remaining': 1}
2025-06-09 17:00:46,354 : INFO : Timer.attract_carousel_timer : Timer Complete
2025-06-09 17:00:46,354 : INFO : Timer.attract_carousel_timer : Stopping Timer
2025-06-09 17:00:46,355 : INFO : EventManager : Event: ======'timer_attract_carousel_timer_stopped'====== Args={'ticks': 1, 'ticks_remaining': 1}
2025-06-09 17:00:46,355 : INFO : EventManager : Event: ======'timer_attract_carousel_timer_complete'====== Args={'ticks': 1, 'ticks_remaining': 1}
2025-06-09 17:00:46,355 : INFO : EventManager : Event: ======'item_highlighted'====== Args={'carousel': 'attract', 'direction': 'forwards', 'item': 'title'}
2025-06-09 17:00:46,356 : INFO : Timer.attract_carousel_timer : Starting Timer.
2025-06-09 17:00:46,356 : INFO : EventManager : Event: ======'timer_attract_carousel_timer_started'====== Args={'ticks': 0, 'ticks_remaining': 1}
2025-06-09 17:00:46,356 : INFO : EventManager : Event: ======'timer_attract_carousel_timer_tick'====== Args={'ticks': 0, 'ticks_remaining': 1}
2025-06-09 17:00:51,356 : INFO : Timer.attract_carousel_timer : Timer Complete
2025-06-09 17:00:51,356 : INFO : Timer.attract_carousel_timer : Stopping Timer
2025-06-09 17:00:51,357 : INFO : EventManager : Event: ======'timer_attract_carousel_timer_stopped'====== Args={'ticks': 1, 'ticks_remaining': 1}
2025-06-09 17:00:51,357 : INFO : EventManager : Event: ======'timer_attract_carousel_timer_complete'====== Args={'ticks': 1, 'ticks_remaining': 1}
2025-06-09 17:00:51,357 : INFO : EventManager : Event: ======'item_highlighted'====== Args={'carousel': 'attract', 'direction': 'forwards', 'item': 'credits'}
2025-06-09 17:00:51,357 : INFO : Timer.attract_carousel_timer : Starting Timer.
2025-06-09 17:00:51,357 : INFO : EventManager : Event: ======'timer_attract_carousel_timer_started'====== Args={'ticks': 0, 'ticks_remaining': 1}
2025-06-09 17:00:51,357 : INFO : EventManager : Event: ======'timer_attract_carousel_timer_tick'====== Args={'ticks': 0, 'ticks_remaining': 1}
2025-06-09 17:00:53,507 : INFO : SwitchController : <<<<<<< 's_start' active >>>>>>>
2025-06-09 17:00:53,563 : INFO : SwitchController : <<<<<<< 's_start' inactive >>>>>>>
2025-06-09 17:00:53,563 : INFO : EventManager : Event: ======'request_to_start_game'====== Args={}
2025-06-09 17:00:53,565 : INFO : EventManager : Event: ======'game_start'====== Args={'buttons': [], 'hold_time': 0.055257083993637934}
2025-06-09 17:00:53,566 : INFO : EventManager : Event: ======'mode_game_will_start'====== Args={'buttons': [], 'hold_time': 0.055257083993637934}
2025-06-09 17:00:53,567 : INFO : EventManager : Event: ======'mode_game_starting'====== Args={'buttons': [], 'hold_time': 0.055257083993637934}
2025-06-09 17:00:53,567 : INFO : EventManager : Event: ======'mode_attract_will_stop'====== Args={}
2025-06-09 17:00:53,567 : INFO : EventManager : Event: ======'mode_attract_stopping'====== Args={}
2025-06-09 17:00:53,567 : INFO : Mode.attract : Stopped.
2025-06-09 17:00:53,567 : INFO : EventManager : Event: ======'modes_active_modes_changed'====== Args={}
2025-06-09 17:00:53,568 : INFO : EventManager : Event: ======'mode_attract_stopped'====== Args={}
2025-06-09 17:00:53,569 : INFO : EventManager : Event: ======'clear'====== Args={'key': 'attract'}
2025-06-09 17:00:53,569 : INFO : Timer.attract_carousel_timer : Stopping Timer
2025-06-09 17:00:53,569 : INFO : EventManager : Event: ======'timer_attract_carousel_timer_stopped'====== Args={'ticks': 0, 'ticks_remaining': 1}
2025-06-09 17:00:53,569 : INFO : Mode.game : Started. Priority: 20
2025-06-09 17:00:53,569 : INFO : EventManager : Event: ======'modes_active_modes_changed'====== Args={}
2025-06-09 17:00:53,570 : INFO : EventManager : Event: ======'mode_game_started'====== Args={'buttons': [], 'hold_time': 0.055257083993637934}
2025-06-09 17:00:53,571 : INFO : EventManager : Event: ======'game_will_start'====== Args={}
2025-06-09 17:00:53,572 : INFO : EventManager : Event: ======'game_starting'====== Args={'game': <Mode.game>}
2025-06-09 17:00:53,573 : INFO : EventManager : Unordered handler for class <Auditor> on event game_ended with priority 1. Handlers: [RegisteredHandler(callback=<bound method Auditor.disable of <Auditor>>, priority=1, kwargs={}, key=UUID('fa28c127-8d75-478c-8c83-a3fcc4a3cd87'), condition=None, blocking_facility=None), RegisteredHandler(callback=<bound method Auditor._save_audits of <Auditor>>, priority=1, kwargs={}, key=UUID('42547df2-6ece-4e68-a16a-a00332b1c0ed'), condition=None, blocking_facility=None)]. The order of those handlers is not defined and they will be executed in random order. This might lead to race conditions and potential bugs.
2025-06-09 17:00:53,573 : INFO : EventManager : Event: ======'player_add_request'====== Args={}
2025-06-09 17:00:53,573 : INFO : EventManager : Event: ======'player_will_add'====== Args={'number': 1}
2025-06-09 17:00:53,574 : INFO : EventManager : Event: ======'player_adding'====== Args={'player': <Player 1>, 'number': 1}
2025-06-09 17:00:53,574 : INFO : EventManager : Event: ======'player_added'====== Args={'player': <Player 1>, 'num': 1}
2025-06-09 17:00:53,574 : INFO : Mode.game : Player added successfully. Total players: 1
2025-06-09 17:00:53,574 : INFO : EventManager : Event: ======'player_index'====== Args={'value': 0, 'prev_value': 0, 'change': 0, 'player_num': 1}
2025-06-09 17:00:53,575 : INFO : EventManager : Event: ======'player_number'====== Args={'value': 1, 'prev_value': 1, 'change': 0, 'player_num': 1}
2025-06-09 17:00:53,575 : INFO : EventManager : Event: ======'player_score'====== Args={'value': 0, 'prev_value': 0, 'change': 0, 'player_num': 1}
2025-06-09 17:00:53,575 : INFO : EventManager : Event: ======'game_started'====== Args={}
2025-06-09 17:00:53,575 : INFO : EventManager : Event: ======'player_turn_will_start'====== Args={'player': <Player 1>, 'number': 1}
2025-06-09 17:00:53,576 : INFO : EventManager : Event: ======'player_turn_starting'====== Args={'player': <Player 1>, 'number': 1}
2025-06-09 17:00:53,576 : INFO : EventManager : Event: ======'player_ball'====== Args={'value': 1, 'prev_value': 0, 'change': 1, 'player_num': 1}
2025-06-09 17:00:53,576 : INFO : EventManager : Event: ======'player_turn_started'====== Args={'player': <Player 1>, 'number': 1}
2025-06-09 17:00:53,579 : INFO : EventManager : Event: ======'ball_will_start'====== Args={'player': 1, 'ball': 1, 'balls_remaining': 2, 'is_extra_ball': False}
2025-06-09 17:00:53,579 : INFO : EventManager : Event: ======'ball_starting'====== Args={'player': 1, 'ball': 1, 'balls_remaining': 2, 'is_extra_ball': False}
2025-06-09 17:00:53,579 : INFO : EventManager : Event: ======'mode_base_will_start'====== Args={'queue': <QueuedEvent>, 'player': 1, 'ball': 1, 'balls_remaining': 2, 'is_extra_ball': False}
2025-06-09 17:00:53,580 : INFO : EventManager : Event: ======'mode_base_starting'====== Args={'queue': <QueuedEvent>, 'player': 1, 'ball': 1, 'balls_remaining': 2, 'is_extra_ball': False}
2025-06-09 17:00:53,580 : INFO : Mode.base : Started. Priority: 100
2025-06-09 17:00:53,580 : INFO : EventManager : Event: ======'modes_active_modes_changed'====== Args={}
2025-06-09 17:00:53,580 : INFO : EventManager : Event: ======'mode_base_started'====== Args={'queue': <QueuedEvent>, 'player': 1, 'ball': 1, 'balls_remaining': 2, 'is_extra_ball': False}
2025-06-09 17:00:53,581 : INFO : EventManager : Event: ======'start_mode_bumpers'====== Args={'priority': 0}
2025-06-09 17:00:53,581 : INFO : EventManager : Event: ======'mode_bumpers_will_start'====== Args={'priority': 0}
2025-06-09 17:00:53,581 : INFO : EventManager : Event: ======'player_shot_bumper_left_enabled'====== Args={'value': True, 'prev_value': 0, 'change': 1, 'player_num': 1}
2025-06-09 17:00:53,582 : INFO : EventManager : Event: ======'player_shot_bumper_right_enabled'====== Args={'value': True, 'prev_value': 0, 'change': 1, 'player_num': 1}
2025-06-09 17:00:53,582 : INFO : EventManager : Event: ======'bumpers_complete'====== Args={'state': 'unlit'}
2025-06-09 17:00:53,582 : INFO : EventManager : Event: ======'bumpers_unlit_complete'====== Args={}
2025-06-09 17:00:53,583 : INFO : EventManager : Event: ======'mode_bumpers_starting'====== Args={'priority': 0}
2025-06-09 17:00:53,583 : INFO : Mode.bumpers : Started. Priority: 200
2025-06-09 17:00:53,583 : INFO : EventManager : Event: ======'modes_active_modes_changed'====== Args={}
2025-06-09 17:00:53,583 : INFO : EventManager : Event: ======'mode_bumpers_started'====== Args={'priority': 0}
2025-06-09 17:00:53,583 : INFO : EventManager : Event: ======'balls_in_play'====== Args={'balls': 1}
2025-06-09 17:00:53,583 : INFO : EventManager : Event: ======'ball_started'====== Args={'player': 1, 'ball': 1, 'balls_remaining': 2, 'is_extra_ball': False}
2025-06-09 17:00:53,584 : INFO : EventManager : Event: ======'single_player_ball_started'====== Args={}
2025-06-09 17:00:53,584 : INFO : EventManager : Event: ======'ball_start_target'====== Args={'target': 'playfield'}
2025-06-09 17:00:53,584 : INFO : ball_device.bd_trough : Setting up player-controlled eject. Balls: 1, Target: <playfield.playfield>, player_controlled_eject_event: None
2025-06-09 17:00:53,584 : INFO : ball_device.bd_trough : Adding 1 ball(s) to the eject_queue with target <playfield.playfield>.
2025-06-09 17:00:53,584 : INFO : EventManager : Event: ======'balldevice_balls_available'====== Args={}
2025-06-09 17:00:53,585 : INFO : ball_device.bd_trough : State: waiting_for_target_ready
2025-06-09 17:00:53,585 : INFO : EventManager : Event: ======'balldevice_bd_trough_ball_eject_attempt'====== Args={'balls': 1, 'target': <ball_device.bd_plunger>, 'source': <ball_device.bd_trough>, 'mechanical_eject': False, 'num_attempts': 0}
2025-06-09 17:00:53,585 : INFO : ball_device.bd_plunger : State: waiting_for_ball
2025-06-09 17:00:53,585 : INFO : ball_device.bd_trough : State: ejecting
2025-06-09 17:00:53,585 : INFO : ball_device.bd_trough : Ejecting ball to <ball_device.bd_plunger>
2025-06-09 17:00:53,585 : INFO : EventManager : Event: ======'balldevice_bd_trough_ejecting_ball'====== Args={'balls': 1, 'target': <ball_device.bd_plunger>, 'source': <ball_device.bd_trough>, 'mechanical_eject': False, 'num_attempts': 0}
2025-06-09 17:00:53,586 : INFO : ball_device.bd_trough : Wait for ball to leave device
2025-06-09 17:00:53,586 : INFO : coil.c_trough_eject : Pulsing Driver for 10ms (1.0 pulse_power)
2025-06-09 17:00:53,598 : INFO : EventManager : Event: ======'slide_base_created'====== Args={'_from_bcp': True}
2025-06-09 17:00:53,598 : INFO : EventManager : Event: ======'slide_attract_inactive'====== Args={'is_removing': True, '_from_bcp': True}
2025-06-09 17:00:53,599 : INFO : EventManager : Event: ======'slide_base_active'====== Args={'original_context': 'base', 'original_calling_context': 'mode_base_started', 'priority': 100.0, 'queue': '<QueuedEvent>', 'player': 1.0, 'ball': 1.0, 'balls_remaining': 2.0, 'is_extra_ball': False, 'cmd': 'slides_play', '_from_bcp': True}
2025-06-09 17:00:53,599 : INFO : EventManager : Event: ======'slide_attract_removed'====== Args={'_from_bcp': True}
2025-06-09 17:00:56,981 : INFO : SwitchController : <<<<<<< 's_bumper_left' active >>>>>>>
2025-06-09 17:00:56,982 : INFO : EventManager : Event: ======'playfield_active'====== Args={'source': 'bumper_left'}
2025-06-09 17:00:56,982 : INFO : EventManager : Event: ======'unexpected_ball_on_playfield'====== Args={}
2025-06-09 17:00:56,983 : INFO : EventManager : Event: ======'s_bumper_left_active'====== Args={}
2025-06-09 17:00:56,983 : INFO : EventManager : Event: ======'machine_var_audits_switches_s_bumper_left'====== Args={'value': 213, 'prev_value': 212, 'change': 1}
2025-06-09 17:00:56,985 : INFO : EventManager : Event: ======'player_shot_bumper_left'====== Args={'value': 1, 'prev_value': 0, 'change': 1, 'player_num': 1}
2025-06-09 17:00:56,986 : INFO : EventManager : Event: ======'machine_var_audits_shots_bumper_left'====== Args={'value': 213, 'prev_value': 212, 'change': 1}
2025-06-09 17:00:56,987 : INFO : EventManager : Event: ======'bumper_left_hit'====== Args={'profile': 'default', 'state': 'unlit', 'advancing': True}
2025-06-09 17:00:56,991 : INFO : EventManager : Event: ======'bumper_left_default_hit'====== Args={'profile': 'default', 'state': 'unlit', 'advancing': True}
2025-06-09 17:00:56,992 : INFO : EventManager : Event: ======'bumper_left_default_unlit_hit'====== Args={'profile': 'default', 'state': 'unlit', 'advancing': True}
2025-06-09 17:00:56,993 : INFO : EventManager : Event: ======'bumper_left_unlit_hit'====== Args={'profile': 'default', 'state': 'unlit', 'advancing': True}
2025-06-09 17:00:56,994 : INFO : EventManager : Event: ======'bumpers_hit'====== Args={'shot': 'bumper_left'}
2025-06-09 17:00:57,004 : INFO : EventManager : Event: ======'bumpers_unlit_hit'====== Args={'shot': 'bumper_left'}
2025-06-09 17:00:57,004 : INFO : EventManager : Event: ======'player_score'====== Args={'value': 1000, 'prev_value': 0, 'change': 1000, 'player_num': 1, 'source': 'bumpers'}
2025-06-09 17:00:57,098 : INFO : SwitchController : <<<<<<< 's_bumper_left' inactive >>>>>>>
2025-06-09 17:00:57,190 : INFO : SwitchController : <<<<<<< 's_bumper_left' active >>>>>>>
2025-06-09 17:00:57,191 : INFO : EventManager : Event: ======'playfield_active'====== Args={'source': 'bumper_left'}
2025-06-09 17:00:57,191 : INFO : EventManager : Event: ======'unexpected_ball_on_playfield'====== Args={}
2025-06-09 17:00:57,192 : INFO : EventManager : Event: ======'s_bumper_left_active'====== Args={}
2025-06-09 17:00:57,192 : INFO : EventManager : Event: ======'machine_var_audits_switches_s_bumper_left'====== Args={'value': 214, 'prev_value': 213, 'change': 1}
2025-06-09 17:00:57,193 : INFO : EventManager : Event: ======'machine_var_audits_shots_bumper_left'====== Args={'value': 214, 'prev_value': 213, 'change': 1}
2025-06-09 17:00:57,194 : INFO : EventManager : Event: ======'bumper_left_hit'====== Args={'profile': 'default', 'state': 'lit', 'advancing': False}
2025-06-09 17:00:57,194 : INFO : EventManager : Event: ======'bumper_left_default_hit'====== Args={'profile': 'default', 'state': 'lit', 'advancing': False}
2025-06-09 17:00:57,195 : INFO : EventManager : Event: ======'bumper_left_default_lit_hit'====== Args={'profile': 'default', 'state': 'lit', 'advancing': False}
2025-06-09 17:00:57,195 : INFO : EventManager : Event: ======'bumper_left_lit_hit'====== Args={'profile': 'default', 'state': 'lit', 'advancing': False}
2025-06-09 17:00:57,196 : INFO : EventManager : Event: ======'bumpers_hit'====== Args={'shot': 'bumper_left'}
2025-06-09 17:00:57,197 : INFO : EventManager : Event: ======'bumpers_lit_hit'====== Args={'shot': 'bumper_left'}
2025-06-09 17:00:57,197 : INFO : EventManager : Event: ======'player_score'====== Args={'value': 2000, 'prev_value': 1000, 'change': 1000, 'player_num': 1, 'source': 'bumpers'}
2025-06-09 17:00:57,282 : INFO : SwitchController : <<<<<<< 's_bumper_left' inactive >>>>>>>
2025-06-09 17:00:57,366 : INFO : SwitchController : <<<<<<< 's_bumper_left' active >>>>>>>
2025-06-09 17:00:57,366 : INFO : EventManager : Event: ======'playfield_active'====== Args={'source': 'bumper_left'}
2025-06-09 17:00:57,367 : INFO : EventManager : Event: ======'unexpected_ball_on_playfield'====== Args={}
2025-06-09 17:00:57,368 : INFO : EventManager : Event: ======'s_bumper_left_active'====== Args={}
2025-06-09 17:00:57,369 : INFO : EventManager : Event: ======'machine_var_audits_switches_s_bumper_left'====== Args={'value': 215, 'prev_value': 214, 'change': 1}
2025-06-09 17:00:57,370 : INFO : EventManager : Event: ======'machine_var_audits_shots_bumper_left'====== Args={'value': 215, 'prev_value': 214, 'change': 1}
2025-06-09 17:00:57,371 : INFO : EventManager : Event: ======'bumper_left_hit'====== Args={'profile': 'default', 'state': 'lit', 'advancing': False}
2025-06-09 17:00:57,371 : INFO : EventManager : Event: ======'bumper_left_default_hit'====== Args={'profile': 'default', 'state': 'lit', 'advancing': False}
2025-06-09 17:00:57,372 : INFO : EventManager : Event: ======'bumper_left_default_lit_hit'====== Args={'profile': 'default', 'state': 'lit', 'advancing': False}
2025-06-09 17:00:57,372 : INFO : EventManager : Event: ======'bumper_left_lit_hit'====== Args={'profile': 'default', 'state': 'lit', 'advancing': False}
2025-06-09 17:00:57,372 : INFO : EventManager : Event: ======'bumpers_hit'====== Args={'shot': 'bumper_left'}
2025-06-09 17:00:57,373 : INFO : EventManager : Event: ======'bumpers_lit_hit'====== Args={'shot': 'bumper_left'}
2025-06-09 17:00:57,373 : INFO : EventManager : Event: ======'player_score'====== Args={'value': 3000, 'prev_value': 2000, 'change': 1000, 'player_num': 1, 'source': 'bumpers'}
2025-06-09 17:00:57,463 : INFO : SwitchController : <<<<<<< 's_bumper_left' inactive >>>>>>>
2025-06-09 17:00:57,898 : INFO : SwitchController : <<<<<<< 's_bumper_right' active >>>>>>>
2025-06-09 17:00:57,898 : INFO : EventManager : Event: ======'playfield_active'====== Args={'source': 'bumper_right'}
2025-06-09 17:00:57,898 : INFO : EventManager : Event: ======'unexpected_ball_on_playfield'====== Args={}
2025-06-09 17:00:57,898 : INFO : EventManager : Event: ======'s_bumper_right_active'====== Args={}
2025-06-09 17:00:57,899 : INFO : EventManager : Event: ======'machine_var_audits_switches_s_bumper_right'====== Args={'value': 227, 'prev_value': 226, 'change': 1}
2025-06-09 17:00:57,900 : INFO : EventManager : Event: ======'player_shot_bumper_right'====== Args={'value': 1, 'prev_value': 0, 'change': 1, 'player_num': 1}
2025-06-09 17:00:57,901 : INFO : EventManager : Event: ======'machine_var_audits_shots_bumper_right'====== Args={'value': 227, 'prev_value': 226, 'change': 1}
2025-06-09 17:00:57,901 : INFO : EventManager : Event: ======'bumper_right_hit'====== Args={'profile': 'default', 'state': 'unlit', 'advancing': True}
2025-06-09 17:00:57,902 : INFO : EventManager : Event: ======'bumper_right_default_hit'====== Args={'profile': 'default', 'state': 'unlit', 'advancing': True}
2025-06-09 17:00:57,902 : INFO : EventManager : Event: ======'bumper_right_default_unlit_hit'====== Args={'profile': 'default', 'state': 'unlit', 'advancing': True}
2025-06-09 17:00:57,902 : INFO : EventManager : Event: ======'bumper_right_unlit_hit'====== Args={'profile': 'default', 'state': 'unlit', 'advancing': True}
2025-06-09 17:00:57,903 : INFO : EventManager : Event: ======'bumpers_complete'====== Args={'state': 'lit'}
2025-06-09 17:00:57,903 : INFO : EventManager : Event: ======'bumpers_lit_complete'====== Args={}
2025-06-09 17:00:57,904 : INFO : EventManager : Event: ======'bumpers_hit'====== Args={'shot': 'bumper_right'}
2025-06-09 17:00:57,904 : INFO : EventManager : Event: ======'bumpers_unlit_hit'====== Args={'shot': 'bumper_right'}
2025-06-09 17:00:57,904 : INFO : EventManager : Event: ======'player_score'====== Args={'value': 4000, 'prev_value': 3000, 'change': 1000, 'player_num': 1, 'source': 'bumpers'}
2025-06-09 17:00:57,982 : INFO : SwitchController : <<<<<<< 's_bumper_right' inactive >>>>>>>
2025-06-09 17:00:58,048 : INFO : SwitchController : <<<<<<< 's_bumper_right' active >>>>>>>
2025-06-09 17:00:58,049 : INFO : EventManager : Event: ======'playfield_active'====== Args={'source': 'bumper_right'}
2025-06-09 17:00:58,049 : INFO : EventManager : Event: ======'unexpected_ball_on_playfield'====== Args={}
2025-06-09 17:00:58,050 : INFO : EventManager : Event: ======'s_bumper_right_active'====== Args={}
2025-06-09 17:00:58,050 : INFO : EventManager : Event: ======'machine_var_audits_switches_s_bumper_right'====== Args={'value': 228, 'prev_value': 227, 'change': 1}
2025-06-09 17:00:58,051 : INFO : EventManager : Event: ======'machine_var_audits_shots_bumper_right'====== Args={'value': 228, 'prev_value': 227, 'change': 1}
2025-06-09 17:00:58,052 : INFO : EventManager : Event: ======'bumper_right_hit'====== Args={'profile': 'default', 'state': 'lit', 'advancing': False}
2025-06-09 17:00:58,052 : INFO : EventManager : Event: ======'bumper_right_default_hit'====== Args={'profile': 'default', 'state': 'lit', 'advancing': False}
2025-06-09 17:00:58,052 : INFO : EventManager : Event: ======'bumper_right_default_lit_hit'====== Args={'profile': 'default', 'state': 'lit', 'advancing': False}
2025-06-09 17:00:58,052 : INFO : EventManager : Event: ======'bumper_right_lit_hit'====== Args={'profile': 'default', 'state': 'lit', 'advancing': False}
2025-06-09 17:00:58,053 : INFO : EventManager : Event: ======'bumpers_hit'====== Args={'shot': 'bumper_right'}
2025-06-09 17:00:58,053 : INFO : EventManager : Event: ======'bumpers_lit_hit'====== Args={'shot': 'bumper_right'}
2025-06-09 17:00:58,053 : INFO : EventManager : Event: ======'player_score'====== Args={'value': 5000, 'prev_value': 4000, 'change': 1000, 'player_num': 1, 'source': 'bumpers'}
2025-06-09 17:00:58,115 : INFO : SwitchController : <<<<<<< 's_bumper_right' inactive >>>>>>>
2025-06-09 17:00:58,199 : INFO : SwitchController : <<<<<<< 's_bumper_right' active >>>>>>>
2025-06-09 17:00:58,200 : INFO : EventManager : Event: ======'playfield_active'====== Args={'source': 'bumper_right'}
2025-06-09 17:00:58,201 : INFO : EventManager : Event: ======'unexpected_ball_on_playfield'====== Args={}
2025-06-09 17:00:58,201 : INFO : EventManager : Event: ======'s_bumper_right_active'====== Args={}
2025-06-09 17:00:58,201 : INFO : EventManager : Event: ======'machine_var_audits_switches_s_bumper_right'====== Args={'value': 229, 'prev_value': 228, 'change': 1}
2025-06-09 17:00:58,202 : INFO : EventManager : Event: ======'machine_var_audits_shots_bumper_right'====== Args={'value': 229, 'prev_value': 228, 'change': 1}
2025-06-09 17:00:58,203 : INFO : EventManager : Event: ======'bumper_right_hit'====== Args={'profile': 'default', 'state': 'lit', 'advancing': False}
2025-06-09 17:00:58,204 : INFO : EventManager : Event: ======'bumper_right_default_hit'====== Args={'profile': 'default', 'state': 'lit', 'advancing': False}
2025-06-09 17:00:58,204 : INFO : EventManager : Event: ======'bumper_right_default_lit_hit'====== Args={'profile': 'default', 'state': 'lit', 'advancing': False}
2025-06-09 17:00:58,205 : INFO : EventManager : Event: ======'bumper_right_lit_hit'====== Args={'profile': 'default', 'state': 'lit', 'advancing': False}
2025-06-09 17:00:58,205 : INFO : EventManager : Event: ======'bumpers_hit'====== Args={'shot': 'bumper_right'}
2025-06-09 17:00:58,206 : INFO : EventManager : Event: ======'bumpers_lit_hit'====== Args={'shot': 'bumper_right'}
2025-06-09 17:00:58,206 : INFO : EventManager : Event: ======'player_score'====== Args={'value': 6000, 'prev_value': 5000, 'change': 1000, 'player_num': 1, 'source': 'bumpers'}
2025-06-09 17:00:58,265 : INFO : SwitchController : <<<<<<< 's_bumper_right' inactive >>>>>>>
2025-06-09 17:00:58,349 : INFO : SwitchController : <<<<<<< 's_bumper_right' active >>>>>>>
2025-06-09 17:00:58,350 : INFO : EventManager : Event: ======'playfield_active'====== Args={'source': 'bumper_right'}
2025-06-09 17:00:58,350 : INFO : EventManager : Event: ======'unexpected_ball_on_playfield'====== Args={}
2025-06-09 17:00:58,351 : INFO : EventManager : Event: ======'s_bumper_right_active'====== Args={}
2025-06-09 17:00:58,351 : INFO : EventManager : Event: ======'machine_var_audits_switches_s_bumper_right'====== Args={'value': 230, 'prev_value': 229, 'change': 1}
2025-06-09 17:00:58,352 : INFO : EventManager : Event: ======'machine_var_audits_shots_bumper_right'====== Args={'value': 230, 'prev_value': 229, 'change': 1}
2025-06-09 17:00:58,352 : INFO : EventManager : Event: ======'bumper_right_hit'====== Args={'profile': 'default', 'state': 'lit', 'advancing': False}
2025-06-09 17:00:58,353 : INFO : EventManager : Event: ======'bumper_right_default_hit'====== Args={'profile': 'default', 'state': 'lit', 'advancing': False}
2025-06-09 17:00:58,353 : INFO : EventManager : Event: ======'bumper_right_default_lit_hit'====== Args={'profile': 'default', 'state': 'lit', 'advancing': False}
2025-06-09 17:00:58,354 : INFO : EventManager : Event: ======'bumper_right_lit_hit'====== Args={'profile': 'default', 'state': 'lit', 'advancing': False}
2025-06-09 17:00:58,354 : INFO : EventManager : Event: ======'bumpers_hit'====== Args={'shot': 'bumper_right'}
2025-06-09 17:00:58,355 : INFO : EventManager : Event: ======'bumpers_lit_hit'====== Args={'shot': 'bumper_right'}
2025-06-09 17:00:58,355 : INFO : EventManager : Event: ======'player_score'====== Args={'value': 7000, 'prev_value': 6000, 'change': 1000, 'player_num': 1, 'source': 'bumpers'}
2025-06-09 17:00:58,449 : INFO : SwitchController : <<<<<<< 's_bumper_right' inactive >>>>>>>
2025-06-09 17:00:58,584 : INFO : SwitchController : <<<<<<< 's_bumper_left' active >>>>>>>
2025-06-09 17:00:58,584 : INFO : EventManager : Event: ======'playfield_active'====== Args={'source': 'bumper_left'}
2025-06-09 17:00:58,585 : INFO : EventManager : Event: ======'unexpected_ball_on_playfield'====== Args={}
2025-06-09 17:00:58,585 : INFO : EventManager : Event: ======'s_bumper_left_active'====== Args={}
2025-06-09 17:00:58,585 : INFO : EventManager : Event: ======'machine_var_audits_switches_s_bumper_left'====== Args={'value': 216, 'prev_value': 215, 'change': 1}
2025-06-09 17:00:58,586 : INFO : EventManager : Event: ======'machine_var_audits_shots_bumper_left'====== Args={'value': 216, 'prev_value': 215, 'change': 1}
2025-06-09 17:00:58,587 : INFO : EventManager : Event: ======'bumper_left_hit'====== Args={'profile': 'default', 'state': 'lit', 'advancing': False}
2025-06-09 17:00:58,587 : INFO : EventManager : Event: ======'bumper_left_default_hit'====== Args={'profile': 'default', 'state': 'lit', 'advancing': False}
2025-06-09 17:00:58,587 : INFO : EventManager : Event: ======'bumper_left_default_lit_hit'====== Args={'profile': 'default', 'state': 'lit', 'advancing': False}
2025-06-09 17:00:58,588 : INFO : EventManager : Event: ======'bumper_left_lit_hit'====== Args={'profile': 'default', 'state': 'lit', 'advancing': False}
2025-06-09 17:00:58,588 : INFO : EventManager : Event: ======'bumpers_hit'====== Args={'shot': 'bumper_left'}
2025-06-09 17:00:58,588 : INFO : EventManager : Event: ======'bumpers_lit_hit'====== Args={'shot': 'bumper_left'}
2025-06-09 17:00:58,589 : INFO : EventManager : Event: ======'player_score'====== Args={'value': 8000, 'prev_value': 7000, 'change': 1000, 'player_num': 1, 'source': 'bumpers'}
2025-06-09 17:00:58,681 : INFO : SwitchController : <<<<<<< 's_bumper_left' inactive >>>>>>>
2025-06-09 17:00:58,833 : INFO : SwitchController : <<<<<<< 's_bumper_left' active >>>>>>>
2025-06-09 17:00:58,833 : INFO : EventManager : Event: ======'playfield_active'====== Args={'source': 'bumper_left'}
2025-06-09 17:00:58,834 : INFO : EventManager : Event: ======'unexpected_ball_on_playfield'====== Args={}
2025-06-09 17:00:58,835 : INFO : EventManager : Event: ======'s_bumper_left_active'====== Args={}
2025-06-09 17:00:58,835 : INFO : EventManager : Event: ======'machine_var_audits_switches_s_bumper_left'====== Args={'value': 217, 'prev_value': 216, 'change': 1}
2025-06-09 17:00:58,836 : INFO : EventManager : Event: ======'machine_var_audits_shots_bumper_left'====== Args={'value': 217, 'prev_value': 216, 'change': 1}
2025-06-09 17:00:58,837 : INFO : EventManager : Event: ======'bumper_left_hit'====== Args={'profile': 'default', 'state': 'lit', 'advancing': False}
2025-06-09 17:00:58,838 : INFO : EventManager : Event: ======'bumper_left_default_hit'====== Args={'profile': 'default', 'state': 'lit', 'advancing': False}
2025-06-09 17:00:58,839 : INFO : EventManager : Event: ======'bumper_left_default_lit_hit'====== Args={'profile': 'default', 'state': 'lit', 'advancing': False}
2025-06-09 17:00:58,839 : INFO : EventManager : Event: ======'bumper_left_lit_hit'====== Args={'profile': 'default', 'state': 'lit', 'advancing': False}
2025-06-09 17:00:58,839 : INFO : EventManager : Event: ======'bumpers_hit'====== Args={'shot': 'bumper_left'}
2025-06-09 17:00:58,840 : INFO : EventManager : Event: ======'bumpers_lit_hit'====== Args={'shot': 'bumper_left'}
2025-06-09 17:00:58,840 : INFO : EventManager : Event: ======'player_score'====== Args={'value': 9000, 'prev_value': 8000, 'change': 1000, 'player_num': 1, 'source': 'bumpers'}
2025-06-09 17:00:58,900 : INFO : SwitchController : <<<<<<< 's_bumper_left' inactive >>>>>>>
2025-06-09 17:00:59,334 : INFO : SwitchController : <<<<<<< 's_bumper_left' active >>>>>>>
2025-06-09 17:00:59,334 : INFO : EventManager : Event: ======'playfield_active'====== Args={'source': 'bumper_left'}
2025-06-09 17:00:59,335 : INFO : EventManager : Event: ======'unexpected_ball_on_playfield'====== Args={}
2025-06-09 17:00:59,335 : INFO : EventManager : Event: ======'s_bumper_left_active'====== Args={}
2025-06-09 17:00:59,336 : INFO : EventManager : Event: ======'machine_var_audits_switches_s_bumper_left'====== Args={'value': 218, 'prev_value': 217, 'change': 1}
2025-06-09 17:00:59,336 : INFO : EventManager : Event: ======'machine_var_audits_shots_bumper_left'====== Args={'value': 218, 'prev_value': 217, 'change': 1}
2025-06-09 17:00:59,337 : INFO : EventManager : Event: ======'bumper_left_hit'====== Args={'profile': 'default', 'state': 'lit', 'advancing': False}
2025-06-09 17:00:59,338 : INFO : EventManager : Event: ======'bumper_left_default_hit'====== Args={'profile': 'default', 'state': 'lit', 'advancing': False}
2025-06-09 17:00:59,338 : INFO : EventManager : Event: ======'bumper_left_default_lit_hit'====== Args={'profile': 'default', 'state': 'lit', 'advancing': False}
2025-06-09 17:00:59,339 : INFO : EventManager : Event: ======'bumper_left_lit_hit'====== Args={'profile': 'default', 'state': 'lit', 'advancing': False}
2025-06-09 17:00:59,339 : INFO : EventManager : Event: ======'bumpers_hit'====== Args={'shot': 'bumper_left'}
2025-06-09 17:00:59,339 : INFO : EventManager : Event: ======'bumpers_lit_hit'====== Args={'shot': 'bumper_left'}
2025-06-09 17:00:59,340 : INFO : EventManager : Event: ======'player_score'====== Args={'value': 10000, 'prev_value': 9000, 'change': 1000, 'player_num': 1, 'source': 'bumpers'}
2025-06-09 17:00:59,399 : INFO : SwitchController : <<<<<<< 's_bumper_left' inactive >>>>>>>
2025-06-09 17:00:59,584 : INFO : SwitchController : <<<<<<< 's_bumper_left' active >>>>>>>
2025-06-09 17:00:59,584 : INFO : EventManager : Event: ======'playfield_active'====== Args={'source': 'bumper_left'}
2025-06-09 17:00:59,585 : INFO : EventManager : Event: ======'unexpected_ball_on_playfield'====== Args={}
2025-06-09 17:00:59,586 : INFO : EventManager : Event: ======'s_bumper_left_active'====== Args={}
2025-06-09 17:00:59,586 : INFO : EventManager : Event: ======'machine_var_audits_switches_s_bumper_left'====== Args={'value': 219, 'prev_value': 218, 'change': 1}
2025-06-09 17:00:59,587 : INFO : EventManager : Event: ======'machine_var_audits_shots_bumper_left'====== Args={'value': 219, 'prev_value': 218, 'change': 1}
2025-06-09 17:00:59,588 : INFO : EventManager : Event: ======'bumper_left_hit'====== Args={'profile': 'default', 'state': 'lit', 'advancing': False}
2025-06-09 17:00:59,589 : INFO : EventManager : Event: ======'bumper_left_default_hit'====== Args={'profile': 'default', 'state': 'lit', 'advancing': False}
2025-06-09 17:00:59,589 : INFO : EventManager : Event: ======'bumper_left_default_lit_hit'====== Args={'profile': 'default', 'state': 'lit', 'advancing': False}
2025-06-09 17:00:59,589 : INFO : EventManager : Event: ======'bumper_left_lit_hit'====== Args={'profile': 'default', 'state': 'lit', 'advancing': False}
2025-06-09 17:00:59,590 : INFO : EventManager : Event: ======'bumpers_hit'====== Args={'shot': 'bumper_left'}
2025-06-09 17:00:59,590 : INFO : EventManager : Event: ======'bumpers_lit_hit'====== Args={'shot': 'bumper_left'}
2025-06-09 17:00:59,591 : INFO : EventManager : Event: ======'player_score'====== Args={'value': 11000, 'prev_value': 10000, 'change': 1000, 'player_num': 1, 'source': 'bumpers'}
2025-06-09 17:00:59,683 : INFO : SwitchController : <<<<<<< 's_bumper_left' inactive >>>>>>>
2025-06-09 17:01:03,587 : INFO : EventManager : Event: ======'balldevice_bd_trough_ball_eject_failed'====== Args={'target': <ball_device.bd_plunger>, 'balls': 1, 'retry': True, 'num_attempts': 1}
2025-06-09 17:01:03,590 : INFO : ball_device.bd_trough : State: waiting_for_target_ready
2025-06-09 17:01:03,591 : INFO : EventManager : Event: ======'balldevice_bd_trough_ball_eject_attempt'====== Args={'balls': 1, 'target': <ball_device.bd_plunger>, 'source': <ball_device.bd_trough>, 'mechanical_eject': False, 'num_attempts': 1}
2025-06-09 17:01:03,592 : INFO : ball_device.bd_trough : State: ejecting
2025-06-09 17:01:03,592 : INFO : ball_device.bd_trough : Ejecting ball to <ball_device.bd_plunger>
2025-06-09 17:01:03,593 : INFO : EventManager : Event: ======'balldevice_bd_trough_ejecting_ball'====== Args={'balls': 1, 'target': <ball_device.bd_plunger>, 'source': <ball_device.bd_trough>, 'mechanical_eject': False, 'num_attempts': 1}
2025-06-09 17:01:03,593 : INFO : ball_device.bd_trough : Wait for ball to leave device
2025-06-09 17:01:03,594 : INFO : coil.c_trough_eject : Pulsing Driver for 10ms (1.0 pulse_power)
2025-06-09 17:01:13,595 : INFO : EventManager : Event: ======'balldevice_bd_trough_ball_eject_failed'====== Args={'target': <ball_device.bd_plunger>, 'balls': 1, 'retry': True, 'num_attempts': 2}
2025-06-09 17:01:13,597 : INFO : ball_device.bd_trough : State: waiting_for_target_ready
2025-06-09 17:01:13,597 : INFO : EventManager : Event: ======'balldevice_bd_trough_ball_eject_attempt'====== Args={'balls': 1, 'target': <ball_device.bd_plunger>, 'source': <ball_device.bd_trough>, 'mechanical_eject': False, 'num_attempts': 2}
2025-06-09 17:01:13,598 : INFO : ball_device.bd_trough : State: ejecting
2025-06-09 17:01:13,598 : INFO : ball_device.bd_trough : Ejecting ball to <ball_device.bd_plunger>
2025-06-09 17:01:13,599 : INFO : EventManager : Event: ======'balldevice_bd_trough_ejecting_ball'====== Args={'balls': 1, 'target': <ball_device.bd_plunger>, 'source': <ball_device.bd_trough>, 'mechanical_eject': False, 'num_attempts': 2}
2025-06-09 17:01:13,599 : INFO : ball_device.bd_trough : Wait for ball to leave device
2025-06-09 17:01:13,599 : INFO : coil.c_trough_eject : Pulsing Driver for 10ms (1.0 pulse_power)
2025-06-09 17:01:23,601 : INFO : EventManager : Event: ======'balldevice_bd_trough_ball_eject_failed'====== Args={'target': <ball_device.bd_plunger>, 'balls': 1, 'retry': True, 'num_attempts': 3}
2025-06-09 17:01:23,605 : INFO : ball_device.bd_trough : State: waiting_for_target_ready
2025-06-09 17:01:23,606 : INFO : EventManager : Event: ======'balldevice_bd_trough_ball_eject_attempt'====== Args={'balls': 1, 'target': <ball_device.bd_plunger>, 'source': <ball_device.bd_trough>, 'mechanical_eject': False, 'num_attempts': 3}
2025-06-09 17:01:23,607 : INFO : ball_device.bd_trough : State: ejecting
2025-06-09 17:01:23,610 : INFO : ball_device.bd_trough : Ejecting ball to <ball_device.bd_plunger>
2025-06-09 17:01:23,610 : INFO : EventManager : Event: ======'balldevice_bd_trough_ejecting_ball'====== Args={'balls': 1, 'target': <ball_device.bd_plunger>, 'source': <ball_device.bd_trough>, 'mechanical_eject': False, 'num_attempts': 3}
2025-06-09 17:01:23,611 : INFO : ball_device.bd_trough : Wait for ball to leave device
2025-06-09 17:01:23,611 : INFO : coil.c_trough_eject : Pulsing Driver for 10ms (1.0 pulse_power)
2025-06-09 17:01:33,612 : INFO : EventManager : Event: ======'balldevice_bd_trough_ball_eject_failed'====== Args={'target': <ball_device.bd_plunger>, 'balls': 1, 'retry': True, 'num_attempts': 4}
2025-06-09 17:01:33,613 : INFO : ball_device.bd_trough : State: waiting_for_target_ready
2025-06-09 17:01:33,613 : INFO : EventManager : Event: ======'balldevice_bd_trough_ball_eject_attempt'====== Args={'balls': 1, 'target': <ball_device.bd_plunger>, 'source': <ball_device.bd_trough>, 'mechanical_eject': False, 'num_attempts': 4}
2025-06-09 17:01:33,614 : INFO : ball_device.bd_trough : State: ejecting
2025-06-09 17:01:33,614 : INFO : ball_device.bd_trough : Ejecting ball to <ball_device.bd_plunger>
2025-06-09 17:01:33,614 : INFO : EventManager : Event: ======'balldevice_bd_trough_ejecting_ball'====== Args={'balls': 1, 'target': <ball_device.bd_plunger>, 'source': <ball_device.bd_trough>, 'mechanical_eject': False, 'num_attempts': 4}
2025-06-09 17:01:33,615 : INFO : ball_device.bd_trough : Wait for ball to leave device
2025-06-09 17:01:33,615 : INFO : coil.c_trough_eject : Pulsing Driver for 10ms (1.0 pulse_power)
2025-06-09 17:01:43,616 : INFO : EventManager : Event: ======'balldevice_bd_trough_ball_eject_failed'====== Args={'target': <ball_device.bd_plunger>, 'balls': 1, 'retry': True, 'num_attempts': 5}
2025-06-09 17:01:43,617 : INFO : ball_device.bd_trough : State: waiting_for_target_ready
2025-06-09 17:01:43,618 : INFO : EventManager : Event: ======'balldevice_bd_trough_ball_eject_attempt'====== Args={'balls': 1, 'target': <ball_device.bd_plunger>, 'source': <ball_device.bd_trough>, 'mechanical_eject': False, 'num_attempts': 5}
2025-06-09 17:01:43,619 : INFO : ball_device.bd_trough : State: ejecting
2025-06-09 17:01:43,620 : INFO : ball_device.bd_trough : Ejecting ball to <ball_device.bd_plunger>
2025-06-09 17:01:43,620 : INFO : EventManager : Event: ======'balldevice_bd_trough_ejecting_ball'====== Args={'balls': 1, 'target': <ball_device.bd_plunger>, 'source': <ball_device.bd_trough>, 'mechanical_eject': False, 'num_attempts': 5}
2025-06-09 17:01:43,621 : INFO : ball_device.bd_trough : Wait for ball to leave device
2025-06-09 17:01:43,621 : INFO : coil.c_trough_eject : Pulsing Driver for 10ms (1.0 pulse_power)
2025-06-09 17:01:53,622 : INFO : EventManager : Event: ======'balldevice_bd_trough_ball_eject_failed'====== Args={'target': <ball_device.bd_plunger>, 'balls': 1, 'retry': True, 'num_attempts': 6}
2025-06-09 17:01:53,622 : INFO : ball_device.bd_trough : State: waiting_for_target_ready
2025-06-09 17:01:53,622 : INFO : EventManager : Event: ======'balldevice_bd_trough_ball_eject_attempt'====== Args={'balls': 1, 'target': <ball_device.bd_plunger>, 'source': <ball_device.bd_trough>, 'mechanical_eject': False, 'num_attempts': 6}
2025-06-09 17:01:53,623 : INFO : ball_device.bd_trough : State: ejecting
2025-06-09 17:01:53,623 : INFO : ball_device.bd_trough : Ejecting ball to <ball_device.bd_plunger>
2025-06-09 17:01:53,623 : INFO : EventManager : Event: ======'balldevice_bd_trough_ejecting_ball'====== Args={'balls': 1, 'target': <ball_device.bd_plunger>, 'source': <ball_device.bd_trough>, 'mechanical_eject': False, 'num_attempts': 6}
2025-06-09 17:01:53,623 : INFO : ball_device.bd_trough : Wait for ball to leave device
2025-06-09 17:01:53,623 : INFO : coil.c_trough_eject : Pulsing Driver for 10ms (1.0 pulse_power)
2025-06-09 17:01:58,400 : INFO : SwitchController : <<<<<<< 's_bumper_right' active >>>>>>>
2025-06-09 17:01:58,400 : INFO : EventManager : Event: ======'playfield_active'====== Args={'source': 'bumper_right'}
2025-06-09 17:01:58,401 : INFO : EventManager : Event: ======'unexpected_ball_on_playfield'====== Args={}
2025-06-09 17:01:58,402 : INFO : EventManager : Event: ======'s_bumper_right_active'====== Args={}
2025-06-09 17:01:58,403 : INFO : EventManager : Event: ======'machine_var_audits_switches_s_bumper_right'====== Args={'value': 231, 'prev_value': 230, 'change': 1}
2025-06-09 17:01:58,404 : INFO : EventManager : Event: ======'machine_var_audits_shots_bumper_right'====== Args={'value': 231, 'prev_value': 230, 'change': 1}
2025-06-09 17:01:58,405 : INFO : EventManager : Event: ======'bumper_right_hit'====== Args={'profile': 'default', 'state': 'lit', 'advancing': False}
2025-06-09 17:01:58,406 : INFO : EventManager : Event: ======'bumper_right_default_hit'====== Args={'profile': 'default', 'state': 'lit', 'advancing': False}
2025-06-09 17:01:58,407 : INFO : EventManager : Event: ======'bumper_right_default_lit_hit'====== Args={'profile': 'default', 'state': 'lit', 'advancing': False}
2025-06-09 17:01:58,407 : INFO : EventManager : Event: ======'bumper_right_lit_hit'====== Args={'profile': 'default', 'state': 'lit', 'advancing': False}
2025-06-09 17:01:58,413 : INFO : EventManager : Event: ======'bumpers_hit'====== Args={'shot': 'bumper_right'}
2025-06-09 17:01:58,413 : INFO : EventManager : Event: ======'bumpers_lit_hit'====== Args={'shot': 'bumper_right'}
2025-06-09 17:01:58,414 : INFO : EventManager : Event: ======'player_score'====== Args={'value': 12000, 'prev_value': 11000, 'change': 1000, 'player_num': 1, 'source': 'bumpers'}
2025-06-09 17:01:58,497 : INFO : SwitchController : <<<<<<< 's_bumper_right' inactive >>>>>>>
2025-06-09 17:01:59,432 : INFO : SwitchController : <<<<<<< 's_left_lane' active >>>>>>>
2025-06-09 17:01:59,432 : INFO : EventManager : Event: ======'machine_var_audits_switches_s_left_lane'====== Args={'value': 43, 'prev_value': 42, 'change': 1}
2025-06-09 17:01:59,536 : INFO : SwitchController : <<<<<<< 's_left_lane' inactive >>>>>>>
2025-06-09 17:02:00,185 : INFO : SwitchController : <<<<<<< 's_left_lane' active >>>>>>>
2025-06-09 17:02:00,185 : INFO : EventManager : Event: ======'machine_var_audits_switches_s_left_lane'====== Args={'value': 44, 'prev_value': 43, 'change': 1}
2025-06-09 17:02:00,284 : INFO : SwitchController : <<<<<<< 's_left_lane' inactive >>>>>>>
2025-06-09 17:02:01,369 : INFO : SwitchController : <<<<<<< 's_left_lane' active >>>>>>>
2025-06-09 17:02:01,370 : INFO : EventManager : Event: ======'machine_var_audits_switches_s_left_lane'====== Args={'value': 45, 'prev_value': 44, 'change': 1}
2025-06-09 17:02:01,485 : INFO : SwitchController : <<<<<<< 's_left_lane' inactive >>>>>>>
2025-06-09 17:02:03,624 : INFO : EventManager : Event: ======'balldevice_bd_trough_ball_eject_failed'====== Args={'target': <ball_device.bd_plunger>, 'balls': 1, 'retry': True, 'num_attempts': 7}
2025-06-09 17:02:03,626 : INFO : ball_device.bd_trough : State: waiting_for_target_ready
2025-06-09 17:02:03,627 : INFO : EventManager : Event: ======'balldevice_bd_trough_ball_eject_attempt'====== Args={'balls': 1, 'target': <ball_device.bd_plunger>, 'source': <ball_device.bd_trough>, 'mechanical_eject': False, 'num_attempts': 7}
2025-06-09 17:02:03,628 : INFO : ball_device.bd_trough : State: ejecting
2025-06-09 17:02:03,628 : INFO : ball_device.bd_trough : Ejecting ball to <ball_device.bd_plunger>
2025-06-09 17:02:03,628 : INFO : EventManager : Event: ======'balldevice_bd_trough_ejecting_ball'====== Args={'balls': 1, 'target': <ball_device.bd_plunger>, 'source': <ball_device.bd_trough>, 'mechanical_eject': False, 'num_attempts': 7}
2025-06-09 17:02:03,629 : INFO : ball_device.bd_trough : Wait for ball to leave device
2025-06-09 17:02:03,629 : INFO : coil.c_trough_eject : Pulsing Driver for 10ms (1.0 pulse_power)
2025-06-09 17:02:05,623 : INFO : SwitchController : <<<<<<< 's_left_lane' active >>>>>>>
2025-06-09 17:02:05,624 : INFO : EventManager : Event: ======'machine_var_audits_switches_s_left_lane'====== Args={'value': 46, 'prev_value': 45, 'change': 1}
2025-06-09 17:02:05,725 : INFO : SwitchController : <<<<<<< 's_left_lane' inactive >>>>>>>
2025-06-09 17:02:09,459 : INFO : SwitchController : <<<<<<< 's_bumper_right' active >>>>>>>
2025-06-09 17:02:09,459 : INFO : EventManager : Event: ======'playfield_active'====== Args={'source': 'bumper_right'}
2025-06-09 17:02:09,460 : INFO : EventManager : Event: ======'unexpected_ball_on_playfield'====== Args={}
2025-06-09 17:02:09,461 : INFO : EventManager : Event: ======'s_bumper_right_active'====== Args={}
2025-06-09 17:02:09,461 : INFO : EventManager : Event: ======'machine_var_audits_switches_s_bumper_right'====== Args={'value': 232, 'prev_value': 231, 'change': 1}
2025-06-09 17:02:09,462 : INFO : EventManager : Event: ======'machine_var_audits_shots_bumper_right'====== Args={'value': 232, 'prev_value': 231, 'change': 1}
2025-06-09 17:02:09,463 : INFO : EventManager : Event: ======'bumper_right_hit'====== Args={'profile': 'default', 'state': 'lit', 'advancing': False}
2025-06-09 17:02:09,463 : INFO : EventManager : Event: ======'bumper_right_default_hit'====== Args={'profile': 'default', 'state': 'lit', 'advancing': False}
2025-06-09 17:02:09,464 : INFO : EventManager : Event: ======'bumper_right_default_lit_hit'====== Args={'profile': 'default', 'state': 'lit', 'advancing': False}
2025-06-09 17:02:09,464 : INFO : EventManager : Event: ======'bumper_right_lit_hit'====== Args={'profile': 'default', 'state': 'lit', 'advancing': False}
2025-06-09 17:02:09,464 : INFO : EventManager : Event: ======'bumpers_hit'====== Args={'shot': 'bumper_right'}
2025-06-09 17:02:09,465 : INFO : EventManager : Event: ======'bumpers_lit_hit'====== Args={'shot': 'bumper_right'}
2025-06-09 17:02:09,465 : INFO : EventManager : Event: ======'player_score'====== Args={'value': 13000, 'prev_value': 12000, 'change': 1000, 'player_num': 1, 'source': 'bumpers'}
2025-06-09 17:02:09,559 : INFO : SwitchController : <<<<<<< 's_bumper_right' inactive >>>>>>>
2025-06-09 17:02:13,630 : INFO : EventManager : Event: ======'balldevice_bd_trough_ball_eject_failed'====== Args={'target': <ball_device.bd_plunger>, 'balls': 1, 'retry': True, 'num_attempts': 8}
2025-06-09 17:02:13,632 : INFO : ball_device.bd_trough : State: waiting_for_target_ready
2025-06-09 17:02:13,632 : INFO : EventManager : Event: ======'balldevice_bd_trough_ball_eject_attempt'====== Args={'balls': 1, 'target': <ball_device.bd_plunger>, 'source': <ball_device.bd_trough>, 'mechanical_eject': False, 'num_attempts': 8}
2025-06-09 17:02:13,635 : INFO : ball_device.bd_trough : State: ejecting
2025-06-09 17:02:13,635 : INFO : ball_device.bd_trough : Ejecting ball to <ball_device.bd_plunger>
2025-06-09 17:02:13,635 : INFO : EventManager : Event: ======'balldevice_bd_trough_ejecting_ball'====== Args={'balls': 1, 'target': <ball_device.bd_plunger>, 'source': <ball_device.bd_trough>, 'mechanical_eject': False, 'num_attempts': 8}
2025-06-09 17:02:13,636 : INFO : ball_device.bd_trough : Wait for ball to leave device
2025-06-09 17:02:13,637 : INFO : coil.c_trough_eject : Pulsing Driver for 10ms (1.0 pulse_power)
2025-06-09 17:02:18,633 : INFO : SwitchController : <<<<<<< 's_bumper_left' active >>>>>>>
2025-06-09 17:02:18,634 : INFO : EventManager : Event: ======'playfield_active'====== Args={'source': 'bumper_left'}
2025-06-09 17:02:18,635 : INFO : EventManager : Event: ======'unexpected_ball_on_playfield'====== Args={}
2025-06-09 17:02:18,635 : INFO : EventManager : Event: ======'s_bumper_left_active'====== Args={}
2025-06-09 17:02:18,636 : INFO : EventManager : Event: ======'machine_var_audits_switches_s_bumper_left'====== Args={'value': 220, 'prev_value': 219, 'change': 1}
2025-06-09 17:02:18,637 : INFO : EventManager : Event: ======'machine_var_audits_shots_bumper_left'====== Args={'value': 220, 'prev_value': 219, 'change': 1}
2025-06-09 17:02:18,638 : INFO : EventManager : Event: ======'bumper_left_hit'====== Args={'profile': 'default', 'state': 'lit', 'advancing': False}
2025-06-09 17:02:18,639 : INFO : EventManager : Event: ======'bumper_left_default_hit'====== Args={'profile': 'default', 'state': 'lit', 'advancing': False}
2025-06-09 17:02:18,639 : INFO : EventManager : Event: ======'bumper_left_default_lit_hit'====== Args={'profile': 'default', 'state': 'lit', 'advancing': False}
2025-06-09 17:02:18,640 : INFO : EventManager : Event: ======'bumper_left_lit_hit'====== Args={'profile': 'default', 'state': 'lit', 'advancing': False}
2025-06-09 17:02:18,640 : INFO : EventManager : Event: ======'bumpers_hit'====== Args={'shot': 'bumper_left'}
2025-06-09 17:02:18,641 : INFO : EventManager : Event: ======'bumpers_lit_hit'====== Args={'shot': 'bumper_left'}
2025-06-09 17:02:18,647 : INFO : EventManager : Event: ======'player_score'====== Args={'value': 14000, 'prev_value': 13000, 'change': 1000, 'player_num': 1, 'source': 'bumpers'}
2025-06-09 17:02:18,700 : INFO : SwitchController : <<<<<<< 's_bumper_left' inactive >>>>>>>
2025-06-09 17:02:19,822 : INFO : SwitchController : <<<<<<< 's_bumper_left' active >>>>>>>
2025-06-09 17:02:19,823 : INFO : EventManager : Event: ======'playfield_active'====== Args={'source': 'bumper_left'}
2025-06-09 17:02:19,823 : INFO : EventManager : Event: ======'unexpected_ball_on_playfield'====== Args={}
2025-06-09 17:02:19,824 : INFO : EventManager : Event: ======'s_bumper_left_active'====== Args={}
2025-06-09 17:02:19,824 : INFO : EventManager : Event: ======'machine_var_audits_switches_s_bumper_left'====== Args={'value': 221, 'prev_value': 220, 'change': 1}
2025-06-09 17:02:19,826 : INFO : EventManager : Event: ======'machine_var_audits_shots_bumper_left'====== Args={'value': 221, 'prev_value': 220, 'change': 1}
2025-06-09 17:02:19,827 : INFO : EventManager : Event: ======'bumper_left_hit'====== Args={'profile': 'default', 'state': 'lit', 'advancing': False}
2025-06-09 17:02:19,828 : INFO : EventManager : Event: ======'bumper_left_default_hit'====== Args={'profile': 'default', 'state': 'lit', 'advancing': False}
2025-06-09 17:02:19,828 : INFO : EventManager : Event: ======'bumper_left_default_lit_hit'====== Args={'profile': 'default', 'state': 'lit', 'advancing': False}
2025-06-09 17:02:19,828 : INFO : EventManager : Event: ======'bumper_left_lit_hit'====== Args={'profile': 'default', 'state': 'lit', 'advancing': False}
2025-06-09 17:02:19,829 : INFO : EventManager : Event: ======'bumpers_hit'====== Args={'shot': 'bumper_left'}
2025-06-09 17:02:19,829 : INFO : EventManager : Event: ======'bumpers_lit_hit'====== Args={'shot': 'bumper_left'}
2025-06-09 17:02:19,830 : INFO : EventManager : Event: ======'player_score'====== Args={'value': 15000, 'prev_value': 14000, 'change': 1000, 'player_num': 1, 'source': 'bumpers'}
2025-06-09 17:02:19,916 : INFO : SwitchController : <<<<<<< 's_bumper_left' inactive >>>>>>>
2025-06-09 17:02:23,638 : INFO : EventManager : Event: ======'balldevice_bd_trough_ball_eject_failed'====== Args={'target': <ball_device.bd_plunger>, 'balls': 1, 'retry': True, 'num_attempts': 9}
2025-06-09 17:02:23,640 : INFO : ball_device.bd_trough : State: waiting_for_target_ready
2025-06-09 17:02:23,640 : INFO : EventManager : Event: ======'balldevice_bd_trough_ball_eject_attempt'====== Args={'balls': 1, 'target': <ball_device.bd_plunger>, 'source': <ball_device.bd_trough>, 'mechanical_eject': False, 'num_attempts': 9}
2025-06-09 17:02:23,641 : INFO : ball_device.bd_trough : State: ejecting
2025-06-09 17:02:23,641 : INFO : ball_device.bd_trough : Ejecting ball to <ball_device.bd_plunger>
2025-06-09 17:02:23,641 : INFO : EventManager : Event: ======'balldevice_bd_trough_ejecting_ball'====== Args={'balls': 1, 'target': <ball_device.bd_plunger>, 'source': <ball_device.bd_trough>, 'mechanical_eject': False, 'num_attempts': 9}
2025-06-09 17:02:23,642 : INFO : ball_device.bd_trough : Wait for ball to leave device
2025-06-09 17:02:23,642 : INFO : coil.c_trough_eject : Pulsing Driver for 10ms (1.0 pulse_power)
2025-06-09 17:02:33,643 : INFO : EventManager : Event: ======'balldevice_bd_trough_ball_eject_failed'====== Args={'target': <ball_device.bd_plunger>, 'balls': 1, 'retry': True, 'num_attempts': 10}
2025-06-09 17:02:33,646 : INFO : ball_device.bd_trough : State: waiting_for_target_ready
2025-06-09 17:02:33,647 : INFO : EventManager : Event: ======'balldevice_bd_trough_ball_eject_attempt'====== Args={'balls': 1, 'target': <ball_device.bd_plunger>, 'source': <ball_device.bd_trough>, 'mechanical_eject': False, 'num_attempts': 10}
2025-06-09 17:02:33,647 : INFO : ball_device.bd_trough : State: ejecting
2025-06-09 17:02:33,648 : INFO : ball_device.bd_trough : Ejecting ball to <ball_device.bd_plunger>
2025-06-09 17:02:33,648 : INFO : EventManager : Event: ======'balldevice_bd_trough_ejecting_ball'====== Args={'balls': 1, 'target': <ball_device.bd_plunger>, 'source': <ball_device.bd_trough>, 'mechanical_eject': False, 'num_attempts': 10}
2025-06-09 17:02:33,649 : INFO : ball_device.bd_trough : Wait for ball to leave device
2025-06-09 17:02:33,649 : INFO : coil.c_trough_eject : Pulsing Driver for 10ms (1.0 pulse_power)
2025-06-09 17:02:43,650 : INFO : EventManager : Event: ======'balldevice_bd_trough_ball_eject_failed'====== Args={'target': <ball_device.bd_plunger>, 'balls': 1, 'retry': True, 'num_attempts': 11}
2025-06-09 17:02:43,653 : INFO : ball_device.bd_trough : State: waiting_for_target_ready
2025-06-09 17:02:43,653 : INFO : EventManager : Event: ======'balldevice_bd_trough_ball_eject_attempt'====== Args={'balls': 1, 'target': <ball_device.bd_plunger>, 'source': <ball_device.bd_trough>, 'mechanical_eject': False, 'num_attempts': 11}
2025-06-09 17:02:43,654 : INFO : ball_device.bd_trough : State: ejecting
2025-06-09 17:02:43,655 : INFO : ball_device.bd_trough : Ejecting ball to <ball_device.bd_plunger>
2025-06-09 17:02:43,655 : INFO : EventManager : Event: ======'balldevice_bd_trough_ejecting_ball'====== Args={'balls': 1, 'target': <ball_device.bd_plunger>, 'source': <ball_device.bd_trough>, 'mechanical_eject': False, 'num_attempts': 11}
2025-06-09 17:02:43,656 : INFO : ball_device.bd_trough : Wait for ball to leave device
2025-06-09 17:02:43,657 : INFO : coil.c_trough_eject : Pulsing Driver for 10ms (1.0 pulse_power)
2025-06-09 17:02:43,770 : INFO : SwitchController : <<<<<<< 's_left_lane' active >>>>>>>
2025-06-09 17:02:43,770 : INFO : EventManager : Event: ======'machine_var_audits_switches_s_left_lane'====== Args={'value': 47, 'prev_value': 46, 'change': 1}
2025-06-09 17:02:43,853 : INFO : SwitchController : <<<<<<< 's_left_lane' inactive >>>>>>>
2025-06-09 17:02:45,573 : INFO : SwitchController : <<<<<<< 's_left_lane' active >>>>>>>
2025-06-09 17:02:45,574 : INFO : EventManager : Event: ======'machine_var_audits_switches_s_left_lane'====== Args={'value': 48, 'prev_value': 47, 'change': 1}
2025-06-09 17:02:45,689 : INFO : SwitchController : <<<<<<< 's_left_lane' inactive >>>>>>>
2025-06-09 17:02:46,489 : INFO : SwitchController : <<<<<<< 's_left_lane' active >>>>>>>
2025-06-09 17:02:46,489 : INFO : EventManager : Event: ======'machine_var_audits_switches_s_left_lane'====== Args={'value': 49, 'prev_value': 48, 'change': 1}
2025-06-09 17:02:46,614 : INFO : SwitchController : <<<<<<< 's_left_lane' inactive >>>>>>>
2025-06-09 17:02:47,857 : INFO : SwitchController : <<<<<<< 's_left_lane' active >>>>>>>
2025-06-09 17:02:47,858 : INFO : EventManager : Event: ======'machine_var_audits_switches_s_left_lane'====== Args={'value': 50, 'prev_value': 49, 'change': 1}
2025-06-09 17:02:47,974 : INFO : SwitchController : <<<<<<< 's_left_lane' inactive >>>>>>>
2025-06-09 17:02:53,658 : INFO : EventManager : Event: ======'balldevice_bd_trough_ball_eject_failed'====== Args={'target': <ball_device.bd_plunger>, 'balls': 1, 'retry': True, 'num_attempts': 12}
2025-06-09 17:02:53,660 : INFO : ball_device.bd_trough : State: waiting_for_target_ready
2025-06-09 17:02:53,660 : INFO : EventManager : Event: ======'balldevice_bd_trough_ball_eject_attempt'====== Args={'balls': 1, 'target': <ball_device.bd_plunger>, 'source': <ball_device.bd_trough>, 'mechanical_eject': False, 'num_attempts': 12}
2025-06-09 17:02:53,660 : INFO : ball_device.bd_trough : State: ejecting
2025-06-09 17:02:53,661 : INFO : ball_device.bd_trough : Ejecting ball to <ball_device.bd_plunger>
2025-06-09 17:02:53,661 : INFO : EventManager : Event: ======'balldevice_bd_trough_ejecting_ball'====== Args={'balls': 1, 'target': <ball_device.bd_plunger>, 'source': <ball_device.bd_trough>, 'mechanical_eject': False, 'num_attempts': 12}
2025-06-09 17:02:53,661 : INFO : ball_device.bd_trough : Wait for ball to leave device
2025-06-09 17:02:53,661 : INFO : coil.c_trough_eject : Pulsing Driver for 10ms (1.0 pulse_power)
2025-06-09 17:02:55,463 : INFO : SwitchController : <<<<<<< 's_start' active >>>>>>>
2025-06-09 17:02:55,464 : INFO : EventManager : Event: ======'sw_start'====== Args={}
2025-06-09 17:02:55,464 : INFO : EventManager : Event: ======'machine_var_audits_switches_s_start'====== Args={'value': 13, 'prev_value': 12, 'change': 1}
2025-06-09 17:02:55,465 : INFO : EventManager : Event: ======'player_add_request'====== Args={}
2025-06-09 17:02:55,466 : INFO : EventManager : Event: ======'player_will_add'====== Args={'number': 2}
2025-06-09 17:02:55,466 : INFO : EventManager : Event: ======'player_adding'====== Args={'player': <Player 2>, 'number': 2}
2025-06-09 17:02:55,467 : INFO : EventManager : Event: ======'player_added'====== Args={'player': <Player 2>, 'num': 2}
2025-06-09 17:02:55,467 : INFO : Mode.game : Player added successfully. Total players: 2
2025-06-09 17:02:55,467 : INFO : EventManager : Event: ======'multiplayer_game'====== Args={}
2025-06-09 17:02:55,468 : INFO : EventManager : Event: ======'player_index'====== Args={'value': 1, 'prev_value': 1, 'change': 0, 'player_num': 2}
2025-06-09 17:02:55,469 : INFO : EventManager : Event: ======'player_number'====== Args={'value': 2, 'prev_value': 2, 'change': 0, 'player_num': 2}
2025-06-09 17:02:55,469 : INFO : EventManager : Event: ======'player_score'====== Args={'value': 0, 'prev_value': 0, 'change': 0, 'player_num': 2}
2025-06-09 17:02:55,546 : INFO : SwitchController : <<<<<<< 's_start' inactive >>>>>>>
2025-06-09 17:02:56,865 : INFO : SwitchController : <<<<<<< 's_start' active >>>>>>>
2025-06-09 17:02:56,865 : INFO : EventManager : Event: ======'sw_start'====== Args={}
2025-06-09 17:02:56,866 : INFO : EventManager : Event: ======'machine_var_audits_switches_s_start'====== Args={'value': 14, 'prev_value': 13, 'change': 1}
2025-06-09 17:02:56,867 : INFO : EventManager : Event: ======'player_add_request'====== Args={}
2025-06-09 17:02:56,868 : INFO : EventManager : Event: ======'player_will_add'====== Args={'number': 3}
2025-06-09 17:02:56,868 : INFO : EventManager : Event: ======'player_adding'====== Args={'player': <Player 3>, 'number': 3}
2025-06-09 17:02:56,868 : INFO : EventManager : Event: ======'player_added'====== Args={'player': <Player 3>, 'num': 3}
2025-06-09 17:02:56,869 : INFO : Mode.game : Player added successfully. Total players: 3
2025-06-09 17:02:56,869 : INFO : EventManager : Event: ======'player_index'====== Args={'value': 2, 'prev_value': 2, 'change': 0, 'player_num': 3}
2025-06-09 17:02:56,870 : INFO : EventManager : Event: ======'player_number'====== Args={'value': 3, 'prev_value': 3, 'change': 0, 'player_num': 3}
2025-06-09 17:02:56,871 : INFO : EventManager : Event: ======'player_score'====== Args={'value': 0, 'prev_value': 0, 'change': 0, 'player_num': 3}
2025-06-09 17:02:56,929 : INFO : SwitchController : <<<<<<< 's_start' inactive >>>>>>>
2025-06-09 17:03:03,662 : INFO : EventManager : Event: ======'balldevice_bd_trough_ball_eject_failed'====== Args={'target': <ball_device.bd_plunger>, 'balls': 1, 'retry': True, 'num_attempts': 13}
2025-06-09 17:03:03,663 : INFO : ball_device.bd_trough : State: waiting_for_target_ready
2025-06-09 17:03:03,664 : INFO : EventManager : Event: ======'balldevice_bd_trough_ball_eject_attempt'====== Args={'balls': 1, 'target': <ball_device.bd_plunger>, 'source': <ball_device.bd_trough>, 'mechanical_eject': False, 'num_attempts': 13}
2025-06-09 17:03:03,664 : INFO : ball_device.bd_trough : State: ejecting
2025-06-09 17:03:03,664 : INFO : ball_device.bd_trough : Ejecting ball to <ball_device.bd_plunger>
2025-06-09 17:03:03,665 : INFO : EventManager : Event: ======'balldevice_bd_trough_ejecting_ball'====== Args={'balls': 1, 'target': <ball_device.bd_plunger>, 'source': <ball_device.bd_trough>, 'mechanical_eject': False, 'num_attempts': 13}
2025-06-09 17:03:03,665 : INFO : ball_device.bd_trough : Wait for ball to leave device
2025-06-09 17:03:03,665 : INFO : coil.c_trough_eject : Pulsing Driver for 10ms (1.0 pulse_power)
2025-06-09 17:03:08,024 : INFO : SwitchController : <<<<<<< 's_start' active >>>>>>>
2025-06-09 17:03:08,024 : INFO : EventManager : Event: ======'sw_start'====== Args={}
2025-06-09 17:03:08,025 : INFO : EventManager : Event: ======'machine_var_audits_switches_s_start'====== Args={'value': 15, 'prev_value': 14, 'change': 1}
2025-06-09 17:03:08,026 : INFO : EventManager : Event: ======'player_add_request'====== Args={}
2025-06-09 17:03:08,027 : INFO : EventManager : Event: ======'player_will_add'====== Args={'number': 4}
2025-06-09 17:03:08,027 : INFO : EventManager : Event: ======'player_adding'====== Args={'player': <Player 4>, 'number': 4}
2025-06-09 17:03:08,028 : INFO : EventManager : Event: ======'player_added'====== Args={'player': <Player 4>, 'num': 4}
2025-06-09 17:03:08,029 : INFO : Mode.game : Player added successfully. Total players: 4
2025-06-09 17:03:08,029 : INFO : EventManager : Event: ======'player_index'====== Args={'value': 3, 'prev_value': 3, 'change': 0, 'player_num': 4}
2025-06-09 17:03:08,035 : INFO : EventManager : Event: ======'player_number'====== Args={'value': 4, 'prev_value': 4, 'change': 0, 'player_num': 4}
2025-06-09 17:03:08,036 : INFO : EventManager : Event: ======'player_score'====== Args={'value': 0, 'prev_value': 0, 'change': 0, 'player_num': 4}
2025-06-09 17:03:12,544 : INFO : SwitchController : <<<<<<< 's_start' inactive >>>>>>>
2025-06-09 17:03:13,667 : INFO : EventManager : Event: ======'balldevice_bd_trough_ball_eject_failed'====== Args={'target': <ball_device.bd_plunger>, 'balls': 1, 'retry': True, 'num_attempts': 14}
2025-06-09 17:03:13,668 : INFO : ball_device.bd_trough : State: waiting_for_target_ready
2025-06-09 17:03:13,669 : INFO : EventManager : Event: ======'balldevice_bd_trough_ball_eject_attempt'====== Args={'balls': 1, 'target': <ball_device.bd_plunger>, 'source': <ball_device.bd_trough>, 'mechanical_eject': False, 'num_attempts': 14}
2025-06-09 17:03:13,669 : INFO : ball_device.bd_trough : State: ejecting
2025-06-09 17:03:13,670 : INFO : ball_device.bd_trough : Ejecting ball to <ball_device.bd_plunger>
2025-06-09 17:03:13,670 : INFO : EventManager : Event: ======'balldevice_bd_trough_ejecting_ball'====== Args={'balls': 1, 'target': <ball_device.bd_plunger>, 'source': <ball_device.bd_trough>, 'mechanical_eject': False, 'num_attempts': 14}
2025-06-09 17:03:13,670 : INFO : ball_device.bd_trough : Wait for ball to leave device
2025-06-09 17:03:13,671 : INFO : coil.c_trough_eject : Pulsing Driver for 10ms (1.0 pulse_power)
2025-06-09 17:03:23,671 : INFO : EventManager : Event: ======'balldevice_bd_trough_ball_eject_failed'====== Args={'target': <ball_device.bd_plunger>, 'balls': 1, 'retry': True, 'num_attempts': 15}
2025-06-09 17:03:23,674 : INFO : ball_device.bd_trough : State: waiting_for_target_ready
2025-06-09 17:03:23,675 : INFO : EventManager : Event: ======'balldevice_bd_trough_ball_eject_attempt'====== Args={'balls': 1, 'target': <ball_device.bd_plunger>, 'source': <ball_device.bd_trough>, 'mechanical_eject': False, 'num_attempts': 15}
2025-06-09 17:03:23,676 : INFO : ball_device.bd_trough : State: ejecting
2025-06-09 17:03:23,676 : INFO : ball_device.bd_trough : Ejecting ball to <ball_device.bd_plunger>
2025-06-09 17:03:23,676 : INFO : EventManager : Event: ======'balldevice_bd_trough_ejecting_ball'====== Args={'balls': 1, 'target': <ball_device.bd_plunger>, 'source': <ball_device.bd_trough>, 'mechanical_eject': False, 'num_attempts': 15}
2025-06-09 17:03:23,678 : INFO : ball_device.bd_trough : Wait for ball to leave device
2025-06-09 17:03:23,678 : INFO : coil.c_trough_eject : Pulsing Driver for 10ms (1.0 pulse_power)
2025-06-09 17:03:30,494 : INFO : Machine : Shutting down...
2025-06-09 17:03:30,494 : INFO : EventManager : Event: ======'shutdown'====== Args={}
2025-06-09 17:03:30,497 : INFO : EventManager : Event: ======'mode_game_will_stop'====== Args={}
2025-06-09 17:03:30,497 : INFO : EventManager : Event: ======'mode_game_stopping'====== Args={}
2025-06-09 17:03:30,498 : INFO : EventManager : Event: ======'mode_bumpers_will_stop'====== Args={}
2025-06-09 17:03:30,498 : INFO : EventManager : Event: ======'mode_bumpers_stopping'====== Args={}
2025-06-09 17:03:30,498 : INFO : EventManager : Event: ======'mode_base_will_stop'====== Args={}
2025-06-09 17:03:30,498 : INFO : EventManager : Event: ======'mode_base_stopping'====== Args={}
2025-06-09 17:03:30,499 : INFO : EventManager : Event: ======'stop_mode_bumpers'====== Args={'priority': 0}
2025-06-09 17:03:30,500 : INFO : Mode.base : Stopped.
2025-06-09 17:03:30,500 : INFO : EventManager : Event: ======'modes_active_modes_changed'====== Args={}
2025-06-09 17:03:30,500 : INFO : EventManager : Event: ======'mode_base_stopped'====== Args={}
2025-06-09 17:03:30,500 : INFO : EventManager : Event: ======'clear'====== Args={'key': 'base'}
2025-06-09 17:03:30,500 : INFO : Mode.bumpers : Stopped.
2025-06-09 17:03:30,500 : INFO : EventManager : Event: ======'modes_active_modes_changed'====== Args={}
2025-06-09 17:03:30,500 : INFO : EventManager : Event: ======'mode_bumpers_stopped'====== Args={}
2025-06-09 17:03:30,500 : INFO : EventManager : Event: ======'clear'====== Args={'key': 'bumpers'}
2025-06-09 17:03:30,501 : INFO : Mode.game : Stopped.
2025-06-09 17:03:30,501 : INFO : EventManager : Event: ======'modes_active_modes_changed'====== Args={}
2025-06-09 17:03:30,501 : INFO : EventManager : Event: ======'mode_game_stopped'====== Args={}
2025-06-09 17:03:30,501 : INFO : EventManager : Event: ======'clear'====== Args={'key': 'game'}
2025-06-09 17:03:30,503 : INFO : root : MPF run loop ended.
