2025-05-12 19:37:45,925 : INFO : root : Loading config.
2025-05-12 19:37:45,926 : INFO : YamlMultifileConfigLoader : Machine config file #1: config.yaml
2025-05-12 19:37:45,926 : INFO : ConfigProcessor : Loading config from cache: /var/folders/hz/r3dl9ms51016zpvrwk611s6m0000gs/T/5d6a457603c6b060ca35237bebf088e1.mpf_cache
2025-05-12 19:37:45,962 : INFO : ConfigProcessor : Loading config from cache: /var/folders/hz/r3dl9ms51016zpvrwk611s6m0000gs/T/6f665ac125edf3618cba9e13a753822f.mpf_cache
2025-05-12 19:37:45,962 : INFO : ConfigProcessor : Loading config from cache: /var/folders/hz/r3dl9ms51016zpvrwk611s6m0000gs/T/87d438dd69d0ef01003c5249e41b5d50.mpf_cache
2025-05-12 19:37:45,962 : INFO : ConfigProcessor : Loading config from cache: /var/folders/hz/r3dl9ms51016zpvrwk611s6m0000gs/T/6f665ac125edf3618cba9e13a753822f.mpf_cache
2025-05-12 19:37:45,962 : INFO : ConfigProcessor : Loading config from cache: /var/folders/hz/r3dl9ms51016zpvrwk611s6m0000gs/T/d9ff39e0ccd80af39f7d36bb6b40dd93.mpf_cache
2025-05-12 19:37:45,963 : INFO : Machine : Mission Pinball Framework Core Engine v0.80.0.dev7
2025-05-12 19:37:45,963 : INFO : Machine : Command line arguments: {'no_load_cache': False, 'create_config_cache': True, 'bcp': True, 'configfile': ['config.yaml'], 'force_assets_load': False, 'platform_integration_test': False, 'jsonlogging': False, 'logfile': 'logs/2025-05-12-19-37-45-mpf-LPCVQLKF70.log', 'pause': False, 'production': False, 'text_ui': False, 'loglevel': 15, 'consoleloglevel': 20, 'force_platform': 'virtual', 'syslog_address': None, 'full_logfile_path': '/Users/michaelcarman/Documents/work/mpf/happy-pinball/logs/2025-05-12-19-37-45-mpf-LPCVQLKF70.log'}
2025-05-12 19:37:45,963 : INFO : Machine : MPF path: /Users/michaelcarman/Documents/work/mpf/mpf/lib/python3.13/site-packages/mpf
2025-05-12 19:37:45,963 : INFO : Machine : Machine path: /Users/michaelcarman/Documents/work/mpf/happy-pinball
2025-05-12 19:37:45,963 : INFO : Machine : Platform: darwin
2025-05-12 19:37:45,963 : INFO : Machine : Python executable location: /Users/michaelcarman/Documents/work/mpf/mpf/bin/python3.13
2025-05-12 19:37:45,963 : INFO : Machine : Python version: 3.13.3 (64-bit)
2025-05-12 19:37:45,963 : INFO : Machine : Initializing MPF...
2025-05-12 19:37:45,992 : INFO : EventManager : Event: ======'machine_var_credits_string'====== Args={'value': 'FREE PLAY', 'prev_value': None, 'change': True}
2025-05-12 19:37:46,001 : INFO : EventManager : Event: ======'machine_var_player1_score'====== Args={'value': 8675309, 'prev_value': None, 'change': True}
2025-05-12 19:37:46,001 : INFO : EventManager : Event: ======'machine_var_player2_score'====== Args={'value': 4321523, 'prev_value': None, 'change': True}
2025-05-12 19:37:46,001 : INFO : EventManager : Event: ======'machine_var_player3_score'====== Args={'value': 3321523, 'prev_value': None, 'change': True}
2025-05-12 19:37:46,001 : INFO : EventManager : Event: ======'machine_var_player4_score'====== Args={'value': 2224433, 'prev_value': None, 'change': True}
2025-05-12 19:37:46,001 : INFO : EventManager : Event: ======'machine_var_master_volume'====== Args={'value': 0.5, 'prev_value': None, 'change': True}
2025-05-12 19:37:46,001 : INFO : EventManager : Event: ======'machine_var_mpf_version'====== Args={'value': 'Mission Pinball Framework v0.80.0.dev7', 'prev_value': None, 'change': True}
2025-05-12 19:37:46,001 : INFO : EventManager : Event: ======'machine_var_mpf_extended_version'====== Args={'value': 'Mission Pinball Framework v0.80.0.dev7, Config version:6, Show version: 6, BCP version:1.1', 'prev_value': None, 'change': True}
2025-05-12 19:37:46,001 : INFO : EventManager : Event: ======'machine_var_python_version'====== Args={'value': '3.13.3', 'prev_value': None, 'change': True}
2025-05-12 19:37:46,010 : INFO : EventManager : Event: ======'machine_var_platform'====== Args={'value': 'macOS-15.3.1-arm64-arm-64bit-Mach-O', 'prev_value': None, 'change': True}
2025-05-12 19:37:46,010 : INFO : EventManager : Event: ======'machine_var_platform_system'====== Args={'value': 'Darwin', 'prev_value': None, 'change': True}
2025-05-12 19:37:46,010 : INFO : EventManager : Event: ======'machine_var_platform_release'====== Args={'value': '24.3.0', 'prev_value': None, 'change': True}
2025-05-12 19:37:46,010 : INFO : EventManager : Event: ======'machine_var_platform_version'====== Args={'value': 'Darwin Kernel Version 24.3.0: Thu Jan  2 20:24:22 PST 2025; root:xnu-11215.81.4~3/RELEASE_ARM64_T6041', 'prev_value': None, 'change': True}
2025-05-12 19:37:46,010 : INFO : EventManager : Event: ======'machine_var_platform_machine'====== Args={'value': 'arm64', 'prev_value': None, 'change': True}
2025-05-12 19:37:46,010 : INFO : EventManager : Event: ======'machine_var_log_file_path'====== Args={'value': '/Users/michaelcarman/Documents/work/mpf/happy-pinball/logs/2025-05-12-19-37-45-mpf-LPCVQLKF70.log', 'prev_value': None, 'change': True}
2025-05-12 19:37:46,010 : INFO : EventManager : Event: ======'init_phase_1'====== Args={}
2025-05-12 19:37:46,016 : INFO : EventManager : Event: ======'init_phase_2'====== Args={}
2025-05-12 19:37:46,017 : INFO : EventManager : Event: ======'bcp_connection_attempt'====== Args={'name': 'local_display', 'host': 'localhost', 'port': 5050}
2025-05-12 19:37:46,018 : INFO : BCPClientSocket : Connecting BCP to 'local_display' at localhost:5050...
2025-05-12 19:37:49,841 : INFO : BCPClientSocket : Connected BCP to 'local_display' localhost:5050
2025-05-12 19:37:49,843 : INFO : EventManager : Event: ======'bcp_clients_connected'====== Args={}
2025-05-12 19:37:49,844 : INFO : ball_device.bd_plunger : BCH: Initial count: 0
2025-05-12 19:37:49,844 : INFO : ball_device.bd_plunger : State: idle
2025-05-12 19:37:49,846 : INFO : ball_device.bd_trough : BCH: Initial count: 0
2025-05-12 19:37:49,847 : INFO : ball_device.bd_trough : State: idle
2025-05-12 19:37:49,858 : INFO : EventManager : Event: ======'init_phase_3'====== Args={}
2025-05-12 19:37:49,860 : INFO : EventManager : Event: ======'init_phase_4'====== Args={}
2025-05-12 19:37:49,860 : INFO : BallController : Initial balls found: 0
2025-05-12 19:37:49,861 : INFO : EventManager : Event: ======'machine_var_audits_switches_s_trough_3'====== Args={'value': 0, 'prev_value': None, 'change': True}
2025-05-12 19:37:49,861 : INFO : EventManager : Event: ======'machine_var_audits_switches_s_trough_2'====== Args={'value': 0, 'prev_value': None, 'change': True}
2025-05-12 19:37:49,861 : INFO : EventManager : Event: ======'machine_var_audits_switches_s_trough_1'====== Args={'value': 0, 'prev_value': None, 'change': True}
2025-05-12 19:37:49,861 : INFO : EventManager : Event: ======'machine_var_audits_switches_s_plunger_lane'====== Args={'value': 0, 'prev_value': None, 'change': True}
2025-05-12 19:37:49,861 : INFO : EventManager : Event: ======'machine_var_audits_switches_s_flipper_left'====== Args={'value': 0, 'prev_value': None, 'change': True}
2025-05-12 19:37:49,861 : INFO : EventManager : Event: ======'machine_var_audits_switches_s_flipper_right'====== Args={'value': 0, 'prev_value': None, 'change': True}
2025-05-12 19:37:49,861 : INFO : EventManager : Event: ======'machine_var_audits_events_game_started'====== Args={'value': 0, 'prev_value': None, 'change': True}
2025-05-12 19:37:49,861 : INFO : EventManager : Event: ======'machine_var_audits_events_game_ended'====== Args={'value': 0, 'prev_value': None, 'change': True}
2025-05-12 19:37:49,861 : INFO : EventManager : Event: ======'machine_var_audits_player_score'====== Args={'value': {'top': [], 'average': 0, 'total': 0}, 'prev_value': None, 'change': True}
2025-05-12 19:37:49,862 : INFO : EventManager : Event: ======'init_phase_5'====== Args={}
2025-05-12 19:37:49,862 : INFO : EventManager : Event: ======'init_done'====== Args={}
2025-05-12 19:37:49,863 : INFO : EventManager : Event: ======'machine_reset_phase_1'====== Args={}
2025-05-12 19:37:49,868 : INFO : EventManager : Event: ======'machine_reset_phase_2'====== Args={}
2025-05-12 19:37:49,868 : INFO : EventManager : Event: ======'machine_reset_phase_3'====== Args={}
2025-05-12 19:37:49,868 : INFO : EventManager : Event: ======'reset_complete'====== Args={}
2025-05-12 19:37:49,868 : INFO : EventManager : Event: ======'mode_attract_will_start'====== Args={}
2025-05-12 19:37:49,869 : INFO : Timer.attract_carousel_timer : Starting Timer.
2025-05-12 19:37:49,869 : INFO : EventManager : Event: ======'timer_attract_carousel_timer_started'====== Args={'ticks': 0, 'ticks_remaining': 1}
2025-05-12 19:37:49,869 : INFO : EventManager : Event: ======'timer_attract_carousel_timer_tick'====== Args={'ticks': 0, 'ticks_remaining': 1}
2025-05-12 19:37:49,870 : INFO : EventManager : Event: ======'mode_attract_starting'====== Args={}
2025-05-12 19:37:49,870 : INFO : Mode.attract : Started. Priority: 10
2025-05-12 19:37:49,870 : INFO : EventManager : Event: ======'modes_active_modes_changed'====== Args={}
2025-05-12 19:37:49,870 : INFO : EventManager : Event: ======'mode_attract_started'====== Args={}
2025-05-12 19:37:49,870 : INFO : EventManager : Event: ======'collecting_balls_complete'====== Args={}
2025-05-12 19:37:49,871 : INFO : EventManager : Event: ======'item_highlighted'====== Args={'carousel': 'attract', 'direction': None, 'item': 'title'}
2025-05-12 19:37:49,871 : INFO : EventManager : Event: ======'timer_attract_carousel_timer_tick'====== Args={'ticks': 0, 'ticks_remaining': 1}
2025-05-12 19:37:49,871 : INFO : Machine : Starting the main run loop with active modes: [<Mode.attract>]
2025-05-12 19:37:49,911 : INFO : EventManager : Event: ======'slide_attract_created'====== Args={'_from_bcp': True}
2025-05-12 19:37:49,911 : INFO : EventManager : Event: ======'slide__removed'====== Args={'_from_bcp': True}
2025-05-12 19:37:49,912 : INFO : EventManager : Event: ======'slide_attract_active'====== Args={'original_context': 'attract', 'original_calling_context': 'mode_attract_started', 'priority': 10.0, 'cmd': 'slides_play', '_from_bcp': True}
2025-05-12 19:37:51,218 : INFO : SwitchController : <<<<<<< 's_flipper_right' active >>>>>>>
2025-05-12 19:37:51,219 : INFO : EventManager : Event: ======'s_flipper_right_active'====== Args={}
2025-05-12 19:37:51,219 : INFO : EventManager : Event: ======'item_highlighted'====== Args={'carousel': 'attract', 'direction': 'forwards', 'item': 'credits'}
2025-05-12 19:37:51,220 : INFO : EventManager : Event: ======'timer_attract_carousel_timer_tick'====== Args={'ticks': 0, 'ticks_remaining': 1}
2025-05-12 19:37:51,281 : INFO : SwitchController : <<<<<<< 's_flipper_right' inactive >>>>>>>
2025-05-12 19:37:51,530 : INFO : SwitchController : <<<<<<< 's_flipper_right' active >>>>>>>
2025-05-12 19:37:51,530 : INFO : EventManager : Event: ======'s_flipper_right_active'====== Args={}
2025-05-12 19:37:51,531 : INFO : EventManager : Event: ======'item_highlighted'====== Args={'carousel': 'attract', 'direction': 'forwards', 'item': 'last_scores_4p'}
2025-05-12 19:37:51,531 : INFO : EventManager : Event: ======'timer_attract_carousel_timer_tick'====== Args={'ticks': 0, 'ticks_remaining': 1}
2025-05-12 19:37:51,592 : INFO : SwitchController : <<<<<<< 's_flipper_right' inactive >>>>>>>
2025-05-12 19:37:53,715 : INFO : SwitchController : <<<<<<< 's_flipper_right' active >>>>>>>
2025-05-12 19:37:53,715 : INFO : EventManager : Event: ======'s_flipper_right_active'====== Args={}
2025-05-12 19:37:53,716 : INFO : EventManager : Event: ======'item_highlighted'====== Args={'carousel': 'attract', 'direction': 'forwards', 'item': 'mpf_logo'}
2025-05-12 19:37:53,717 : INFO : EventManager : Event: ======'timer_attract_carousel_timer_tick'====== Args={'ticks': 0, 'ticks_remaining': 1}
2025-05-12 19:37:53,822 : INFO : SwitchController : <<<<<<< 's_flipper_right' inactive >>>>>>>
2025-05-12 19:37:54,808 : INFO : SwitchController : <<<<<<< 's_flipper_right' active >>>>>>>
2025-05-12 19:37:54,808 : INFO : EventManager : Event: ======'s_flipper_right_active'====== Args={}
2025-05-12 19:37:54,808 : INFO : EventManager : Event: ======'item_highlighted'====== Args={'carousel': 'attract', 'direction': 'forwards', 'item': 'title'}
2025-05-12 19:37:54,809 : INFO : EventManager : Event: ======'timer_attract_carousel_timer_tick'====== Args={'ticks': 0, 'ticks_remaining': 1}
2025-05-12 19:37:54,922 : INFO : SwitchController : <<<<<<< 's_flipper_right' inactive >>>>>>>
2025-05-12 19:37:55,398 : INFO : SwitchController : <<<<<<< 's_flipper_right' active >>>>>>>
2025-05-12 19:37:55,398 : INFO : EventManager : Event: ======'s_flipper_right_active'====== Args={}
2025-05-12 19:37:55,399 : INFO : EventManager : Event: ======'item_highlighted'====== Args={'carousel': 'attract', 'direction': 'forwards', 'item': 'credits'}
2025-05-12 19:37:55,400 : INFO : EventManager : Event: ======'timer_attract_carousel_timer_tick'====== Args={'ticks': 0, 'ticks_remaining': 1}
2025-05-12 19:37:55,481 : INFO : SwitchController : <<<<<<< 's_flipper_right' inactive >>>>>>>
2025-05-12 19:37:55,990 : INFO : SwitchController : <<<<<<< 's_flipper_right' active >>>>>>>
2025-05-12 19:37:55,990 : INFO : EventManager : Event: ======'s_flipper_right_active'====== Args={}
2025-05-12 19:37:55,991 : INFO : EventManager : Event: ======'item_highlighted'====== Args={'carousel': 'attract', 'direction': 'forwards', 'item': 'last_scores_4p'}
2025-05-12 19:37:55,992 : INFO : EventManager : Event: ======'timer_attract_carousel_timer_tick'====== Args={'ticks': 0, 'ticks_remaining': 1}
2025-05-12 19:37:56,089 : INFO : SwitchController : <<<<<<< 's_flipper_right' inactive >>>>>>>
2025-05-12 19:37:59,060 : INFO : Machine : Shutting down...
2025-05-12 19:37:59,061 : INFO : EventManager : Event: ======'shutdown'====== Args={}
2025-05-12 19:37:59,064 : INFO : root : MPF run loop ended.
