2025-05-12 22:06:20,549 : INFO : root : Loading config.
2025-05-12 22:06:20,550 : INFO : YamlMultifileConfigLoader : Machine config file #1: config.yaml
2025-05-12 22:06:20,551 : INFO : ConfigProcessor : Loading config from cache: /var/folders/hz/r3dl9ms51016zpvrwk611s6m0000gs/T/5d6a457603c6b060ca35237bebf088e1.mpf_cache
2025-05-12 22:06:20,586 : INFO : ConfigProcessor : Loading config from cache: /var/folders/hz/r3dl9ms51016zpvrwk611s6m0000gs/T/6f665ac125edf3618cba9e13a753822f.mpf_cache
2025-05-12 22:06:20,586 : INFO : ConfigProcessor : Loading config from cache: /var/folders/hz/r3dl9ms51016zpvrwk611s6m0000gs/T/87d438dd69d0ef01003c5249e41b5d50.mpf_cache
2025-05-12 22:06:20,586 : INFO : ConfigProcessor : Loading config from cache: /var/folders/hz/r3dl9ms51016zpvrwk611s6m0000gs/T/6f665ac125edf3618cba9e13a753822f.mpf_cache
2025-05-12 22:06:20,587 : INFO : ConfigProcessor : Loading config from cache: /var/folders/hz/r3dl9ms51016zpvrwk611s6m0000gs/T/d9ff39e0ccd80af39f7d36bb6b40dd93.mpf_cache
2025-05-12 22:06:20,587 : INFO : ConfigProcessor : Loading config from cache: /var/folders/hz/r3dl9ms51016zpvrwk611s6m0000gs/T/ac07971a64f12a0788c85bcc38792825.mpf_cache
2025-05-12 22:06:20,588 : INFO : Machine : Mission Pinball Framework Core Engine v0.80.0.dev7
2025-05-12 22:06:20,588 : INFO : Machine : Command line arguments: {'no_load_cache': False, 'create_config_cache': True, 'bcp': True, 'configfile': ['config.yaml'], 'force_assets_load': False, 'platform_integration_test': False, 'jsonlogging': False, 'logfile': 'logs/2025-05-12-22-06-20-mpf-LPCVQLKF70.log', 'pause': False, 'production': False, 'text_ui': False, 'loglevel': 15, 'consoleloglevel': 20, 'force_platform': 'virtual', 'syslog_address': None, 'full_logfile_path': '/Users/michaelcarman/Documents/work/mpf/happy-pinball/logs/2025-05-12-22-06-20-mpf-LPCVQLKF70.log'}
2025-05-12 22:06:20,588 : INFO : Machine : MPF path: /Users/michaelcarman/Documents/work/mpf/mpf/lib/python3.13/site-packages/mpf
2025-05-12 22:06:20,588 : INFO : Machine : Machine path: /Users/michaelcarman/Documents/work/mpf/happy-pinball
2025-05-12 22:06:20,588 : INFO : Machine : Platform: darwin
2025-05-12 22:06:20,588 : INFO : Machine : Python executable location: /Users/michaelcarman/Documents/work/mpf/mpf/bin/python3.13
2025-05-12 22:06:20,588 : INFO : Machine : Python version: 3.13.3 (64-bit)
2025-05-12 22:06:20,588 : INFO : Machine : Initializing MPF...
2025-05-12 22:06:20,618 : INFO : EventManager : Event: ======'machine_var_credits_string'====== Args={'value': 'FREE PLAY', 'prev_value': None, 'change': True}
2025-05-12 22:06:20,626 : INFO : EventManager : Event: ======'machine_var_player1_score'====== Args={'value': 8675309, 'prev_value': None, 'change': True}
2025-05-12 22:06:20,626 : INFO : EventManager : Event: ======'machine_var_player2_score'====== Args={'value': 4321523, 'prev_value': None, 'change': True}
2025-05-12 22:06:20,626 : INFO : EventManager : Event: ======'machine_var_master_volume'====== Args={'value': 0.5, 'prev_value': None, 'change': True}
2025-05-12 22:06:20,626 : INFO : EventManager : Event: ======'machine_var_mpf_version'====== Args={'value': 'Mission Pinball Framework v0.80.0.dev7', 'prev_value': None, 'change': True}
2025-05-12 22:06:20,626 : INFO : EventManager : Event: ======'machine_var_mpf_extended_version'====== Args={'value': 'Mission Pinball Framework v0.80.0.dev7, Config version:6, Show version: 6, BCP version:1.1', 'prev_value': None, 'change': True}
2025-05-12 22:06:20,626 : INFO : EventManager : Event: ======'machine_var_python_version'====== Args={'value': '3.13.3', 'prev_value': None, 'change': True}
2025-05-12 22:06:20,633 : INFO : EventManager : Event: ======'machine_var_platform'====== Args={'value': 'macOS-15.3.1-arm64-arm-64bit-Mach-O', 'prev_value': None, 'change': True}
2025-05-12 22:06:20,634 : INFO : EventManager : Event: ======'machine_var_platform_system'====== Args={'value': 'Darwin', 'prev_value': None, 'change': True}
2025-05-12 22:06:20,634 : INFO : EventManager : Event: ======'machine_var_platform_release'====== Args={'value': '24.3.0', 'prev_value': None, 'change': True}
2025-05-12 22:06:20,634 : INFO : EventManager : Event: ======'machine_var_platform_version'====== Args={'value': 'Darwin Kernel Version 24.3.0: Thu Jan  2 20:24:22 PST 2025; root:xnu-11215.81.4~3/RELEASE_ARM64_T6041', 'prev_value': None, 'change': True}
2025-05-12 22:06:20,634 : INFO : EventManager : Event: ======'machine_var_platform_machine'====== Args={'value': 'arm64', 'prev_value': None, 'change': True}
2025-05-12 22:06:20,634 : INFO : EventManager : Event: ======'machine_var_log_file_path'====== Args={'value': '/Users/michaelcarman/Documents/work/mpf/happy-pinball/logs/2025-05-12-22-06-20-mpf-LPCVQLKF70.log', 'prev_value': None, 'change': True}
2025-05-12 22:06:20,634 : INFO : EventManager : Event: ======'init_phase_1'====== Args={}
2025-05-12 22:06:20,640 : INFO : EventManager : Event: ======'init_phase_2'====== Args={}
2025-05-12 22:06:20,641 : INFO : SwitchController : Found active switch: (1006, <Platform.Virtual>) <switch.s_trough_1>
2025-05-12 22:06:20,641 : INFO : SwitchController : Found active switch: (1007, <Platform.Virtual>) <switch.s_trough_2>
2025-05-12 22:06:20,641 : INFO : SwitchController : Found active switch: (1008, <Platform.Virtual>) <switch.s_trough_3>
2025-05-12 22:06:20,641 : INFO : EventManager : Event: ======'bcp_connection_attempt'====== Args={'name': 'local_display', 'host': 'localhost', 'port': 5050}
2025-05-12 22:06:20,642 : INFO : BCPClientSocket : Connecting BCP to 'local_display' at localhost:5050...
2025-05-12 22:06:20,645 : INFO : BCPClientSocket : Connected BCP to 'local_display' localhost:5050
2025-05-12 22:06:20,645 : INFO : EventManager : Event: ======'bcp_clients_connected'====== Args={}
2025-05-12 22:06:20,646 : INFO : ball_device.bd_plunger : BCH: Initial count: 0
2025-05-12 22:06:20,646 : INFO : ball_device.bd_plunger : State: idle
2025-05-12 22:06:20,646 : INFO : ball_device.bd_trough : BCH: Initial count: 3
2025-05-12 22:06:20,646 : INFO : ball_device.bd_trough : State: idle
2025-05-12 22:06:20,650 : INFO : EventManager : Event: ======'init_phase_3'====== Args={}
2025-05-12 22:06:20,650 : INFO : EventManager : Event: ======'init_phase_4'====== Args={}
2025-05-12 22:06:20,650 : INFO : BallController : Initial balls found: 3
2025-05-12 22:06:20,651 : INFO : EventManager : Event: ======'machine_var_audits_events_game_ended'====== Args={'value': 0, 'prev_value': None, 'change': True}
2025-05-12 22:06:20,651 : INFO : EventManager : Event: ======'machine_var_audits_events_game_started'====== Args={'value': 19, 'prev_value': None, 'change': True}
2025-05-12 22:06:20,651 : INFO : EventManager : Event: ======'machine_var_audits_missing_switches_s_flipper_left'====== Args={'value': 19, 'prev_value': None, 'change': True}
2025-05-12 22:06:20,651 : INFO : EventManager : Event: ======'machine_var_audits_missing_switches_s_flipper_right'====== Args={'value': 19, 'prev_value': None, 'change': True}
2025-05-12 22:06:20,651 : INFO : EventManager : Event: ======'machine_var_audits_missing_switches_s_left_lane'====== Args={'value': 9, 'prev_value': None, 'change': True}
2025-05-12 22:06:20,651 : INFO : EventManager : Event: ======'machine_var_audits_missing_switches_s_plunger_lane'====== Args={'value': 19, 'prev_value': None, 'change': True}
2025-05-12 22:06:20,651 : INFO : EventManager : Event: ======'machine_var_audits_missing_switches_s_start'====== Args={'value': 1, 'prev_value': None, 'change': True}
2025-05-12 22:06:20,651 : INFO : EventManager : Event: ======'machine_var_audits_missing_switches_s_trough_1'====== Args={'value': 19, 'prev_value': None, 'change': True}
2025-05-12 22:06:20,651 : INFO : EventManager : Event: ======'machine_var_audits_missing_switches_s_trough_2'====== Args={'value': 19, 'prev_value': None, 'change': True}
2025-05-12 22:06:20,651 : INFO : EventManager : Event: ======'machine_var_audits_missing_switches_s_trough_3'====== Args={'value': 19, 'prev_value': None, 'change': True}
2025-05-12 22:06:20,651 : INFO : EventManager : Event: ======'machine_var_audits_player_score'====== Args={'value': {'average': 0, 'top': [], 'total': 0}, 'prev_value': None, 'change': True}
2025-05-12 22:06:20,651 : INFO : EventManager : Event: ======'machine_var_audits_shots_bumper_left'====== Args={'value': 40, 'prev_value': None, 'change': True}
2025-05-12 22:06:20,651 : INFO : EventManager : Event: ======'machine_var_audits_shots_bumper_right'====== Args={'value': 55, 'prev_value': None, 'change': True}
2025-05-12 22:06:20,651 : INFO : EventManager : Event: ======'machine_var_audits_switches_s_bumper_left'====== Args={'value': 40, 'prev_value': None, 'change': True}
2025-05-12 22:06:20,651 : INFO : EventManager : Event: ======'machine_var_audits_switches_s_bumper_right'====== Args={'value': 55, 'prev_value': None, 'change': True}
2025-05-12 22:06:20,651 : INFO : EventManager : Event: ======'machine_var_audits_switches_s_flipper_left'====== Args={'value': 0, 'prev_value': None, 'change': True}
2025-05-12 22:06:20,651 : INFO : EventManager : Event: ======'machine_var_audits_switches_s_flipper_right'====== Args={'value': 0, 'prev_value': None, 'change': True}
2025-05-12 22:06:20,651 : INFO : EventManager : Event: ======'machine_var_audits_switches_s_left_lane'====== Args={'value': 17, 'prev_value': None, 'change': True}
2025-05-12 22:06:20,651 : INFO : EventManager : Event: ======'machine_var_audits_switches_s_plunger_lane'====== Args={'value': 0, 'prev_value': None, 'change': True}
2025-05-12 22:06:20,651 : INFO : EventManager : Event: ======'machine_var_audits_switches_s_start'====== Args={'value': 12, 'prev_value': None, 'change': True}
2025-05-12 22:06:20,651 : INFO : EventManager : Event: ======'machine_var_audits_switches_s_trough_1'====== Args={'value': 0, 'prev_value': None, 'change': True}
2025-05-12 22:06:20,651 : INFO : EventManager : Event: ======'machine_var_audits_switches_s_trough_2'====== Args={'value': 0, 'prev_value': None, 'change': True}
2025-05-12 22:06:20,651 : INFO : EventManager : Event: ======'machine_var_audits_switches_s_trough_3'====== Args={'value': 0, 'prev_value': None, 'change': True}
2025-05-12 22:06:20,651 : INFO : EventManager : Event: ======'init_phase_5'====== Args={}
2025-05-12 22:06:20,651 : INFO : EventManager : Event: ======'init_done'====== Args={}
2025-05-12 22:06:20,651 : INFO : EventManager : Event: ======'machine_reset_phase_1'====== Args={}
2025-05-12 22:06:20,661 : INFO : EventManager : Event: ======'machine_reset_phase_2'====== Args={}
2025-05-12 22:06:20,661 : INFO : EventManager : Event: ======'machine_reset_phase_3'====== Args={}
2025-05-12 22:06:20,662 : INFO : EventManager : Event: ======'reset_complete'====== Args={}
2025-05-12 22:06:20,662 : INFO : EventManager : Event: ======'mode_attract_will_start'====== Args={}
2025-05-12 22:06:20,662 : INFO : Timer.attract_carousel_timer : Starting Timer.
2025-05-12 22:06:20,662 : INFO : EventManager : Event: ======'timer_attract_carousel_timer_started'====== Args={'ticks': 0, 'ticks_remaining': 1}
2025-05-12 22:06:20,662 : INFO : EventManager : Event: ======'timer_attract_carousel_timer_tick'====== Args={'ticks': 0, 'ticks_remaining': 1}
2025-05-12 22:06:20,662 : INFO : EventManager : Event: ======'mode_attract_starting'====== Args={}
2025-05-12 22:06:20,662 : INFO : Mode.attract : Started. Priority: 10
2025-05-12 22:06:20,662 : INFO : EventManager : Event: ======'modes_active_modes_changed'====== Args={}
2025-05-12 22:06:20,662 : INFO : EventManager : Event: ======'mode_attract_started'====== Args={}
2025-05-12 22:06:20,662 : INFO : EventManager : Event: ======'collecting_balls_complete'====== Args={}
2025-05-12 22:06:20,662 : INFO : EventManager : Event: ======'item_highlighted'====== Args={'carousel': 'attract', 'direction': None, 'item': 'title'}
2025-05-12 22:06:20,663 : INFO : EventManager : Event: ======'timer_attract_carousel_timer_tick'====== Args={'ticks': 0, 'ticks_remaining': 1}
2025-05-12 22:06:20,663 : INFO : Machine : Starting the main run loop with active modes: [<Mode.attract>]
2025-05-12 22:06:20,793 : INFO : EventManager : Event: ======'slide_attract_created'====== Args={'_from_bcp': True}
2025-05-12 22:06:20,793 : INFO : EventManager : Event: ======'slide__removed'====== Args={'_from_bcp': True}
2025-05-12 22:06:20,793 : INFO : EventManager : Event: ======'slide_attract_active'====== Args={'original_context': 'attract', 'original_calling_context': 'mode_attract_started', 'priority': 10.0, 'cmd': 'slides_play', '_from_bcp': True}
2025-05-12 22:06:25,663 : INFO : Timer.attract_carousel_timer : Timer Complete
2025-05-12 22:06:25,664 : INFO : Timer.attract_carousel_timer : Stopping Timer
2025-05-12 22:06:25,664 : INFO : EventManager : Event: ======'timer_attract_carousel_timer_stopped'====== Args={'ticks': 1, 'ticks_remaining': 1}
2025-05-12 22:06:25,664 : INFO : EventManager : Event: ======'timer_attract_carousel_timer_complete'====== Args={'ticks': 1, 'ticks_remaining': 1}
2025-05-12 22:06:25,665 : INFO : EventManager : Event: ======'item_highlighted'====== Args={'carousel': 'attract', 'direction': 'forwards', 'item': 'credits'}
2025-05-12 22:06:25,667 : INFO : Timer.attract_carousel_timer : Starting Timer.
2025-05-12 22:06:25,667 : INFO : EventManager : Event: ======'timer_attract_carousel_timer_started'====== Args={'ticks': 0, 'ticks_remaining': 1}
2025-05-12 22:06:25,667 : INFO : EventManager : Event: ======'timer_attract_carousel_timer_tick'====== Args={'ticks': 0, 'ticks_remaining': 1}
2025-05-12 22:06:30,668 : INFO : Timer.attract_carousel_timer : Timer Complete
2025-05-12 22:06:30,668 : INFO : Timer.attract_carousel_timer : Stopping Timer
2025-05-12 22:06:30,669 : INFO : EventManager : Event: ======'timer_attract_carousel_timer_stopped'====== Args={'ticks': 1, 'ticks_remaining': 1}
2025-05-12 22:06:30,669 : INFO : EventManager : Event: ======'timer_attract_carousel_timer_complete'====== Args={'ticks': 1, 'ticks_remaining': 1}
2025-05-12 22:06:30,670 : INFO : EventManager : Event: ======'item_highlighted'====== Args={'carousel': 'attract', 'direction': 'forwards', 'item': 'last_scores_2p'}
2025-05-12 22:06:30,671 : INFO : Timer.attract_carousel_timer : Starting Timer.
2025-05-12 22:06:30,671 : INFO : EventManager : Event: ======'timer_attract_carousel_timer_started'====== Args={'ticks': 0, 'ticks_remaining': 1}
2025-05-12 22:06:30,672 : INFO : EventManager : Event: ======'timer_attract_carousel_timer_tick'====== Args={'ticks': 0, 'ticks_remaining': 1}
2025-05-12 22:06:35,672 : INFO : Timer.attract_carousel_timer : Timer Complete
2025-05-12 22:06:35,673 : INFO : Timer.attract_carousel_timer : Stopping Timer
2025-05-12 22:06:35,673 : INFO : EventManager : Event: ======'timer_attract_carousel_timer_stopped'====== Args={'ticks': 1, 'ticks_remaining': 1}
2025-05-12 22:06:35,673 : INFO : EventManager : Event: ======'timer_attract_carousel_timer_complete'====== Args={'ticks': 1, 'ticks_remaining': 1}
2025-05-12 22:06:35,674 : INFO : EventManager : Event: ======'item_highlighted'====== Args={'carousel': 'attract', 'direction': 'forwards', 'item': 'mpf_logo'}
2025-05-12 22:06:35,675 : INFO : Timer.attract_carousel_timer : Starting Timer.
2025-05-12 22:06:35,675 : INFO : EventManager : Event: ======'timer_attract_carousel_timer_started'====== Args={'ticks': 0, 'ticks_remaining': 1}
2025-05-12 22:06:35,675 : INFO : EventManager : Event: ======'timer_attract_carousel_timer_tick'====== Args={'ticks': 0, 'ticks_remaining': 1}
2025-05-12 22:06:37,316 : INFO : SwitchController : <<<<<<< 's_flipper_right' active >>>>>>>
2025-05-12 22:06:37,316 : INFO : EventManager : Event: ======'s_flipper_right_active'====== Args={}
2025-05-12 22:06:37,317 : INFO : EventManager : Event: ======'item_highlighted'====== Args={'carousel': 'attract', 'direction': 'forwards', 'item': 'title'}
2025-05-12 22:06:37,317 : INFO : EventManager : Event: ======'timer_attract_carousel_timer_tick'====== Args={'ticks': 0, 'ticks_remaining': 1}
2025-05-12 22:06:37,461 : INFO : SwitchController : <<<<<<< 's_flipper_right' inactive >>>>>>>
2025-05-12 22:06:38,238 : INFO : SwitchController : <<<<<<< 's_flipper_left' active >>>>>>>
2025-05-12 22:06:38,238 : INFO : EventManager : Event: ======'s_flipper_left_active'====== Args={}
2025-05-12 22:06:38,239 : INFO : EventManager : Event: ======'item_highlighted'====== Args={'carousel': 'attract', 'direction': 'backwards', 'item': 'mpf_logo'}
2025-05-12 22:06:38,240 : INFO : EventManager : Event: ======'timer_attract_carousel_timer_tick'====== Args={'ticks': 0, 'ticks_remaining': 1}
2025-05-12 22:06:38,336 : INFO : SwitchController : <<<<<<< 's_flipper_left' inactive >>>>>>>
2025-05-12 22:06:38,878 : INFO : SwitchController : <<<<<<< 's_flipper_left' active >>>>>>>
2025-05-12 22:06:38,878 : INFO : EventManager : Event: ======'s_flipper_left_active'====== Args={}
2025-05-12 22:06:38,879 : INFO : EventManager : Event: ======'item_highlighted'====== Args={'carousel': 'attract', 'direction': 'backwards', 'item': 'last_scores_2p'}
2025-05-12 22:06:38,879 : INFO : EventManager : Event: ======'timer_attract_carousel_timer_tick'====== Args={'ticks': 0, 'ticks_remaining': 1}
2025-05-12 22:06:38,978 : INFO : SwitchController : <<<<<<< 's_flipper_left' inactive >>>>>>>
2025-05-12 22:06:39,604 : INFO : SwitchController : <<<<<<< 's_flipper_left' active >>>>>>>
2025-05-12 22:06:39,604 : INFO : EventManager : Event: ======'s_flipper_left_active'====== Args={}
2025-05-12 22:06:39,604 : INFO : EventManager : Event: ======'item_highlighted'====== Args={'carousel': 'attract', 'direction': 'backwards', 'item': 'credits'}
2025-05-12 22:06:39,605 : INFO : EventManager : Event: ======'timer_attract_carousel_timer_tick'====== Args={'ticks': 0, 'ticks_remaining': 1}
2025-05-12 22:06:39,736 : INFO : SwitchController : <<<<<<< 's_flipper_left' inactive >>>>>>>
2025-05-12 22:06:40,987 : INFO : SwitchController : <<<<<<< 's_start' active >>>>>>>
2025-05-12 22:06:41,144 : INFO : SwitchController : <<<<<<< 's_start' inactive >>>>>>>
2025-05-12 22:06:41,145 : INFO : EventManager : Event: ======'request_to_start_game'====== Args={}
2025-05-12 22:06:41,146 : INFO : EventManager : Event: ======'game_start'====== Args={'buttons': [], 'hold_time': 0.15721004200167954}
2025-05-12 22:06:41,146 : INFO : EventManager : Event: ======'mode_game_will_start'====== Args={'buttons': [], 'hold_time': 0.15721004200167954}
2025-05-12 22:06:41,147 : INFO : EventManager : Event: ======'mode_game_starting'====== Args={'buttons': [], 'hold_time': 0.15721004200167954}
2025-05-12 22:06:41,148 : INFO : EventManager : Event: ======'mode_attract_will_stop'====== Args={}
2025-05-12 22:06:41,148 : INFO : EventManager : Event: ======'mode_attract_stopping'====== Args={}
2025-05-12 22:06:41,148 : INFO : Mode.attract : Stopped.
2025-05-12 22:06:41,148 : INFO : EventManager : Event: ======'modes_active_modes_changed'====== Args={}
2025-05-12 22:06:41,149 : INFO : EventManager : Event: ======'mode_attract_stopped'====== Args={}
2025-05-12 22:06:41,149 : INFO : EventManager : Event: ======'clear'====== Args={'key': 'attract'}
2025-05-12 22:06:41,149 : INFO : Timer.attract_carousel_timer : Stopping Timer
2025-05-12 22:06:41,150 : INFO : EventManager : Event: ======'timer_attract_carousel_timer_stopped'====== Args={'ticks': 0, 'ticks_remaining': 1}
2025-05-12 22:06:41,150 : INFO : Mode.game : Started. Priority: 20
2025-05-12 22:06:41,150 : INFO : EventManager : Event: ======'modes_active_modes_changed'====== Args={}
2025-05-12 22:06:41,150 : INFO : EventManager : Event: ======'mode_game_started'====== Args={'buttons': [], 'hold_time': 0.15721004200167954}
2025-05-12 22:06:41,152 : INFO : EventManager : Event: ======'game_will_start'====== Args={}
2025-05-12 22:06:41,153 : INFO : EventManager : Event: ======'game_starting'====== Args={'game': <Mode.game>}
2025-05-12 22:06:41,154 : INFO : EventManager : Unordered handler for class <Auditor> on event game_ended with priority 1. Handlers: [RegisteredHandler(callback=<bound method Auditor.disable of <Auditor>>, priority=1, kwargs={}, key=UUID('77f2f0b6-7841-4114-b71f-8666f243d527'), condition=None, blocking_facility=None), RegisteredHandler(callback=<bound method Auditor._save_audits of <Auditor>>, priority=1, kwargs={}, key=UUID('36e10d2c-2c36-487d-8177-abd2fd62095c'), condition=None, blocking_facility=None)]. The order of those handlers is not defined and they will be executed in random order. This might lead to race conditions and potential bugs.
2025-05-12 22:06:41,155 : INFO : EventManager : Event: ======'player_add_request'====== Args={}
2025-05-12 22:06:41,155 : INFO : EventManager : Event: ======'player_will_add'====== Args={'number': 1}
2025-05-12 22:06:41,155 : INFO : EventManager : Event: ======'player_adding'====== Args={'player': <Player 1>, 'number': 1}
2025-05-12 22:06:41,155 : INFO : EventManager : Event: ======'player_added'====== Args={'player': <Player 1>, 'num': 1}
2025-05-12 22:06:41,155 : INFO : Mode.game : Player added successfully. Total players: 1
2025-05-12 22:06:41,156 : INFO : EventManager : Event: ======'player_index'====== Args={'value': 0, 'prev_value': 0, 'change': 0, 'player_num': 1}
2025-05-12 22:06:41,156 : INFO : EventManager : Event: ======'player_number'====== Args={'value': 1, 'prev_value': 1, 'change': 0, 'player_num': 1}
2025-05-12 22:06:41,156 : INFO : EventManager : Event: ======'player_score'====== Args={'value': 0, 'prev_value': 0, 'change': 0, 'player_num': 1}
2025-05-12 22:06:41,157 : INFO : EventManager : Event: ======'game_started'====== Args={}
2025-05-12 22:06:41,157 : INFO : EventManager : Event: ======'player_turn_will_start'====== Args={'player': <Player 1>, 'number': 1}
2025-05-12 22:06:41,158 : INFO : EventManager : Event: ======'player_turn_starting'====== Args={'player': <Player 1>, 'number': 1}
2025-05-12 22:06:41,158 : INFO : EventManager : Event: ======'player_ball'====== Args={'value': 1, 'prev_value': 0, 'change': 1, 'player_num': 1}
2025-05-12 22:06:41,159 : INFO : EventManager : Event: ======'player_turn_started'====== Args={'player': <Player 1>, 'number': 1}
2025-05-12 22:06:41,160 : INFO : EventManager : Event: ======'ball_will_start'====== Args={'player': 1, 'ball': 1, 'balls_remaining': 2, 'is_extra_ball': False}
2025-05-12 22:06:41,161 : INFO : EventManager : Event: ======'ball_starting'====== Args={'player': 1, 'ball': 1, 'balls_remaining': 2, 'is_extra_ball': False}
2025-05-12 22:06:41,161 : INFO : EventManager : Event: ======'mode_base_will_start'====== Args={'queue': <QueuedEvent>, 'player': 1, 'ball': 1, 'balls_remaining': 2, 'is_extra_ball': False}
2025-05-12 22:06:41,162 : INFO : EventManager : Event: ======'mode_base_starting'====== Args={'queue': <QueuedEvent>, 'player': 1, 'ball': 1, 'balls_remaining': 2, 'is_extra_ball': False}
2025-05-12 22:06:41,162 : INFO : Mode.base : Started. Priority: 100
2025-05-12 22:06:41,162 : INFO : EventManager : Event: ======'modes_active_modes_changed'====== Args={}
2025-05-12 22:06:41,162 : INFO : EventManager : Event: ======'mode_base_started'====== Args={'queue': <QueuedEvent>, 'player': 1, 'ball': 1, 'balls_remaining': 2, 'is_extra_ball': False}
2025-05-12 22:06:41,163 : INFO : EventManager : Event: ======'start_mode_bumpers'====== Args={'priority': 0}
2025-05-12 22:06:41,169 : INFO : EventManager : Event: ======'mode_bumpers_will_start'====== Args={'priority': 0}
2025-05-12 22:06:41,170 : INFO : EventManager : Event: ======'player_shot_bumper_left_enabled'====== Args={'value': True, 'prev_value': 0, 'change': 1, 'player_num': 1}
2025-05-12 22:06:41,172 : INFO : EventManager : Event: ======'player_shot_bumper_right_enabled'====== Args={'value': True, 'prev_value': 0, 'change': 1, 'player_num': 1}
2025-05-12 22:06:41,172 : INFO : EventManager : Event: ======'bumpers_complete'====== Args={'state': 'unlit'}
2025-05-12 22:06:41,172 : INFO : EventManager : Event: ======'bumpers_unlit_complete'====== Args={}
2025-05-12 22:06:41,173 : INFO : EventManager : Event: ======'mode_bumpers_starting'====== Args={'priority': 0}
2025-05-12 22:06:41,173 : INFO : Mode.bumpers : Started. Priority: 200
2025-05-12 22:06:41,173 : INFO : EventManager : Event: ======'modes_active_modes_changed'====== Args={}
2025-05-12 22:06:41,173 : INFO : EventManager : Event: ======'mode_bumpers_started'====== Args={'priority': 0}
2025-05-12 22:06:41,174 : INFO : EventManager : Event: ======'balls_in_play'====== Args={'balls': 1}
2025-05-12 22:06:41,174 : INFO : EventManager : Event: ======'ball_started'====== Args={'player': 1, 'ball': 1, 'balls_remaining': 2, 'is_extra_ball': False}
2025-05-12 22:06:41,175 : INFO : EventManager : Event: ======'single_player_ball_started'====== Args={}
2025-05-12 22:06:41,176 : INFO : EventManager : Event: ======'ball_start_target'====== Args={'target': 'playfield'}
2025-05-12 22:06:41,176 : INFO : ball_device.bd_trough : Setting up player-controlled eject. Balls: 1, Target: <playfield.playfield>, player_controlled_eject_event: None
2025-05-12 22:06:41,176 : INFO : ball_device.bd_trough : Adding 1 ball(s) to the eject_queue with target <playfield.playfield>.
2025-05-12 22:06:41,176 : INFO : EventManager : Event: ======'balldevice_balls_available'====== Args={}
2025-05-12 22:06:41,177 : INFO : ball_device.bd_trough : State: waiting_for_target_ready
2025-05-12 22:06:41,177 : INFO : EventManager : Event: ======'balldevice_bd_trough_ball_eject_attempt'====== Args={'balls': 1, 'target': <ball_device.bd_plunger>, 'source': <ball_device.bd_trough>, 'mechanical_eject': False, 'num_attempts': 0}
2025-05-12 22:06:41,177 : INFO : ball_device.bd_plunger : State: waiting_for_ball
2025-05-12 22:06:41,178 : INFO : ball_device.bd_trough : State: ejecting
2025-05-12 22:06:41,178 : INFO : ball_device.bd_trough : Ejecting ball to <ball_device.bd_plunger>
2025-05-12 22:06:41,178 : INFO : EventManager : Event: ======'balldevice_bd_trough_ejecting_ball'====== Args={'balls': 1, 'target': <ball_device.bd_plunger>, 'source': <ball_device.bd_trough>, 'mechanical_eject': False, 'num_attempts': 0}
2025-05-12 22:06:41,178 : INFO : ball_device.bd_trough : Wait for ball to leave device
2025-05-12 22:06:41,178 : INFO : coil.c_trough_eject : Pulsing Driver for 10ms (1.0 pulse_power)
2025-05-12 22:06:41,238 : INFO : EventManager : Event: ======'slide_base_created'====== Args={'_from_bcp': True}
2025-05-12 22:06:41,238 : INFO : EventManager : Event: ======'slide_attract_inactive'====== Args={'is_removing': True, '_from_bcp': True}
2025-05-12 22:06:41,238 : INFO : EventManager : Event: ======'slide_base_active'====== Args={'original_context': 'base', 'original_calling_context': 'mode_base_started', 'priority': 100.0, 'queue': '<QueuedEvent>', 'player': 1.0, 'ball': 1.0, 'balls_remaining': 2.0, 'is_extra_ball': False, 'cmd': 'slides_play', '_from_bcp': True}
2025-05-12 22:06:41,238 : INFO : EventManager : Event: ======'slide_attract_removed'====== Args={'_from_bcp': True}
2025-05-12 22:06:47,073 : INFO : SwitchController : <<<<<<< 's_bumper_left' active >>>>>>>
2025-05-12 22:06:47,073 : INFO : EventManager : Event: ======'playfield_active'====== Args={'source': 'bumper_left'}
2025-05-12 22:06:47,073 : INFO : EventManager : Event: ======'unexpected_ball_on_playfield'====== Args={}
2025-05-12 22:06:47,073 : INFO : EventManager : Event: ======'s_bumper_left_active'====== Args={}
2025-05-12 22:06:47,073 : INFO : EventManager : Event: ======'machine_var_audits_switches_s_bumper_left'====== Args={'value': 41, 'prev_value': 40, 'change': 1}
2025-05-12 22:06:47,075 : INFO : EventManager : Event: ======'player_shot_bumper_left'====== Args={'value': 1, 'prev_value': 0, 'change': 1, 'player_num': 1}
2025-05-12 22:06:47,075 : INFO : EventManager : Event: ======'machine_var_audits_shots_bumper_left'====== Args={'value': 41, 'prev_value': 40, 'change': 1}
2025-05-12 22:06:47,076 : INFO : EventManager : Event: ======'bumper_left_hit'====== Args={'profile': 'default', 'state': 'unlit', 'advancing': True}
2025-05-12 22:06:47,076 : INFO : EventManager : Event: ======'bumper_left_default_hit'====== Args={'profile': 'default', 'state': 'unlit', 'advancing': True}
2025-05-12 22:06:47,076 : INFO : EventManager : Event: ======'bumper_left_default_unlit_hit'====== Args={'profile': 'default', 'state': 'unlit', 'advancing': True}
2025-05-12 22:06:47,076 : INFO : EventManager : Event: ======'bumper_left_unlit_hit'====== Args={'profile': 'default', 'state': 'unlit', 'advancing': True}
2025-05-12 22:06:47,078 : INFO : EventManager : Event: ======'bumpers_hit'====== Args={'shot': 'bumper_left'}
2025-05-12 22:06:47,078 : INFO : EventManager : Event: ======'bumpers_unlit_hit'====== Args={'shot': 'bumper_left'}
2025-05-12 22:06:47,078 : INFO : EventManager : Event: ======'player_score'====== Args={'value': 1000, 'prev_value': 0, 'change': 1000, 'player_num': 1, 'source': 'bumpers'}
2025-05-12 22:06:47,119 : INFO : SwitchController : <<<<<<< 's_bumper_left' inactive >>>>>>>
2025-05-12 22:06:48,102 : INFO : SwitchController : <<<<<<< 's_bumper_right' active >>>>>>>
2025-05-12 22:06:48,103 : INFO : EventManager : Event: ======'playfield_active'====== Args={'source': 'bumper_right'}
2025-05-12 22:06:48,103 : INFO : EventManager : Event: ======'unexpected_ball_on_playfield'====== Args={}
2025-05-12 22:06:48,103 : INFO : EventManager : Event: ======'s_bumper_right_active'====== Args={}
2025-05-12 22:06:48,103 : INFO : EventManager : Event: ======'machine_var_audits_switches_s_bumper_right'====== Args={'value': 56, 'prev_value': 55, 'change': 1}
2025-05-12 22:06:48,103 : INFO : EventManager : Event: ======'player_shot_bumper_right'====== Args={'value': 1, 'prev_value': 0, 'change': 1, 'player_num': 1}
2025-05-12 22:06:48,104 : INFO : EventManager : Event: ======'machine_var_audits_shots_bumper_right'====== Args={'value': 56, 'prev_value': 55, 'change': 1}
2025-05-12 22:06:48,104 : INFO : EventManager : Event: ======'bumper_right_hit'====== Args={'profile': 'default', 'state': 'unlit', 'advancing': True}
2025-05-12 22:06:48,104 : INFO : EventManager : Event: ======'bumper_right_default_hit'====== Args={'profile': 'default', 'state': 'unlit', 'advancing': True}
2025-05-12 22:06:48,104 : INFO : EventManager : Event: ======'bumper_right_default_unlit_hit'====== Args={'profile': 'default', 'state': 'unlit', 'advancing': True}
2025-05-12 22:06:48,104 : INFO : EventManager : Event: ======'bumper_right_unlit_hit'====== Args={'profile': 'default', 'state': 'unlit', 'advancing': True}
2025-05-12 22:06:48,105 : INFO : EventManager : Event: ======'bumpers_complete'====== Args={'state': 'lit'}
2025-05-12 22:06:48,105 : INFO : EventManager : Event: ======'bumpers_lit_complete'====== Args={}
2025-05-12 22:06:48,105 : INFO : EventManager : Event: ======'bumpers_hit'====== Args={'shot': 'bumper_right'}
2025-05-12 22:06:48,105 : INFO : EventManager : Event: ======'bumpers_unlit_hit'====== Args={'shot': 'bumper_right'}
2025-05-12 22:06:48,105 : INFO : EventManager : Event: ======'player_score'====== Args={'value': 2000, 'prev_value': 1000, 'change': 1000, 'player_num': 1, 'source': 'bumpers'}
2025-05-12 22:06:48,177 : INFO : SwitchController : <<<<<<< 's_bumper_right' inactive >>>>>>>
2025-05-12 22:06:48,511 : INFO : SwitchController : <<<<<<< 's_bumper_right' active >>>>>>>
2025-05-12 22:06:48,511 : INFO : EventManager : Event: ======'playfield_active'====== Args={'source': 'bumper_right'}
2025-05-12 22:06:48,511 : INFO : EventManager : Event: ======'unexpected_ball_on_playfield'====== Args={}
2025-05-12 22:06:48,511 : INFO : EventManager : Event: ======'s_bumper_right_active'====== Args={}
2025-05-12 22:06:48,511 : INFO : EventManager : Event: ======'machine_var_audits_switches_s_bumper_right'====== Args={'value': 57, 'prev_value': 56, 'change': 1}
2025-05-12 22:06:48,512 : INFO : EventManager : Event: ======'machine_var_audits_shots_bumper_right'====== Args={'value': 57, 'prev_value': 56, 'change': 1}
2025-05-12 22:06:48,513 : INFO : EventManager : Event: ======'bumper_right_hit'====== Args={'profile': 'default', 'state': 'lit', 'advancing': False}
2025-05-12 22:06:48,513 : INFO : EventManager : Event: ======'bumper_right_default_hit'====== Args={'profile': 'default', 'state': 'lit', 'advancing': False}
2025-05-12 22:06:48,513 : INFO : EventManager : Event: ======'bumper_right_default_lit_hit'====== Args={'profile': 'default', 'state': 'lit', 'advancing': False}
2025-05-12 22:06:48,513 : INFO : EventManager : Event: ======'bumper_right_lit_hit'====== Args={'profile': 'default', 'state': 'lit', 'advancing': False}
2025-05-12 22:06:48,513 : INFO : EventManager : Event: ======'bumpers_hit'====== Args={'shot': 'bumper_right'}
2025-05-12 22:06:48,513 : INFO : EventManager : Event: ======'bumpers_lit_hit'====== Args={'shot': 'bumper_right'}
2025-05-12 22:06:48,513 : INFO : EventManager : Event: ======'player_score'====== Args={'value': 3000, 'prev_value': 2000, 'change': 1000, 'player_num': 1, 'source': 'bumpers'}
2025-05-12 22:06:48,578 : INFO : SwitchController : <<<<<<< 's_bumper_right' inactive >>>>>>>
2025-05-12 22:06:48,878 : INFO : SwitchController : <<<<<<< 's_bumper_right' active >>>>>>>
2025-05-12 22:06:48,878 : INFO : EventManager : Event: ======'playfield_active'====== Args={'source': 'bumper_right'}
2025-05-12 22:06:48,878 : INFO : EventManager : Event: ======'unexpected_ball_on_playfield'====== Args={}
2025-05-12 22:06:48,879 : INFO : EventManager : Event: ======'s_bumper_right_active'====== Args={}
2025-05-12 22:06:48,879 : INFO : EventManager : Event: ======'machine_var_audits_switches_s_bumper_right'====== Args={'value': 58, 'prev_value': 57, 'change': 1}
2025-05-12 22:06:48,880 : INFO : EventManager : Event: ======'machine_var_audits_shots_bumper_right'====== Args={'value': 58, 'prev_value': 57, 'change': 1}
2025-05-12 22:06:48,880 : INFO : EventManager : Event: ======'bumper_right_hit'====== Args={'profile': 'default', 'state': 'lit', 'advancing': False}
2025-05-12 22:06:48,880 : INFO : EventManager : Event: ======'bumper_right_default_hit'====== Args={'profile': 'default', 'state': 'lit', 'advancing': False}
2025-05-12 22:06:48,880 : INFO : EventManager : Event: ======'bumper_right_default_lit_hit'====== Args={'profile': 'default', 'state': 'lit', 'advancing': False}
2025-05-12 22:06:48,880 : INFO : EventManager : Event: ======'bumper_right_lit_hit'====== Args={'profile': 'default', 'state': 'lit', 'advancing': False}
2025-05-12 22:06:48,881 : INFO : EventManager : Event: ======'bumpers_hit'====== Args={'shot': 'bumper_right'}
2025-05-12 22:06:48,881 : INFO : EventManager : Event: ======'bumpers_lit_hit'====== Args={'shot': 'bumper_right'}
2025-05-12 22:06:48,881 : INFO : EventManager : Event: ======'player_score'====== Args={'value': 4000, 'prev_value': 3000, 'change': 1000, 'player_num': 1, 'source': 'bumpers'}
2025-05-12 22:06:48,936 : INFO : SwitchController : <<<<<<< 's_bumper_right' inactive >>>>>>>
2025-05-12 22:06:49,928 : INFO : SwitchController : <<<<<<< 's_bumper_left' active >>>>>>>
2025-05-12 22:06:49,929 : INFO : EventManager : Event: ======'playfield_active'====== Args={'source': 'bumper_left'}
2025-05-12 22:06:49,929 : INFO : EventManager : Event: ======'unexpected_ball_on_playfield'====== Args={}
2025-05-12 22:06:49,929 : INFO : EventManager : Event: ======'s_bumper_left_active'====== Args={}
2025-05-12 22:06:49,929 : INFO : EventManager : Event: ======'machine_var_audits_switches_s_bumper_left'====== Args={'value': 42, 'prev_value': 41, 'change': 1}
2025-05-12 22:06:49,930 : INFO : EventManager : Event: ======'machine_var_audits_shots_bumper_left'====== Args={'value': 42, 'prev_value': 41, 'change': 1}
2025-05-12 22:06:49,930 : INFO : EventManager : Event: ======'bumper_left_hit'====== Args={'profile': 'default', 'state': 'lit', 'advancing': False}
2025-05-12 22:06:49,930 : INFO : EventManager : Event: ======'bumper_left_default_hit'====== Args={'profile': 'default', 'state': 'lit', 'advancing': False}
2025-05-12 22:06:49,930 : INFO : EventManager : Event: ======'bumper_left_default_lit_hit'====== Args={'profile': 'default', 'state': 'lit', 'advancing': False}
2025-05-12 22:06:49,931 : INFO : EventManager : Event: ======'bumper_left_lit_hit'====== Args={'profile': 'default', 'state': 'lit', 'advancing': False}
2025-05-12 22:06:49,931 : INFO : EventManager : Event: ======'bumpers_hit'====== Args={'shot': 'bumper_left'}
2025-05-12 22:06:49,931 : INFO : EventManager : Event: ======'bumpers_lit_hit'====== Args={'shot': 'bumper_left'}
2025-05-12 22:06:49,932 : INFO : EventManager : Event: ======'player_score'====== Args={'value': 5000, 'prev_value': 4000, 'change': 1000, 'player_num': 1, 'source': 'bumpers'}
2025-05-12 22:06:50,003 : INFO : SwitchController : <<<<<<< 's_bumper_left' inactive >>>>>>>
2025-05-12 22:06:50,345 : INFO : SwitchController : <<<<<<< 's_bumper_left' active >>>>>>>
2025-05-12 22:06:50,345 : INFO : EventManager : Event: ======'playfield_active'====== Args={'source': 'bumper_left'}
2025-05-12 22:06:50,345 : INFO : EventManager : Event: ======'unexpected_ball_on_playfield'====== Args={}
2025-05-12 22:06:50,345 : INFO : EventManager : Event: ======'s_bumper_left_active'====== Args={}
2025-05-12 22:06:50,345 : INFO : EventManager : Event: ======'machine_var_audits_switches_s_bumper_left'====== Args={'value': 43, 'prev_value': 42, 'change': 1}
2025-05-12 22:06:50,346 : INFO : EventManager : Event: ======'machine_var_audits_shots_bumper_left'====== Args={'value': 43, 'prev_value': 42, 'change': 1}
2025-05-12 22:06:50,347 : INFO : EventManager : Event: ======'bumper_left_hit'====== Args={'profile': 'default', 'state': 'lit', 'advancing': False}
2025-05-12 22:06:50,347 : INFO : EventManager : Event: ======'bumper_left_default_hit'====== Args={'profile': 'default', 'state': 'lit', 'advancing': False}
2025-05-12 22:06:50,347 : INFO : EventManager : Event: ======'bumper_left_default_lit_hit'====== Args={'profile': 'default', 'state': 'lit', 'advancing': False}
2025-05-12 22:06:50,347 : INFO : EventManager : Event: ======'bumper_left_lit_hit'====== Args={'profile': 'default', 'state': 'lit', 'advancing': False}
2025-05-12 22:06:50,348 : INFO : EventManager : Event: ======'bumpers_hit'====== Args={'shot': 'bumper_left'}
2025-05-12 22:06:50,348 : INFO : EventManager : Event: ======'bumpers_lit_hit'====== Args={'shot': 'bumper_left'}
2025-05-12 22:06:50,348 : INFO : EventManager : Event: ======'player_score'====== Args={'value': 6000, 'prev_value': 5000, 'change': 1000, 'player_num': 1, 'source': 'bumpers'}
2025-05-12 22:06:50,403 : INFO : SwitchController : <<<<<<< 's_bumper_left' inactive >>>>>>>
2025-05-12 22:06:50,637 : INFO : SwitchController : <<<<<<< 's_bumper_left' active >>>>>>>
2025-05-12 22:06:50,638 : INFO : EventManager : Event: ======'playfield_active'====== Args={'source': 'bumper_left'}
2025-05-12 22:06:50,638 : INFO : EventManager : Event: ======'unexpected_ball_on_playfield'====== Args={}
2025-05-12 22:06:50,638 : INFO : EventManager : Event: ======'s_bumper_left_active'====== Args={}
2025-05-12 22:06:50,638 : INFO : EventManager : Event: ======'machine_var_audits_switches_s_bumper_left'====== Args={'value': 44, 'prev_value': 43, 'change': 1}
2025-05-12 22:06:50,639 : INFO : EventManager : Event: ======'machine_var_audits_shots_bumper_left'====== Args={'value': 44, 'prev_value': 43, 'change': 1}
2025-05-12 22:06:50,639 : INFO : EventManager : Event: ======'bumper_left_hit'====== Args={'profile': 'default', 'state': 'lit', 'advancing': False}
2025-05-12 22:06:50,639 : INFO : EventManager : Event: ======'bumper_left_default_hit'====== Args={'profile': 'default', 'state': 'lit', 'advancing': False}
2025-05-12 22:06:50,639 : INFO : EventManager : Event: ======'bumper_left_default_lit_hit'====== Args={'profile': 'default', 'state': 'lit', 'advancing': False}
2025-05-12 22:06:50,639 : INFO : EventManager : Event: ======'bumper_left_lit_hit'====== Args={'profile': 'default', 'state': 'lit', 'advancing': False}
2025-05-12 22:06:50,640 : INFO : EventManager : Event: ======'bumpers_hit'====== Args={'shot': 'bumper_left'}
2025-05-12 22:06:50,640 : INFO : EventManager : Event: ======'bumpers_lit_hit'====== Args={'shot': 'bumper_left'}
2025-05-12 22:06:50,640 : INFO : EventManager : Event: ======'player_score'====== Args={'value': 7000, 'prev_value': 6000, 'change': 1000, 'player_num': 1, 'source': 'bumpers'}
2025-05-12 22:06:50,703 : INFO : SwitchController : <<<<<<< 's_bumper_left' inactive >>>>>>>
2025-05-12 22:06:51,180 : INFO : EventManager : Event: ======'balldevice_bd_trough_ball_eject_failed'====== Args={'target': <ball_device.bd_plunger>, 'balls': 1, 'retry': True, 'num_attempts': 1}
2025-05-12 22:06:51,182 : INFO : ball_device.bd_trough : State: waiting_for_target_ready
2025-05-12 22:06:51,182 : INFO : EventManager : Event: ======'balldevice_bd_trough_ball_eject_attempt'====== Args={'balls': 1, 'target': <ball_device.bd_plunger>, 'source': <ball_device.bd_trough>, 'mechanical_eject': False, 'num_attempts': 1}
2025-05-12 22:06:51,183 : INFO : ball_device.bd_trough : State: ejecting
2025-05-12 22:06:51,183 : INFO : ball_device.bd_trough : Ejecting ball to <ball_device.bd_plunger>
2025-05-12 22:06:51,184 : INFO : EventManager : Event: ======'balldevice_bd_trough_ejecting_ball'====== Args={'balls': 1, 'target': <ball_device.bd_plunger>, 'source': <ball_device.bd_trough>, 'mechanical_eject': False, 'num_attempts': 1}
2025-05-12 22:06:51,187 : INFO : ball_device.bd_trough : Wait for ball to leave device
2025-05-12 22:06:51,187 : INFO : coil.c_trough_eject : Pulsing Driver for 10ms (1.0 pulse_power)
2025-05-12 22:06:51,445 : INFO : SwitchController : <<<<<<< 's_bumper_right' active >>>>>>>
2025-05-12 22:06:51,445 : INFO : EventManager : Event: ======'playfield_active'====== Args={'source': 'bumper_right'}
2025-05-12 22:06:51,445 : INFO : EventManager : Event: ======'unexpected_ball_on_playfield'====== Args={}
2025-05-12 22:06:51,445 : INFO : EventManager : Event: ======'s_bumper_right_active'====== Args={}
2025-05-12 22:06:51,446 : INFO : EventManager : Event: ======'machine_var_audits_switches_s_bumper_right'====== Args={'value': 59, 'prev_value': 58, 'change': 1}
2025-05-12 22:06:51,447 : INFO : EventManager : Event: ======'machine_var_audits_shots_bumper_right'====== Args={'value': 59, 'prev_value': 58, 'change': 1}
2025-05-12 22:06:51,447 : INFO : EventManager : Event: ======'bumper_right_hit'====== Args={'profile': 'default', 'state': 'lit', 'advancing': False}
2025-05-12 22:06:51,447 : INFO : EventManager : Event: ======'bumper_right_default_hit'====== Args={'profile': 'default', 'state': 'lit', 'advancing': False}
2025-05-12 22:06:51,447 : INFO : EventManager : Event: ======'bumper_right_default_lit_hit'====== Args={'profile': 'default', 'state': 'lit', 'advancing': False}
2025-05-12 22:06:51,447 : INFO : EventManager : Event: ======'bumper_right_lit_hit'====== Args={'profile': 'default', 'state': 'lit', 'advancing': False}
2025-05-12 22:06:51,448 : INFO : EventManager : Event: ======'bumpers_hit'====== Args={'shot': 'bumper_right'}
2025-05-12 22:06:51,448 : INFO : EventManager : Event: ======'bumpers_lit_hit'====== Args={'shot': 'bumper_right'}
2025-05-12 22:06:51,448 : INFO : EventManager : Event: ======'player_score'====== Args={'value': 8000, 'prev_value': 7000, 'change': 1000, 'player_num': 1, 'source': 'bumpers'}
2025-05-12 22:06:51,503 : INFO : SwitchController : <<<<<<< 's_bumper_right' inactive >>>>>>>
2025-05-12 22:06:51,687 : INFO : SwitchController : <<<<<<< 's_bumper_right' active >>>>>>>
2025-05-12 22:06:51,687 : INFO : EventManager : Event: ======'playfield_active'====== Args={'source': 'bumper_right'}
2025-05-12 22:06:51,687 : INFO : EventManager : Event: ======'unexpected_ball_on_playfield'====== Args={}
2025-05-12 22:06:51,687 : INFO : EventManager : Event: ======'s_bumper_right_active'====== Args={}
2025-05-12 22:06:51,687 : INFO : EventManager : Event: ======'machine_var_audits_switches_s_bumper_right'====== Args={'value': 60, 'prev_value': 59, 'change': 1}
2025-05-12 22:06:51,688 : INFO : EventManager : Event: ======'machine_var_audits_shots_bumper_right'====== Args={'value': 60, 'prev_value': 59, 'change': 1}
2025-05-12 22:06:51,689 : INFO : EventManager : Event: ======'bumper_right_hit'====== Args={'profile': 'default', 'state': 'lit', 'advancing': False}
2025-05-12 22:06:51,689 : INFO : EventManager : Event: ======'bumper_right_default_hit'====== Args={'profile': 'default', 'state': 'lit', 'advancing': False}
2025-05-12 22:06:51,689 : INFO : EventManager : Event: ======'bumper_right_default_lit_hit'====== Args={'profile': 'default', 'state': 'lit', 'advancing': False}
2025-05-12 22:06:51,689 : INFO : EventManager : Event: ======'bumper_right_lit_hit'====== Args={'profile': 'default', 'state': 'lit', 'advancing': False}
2025-05-12 22:06:51,689 : INFO : EventManager : Event: ======'bumpers_hit'====== Args={'shot': 'bumper_right'}
2025-05-12 22:06:51,690 : INFO : EventManager : Event: ======'bumpers_lit_hit'====== Args={'shot': 'bumper_right'}
2025-05-12 22:06:51,690 : INFO : EventManager : Event: ======'player_score'====== Args={'value': 9000, 'prev_value': 8000, 'change': 1000, 'player_num': 1, 'source': 'bumpers'}
2025-05-12 22:06:51,754 : INFO : SwitchController : <<<<<<< 's_bumper_right' inactive >>>>>>>
2025-05-12 22:06:51,987 : INFO : SwitchController : <<<<<<< 's_bumper_right' active >>>>>>>
2025-05-12 22:06:51,987 : INFO : EventManager : Event: ======'playfield_active'====== Args={'source': 'bumper_right'}
2025-05-12 22:06:51,987 : INFO : EventManager : Event: ======'unexpected_ball_on_playfield'====== Args={}
2025-05-12 22:06:51,987 : INFO : EventManager : Event: ======'s_bumper_right_active'====== Args={}
2025-05-12 22:06:51,988 : INFO : EventManager : Event: ======'machine_var_audits_switches_s_bumper_right'====== Args={'value': 61, 'prev_value': 60, 'change': 1}
2025-05-12 22:06:51,988 : INFO : EventManager : Event: ======'machine_var_audits_shots_bumper_right'====== Args={'value': 61, 'prev_value': 60, 'change': 1}
2025-05-12 22:06:51,989 : INFO : EventManager : Event: ======'bumper_right_hit'====== Args={'profile': 'default', 'state': 'lit', 'advancing': False}
2025-05-12 22:06:51,989 : INFO : EventManager : Event: ======'bumper_right_default_hit'====== Args={'profile': 'default', 'state': 'lit', 'advancing': False}
2025-05-12 22:06:51,989 : INFO : EventManager : Event: ======'bumper_right_default_lit_hit'====== Args={'profile': 'default', 'state': 'lit', 'advancing': False}
2025-05-12 22:06:51,989 : INFO : EventManager : Event: ======'bumper_right_lit_hit'====== Args={'profile': 'default', 'state': 'lit', 'advancing': False}
2025-05-12 22:06:51,990 : INFO : EventManager : Event: ======'bumpers_hit'====== Args={'shot': 'bumper_right'}
2025-05-12 22:06:51,990 : INFO : EventManager : Event: ======'bumpers_lit_hit'====== Args={'shot': 'bumper_right'}
2025-05-12 22:06:51,990 : INFO : EventManager : Event: ======'player_score'====== Args={'value': 10000, 'prev_value': 9000, 'change': 1000, 'player_num': 1, 'source': 'bumpers'}
2025-05-12 22:06:52,036 : INFO : SwitchController : <<<<<<< 's_bumper_right' inactive >>>>>>>
2025-05-12 22:06:52,328 : INFO : SwitchController : <<<<<<< 's_bumper_right' active >>>>>>>
2025-05-12 22:06:52,330 : INFO : EventManager : Event: ======'playfield_active'====== Args={'source': 'bumper_right'}
2025-05-12 22:06:52,330 : INFO : EventManager : Event: ======'unexpected_ball_on_playfield'====== Args={}
2025-05-12 22:06:52,330 : INFO : EventManager : Event: ======'s_bumper_right_active'====== Args={}
2025-05-12 22:06:52,331 : INFO : EventManager : Event: ======'machine_var_audits_switches_s_bumper_right'====== Args={'value': 62, 'prev_value': 61, 'change': 1}
2025-05-12 22:06:52,332 : INFO : EventManager : Event: ======'machine_var_audits_shots_bumper_right'====== Args={'value': 62, 'prev_value': 61, 'change': 1}
2025-05-12 22:06:52,333 : INFO : EventManager : Event: ======'bumper_right_hit'====== Args={'profile': 'default', 'state': 'lit', 'advancing': False}
2025-05-12 22:06:52,333 : INFO : EventManager : Event: ======'bumper_right_default_hit'====== Args={'profile': 'default', 'state': 'lit', 'advancing': False}
2025-05-12 22:06:52,333 : INFO : EventManager : Event: ======'bumper_right_default_lit_hit'====== Args={'profile': 'default', 'state': 'lit', 'advancing': False}
2025-05-12 22:06:52,333 : INFO : EventManager : Event: ======'bumper_right_lit_hit'====== Args={'profile': 'default', 'state': 'lit', 'advancing': False}
2025-05-12 22:06:52,334 : INFO : EventManager : Event: ======'bumpers_hit'====== Args={'shot': 'bumper_right'}
2025-05-12 22:06:52,334 : INFO : EventManager : Event: ======'bumpers_lit_hit'====== Args={'shot': 'bumper_right'}
2025-05-12 22:06:52,334 : INFO : EventManager : Event: ======'player_score'====== Args={'value': 11000, 'prev_value': 10000, 'change': 1000, 'player_num': 1, 'source': 'bumpers'}
2025-05-12 22:06:52,396 : INFO : SwitchController : <<<<<<< 's_bumper_right' inactive >>>>>>>
2025-05-12 22:06:53,437 : INFO : SwitchController : <<<<<<< 's_bumper_left' active >>>>>>>
2025-05-12 22:06:53,437 : INFO : EventManager : Event: ======'playfield_active'====== Args={'source': 'bumper_left'}
2025-05-12 22:06:53,437 : INFO : EventManager : Event: ======'unexpected_ball_on_playfield'====== Args={}
2025-05-12 22:06:53,437 : INFO : EventManager : Event: ======'s_bumper_left_active'====== Args={}
2025-05-12 22:06:53,437 : INFO : EventManager : Event: ======'machine_var_audits_switches_s_bumper_left'====== Args={'value': 45, 'prev_value': 44, 'change': 1}
2025-05-12 22:06:53,438 : INFO : EventManager : Event: ======'machine_var_audits_shots_bumper_left'====== Args={'value': 45, 'prev_value': 44, 'change': 1}
2025-05-12 22:06:53,439 : INFO : EventManager : Event: ======'bumper_left_hit'====== Args={'profile': 'default', 'state': 'lit', 'advancing': False}
2025-05-12 22:06:53,439 : INFO : EventManager : Event: ======'bumper_left_default_hit'====== Args={'profile': 'default', 'state': 'lit', 'advancing': False}
2025-05-12 22:06:53,439 : INFO : EventManager : Event: ======'bumper_left_default_lit_hit'====== Args={'profile': 'default', 'state': 'lit', 'advancing': False}
2025-05-12 22:06:53,439 : INFO : EventManager : Event: ======'bumper_left_lit_hit'====== Args={'profile': 'default', 'state': 'lit', 'advancing': False}
2025-05-12 22:06:53,439 : INFO : EventManager : Event: ======'bumpers_hit'====== Args={'shot': 'bumper_left'}
2025-05-12 22:06:53,439 : INFO : EventManager : Event: ======'bumpers_lit_hit'====== Args={'shot': 'bumper_left'}
2025-05-12 22:06:53,439 : INFO : EventManager : Event: ======'player_score'====== Args={'value': 12000, 'prev_value': 11000, 'change': 1000, 'player_num': 1, 'source': 'bumpers'}
2025-05-12 22:06:53,495 : INFO : SwitchController : <<<<<<< 's_bumper_left' inactive >>>>>>>
2025-05-12 22:06:53,720 : INFO : SwitchController : <<<<<<< 's_bumper_left' active >>>>>>>
2025-05-12 22:06:53,721 : INFO : EventManager : Event: ======'playfield_active'====== Args={'source': 'bumper_left'}
2025-05-12 22:06:53,721 : INFO : EventManager : Event: ======'unexpected_ball_on_playfield'====== Args={}
2025-05-12 22:06:53,721 : INFO : EventManager : Event: ======'s_bumper_left_active'====== Args={}
2025-05-12 22:06:53,721 : INFO : EventManager : Event: ======'machine_var_audits_switches_s_bumper_left'====== Args={'value': 46, 'prev_value': 45, 'change': 1}
2025-05-12 22:06:53,722 : INFO : EventManager : Event: ======'machine_var_audits_shots_bumper_left'====== Args={'value': 46, 'prev_value': 45, 'change': 1}
2025-05-12 22:06:53,723 : INFO : EventManager : Event: ======'bumper_left_hit'====== Args={'profile': 'default', 'state': 'lit', 'advancing': False}
2025-05-12 22:06:53,723 : INFO : EventManager : Event: ======'bumper_left_default_hit'====== Args={'profile': 'default', 'state': 'lit', 'advancing': False}
2025-05-12 22:06:53,723 : INFO : EventManager : Event: ======'bumper_left_default_lit_hit'====== Args={'profile': 'default', 'state': 'lit', 'advancing': False}
2025-05-12 22:06:53,723 : INFO : EventManager : Event: ======'bumper_left_lit_hit'====== Args={'profile': 'default', 'state': 'lit', 'advancing': False}
2025-05-12 22:06:53,723 : INFO : EventManager : Event: ======'bumpers_hit'====== Args={'shot': 'bumper_left'}
2025-05-12 22:06:53,723 : INFO : EventManager : Event: ======'bumpers_lit_hit'====== Args={'shot': 'bumper_left'}
2025-05-12 22:06:53,723 : INFO : EventManager : Event: ======'player_score'====== Args={'value': 13000, 'prev_value': 12000, 'change': 1000, 'player_num': 1, 'source': 'bumpers'}
2025-05-12 22:06:53,778 : INFO : SwitchController : <<<<<<< 's_bumper_left' inactive >>>>>>>
2025-05-12 22:06:54,044 : INFO : SwitchController : <<<<<<< 's_bumper_left' active >>>>>>>
2025-05-12 22:06:54,045 : INFO : EventManager : Event: ======'playfield_active'====== Args={'source': 'bumper_left'}
2025-05-12 22:06:54,045 : INFO : EventManager : Event: ======'unexpected_ball_on_playfield'====== Args={}
2025-05-12 22:06:54,045 : INFO : EventManager : Event: ======'s_bumper_left_active'====== Args={}
2025-05-12 22:06:54,045 : INFO : EventManager : Event: ======'machine_var_audits_switches_s_bumper_left'====== Args={'value': 47, 'prev_value': 46, 'change': 1}
2025-05-12 22:06:54,045 : INFO : EventManager : Event: ======'machine_var_audits_shots_bumper_left'====== Args={'value': 47, 'prev_value': 46, 'change': 1}
2025-05-12 22:06:54,046 : INFO : EventManager : Event: ======'bumper_left_hit'====== Args={'profile': 'default', 'state': 'lit', 'advancing': False}
2025-05-12 22:06:54,046 : INFO : EventManager : Event: ======'bumper_left_default_hit'====== Args={'profile': 'default', 'state': 'lit', 'advancing': False}
2025-05-12 22:06:54,046 : INFO : EventManager : Event: ======'bumper_left_default_lit_hit'====== Args={'profile': 'default', 'state': 'lit', 'advancing': False}
2025-05-12 22:06:54,046 : INFO : EventManager : Event: ======'bumper_left_lit_hit'====== Args={'profile': 'default', 'state': 'lit', 'advancing': False}
2025-05-12 22:06:54,046 : INFO : EventManager : Event: ======'bumpers_hit'====== Args={'shot': 'bumper_left'}
2025-05-12 22:06:54,046 : INFO : EventManager : Event: ======'bumpers_lit_hit'====== Args={'shot': 'bumper_left'}
2025-05-12 22:06:54,046 : INFO : EventManager : Event: ======'player_score'====== Args={'value': 14000, 'prev_value': 13000, 'change': 1000, 'player_num': 1, 'source': 'bumpers'}
2025-05-12 22:06:54,103 : INFO : SwitchController : <<<<<<< 's_bumper_left' inactive >>>>>>>
2025-05-12 22:06:54,403 : INFO : SwitchController : <<<<<<< 's_bumper_left' active >>>>>>>
2025-05-12 22:06:54,403 : INFO : EventManager : Event: ======'playfield_active'====== Args={'source': 'bumper_left'}
2025-05-12 22:06:54,403 : INFO : EventManager : Event: ======'unexpected_ball_on_playfield'====== Args={}
2025-05-12 22:06:54,404 : INFO : EventManager : Event: ======'s_bumper_left_active'====== Args={}
2025-05-12 22:06:54,404 : INFO : EventManager : Event: ======'machine_var_audits_switches_s_bumper_left'====== Args={'value': 48, 'prev_value': 47, 'change': 1}
2025-05-12 22:06:54,405 : INFO : EventManager : Event: ======'machine_var_audits_shots_bumper_left'====== Args={'value': 48, 'prev_value': 47, 'change': 1}
2025-05-12 22:06:54,405 : INFO : EventManager : Event: ======'bumper_left_hit'====== Args={'profile': 'default', 'state': 'lit', 'advancing': False}
2025-05-12 22:06:54,406 : INFO : EventManager : Event: ======'bumper_left_default_hit'====== Args={'profile': 'default', 'state': 'lit', 'advancing': False}
2025-05-12 22:06:54,406 : INFO : EventManager : Event: ======'bumper_left_default_lit_hit'====== Args={'profile': 'default', 'state': 'lit', 'advancing': False}
2025-05-12 22:06:54,406 : INFO : EventManager : Event: ======'bumper_left_lit_hit'====== Args={'profile': 'default', 'state': 'lit', 'advancing': False}
2025-05-12 22:06:54,406 : INFO : EventManager : Event: ======'bumpers_hit'====== Args={'shot': 'bumper_left'}
2025-05-12 22:06:54,406 : INFO : EventManager : Event: ======'bumpers_lit_hit'====== Args={'shot': 'bumper_left'}
2025-05-12 22:06:54,406 : INFO : EventManager : Event: ======'player_score'====== Args={'value': 15000, 'prev_value': 14000, 'change': 1000, 'player_num': 1, 'source': 'bumpers'}
2025-05-12 22:06:54,453 : INFO : SwitchController : <<<<<<< 's_bumper_left' inactive >>>>>>>
2025-05-12 22:06:54,670 : INFO : SwitchController : <<<<<<< 's_bumper_left' active >>>>>>>
2025-05-12 22:06:54,670 : INFO : EventManager : Event: ======'playfield_active'====== Args={'source': 'bumper_left'}
2025-05-12 22:06:54,670 : INFO : EventManager : Event: ======'unexpected_ball_on_playfield'====== Args={}
2025-05-12 22:06:54,670 : INFO : EventManager : Event: ======'s_bumper_left_active'====== Args={}
2025-05-12 22:06:54,670 : INFO : EventManager : Event: ======'machine_var_audits_switches_s_bumper_left'====== Args={'value': 49, 'prev_value': 48, 'change': 1}
2025-05-12 22:06:54,671 : INFO : EventManager : Event: ======'machine_var_audits_shots_bumper_left'====== Args={'value': 49, 'prev_value': 48, 'change': 1}
2025-05-12 22:06:54,672 : INFO : EventManager : Event: ======'bumper_left_hit'====== Args={'profile': 'default', 'state': 'lit', 'advancing': False}
2025-05-12 22:06:54,672 : INFO : EventManager : Event: ======'bumper_left_default_hit'====== Args={'profile': 'default', 'state': 'lit', 'advancing': False}
2025-05-12 22:06:54,672 : INFO : EventManager : Event: ======'bumper_left_default_lit_hit'====== Args={'profile': 'default', 'state': 'lit', 'advancing': False}
2025-05-12 22:06:54,672 : INFO : EventManager : Event: ======'bumper_left_lit_hit'====== Args={'profile': 'default', 'state': 'lit', 'advancing': False}
2025-05-12 22:06:54,672 : INFO : EventManager : Event: ======'bumpers_hit'====== Args={'shot': 'bumper_left'}
2025-05-12 22:06:54,672 : INFO : EventManager : Event: ======'bumpers_lit_hit'====== Args={'shot': 'bumper_left'}
2025-05-12 22:06:54,672 : INFO : EventManager : Event: ======'player_score'====== Args={'value': 16000, 'prev_value': 15000, 'change': 1000, 'player_num': 1, 'source': 'bumpers'}
2025-05-12 22:06:54,737 : INFO : SwitchController : <<<<<<< 's_bumper_left' inactive >>>>>>>
2025-05-12 22:07:01,189 : INFO : EventManager : Event: ======'balldevice_bd_trough_ball_eject_failed'====== Args={'target': <ball_device.bd_plunger>, 'balls': 1, 'retry': True, 'num_attempts': 2}
2025-05-12 22:07:01,190 : INFO : ball_device.bd_trough : State: waiting_for_target_ready
2025-05-12 22:07:01,190 : INFO : EventManager : Event: ======'balldevice_bd_trough_ball_eject_attempt'====== Args={'balls': 1, 'target': <ball_device.bd_plunger>, 'source': <ball_device.bd_trough>, 'mechanical_eject': False, 'num_attempts': 2}
2025-05-12 22:07:01,191 : INFO : ball_device.bd_trough : State: ejecting
2025-05-12 22:07:01,191 : INFO : ball_device.bd_trough : Ejecting ball to <ball_device.bd_plunger>
2025-05-12 22:07:01,191 : INFO : EventManager : Event: ======'balldevice_bd_trough_ejecting_ball'====== Args={'balls': 1, 'target': <ball_device.bd_plunger>, 'source': <ball_device.bd_trough>, 'mechanical_eject': False, 'num_attempts': 2}
2025-05-12 22:07:01,193 : INFO : ball_device.bd_trough : Wait for ball to leave device
2025-05-12 22:07:01,193 : INFO : coil.c_trough_eject : Pulsing Driver for 10ms (1.0 pulse_power)
2025-05-12 22:07:06,453 : INFO : Machine : Shutting down...
2025-05-12 22:07:06,454 : INFO : EventManager : Event: ======'shutdown'====== Args={}
2025-05-12 22:07:06,455 : INFO : EventManager : Event: ======'mode_game_will_stop'====== Args={}
2025-05-12 22:07:06,456 : INFO : EventManager : Event: ======'mode_game_stopping'====== Args={}
2025-05-12 22:07:06,456 : INFO : EventManager : Event: ======'mode_bumpers_will_stop'====== Args={}
2025-05-12 22:07:06,457 : INFO : EventManager : Event: ======'mode_bumpers_stopping'====== Args={}
2025-05-12 22:07:06,457 : INFO : EventManager : Event: ======'mode_base_will_stop'====== Args={}
2025-05-12 22:07:06,457 : INFO : EventManager : Event: ======'mode_base_stopping'====== Args={}
2025-05-12 22:07:06,457 : INFO : EventManager : Event: ======'stop_mode_bumpers'====== Args={'priority': 0}
2025-05-12 22:07:06,457 : INFO : Mode.base : Stopped.
2025-05-12 22:07:06,457 : INFO : EventManager : Event: ======'modes_active_modes_changed'====== Args={}
2025-05-12 22:07:06,457 : INFO : EventManager : Event: ======'mode_base_stopped'====== Args={}
2025-05-12 22:07:06,457 : INFO : EventManager : Event: ======'clear'====== Args={'key': 'base'}
2025-05-12 22:07:06,457 : INFO : Mode.bumpers : Stopped.
2025-05-12 22:07:06,458 : INFO : EventManager : Event: ======'modes_active_modes_changed'====== Args={}
2025-05-12 22:07:06,458 : INFO : EventManager : Event: ======'mode_bumpers_stopped'====== Args={}
2025-05-12 22:07:06,458 : INFO : EventManager : Event: ======'clear'====== Args={'key': 'bumpers'}
2025-05-12 22:07:06,459 : INFO : Mode.game : Stopped.
2025-05-12 22:07:06,459 : INFO : EventManager : Event: ======'modes_active_modes_changed'====== Args={}
2025-05-12 22:07:06,459 : INFO : EventManager : Event: ======'mode_game_stopped'====== Args={}
2025-05-12 22:07:06,459 : INFO : EventManager : Event: ======'clear'====== Args={'key': 'game'}
2025-05-12 22:07:06,461 : INFO : root : MPF run loop ended.
